2025-07-10 11:25:27,877 - Combinazione: ('DAG2', 'DAG3')
2025-07-10 11:25:27,878 - Nodi: ['TFR', 'FRR', 'SIZE', 'PDI']
2025-07-10 11:25:27,878 - Archi: [('FRR', 'PDI'), ('FRR', 'SIZE'), ('TFR', 'FRR')]
2025-07-10 11:25:27,878 - Score medio: 0.801
2025-07-10 11:25:27,878 - ---
2025-07-10 11:25:27,878 - Combinazione: ('DAG2', 'DAG3.1')
2025-07-10 11:25:27,878 - Nodi: ['TFR', 'FRR', 'SIZE', 'PDI']
2025-07-10 11:25:27,878 - Archi: [('FRR', 'TFR'), ('TFR', 'PDI'), ('FRR', 'SIZE'), ('TFR', 'FRR')]
2025-07-10 11:25:27,878 - Score medio: 0.798
2025-07-10 11:25:27,878 - ---
2025-07-10 11:25:27,879 - Combinazione: ('DAG2', 'DAG3.2')
2025-07-10 11:25:27,879 - Nodi: ['TFR', 'FRR', 'SIZE', 'PDI']
2025-07-10 11:25:27,879 - Archi: [('FRR', 'TFR'), ('FRR', 'PDI'), ('FRR', 'SIZE'), ('TFR', 'FRR')]
2025-07-10 11:25:27,879 - Score medio: 0.801
2025-07-10 11:25:27,879 - ---
2025-07-10 11:25:27,879 - Combinazione: ('DAG2', 'DAG3.3')
2025-07-10 11:25:27,879 - Nodi: ['TFR', 'PDI', 'FRR', 'SIZE']
2025-07-10 11:25:27,879 - Archi: [('TFR', 'PDI'), ('FRR', 'SIZE'), ('TFR', 'FRR')]
2025-07-10 11:25:27,879 - Score medio: 0.798
2025-07-10 11:25:27,879 - ---
2025-07-10 11:25:27,879 - Combinazione: ('DAG2.1', 'DAG3')
2025-07-10 11:25:27,879 - Nodi: ['TFR', 'FRR', 'SIZE', 'PDI']
2025-07-10 11:25:27,880 - Archi: [('FRR', 'TFR'), ('TFR', 'FRR'), ('FRR', 'PDI'), ('TFR', 'SIZE')]
2025-07-10 11:25:27,880 - Score medio: 0.806
2025-07-10 11:25:27,880 - ---
2025-07-10 11:25:27,880 - Combinazione: ('DAG2.1', 'DAG3.1')
2025-07-10 11:25:27,880 - Nodi: ['TFR', 'FRR', 'SIZE', 'PDI']
2025-07-10 11:25:27,880 - Archi: [('FRR', 'TFR'), ('TFR', 'PDI'), ('TFR', 'SIZE')]
2025-07-10 11:25:27,880 - Score medio: 0.803
2025-07-10 11:25:27,880 - ---
2025-07-10 11:25:27,880 - Combinazione: ('DAG2.1', 'DAG3.2')
2025-07-10 11:25:27,880 - Nodi: ['TFR', 'FRR', 'SIZE', 'PDI']
2025-07-10 11:25:27,880 - Archi: [('FRR', 'TFR'), ('FRR', 'PDI'), ('TFR', 'SIZE')]
2025-07-10 11:25:27,880 - Score medio: 0.806
2025-07-10 11:25:27,880 - ---
2025-07-10 11:25:27,880 - Combinazione: ('DAG2.1', 'DAG3.3')
2025-07-10 11:25:27,881 - Nodi: ['TFR', 'FRR', 'SIZE', 'PDI']
2025-07-10 11:25:27,881 - Archi: [('FRR', 'TFR'), ('TFR', 'FRR'), ('TFR', 'PDI'), ('TFR', 'SIZE')]
2025-07-10 11:25:27,881 - Score medio: 0.803
2025-07-10 11:25:27,881 - ---
2025-07-10 11:25:27,881 - Combinazione: ('DAG2.2', 'DAG3')
2025-07-10 11:25:27,881 - Nodi: ['TFR', 'FRR', 'SIZE', 'PDI']
2025-07-10 11:25:27,881 - Archi: [('FRR', 'TFR'), ('FRR', 'PDI'), ('FRR', 'SIZE'), ('TFR', 'FRR')]
2025-07-10 11:25:27,881 - Score medio: 0.801
2025-07-10 11:25:27,881 - ---
2025-07-10 11:25:27,881 - Combinazione: ('DAG2.2', 'DAG3.1')
2025-07-10 11:25:27,881 - Nodi: ['TFR', 'FRR', 'SIZE', 'PDI']
2025-07-10 11:25:27,881 - Archi: [('FRR', 'TFR'), ('TFR', 'PDI'), ('FRR', 'SIZE')]
2025-07-10 11:25:27,881 - Score medio: 0.798
2025-07-10 11:25:27,881 - ---
2025-07-10 11:25:27,881 - Combinazione: ('DAG2.2', 'DAG3.2')
2025-07-10 11:25:27,881 - Nodi: ['TFR', 'FRR', 'SIZE', 'PDI']
2025-07-10 11:25:27,881 - Archi: [('FRR', 'TFR'), ('FRR', 'PDI'), ('FRR', 'SIZE')]
2025-07-10 11:25:27,881 - Score medio: 0.801
2025-07-10 11:25:27,881 - ---
2025-07-10 11:25:27,881 - Combinazione: ('DAG2.2', 'DAG3.3')
2025-07-10 11:25:27,881 - Nodi: ['TFR', 'FRR', 'SIZE', 'PDI']
2025-07-10 11:25:27,881 - Archi: [('FRR', 'TFR'), ('TFR', 'PDI'), ('FRR', 'SIZE'), ('TFR', 'FRR')]
2025-07-10 11:25:27,881 - Score medio: 0.798
2025-07-10 11:25:27,881 - ---
