GRUPPO 1:
#DAG1
('ESM','ML'),('HSPC','ML'),('PEG','HSPC'),('CHOL','PDI'),('ML','PDI'),('ML','SIZE'),('CHIP','SIZE'),('CHIP','PDI'),('TFR','CHIP'),('FRR','TFR'), ('FRR','CHIP'), ('AQUEOUS','CHIP')
GRUPPO 2:
#DAG2
('ESM','ML'),('HSPC','ML'),('PEG','HSPC'),('CHOL','PDI'),('ML','PDI'),('ML','SIZE'),('CHIP','SIZE'),('CHIP','PDI'),('TFR','CHIP'),('FRR','TFR'), ('FRR','CHIP'), ('AQUEOUS','CHIP'),('PEG','CHOL')
#DAG3
('ESM','ML'),('HSPC','ML'),('PEG','HSPC'),('CHOL','PDI'),('ML','PDI'),('ML','SIZE'),('CHIP','SIZE'),('CHIP','PDI'),('TFR','CHIP'),('FRR','TFR'), ('FRR','CHIP'), ('AQUEOUS','CHIP'),('CHOL','PEG')
GRUPPO 3:
#DAG4
('ESM','ML'),('HSPC','ML'),('PEG','HSPC'),('CHOL','PDI'),('ML','PDI'),('ML','SIZE'),('CHIP','SIZE'),('CHIP','PDI'),('TFR','CHIP'),('FRR','TFR'), ('FRR','CHIP'), ('AQUEOUS','CHIP'), ('CHOL','ESM')
#DAG5
('ESM','ML'),('HSPC','ML'),('PEG','HSPC'),('CHOL','PDI'),('ML','PDI'),('ML','SIZE'),('CHIP','SIZE'),('CHIP','PDI'),('TFR','CHIP'),('FRR','TFR'), ('FRR','CHIP'), ('AQUEOUS','CHIP'),('ESM','CHOL')
#DAG6
('ESM','ML'),('HSPC','ML'),('PEG','HSPC'),('CHOL','PDI'),('ML','PDI'),('ML','SIZE'),('CHIP','SIZE'),('CHIP','PDI'),('TFR','CHIP'),('FRR','TFR'), ('FRR','CHIP'), ('AQUEOUS','CHIP'),('CHOL','ML')
#DAG7
('ESM','ML'),('HSPC','ML'),('PEG','HSPC'),('CHOL','PDI'),('ML','PDI'),('ML','SIZE'),('CHIP','SIZE'),('CHIP','PDI'),('TFR','CHIP'),('FRR','TFR'), ('FRR','CHIP'), ('AQUEOUS','CHIP'),('ML','CHOL')
#DAG8
('ESM','ML'),('HSPC','ML'),('PEG','HSPC'),('ML','PDI'),('ML','SIZE'),('CHIP','SIZE'),('CHIP','PDI'),('TFR','CHIP'),('FRR','TFR'), ('FRR','CHIP'), ('AQUEOUS','CHIP'),('CHOL','ML')
#DAG9
('ESM','ML'),('HSPC','ML'),('PEG','HSPC'),('ML','PDI'),('ML','SIZE'),('CHIP','SIZE'),('CHIP','PDI'),('TFR','CHIP'),('FRR','TFR'), ('FRR','CHIP'), ('AQUEOUS','CHIP'),('ML','CHOL')
GRUPPO 4:
#DAG10
('ESM','ML'),('HSPC','ML'),('PEG','HSPC'),('CHOL','PDI'),('ML','PDI'),('ML','SIZE'),('CHIP','SIZE'),('CHIP','PDI'),('TFR','FRR'), ('FRR','CHIP'), ('AQUEOUS','CHIP')
#DAG11
('ESM','ML'),('HSPC','ML'),('PEG','HSPC'),('CHOL','PDI'),('ML','PDI'),('ML','SIZE'),('CHIP','SIZE'),('CHIP','PDI'),('TFR','CHIP'),('TFR','FRR'), ('FRR','CHIP'), ('AQUEOUS','CHIP')

