2025-07-11 08:27:26,586 - 
| Combinazione                                          | Archi                                                               | Nodi                          |   Score Medio |
|-------------------------------------------------------|---------------------------------------------------------------------|-------------------------------|---------------|
| ('DAG1', 'DAG2')                                      | [('TFR', 'FRR'), ('FRR', 'SIZE'), ('SIZE', 'PDI')]                  | ['SIZE', 'PDI', 'TFR', 'FRR'] |      0.717799 |
| ('DAG1', 'DAG2.1')                                    | [('FRR', 'SIZE'), ('FRR', 'TFR'), ('TFR', 'SIZE'), ('SIZE', 'PDI')] | ['SIZE', 'PDI', 'TFR', 'FRR'] |      0.723058 |
| ('DAG1', 'DAG2.2')                                    | [('FRR', 'SIZE'), ('FRR', 'TFR'), ('SIZE', 'PDI')]                  | ['SIZE', 'PDI', 'TFR', 'FRR'] |      0.717799 |
| ('DAG1', 'DAG3')                                      | [('FRR', 'PDI'), ('TFR', 'FRR'), ('FRR', 'SIZE'), ('SIZE', 'PDI')]  | ['SIZE', 'PDI', 'TFR', 'FRR'] |      0.745569 |
| ('DAG1', 'DAG3.1')                                    | [('FRR', 'SIZE'), ('FRR', 'TFR'), ('TFR', 'PDI'), ('SIZE', 'PDI')]  | ['SIZE', 'PDI', 'TFR', 'FRR'] |      0.742821 |
| ('DAG1', 'DAG3.2')                                    | [('FRR', 'PDI'), ('FRR', 'SIZE'), ('FRR', 'TFR'), ('SIZE', 'PDI')]  | ['SIZE', 'PDI', 'TFR', 'FRR'] |      0.745569 |
| ('DAG1', 'DAG3.3')                                    | [('TFR', 'FRR'), ('FRR', 'SIZE'), ('TFR', 'PDI'), ('SIZE', 'PDI')]  | ['SIZE', 'PDI', 'TFR', 'FRR'] |      0.742821 |
| ('DAG1.2', 'DAG2')                                    | [('TFR', 'FRR'), ('FRR', 'PDI'), ('PDI', 'SIZE'), ('FRR', 'SIZE')]  | ['SIZE', 'PDI', 'TFR', 'FRR'] |      0.70226  |
| ('DAG1.2', 'DAG2.1')                                  | [('FRR', 'PDI'), ('PDI', 'SIZE'), ('FRR', 'TFR'), ('TFR', 'SIZE')]  | ['SIZE', 'PDI', 'TFR', 'FRR'] |      0.707519 |
| ('DAG1.2', 'DAG2.2')                                  | [('FRR', 'PDI'), ('PDI', 'SIZE'), ('FRR', 'TFR'), ('FRR', 'SIZE')]  | ['SIZE', 'PDI', 'TFR', 'FRR'] |      0.70226  |
| ('DAG1.2', 'DAG3')                                    | [('TFR', 'FRR'), ('FRR', 'PDI'), ('PDI', 'SIZE')]                   | ['SIZE', 'PDI', 'TFR', 'FRR'] |      0.73003  |
| ('DAG1.2', 'DAG3.1')                                  | [('FRR', 'PDI'), ('PDI', 'SIZE'), ('FRR', 'TFR'), ('TFR', 'PDI')]   | ['SIZE', 'PDI', 'TFR', 'FRR'] |      0.727283 |
| ('DAG1.2', 'DAG3.2')                                  | [('FRR', 'PDI'), ('PDI', 'SIZE'), ('FRR', 'TFR')]                   | ['SIZE', 'PDI', 'TFR', 'FRR'] |      0.73003  |
| ('DAG1.2', 'DAG3.3')                                  | [('TFR', 'FRR'), ('FRR', 'PDI'), ('PDI', 'SIZE'), ('TFR', 'PDI')]   | ['SIZE', 'PDI', 'TFR', 'FRR'] |      0.727283 |
| ('DAG2', 'DAG3') + NO CORREL TRA SIZE e PDI           | [('FRR', 'PDI'), ('TFR', 'FRR'), ('FRR', 'SIZE')]                   | ['SIZE', 'PDI', 'TFR', 'FRR'] |      0.800614 |
| ('DAG2', 'DAG3.1') CICLO + NO CORREL TRA SIZE e PDI   | [('TFR', 'FRR'), ('FRR', 'SIZE'), ('FRR', 'TFR'), ('TFR', 'PDI')]   | ['SIZE', 'PDI', 'TFR', 'FRR'] |      0.797867 |
| ('DAG2', 'DAG3.2') CICLO + NO CORREL TRA SIZE e PDI   | [('FRR', 'PDI'), ('TFR', 'FRR'), ('FRR', 'SIZE'), ('FRR', 'TFR')]   | ['SIZE', 'PDI', 'TFR', 'FRR'] |      0.800614 |
| ('DAG2', 'DAG3.3') + NO CORREL TRA SIZE e PDI         | [('TFR', 'FRR'), ('FRR', 'SIZE'), ('TFR', 'PDI')]                   | ['SIZE', 'PDI', 'TFR', 'FRR'] |      0.797867 |
| ('DAG2.1', 'DAG3') CICLO + NO CORREL TRA SIZE e PDI   | [('TFR', 'FRR'), ('FRR', 'PDI'), ('FRR', 'TFR'), ('TFR', 'SIZE')]   | ['SIZE', 'PDI', 'TFR', 'FRR'] |      0.805873 |
| ('DAG2.1', 'DAG3.1') + NO CORREL TRA SIZE e PDI       | [('TFR', 'PDI'), ('FRR', 'TFR'), ('TFR', 'SIZE')]                   | ['SIZE', 'PDI', 'TFR', 'FRR'] |      0.803126 |
| ('DAG2.1', 'DAG3.2') + NO CORREL TRA SIZE e PDI       | [('FRR', 'PDI'), ('FRR', 'TFR'), ('TFR', 'SIZE')]                   | ['SIZE', 'PDI', 'TFR', 'FRR'] |      0.805873 |
| ('DAG2.1', 'DAG3.3') CICLO + NO CORREL TRA SIZE e PDI | [('TFR', 'FRR'), ('TFR', 'PDI'), ('FRR', 'TFR'), ('TFR', 'SIZE')]   | ['SIZE', 'PDI', 'TFR', 'FRR'] |      0.803126 |
| ('DAG2.2', 'DAG3') CICLO + NO CORREL TRA SIZE e PDI   | [('FRR', 'PDI'), ('TFR', 'FRR'), ('FRR', 'SIZE'), ('FRR', 'TFR')]   | ['SIZE', 'PDI', 'TFR', 'FRR'] |      0.800614 |
| ('DAG2.2', 'DAG3.1') + NO CORREL TRA SIZE e PDI       | [('FRR', 'SIZE'), ('FRR', 'TFR'), ('TFR', 'PDI')]                   | ['SIZE', 'PDI', 'TFR', 'FRR'] |      0.797867 |
| ('DAG2.2', 'DAG3.2') + NO CORREL TRA SIZE e PDI       | [('FRR', 'PDI'), ('FRR', 'SIZE'), ('FRR', 'TFR')]                   | ['SIZE', 'PDI', 'TFR', 'FRR'] |      0.800614 |
| ('DAG2.2', 'DAG3.3') CICLO + NO CORREL TRA SIZE e PDI | [('TFR', 'FRR'), ('FRR', 'SIZE'), ('FRR', 'TFR'), ('TFR', 'PDI')]   | ['SIZE', 'PDI', 'TFR', 'FRR'] |      0.797867 |
