2025-07-02 12:07:16,669 - 
|   FRR |   SIZE |   PDI |   P(FRR) |   P(FRR|TFR) |   P(SIZE|FRR) |   p. fattorizzata |   p. empirica |
|-------|--------|-------|----------|--------------|---------------|-------------------|---------------|
|     0 |      0 |     0 |   0.1778 |     0.76013  |     0.376622  |        0.0509008  |     0.0037037 |
|     0 |      1 |     1 |   0.4    |     0.624859 |     0.285681  |        0.0714042  |     0.0407407 |
|     0 |      2 |     2 |   0.0963 |     0.97225  |     0.207832  |        0.0194588  |     0.111111  |
|     0 |      3 |     3 |   0.1408 |     0.76947  |     0.129866  |        0.0140698  |     0.0111111 |
|     1 |      0 |     0 |   0.1778 |     0        |     0.75      |        0          |     0         |
|     1 |      1 |     1 |   0.4    |     0.124859 |     0.25      |        0.0124859  |     0.0111111 |
|     1 |      2 |     2 |   0.0963 |     0        |     0         |        0          |     0         |
|     1 |      3 |     3 |   0.1408 |     0.23053  |     0         |        0          |     0         |
|     2 |      0 |     0 |   0.1778 |     0.23987  |     0.296296  |        0.0126367  |     0         |
|     2 |      1 |     1 |   0.4    |     0.249719 |     0.407407  |        0.0406949  |     0.0111111 |
|     2 |      2 |     2 |   0.0963 |     0.02775  |     0.0740741 |        0.00019795 |     0         |
|     2 |      3 |     3 |   0.1408 |     0        |     0.222222  |        0          |     0         |
2025-07-02 12:07:16,670 - RATIO MEDIA
2.1436303669841035

2025-07-02 12:09:26,854 - 
|   FRR |   SIZE |   PDI |   P(FRR) |   P(FRR|TFR) |   P(SIZE|FRR) |   p. fattorizzata |   p. empirica |
|-------|--------|-------|----------|--------------|---------------|-------------------|---------------|
|     0 |      0 |     0 |   0.1778 |     0.76013  |     0.376622  |       0.0529907   |     0.0037037 |
|     0 |      1 |     1 |   0.4    |     0.624859 |     0.285681  |       0.0317391   |     0.0407407 |
|     0 |      2 |     2 |   0.0963 |     0.97225  |     0.207832  |       0.0808257   |     0.111111  |
|     0 |      3 |     3 |   0.1408 |     0.76947  |     0.129866  |       0.00962304  |     0.0111111 |
|     1 |      0 |     0 |   0.1778 |     0        |     0.75      |       0           |     0         |
|     1 |      1 |     1 |   0.4    |     0.124859 |     0.25      |       0.00555     |     0.0111111 |
|     1 |      2 |     2 |   0.0963 |     0        |     0         |       0           |     0         |
|     1 |      3 |     3 |   0.1408 |     0.23053  |     0         |       0           |     0         |
|     2 |      0 |     0 |   0.1778 |     0.23987  |     0.296296  |       0.0131556   |     0         |
|     2 |      1 |     1 |   0.4    |     0.249719 |     0.407407  |       0.0180889   |     0.0111111 |
|     2 |      2 |     2 |   0.0963 |     0.02775  |     0.0740741 |       0.000822222 |     0         |
|     2 |      3 |     3 |   0.1408 |     0        |     0.222222  |       0           |     0         |
2025-07-02 12:09:26,854 - RATIO MEDIA
1.900628728813559

2025-07-02 12:11:11,639 - 
|   FRR |   SIZE |   PDI |   P(FRR) |   P(FRR|TFR) |   P(SIZE|FRR) |   p. fattorizzata |   p. empirica |
|-------|--------|-------|----------|--------------|---------------|-------------------|---------------|
|     0 |      0 |     0 |   0.1778 |     0.76013  |     0.376622  |       0.0529907   |     0.0037037 |
|     0 |      1 |     1 |   0.4    |     0.624859 |     0.285681  |       0.0317391   |     0.0407407 |
|     0 |      2 |     2 |   0.0963 |     0.97225  |     0.207832  |       0.0808257   |     0.111111  |
|     0 |      3 |     3 |   0.1408 |     0.76947  |     0.129866  |       0.00962304  |     0.0111111 |
|     1 |      0 |     0 |   0.1778 |     0        |     0.75      |       0           |     0         |
|     1 |      1 |     1 |   0.4    |     0.124859 |     0.25      |       0.00555     |     0.0111111 |
|     1 |      2 |     2 |   0.0963 |     0        |     0         |       0           |     0         |
|     1 |      3 |     3 |   0.1408 |     0.23053  |     0         |       0           |     0         |
|     2 |      0 |     0 |   0.1778 |     0.23987  |     0.296296  |       0.0131556   |     0         |
|     2 |      1 |     1 |   0.4    |     0.249719 |     0.407407  |       0.0180889   |     0.0111111 |
|     2 |      2 |     2 |   0.0963 |     0.02775  |     0.0740741 |       0.000822222 |     0         |
|     2 |      3 |     3 |   0.1408 |     0        |     0.222222  |       0           |     0         |
2025-07-02 12:11:11,639 - RATIO MEDIA
1.900628728813559

2025-07-02 12:13:30,787 - 
|   FRR |   SIZE |   PDI |   P(FRR) |   P(FRR|TFR) |   P(SIZE|FRR) |   p. fattorizzata |   p. empirica |
|-------|--------|-------|----------|--------------|---------------|-------------------|---------------|
|     0 |      0 |     0 |   0.1778 |     0.76013  |     0.376622  |       0.0529907   |    0.0037037  |
|     0 |      1 |     0 |   0.1778 |     0.76013  |     0.285681  |       0.0401953   |    0.0666667  |
|     0 |      2 |     0 |   0.1778 |     0.76013  |     0.207832  |       0.0292419   |    0.0333333  |
|     0 |      3 |     0 |   0.1778 |     0.76013  |     0.129866  |       0.0182721   |    0.037037   |
|     0 |      0 |     1 |   0.4    |     0.624859 |     0.376622  |       0.0418427   |    0.0296296  |
|     0 |      1 |     1 |   0.4    |     0.624859 |     0.285681  |       0.0317391   |    0.0407407  |
|     0 |      2 |     1 |   0.4    |     0.624859 |     0.207832  |       0.0230901   |    0.0111111  |
|     0 |      3 |     1 |   0.4    |     0.624859 |     0.129866  |       0.0144281   |    0.0296296  |
|     0 |      0 |     2 |   0.0963 |     0.97225  |     0.376622  |       0.146468    |    0.181481   |
|     0 |      1 |     2 |   0.0963 |     0.97225  |     0.285681  |       0.111101    |    0.0740741  |
|     0 |      2 |     2 |   0.0963 |     0.97225  |     0.207832  |       0.0808257   |    0.111111   |
|     0 |      3 |     2 |   0.0963 |     0.97225  |     0.129866  |       0.0505047   |    0.0222222  |
|     0 |      0 |     3 |   0.1408 |     0.76947  |     0.376622  |       0.0279077   |    0.0407407  |
|     0 |      1 |     3 |   0.1408 |     0.76947  |     0.285681  |       0.021169    |    0.0111111  |
|     0 |      2 |     3 |   0.1408 |     0.76947  |     0.207832  |       0.0154003   |    0.0111111  |
|     0 |      3 |     3 |   0.1408 |     0.76947  |     0.129866  |       0.00962304  |    0.0111111  |
|     1 |      0 |     0 |   0.1778 |     0        |     0.75      |       0           |    0          |
|     1 |      1 |     0 |   0.1778 |     0        |     0.25      |       0           |    0          |
|     1 |      2 |     0 |   0.1778 |     0        |     0         |       0           |    0          |
|     1 |      3 |     0 |   0.1778 |     0        |     0         |       0           |    0          |
|     1 |      0 |     1 |   0.4    |     0.124859 |     0.75      |       0.01665     |    0.0111111  |
|     1 |      1 |     1 |   0.4    |     0.124859 |     0.25      |       0.00555     |    0.0111111  |
|     1 |      2 |     1 |   0.4    |     0.124859 |     0         |       0           |    0          |
|     1 |      3 |     1 |   0.4    |     0.124859 |     0         |       0           |    0          |
|     1 |      0 |     2 |   0.0963 |     0        |     0.75      |       0           |    0          |
|     1 |      1 |     2 |   0.0963 |     0        |     0.25      |       0           |    0          |
|     1 |      2 |     2 |   0.0963 |     0        |     0         |       0           |    0          |
|     1 |      3 |     2 |   0.0963 |     0        |     0         |       0           |    0          |
|     1 |      0 |     3 |   0.1408 |     0.23053  |     0.75      |       0.01665     |    0.0222222  |
|     1 |      1 |     3 |   0.1408 |     0.23053  |     0.25      |       0.00555     |    0          |
|     1 |      2 |     3 |   0.1408 |     0.23053  |     0         |       0           |    0          |
|     1 |      3 |     3 |   0.1408 |     0.23053  |     0         |       0           |    0          |
|     2 |      0 |     0 |   0.1778 |     0.23987  |     0.296296  |       0.0131556   |    0          |
|     2 |      1 |     0 |   0.1778 |     0.23987  |     0.407407  |       0.0180889   |    0.0296296  |
|     2 |      2 |     0 |   0.1778 |     0.23987  |     0.0740741 |       0.00328889  |    0.00740741 |
|     2 |      3 |     0 |   0.1778 |     0.23987  |     0.222222  |       0.00986667  |    0.00740741 |
|     2 |      0 |     1 |   0.4    |     0.249719 |     0.296296  |       0.0131556   |    0.0185185  |
|     2 |      1 |     1 |   0.4    |     0.249719 |     0.407407  |       0.0180889   |    0.0111111  |
|     2 |      2 |     1 |   0.4    |     0.249719 |     0.0740741 |       0.00328889  |    0          |
|     2 |      3 |     1 |   0.4    |     0.249719 |     0.222222  |       0.00986667  |    0.0148148  |
|     2 |      0 |     2 |   0.0963 |     0.02775  |     0.296296  |       0.00328889  |    0.0111111  |
|     2 |      1 |     2 |   0.0963 |     0.02775  |     0.407407  |       0.00452222  |    0          |
|     2 |      2 |     2 |   0.0963 |     0.02775  |     0.0740741 |       0.000822222 |    0          |
|     2 |      3 |     2 |   0.0963 |     0.02775  |     0.222222  |       0.00246667  |    0          |
|     2 |      0 |     3 |   0.1408 |     0        |     0.296296  |       0           |    0          |
|     2 |      1 |     3 |   0.1408 |     0        |     0.407407  |       0           |    0          |
|     2 |      2 |     3 |   0.1408 |     0        |     0.0740741 |       0           |    0          |
|     2 |      3 |     3 |   0.1408 |     0        |     0.222222  |       0           |    0          |
2025-07-02 12:13:30,787 - RATIO MEDIA
1.158768060433494

2025-07-02 12:19:30,505 - 
|   FRR |   SIZE |   PDI |   P(FRR) |   P(FRR|TFR) |   P(SIZE|FRR) |   p. fattorizzata |   p. empirica |
|-------|--------|-------|----------|--------------|---------------|-------------------|---------------|
|     0 |      0 |     0 |   0.1778 |     0.76013  |     0.376622  |       0.0529907   |    0.0037037  |
|     0 |      1 |     0 |   0.1778 |     0.76013  |     0.285681  |       0.0401953   |    0.0666667  |
|     0 |      2 |     0 |   0.1778 |     0.76013  |     0.207832  |       0.0292419   |    0.0333333  |
|     0 |      3 |     0 |   0.1778 |     0.76013  |     0.129866  |       0.0182721   |    0.037037   |
|     0 |      0 |     1 |   0.4    |     0.624859 |     0.376622  |       0.0418427   |    0.0296296  |
|     0 |      1 |     1 |   0.4    |     0.624859 |     0.285681  |       0.0317391   |    0.0407407  |
|     0 |      2 |     1 |   0.4    |     0.624859 |     0.207832  |       0.0230901   |    0.0111111  |
|     0 |      3 |     1 |   0.4    |     0.624859 |     0.129866  |       0.0144281   |    0.0296296  |
|     0 |      0 |     2 |   0.0963 |     0.97225  |     0.376622  |       0.146468    |    0.181481   |
|     0 |      1 |     2 |   0.0963 |     0.97225  |     0.285681  |       0.111101    |    0.0740741  |
|     0 |      2 |     2 |   0.0963 |     0.97225  |     0.207832  |       0.0808257   |    0.111111   |
|     0 |      3 |     2 |   0.0963 |     0.97225  |     0.129866  |       0.0505047   |    0.0222222  |
|     0 |      0 |     3 |   0.1408 |     0.76947  |     0.376622  |       0.0279077   |    0.0407407  |
|     0 |      1 |     3 |   0.1408 |     0.76947  |     0.285681  |       0.021169    |    0.0111111  |
|     0 |      2 |     3 |   0.1408 |     0.76947  |     0.207832  |       0.0154003   |    0.0111111  |
|     0 |      3 |     3 |   0.1408 |     0.76947  |     0.129866  |       0.00962304  |    0.0111111  |
|     1 |      0 |     0 |   0.1778 |     0        |     0.75      |       0           |    0          |
|     1 |      1 |     0 |   0.1778 |     0        |     0.25      |       0           |    0          |
|     1 |      2 |     0 |   0.1778 |     0        |     0         |       0           |    0          |
|     1 |      3 |     0 |   0.1778 |     0        |     0         |       0           |    0          |
|     1 |      0 |     1 |   0.4    |     0.124859 |     0.75      |       0.01665     |    0.0111111  |
|     1 |      1 |     1 |   0.4    |     0.124859 |     0.25      |       0.00555     |    0.0111111  |
|     1 |      2 |     1 |   0.4    |     0.124859 |     0         |       0           |    0          |
|     1 |      3 |     1 |   0.4    |     0.124859 |     0         |       0           |    0          |
|     1 |      0 |     2 |   0.0963 |     0        |     0.75      |       0           |    0          |
|     1 |      1 |     2 |   0.0963 |     0        |     0.25      |       0           |    0          |
|     1 |      2 |     2 |   0.0963 |     0        |     0         |       0           |    0          |
|     1 |      3 |     2 |   0.0963 |     0        |     0         |       0           |    0          |
|     1 |      0 |     3 |   0.1408 |     0.23053  |     0.75      |       0.01665     |    0.0222222  |
|     1 |      1 |     3 |   0.1408 |     0.23053  |     0.25      |       0.00555     |    0          |
|     1 |      2 |     3 |   0.1408 |     0.23053  |     0         |       0           |    0          |
|     1 |      3 |     3 |   0.1408 |     0.23053  |     0         |       0           |    0          |
|     2 |      0 |     0 |   0.1778 |     0.23987  |     0.296296  |       0.0131556   |    0          |
|     2 |      1 |     0 |   0.1778 |     0.23987  |     0.407407  |       0.0180889   |    0.0296296  |
|     2 |      2 |     0 |   0.1778 |     0.23987  |     0.0740741 |       0.00328889  |    0.00740741 |
|     2 |      3 |     0 |   0.1778 |     0.23987  |     0.222222  |       0.00986667  |    0.00740741 |
|     2 |      0 |     1 |   0.4    |     0.249719 |     0.296296  |       0.0131556   |    0.0185185  |
|     2 |      1 |     1 |   0.4    |     0.249719 |     0.407407  |       0.0180889   |    0.0111111  |
|     2 |      2 |     1 |   0.4    |     0.249719 |     0.0740741 |       0.00328889  |    0          |
|     2 |      3 |     1 |   0.4    |     0.249719 |     0.222222  |       0.00986667  |    0.0148148  |
|     2 |      0 |     2 |   0.0963 |     0.02775  |     0.296296  |       0.00328889  |    0.0111111  |
|     2 |      1 |     2 |   0.0963 |     0.02775  |     0.407407  |       0.00452222  |    0          |
|     2 |      2 |     2 |   0.0963 |     0.02775  |     0.0740741 |       0.000822222 |    0          |
|     2 |      3 |     2 |   0.0963 |     0.02775  |     0.222222  |       0.00246667  |    0          |
|     2 |      0 |     3 |   0.1408 |     0        |     0.296296  |       0           |    0          |
|     2 |      1 |     3 |   0.1408 |     0        |     0.407407  |       0           |    0          |
|     2 |      2 |     3 |   0.1408 |     0        |     0.0740741 |       0           |    0          |
|     2 |      3 |     3 |   0.1408 |     0        |     0.222222  |       0           |    0          |
2025-07-02 12:19:30,505 - RATIO MEDIA
1.158768060433494

2025-07-02 12:20:36,768 - 
|   FRR |   SIZE |   PDI |   P(FRR) |   P(FRR|TFR) |   P(SIZE|FRR) |   p. fattorizzata |   p. empirica |
|-------|--------|-------|----------|--------------|---------------|-------------------|---------------|
|     0 |      0 |     0 |   0.1778 |     0.76013  |     0.376622  |       0.0529907   |    0.0037037  |
|     0 |      1 |     0 |   0.1778 |     0.76013  |     0.285681  |       0.0401953   |    0.0666667  |
|     0 |      2 |     0 |   0.1778 |     0.76013  |     0.207832  |       0.0292419   |    0.0333333  |
|     0 |      3 |     0 |   0.1778 |     0.76013  |     0.129866  |       0.0182721   |    0.037037   |
|     0 |      0 |     1 |   0.4    |     0.624859 |     0.376622  |       0.0418427   |    0.0296296  |
|     0 |      1 |     1 |   0.4    |     0.624859 |     0.285681  |       0.0317391   |    0.0407407  |
|     0 |      2 |     1 |   0.4    |     0.624859 |     0.207832  |       0.0230901   |    0.0111111  |
|     0 |      3 |     1 |   0.4    |     0.624859 |     0.129866  |       0.0144281   |    0.0296296  |
|     0 |      0 |     2 |   0.0963 |     0.97225  |     0.376622  |       0.146468    |    0.181481   |
|     0 |      1 |     2 |   0.0963 |     0.97225  |     0.285681  |       0.111101    |    0.0740741  |
|     0 |      2 |     2 |   0.0963 |     0.97225  |     0.207832  |       0.0808257   |    0.111111   |
|     0 |      3 |     2 |   0.0963 |     0.97225  |     0.129866  |       0.0505047   |    0.0222222  |
|     0 |      0 |     3 |   0.1408 |     0.76947  |     0.376622  |       0.0279077   |    0.0407407  |
|     0 |      1 |     3 |   0.1408 |     0.76947  |     0.285681  |       0.021169    |    0.0111111  |
|     0 |      2 |     3 |   0.1408 |     0.76947  |     0.207832  |       0.0154003   |    0.0111111  |
|     0 |      3 |     3 |   0.1408 |     0.76947  |     0.129866  |       0.00962304  |    0.0111111  |
|     1 |      0 |     0 |   0.1778 |     0        |     0.75      |       0           |    0          |
|     1 |      1 |     0 |   0.1778 |     0        |     0.25      |       0           |    0          |
|     1 |      2 |     0 |   0.1778 |     0        |     0         |       0           |    0          |
|     1 |      3 |     0 |   0.1778 |     0        |     0         |       0           |    0          |
|     1 |      0 |     1 |   0.4    |     0.124859 |     0.75      |       0.01665     |    0.0111111  |
|     1 |      1 |     1 |   0.4    |     0.124859 |     0.25      |       0.00555     |    0.0111111  |
|     1 |      2 |     1 |   0.4    |     0.124859 |     0         |       0           |    0          |
|     1 |      3 |     1 |   0.4    |     0.124859 |     0         |       0           |    0          |
|     1 |      0 |     2 |   0.0963 |     0        |     0.75      |       0           |    0          |
|     1 |      1 |     2 |   0.0963 |     0        |     0.25      |       0           |    0          |
|     1 |      2 |     2 |   0.0963 |     0        |     0         |       0           |    0          |
|     1 |      3 |     2 |   0.0963 |     0        |     0         |       0           |    0          |
|     1 |      0 |     3 |   0.1408 |     0.23053  |     0.75      |       0.01665     |    0.0222222  |
|     1 |      1 |     3 |   0.1408 |     0.23053  |     0.25      |       0.00555     |    0          |
|     1 |      2 |     3 |   0.1408 |     0.23053  |     0         |       0           |    0          |
|     1 |      3 |     3 |   0.1408 |     0.23053  |     0         |       0           |    0          |
|     2 |      0 |     0 |   0.1778 |     0.23987  |     0.296296  |       0.0131556   |    0          |
|     2 |      1 |     0 |   0.1778 |     0.23987  |     0.407407  |       0.0180889   |    0.0296296  |
|     2 |      2 |     0 |   0.1778 |     0.23987  |     0.0740741 |       0.00328889  |    0.00740741 |
|     2 |      3 |     0 |   0.1778 |     0.23987  |     0.222222  |       0.00986667  |    0.00740741 |
|     2 |      0 |     1 |   0.4    |     0.249719 |     0.296296  |       0.0131556   |    0.0185185  |
|     2 |      1 |     1 |   0.4    |     0.249719 |     0.407407  |       0.0180889   |    0.0111111  |
|     2 |      2 |     1 |   0.4    |     0.249719 |     0.0740741 |       0.00328889  |    0          |
|     2 |      3 |     1 |   0.4    |     0.249719 |     0.222222  |       0.00986667  |    0.0148148  |
|     2 |      0 |     2 |   0.0963 |     0.02775  |     0.296296  |       0.00328889  |    0.0111111  |
|     2 |      1 |     2 |   0.0963 |     0.02775  |     0.407407  |       0.00452222  |    0          |
|     2 |      2 |     2 |   0.0963 |     0.02775  |     0.0740741 |       0.000822222 |    0          |
|     2 |      3 |     2 |   0.0963 |     0.02775  |     0.222222  |       0.00246667  |    0          |
|     2 |      0 |     3 |   0.1408 |     0        |     0.296296  |       0           |    0          |
|     2 |      1 |     3 |   0.1408 |     0        |     0.407407  |       0           |    0          |
|     2 |      2 |     3 |   0.1408 |     0        |     0.0740741 |       0           |    0          |
|     2 |      3 |     3 |   0.1408 |     0        |     0.222222  |       0           |    0          |
2025-07-02 12:20:36,768 - RATIO MEDIA
1.158768060433494

2025-07-02 13:29:56,214 - 
|   FRR |   SIZE |   PDI |   P(FRR) |   P(FRR|TFR) |   P(SIZE|FRR) |   p. fattorizzata |   p. empirica |
|-------|--------|-------|----------|--------------|---------------|-------------------|---------------|
|     0 |      0 |     0 |   0.1778 |     0.76013  |     0.376622  |       0.0529907   |    0.0037037  |
|     0 |      1 |     0 |   0.1778 |     0.76013  |     0.285681  |       0.0401953   |    0.0666667  |
|     0 |      2 |     0 |   0.1778 |     0.76013  |     0.207832  |       0.0292419   |    0.0333333  |
|     0 |      3 |     0 |   0.1778 |     0.76013  |     0.129866  |       0.0182721   |    0.037037   |
|     0 |      0 |     1 |   0.4    |     0.624859 |     0.376622  |       0.0418427   |    0.0296296  |
|     0 |      1 |     1 |   0.4    |     0.624859 |     0.285681  |       0.0317391   |    0.0407407  |
|     0 |      2 |     1 |   0.4    |     0.624859 |     0.207832  |       0.0230901   |    0.0111111  |
|     0 |      3 |     1 |   0.4    |     0.624859 |     0.129866  |       0.0144281   |    0.0296296  |
|     0 |      0 |     2 |   0.0963 |     0.97225  |     0.376622  |       0.146468    |    0.181481   |
|     0 |      1 |     2 |   0.0963 |     0.97225  |     0.285681  |       0.111101    |    0.0740741  |
|     0 |      2 |     2 |   0.0963 |     0.97225  |     0.207832  |       0.0808257   |    0.111111   |
|     0 |      3 |     2 |   0.0963 |     0.97225  |     0.129866  |       0.0505047   |    0.0222222  |
|     0 |      0 |     3 |   0.1408 |     0.76947  |     0.376622  |       0.0279077   |    0.0407407  |
|     0 |      1 |     3 |   0.1408 |     0.76947  |     0.285681  |       0.021169    |    0.0111111  |
|     0 |      2 |     3 |   0.1408 |     0.76947  |     0.207832  |       0.0154003   |    0.0111111  |
|     0 |      3 |     3 |   0.1408 |     0.76947  |     0.129866  |       0.00962304  |    0.0111111  |
|     1 |      0 |     0 |   0.1778 |     0        |     0.75      |       0           |    0          |
|     1 |      1 |     0 |   0.1778 |     0        |     0.25      |       0           |    0          |
|     1 |      2 |     0 |   0.1778 |     0        |     0         |       0           |    0          |
|     1 |      3 |     0 |   0.1778 |     0        |     0         |       0           |    0          |
|     1 |      0 |     1 |   0.4    |     0.124859 |     0.75      |       0.01665     |    0.0111111  |
|     1 |      1 |     1 |   0.4    |     0.124859 |     0.25      |       0.00555     |    0.0111111  |
|     1 |      2 |     1 |   0.4    |     0.124859 |     0         |       0           |    0          |
|     1 |      3 |     1 |   0.4    |     0.124859 |     0         |       0           |    0          |
|     1 |      0 |     2 |   0.0963 |     0        |     0.75      |       0           |    0          |
|     1 |      1 |     2 |   0.0963 |     0        |     0.25      |       0           |    0          |
|     1 |      2 |     2 |   0.0963 |     0        |     0         |       0           |    0          |
|     1 |      3 |     2 |   0.0963 |     0        |     0         |       0           |    0          |
|     1 |      0 |     3 |   0.1408 |     0.23053  |     0.75      |       0.01665     |    0.0222222  |
|     1 |      1 |     3 |   0.1408 |     0.23053  |     0.25      |       0.00555     |    0          |
|     1 |      2 |     3 |   0.1408 |     0.23053  |     0         |       0           |    0          |
|     1 |      3 |     3 |   0.1408 |     0.23053  |     0         |       0           |    0          |
|     2 |      0 |     0 |   0.1778 |     0.23987  |     0.296296  |       0.0131556   |    0          |
|     2 |      1 |     0 |   0.1778 |     0.23987  |     0.407407  |       0.0180889   |    0.0296296  |
|     2 |      2 |     0 |   0.1778 |     0.23987  |     0.0740741 |       0.00328889  |    0.00740741 |
|     2 |      3 |     0 |   0.1778 |     0.23987  |     0.222222  |       0.00986667  |    0.00740741 |
|     2 |      0 |     1 |   0.4    |     0.249719 |     0.296296  |       0.0131556   |    0.0185185  |
|     2 |      1 |     1 |   0.4    |     0.249719 |     0.407407  |       0.0180889   |    0.0111111  |
|     2 |      2 |     1 |   0.4    |     0.249719 |     0.0740741 |       0.00328889  |    0          |
|     2 |      3 |     1 |   0.4    |     0.249719 |     0.222222  |       0.00986667  |    0.0148148  |
|     2 |      0 |     2 |   0.0963 |     0.02775  |     0.296296  |       0.00328889  |    0.0111111  |
|     2 |      1 |     2 |   0.0963 |     0.02775  |     0.407407  |       0.00452222  |    0          |
|     2 |      2 |     2 |   0.0963 |     0.02775  |     0.0740741 |       0.000822222 |    0          |
|     2 |      3 |     2 |   0.0963 |     0.02775  |     0.222222  |       0.00246667  |    0          |
|     2 |      0 |     3 |   0.1408 |     0        |     0.296296  |       0           |    0          |
|     2 |      1 |     3 |   0.1408 |     0        |     0.407407  |       0           |    0          |
|     2 |      2 |     3 |   0.1408 |     0        |     0.0740741 |       0           |    0          |
|     2 |      3 |     3 |   0.1408 |     0        |     0.222222  |       0           |    0          |
2025-07-02 13:29:56,214 - Similarità media: 0.7355
2025-07-02 13:32:26,105 - 
|   FRR |   SIZE |   PDI |   P(FRR) |   P(FRR|TFR) |   P(SIZE|FRR) |   p. fattorizzata |   p. empirica |
|-------|--------|-------|----------|--------------|---------------|-------------------|---------------|
|     0 |      0 |     0 |   0.1778 |     0.76013  |     0.376622  |       0.0529907   |    0.0037037  |
|     0 |      1 |     0 |   0.1778 |     0.76013  |     0.285681  |       0.0401953   |    0.0666667  |
|     0 |      2 |     0 |   0.1778 |     0.76013  |     0.207832  |       0.0292419   |    0.0333333  |
|     0 |      3 |     0 |   0.1778 |     0.76013  |     0.129866  |       0.0182721   |    0.037037   |
|     0 |      0 |     1 |   0.4    |     0.624859 |     0.376622  |       0.0418427   |    0.0296296  |
|     0 |      1 |     1 |   0.4    |     0.624859 |     0.285681  |       0.0317391   |    0.0407407  |
|     0 |      2 |     1 |   0.4    |     0.624859 |     0.207832  |       0.0230901   |    0.0111111  |
|     0 |      3 |     1 |   0.4    |     0.624859 |     0.129866  |       0.0144281   |    0.0296296  |
|     0 |      0 |     2 |   0.0963 |     0.97225  |     0.376622  |       0.146468    |    0.181481   |
|     0 |      1 |     2 |   0.0963 |     0.97225  |     0.285681  |       0.111101    |    0.0740741  |
|     0 |      2 |     2 |   0.0963 |     0.97225  |     0.207832  |       0.0808257   |    0.111111   |
|     0 |      3 |     2 |   0.0963 |     0.97225  |     0.129866  |       0.0505047   |    0.0222222  |
|     0 |      0 |     3 |   0.1408 |     0.76947  |     0.376622  |       0.0279077   |    0.0407407  |
|     0 |      1 |     3 |   0.1408 |     0.76947  |     0.285681  |       0.021169    |    0.0111111  |
|     0 |      2 |     3 |   0.1408 |     0.76947  |     0.207832  |       0.0154003   |    0.0111111  |
|     0 |      3 |     3 |   0.1408 |     0.76947  |     0.129866  |       0.00962304  |    0.0111111  |
|     1 |      0 |     0 |   0.1778 |     0        |     0.75      |       0           |    0          |
|     1 |      1 |     0 |   0.1778 |     0        |     0.25      |       0           |    0          |
|     1 |      2 |     0 |   0.1778 |     0        |     0         |       0           |    0          |
|     1 |      3 |     0 |   0.1778 |     0        |     0         |       0           |    0          |
|     1 |      0 |     1 |   0.4    |     0.124859 |     0.75      |       0.01665     |    0.0111111  |
|     1 |      1 |     1 |   0.4    |     0.124859 |     0.25      |       0.00555     |    0.0111111  |
|     1 |      2 |     1 |   0.4    |     0.124859 |     0         |       0           |    0          |
|     1 |      3 |     1 |   0.4    |     0.124859 |     0         |       0           |    0          |
|     1 |      0 |     2 |   0.0963 |     0        |     0.75      |       0           |    0          |
|     1 |      1 |     2 |   0.0963 |     0        |     0.25      |       0           |    0          |
|     1 |      2 |     2 |   0.0963 |     0        |     0         |       0           |    0          |
|     1 |      3 |     2 |   0.0963 |     0        |     0         |       0           |    0          |
|     1 |      0 |     3 |   0.1408 |     0.23053  |     0.75      |       0.01665     |    0.0222222  |
|     1 |      1 |     3 |   0.1408 |     0.23053  |     0.25      |       0.00555     |    0          |
|     1 |      2 |     3 |   0.1408 |     0.23053  |     0         |       0           |    0          |
|     1 |      3 |     3 |   0.1408 |     0.23053  |     0         |       0           |    0          |
|     2 |      0 |     0 |   0.1778 |     0.23987  |     0.296296  |       0.0131556   |    0          |
|     2 |      1 |     0 |   0.1778 |     0.23987  |     0.407407  |       0.0180889   |    0.0296296  |
|     2 |      2 |     0 |   0.1778 |     0.23987  |     0.0740741 |       0.00328889  |    0.00740741 |
|     2 |      3 |     0 |   0.1778 |     0.23987  |     0.222222  |       0.00986667  |    0.00740741 |
|     2 |      0 |     1 |   0.4    |     0.249719 |     0.296296  |       0.0131556   |    0.0185185  |
|     2 |      1 |     1 |   0.4    |     0.249719 |     0.407407  |       0.0180889   |    0.0111111  |
|     2 |      2 |     1 |   0.4    |     0.249719 |     0.0740741 |       0.00328889  |    0          |
|     2 |      3 |     1 |   0.4    |     0.249719 |     0.222222  |       0.00986667  |    0.0148148  |
|     2 |      0 |     2 |   0.0963 |     0.02775  |     0.296296  |       0.00328889  |    0.0111111  |
|     2 |      1 |     2 |   0.0963 |     0.02775  |     0.407407  |       0.00452222  |    0          |
|     2 |      2 |     2 |   0.0963 |     0.02775  |     0.0740741 |       0.000822222 |    0          |
|     2 |      3 |     2 |   0.0963 |     0.02775  |     0.222222  |       0.00246667  |    0          |
|     2 |      0 |     3 |   0.1408 |     0        |     0.296296  |       0           |    0          |
|     2 |      1 |     3 |   0.1408 |     0        |     0.407407  |       0           |    0          |
|     2 |      2 |     3 |   0.1408 |     0        |     0.0740741 |       0           |    0          |
|     2 |      3 |     3 |   0.1408 |     0        |     0.222222  |       0           |    0          |
2025-07-02 13:32:26,110 - Similarità media: 0.7355
2025-07-02 13:45:06,538 - 
|   FRR |   SIZE |   PDI |   P(TFR) |   P(FRR|TFR) |   P(SIZE|FRR) |   p. fattorizzata |   p. empirica |
|-------|--------|-------|----------|--------------|---------------|-------------------|---------------|
|     0 |      0 |     0 |   0.1778 |     0.76013  |     0.376622  |       0.0529907   |    0.0037037  |
|     0 |      1 |     0 |   0.1778 |     0.76013  |     0.285681  |       0.0401953   |    0.0666667  |
|     0 |      2 |     0 |   0.1778 |     0.76013  |     0.207832  |       0.0292419   |    0.0333333  |
|     0 |      3 |     0 |   0.1778 |     0.76013  |     0.129866  |       0.0182721   |    0.037037   |
|     0 |      0 |     1 |   0.4    |     0.624859 |     0.376622  |       0.0418427   |    0.0296296  |
|     0 |      1 |     1 |   0.4    |     0.624859 |     0.285681  |       0.0317391   |    0.0407407  |
|     0 |      2 |     1 |   0.4    |     0.624859 |     0.207832  |       0.0230901   |    0.0111111  |
|     0 |      3 |     1 |   0.4    |     0.624859 |     0.129866  |       0.0144281   |    0.0296296  |
|     0 |      0 |     2 |   0.0963 |     0.97225  |     0.376622  |       0.146468    |    0.181481   |
|     0 |      1 |     2 |   0.0963 |     0.97225  |     0.285681  |       0.111101    |    0.0740741  |
|     0 |      2 |     2 |   0.0963 |     0.97225  |     0.207832  |       0.0808257   |    0.111111   |
|     0 |      3 |     2 |   0.0963 |     0.97225  |     0.129866  |       0.0505047   |    0.0222222  |
|     0 |      0 |     3 |   0.1408 |     0.76947  |     0.376622  |       0.0279077   |    0.0407407  |
|     0 |      1 |     3 |   0.1408 |     0.76947  |     0.285681  |       0.021169    |    0.0111111  |
|     0 |      2 |     3 |   0.1408 |     0.76947  |     0.207832  |       0.0154003   |    0.0111111  |
|     0 |      3 |     3 |   0.1408 |     0.76947  |     0.129866  |       0.00962304  |    0.0111111  |
|     1 |      0 |     0 |   0.1778 |     0        |     0.75      |       0           |    0          |
|     1 |      1 |     0 |   0.1778 |     0        |     0.25      |       0           |    0          |
|     1 |      2 |     0 |   0.1778 |     0        |     0         |       0           |    0          |
|     1 |      3 |     0 |   0.1778 |     0        |     0         |       0           |    0          |
|     1 |      0 |     1 |   0.4    |     0.124859 |     0.75      |       0.01665     |    0.0111111  |
|     1 |      1 |     1 |   0.4    |     0.124859 |     0.25      |       0.00555     |    0.0111111  |
|     1 |      2 |     1 |   0.4    |     0.124859 |     0         |       0           |    0          |
|     1 |      3 |     1 |   0.4    |     0.124859 |     0         |       0           |    0          |
|     1 |      0 |     2 |   0.0963 |     0        |     0.75      |       0           |    0          |
|     1 |      1 |     2 |   0.0963 |     0        |     0.25      |       0           |    0          |
|     1 |      2 |     2 |   0.0963 |     0        |     0         |       0           |    0          |
|     1 |      3 |     2 |   0.0963 |     0        |     0         |       0           |    0          |
|     1 |      0 |     3 |   0.1408 |     0.23053  |     0.75      |       0.01665     |    0.0222222  |
|     1 |      1 |     3 |   0.1408 |     0.23053  |     0.25      |       0.00555     |    0          |
|     1 |      2 |     3 |   0.1408 |     0.23053  |     0         |       0           |    0          |
|     1 |      3 |     3 |   0.1408 |     0.23053  |     0         |       0           |    0          |
|     2 |      0 |     0 |   0.1778 |     0.23987  |     0.296296  |       0.0131556   |    0          |
|     2 |      1 |     0 |   0.1778 |     0.23987  |     0.407407  |       0.0180889   |    0.0296296  |
|     2 |      2 |     0 |   0.1778 |     0.23987  |     0.0740741 |       0.00328889  |    0.00740741 |
|     2 |      3 |     0 |   0.1778 |     0.23987  |     0.222222  |       0.00986667  |    0.00740741 |
|     2 |      0 |     1 |   0.4    |     0.249719 |     0.296296  |       0.0131556   |    0.0185185  |
|     2 |      1 |     1 |   0.4    |     0.249719 |     0.407407  |       0.0180889   |    0.0111111  |
|     2 |      2 |     1 |   0.4    |     0.249719 |     0.0740741 |       0.00328889  |    0          |
|     2 |      3 |     1 |   0.4    |     0.249719 |     0.222222  |       0.00986667  |    0.0148148  |
|     2 |      0 |     2 |   0.0963 |     0.02775  |     0.296296  |       0.00328889  |    0.0111111  |
|     2 |      1 |     2 |   0.0963 |     0.02775  |     0.407407  |       0.00452222  |    0          |
|     2 |      2 |     2 |   0.0963 |     0.02775  |     0.0740741 |       0.000822222 |    0          |
|     2 |      3 |     2 |   0.0963 |     0.02775  |     0.222222  |       0.00246667  |    0          |
|     2 |      0 |     3 |   0.1408 |     0        |     0.296296  |       0           |    0          |
|     2 |      1 |     3 |   0.1408 |     0        |     0.407407  |       0           |    0          |
|     2 |      2 |     3 |   0.1408 |     0        |     0.0740741 |       0           |    0          |
|     2 |      3 |     3 |   0.1408 |     0        |     0.222222  |       0           |    0          |
2025-07-02 13:45:06,549 - Similarità media: 0.7355
2025-07-03 07:18:46,333 - 
|   FRR |   SIZE |   TFR |   P(TFR) |   P(FRR|TFR) |   P(SIZE|FRR) |   p. fattorizzata |   p. empirica |
|-------|--------|-------|----------|--------------|---------------|-------------------|---------------|
|     0 |      0 |     0 |   0.1778 |     0.76013  |     0.376622  |       0.0529907   |    0.0037037  |
|     0 |      1 |     0 |   0.1778 |     0.76013  |     0.285681  |       0.0401953   |    0.0666667  |
|     0 |      2 |     0 |   0.1778 |     0.76013  |     0.207832  |       0.0292419   |    0.0333333  |
|     0 |      3 |     0 |   0.1778 |     0.76013  |     0.129866  |       0.0182721   |    0.037037   |
|     0 |      0 |     1 |   0.4    |     0.624859 |     0.376622  |       0.0418427   |    0.0296296  |
|     0 |      1 |     1 |   0.4    |     0.624859 |     0.285681  |       0.0317391   |    0.0407407  |
|     0 |      2 |     1 |   0.4    |     0.624859 |     0.207832  |       0.0230901   |    0.0111111  |
|     0 |      3 |     1 |   0.4    |     0.624859 |     0.129866  |       0.0144281   |    0.0296296  |
|     0 |      0 |     2 |   0.0963 |     0.97225  |     0.376622  |       0.146468    |    0.181481   |
|     0 |      1 |     2 |   0.0963 |     0.97225  |     0.285681  |       0.111101    |    0.0740741  |
|     0 |      2 |     2 |   0.0963 |     0.97225  |     0.207832  |       0.0808257   |    0.111111   |
|     0 |      3 |     2 |   0.0963 |     0.97225  |     0.129866  |       0.0505047   |    0.0222222  |
|     0 |      0 |     3 |   0.1408 |     0.76947  |     0.376622  |       0.0279077   |    0.0407407  |
|     0 |      1 |     3 |   0.1408 |     0.76947  |     0.285681  |       0.021169    |    0.0111111  |
|     0 |      2 |     3 |   0.1408 |     0.76947  |     0.207832  |       0.0154003   |    0.0111111  |
|     0 |      3 |     3 |   0.1408 |     0.76947  |     0.129866  |       0.00962304  |    0.0111111  |
|     1 |      0 |     0 |   0.1778 |     0        |     0.75      |       0           |    0          |
|     1 |      1 |     0 |   0.1778 |     0        |     0.25      |       0           |    0          |
|     1 |      2 |     0 |   0.1778 |     0        |     0         |       0           |    0          |
|     1 |      3 |     0 |   0.1778 |     0        |     0         |       0           |    0          |
|     1 |      0 |     1 |   0.4    |     0.124859 |     0.75      |       0.01665     |    0.0111111  |
|     1 |      1 |     1 |   0.4    |     0.124859 |     0.25      |       0.00555     |    0.0111111  |
|     1 |      2 |     1 |   0.4    |     0.124859 |     0         |       0           |    0          |
|     1 |      3 |     1 |   0.4    |     0.124859 |     0         |       0           |    0          |
|     1 |      0 |     2 |   0.0963 |     0        |     0.75      |       0           |    0          |
|     1 |      1 |     2 |   0.0963 |     0        |     0.25      |       0           |    0          |
|     1 |      2 |     2 |   0.0963 |     0        |     0         |       0           |    0          |
|     1 |      3 |     2 |   0.0963 |     0        |     0         |       0           |    0          |
|     1 |      0 |     3 |   0.1408 |     0.23053  |     0.75      |       0.01665     |    0.0222222  |
|     1 |      1 |     3 |   0.1408 |     0.23053  |     0.25      |       0.00555     |    0          |
|     1 |      2 |     3 |   0.1408 |     0.23053  |     0         |       0           |    0          |
|     1 |      3 |     3 |   0.1408 |     0.23053  |     0         |       0           |    0          |
|     2 |      0 |     0 |   0.1778 |     0.23987  |     0.296296  |       0.0131556   |    0          |
|     2 |      1 |     0 |   0.1778 |     0.23987  |     0.407407  |       0.0180889   |    0.0296296  |
|     2 |      2 |     0 |   0.1778 |     0.23987  |     0.0740741 |       0.00328889  |    0.00740741 |
|     2 |      3 |     0 |   0.1778 |     0.23987  |     0.222222  |       0.00986667  |    0.00740741 |
|     2 |      0 |     1 |   0.4    |     0.249719 |     0.296296  |       0.0131556   |    0.0185185  |
|     2 |      1 |     1 |   0.4    |     0.249719 |     0.407407  |       0.0180889   |    0.0111111  |
|     2 |      2 |     1 |   0.4    |     0.249719 |     0.0740741 |       0.00328889  |    0          |
|     2 |      3 |     1 |   0.4    |     0.249719 |     0.222222  |       0.00986667  |    0.0148148  |
|     2 |      0 |     2 |   0.0963 |     0.02775  |     0.296296  |       0.00328889  |    0.0111111  |
|     2 |      1 |     2 |   0.0963 |     0.02775  |     0.407407  |       0.00452222  |    0          |
|     2 |      2 |     2 |   0.0963 |     0.02775  |     0.0740741 |       0.000822222 |    0          |
|     2 |      3 |     2 |   0.0963 |     0.02775  |     0.222222  |       0.00246667  |    0          |
|     2 |      0 |     3 |   0.1408 |     0        |     0.296296  |       0           |    0          |
|     2 |      1 |     3 |   0.1408 |     0        |     0.407407  |       0           |    0          |
|     2 |      2 |     3 |   0.1408 |     0        |     0.0740741 |       0           |    0          |
|     2 |      3 |     3 |   0.1408 |     0        |     0.222222  |       0           |    0          |
2025-07-03 07:18:46,337 - Similarità media: 0.7355
2025-07-03 17:59:26,010 - 
|   FRR |   SIZE |   TFR |   P(TFR) |   P(FRR|TFR) |   P(SIZE|FRR) |   p. fattorizzata |   p. empirica |
|-------|--------|-------|----------|--------------|---------------|-------------------|---------------|
|     0 |      0 |     0 |   0.1851 |     0.76013  |     0.376622  |       0.0529907   |    0.0037037  |
|     0 |      1 |     0 |   0.1851 |     0.76013  |     0.285681  |       0.0401953   |    0.0666667  |
|     0 |      2 |     0 |   0.1851 |     0.76013  |     0.207832  |       0.0292419   |    0.0333333  |
|     0 |      3 |     0 |   0.1851 |     0.76013  |     0.129866  |       0.0182721   |    0.037037   |
|     0 |      0 |     1 |   0.1778 |     0.624859 |     0.376622  |       0.0418427   |    0.0296296  |
|     0 |      1 |     1 |   0.1778 |     0.624859 |     0.285681  |       0.0317391   |    0.0407407  |
|     0 |      2 |     1 |   0.1778 |     0.624859 |     0.207832  |       0.0230901   |    0.0111111  |
|     0 |      3 |     1 |   0.1778 |     0.624859 |     0.129866  |       0.0144281   |    0.0296296  |
|     0 |      0 |     2 |   0.4    |     0.97225  |     0.376622  |       0.146468    |    0.181481   |
|     0 |      1 |     2 |   0.4    |     0.97225  |     0.285681  |       0.111101    |    0.0740741  |
|     0 |      2 |     2 |   0.4    |     0.97225  |     0.207832  |       0.0808257   |    0.111111   |
|     0 |      3 |     2 |   0.4    |     0.97225  |     0.129866  |       0.0505047   |    0.0222222  |
|     0 |      0 |     3 |   0.0963 |     0.76947  |     0.376622  |       0.0279077   |    0.0407407  |
|     0 |      1 |     3 |   0.0963 |     0.76947  |     0.285681  |       0.021169    |    0.0111111  |
|     0 |      2 |     3 |   0.0963 |     0.76947  |     0.207832  |       0.0154003   |    0.0111111  |
|     0 |      3 |     3 |   0.0963 |     0.76947  |     0.129866  |       0.00962304  |    0.0111111  |
|     1 |      0 |     0 |   0.1851 |     0        |     0.75      |       0           |    0          |
|     1 |      1 |     0 |   0.1851 |     0        |     0.25      |       0           |    0          |
|     1 |      2 |     0 |   0.1851 |     0        |     0         |       0           |    0          |
|     1 |      3 |     0 |   0.1851 |     0        |     0         |       0           |    0          |
|     1 |      0 |     1 |   0.1778 |     0.124859 |     0.75      |       0.01665     |    0.0111111  |
|     1 |      1 |     1 |   0.1778 |     0.124859 |     0.25      |       0.00555     |    0.0111111  |
|     1 |      2 |     1 |   0.1778 |     0.124859 |     0         |       0           |    0          |
|     1 |      3 |     1 |   0.1778 |     0.124859 |     0         |       0           |    0          |
|     1 |      0 |     2 |   0.4    |     0        |     0.75      |       0           |    0          |
|     1 |      1 |     2 |   0.4    |     0        |     0.25      |       0           |    0          |
|     1 |      2 |     2 |   0.4    |     0        |     0         |       0           |    0          |
|     1 |      3 |     2 |   0.4    |     0        |     0         |       0           |    0          |
|     1 |      0 |     3 |   0.0963 |     0.23053  |     0.75      |       0.01665     |    0.0222222  |
|     1 |      1 |     3 |   0.0963 |     0.23053  |     0.25      |       0.00555     |    0          |
|     1 |      2 |     3 |   0.0963 |     0.23053  |     0         |       0           |    0          |
|     1 |      3 |     3 |   0.0963 |     0.23053  |     0         |       0           |    0          |
|     2 |      0 |     0 |   0.1851 |     0.23987  |     0.296296  |       0.0131556   |    0          |
|     2 |      1 |     0 |   0.1851 |     0.23987  |     0.407407  |       0.0180889   |    0.0296296  |
|     2 |      2 |     0 |   0.1851 |     0.23987  |     0.0740741 |       0.00328889  |    0.00740741 |
|     2 |      3 |     0 |   0.1851 |     0.23987  |     0.222222  |       0.00986667  |    0.00740741 |
|     2 |      0 |     1 |   0.1778 |     0.249719 |     0.296296  |       0.0131556   |    0.0185185  |
|     2 |      1 |     1 |   0.1778 |     0.249719 |     0.407407  |       0.0180889   |    0.0111111  |
|     2 |      2 |     1 |   0.1778 |     0.249719 |     0.0740741 |       0.00328889  |    0          |
|     2 |      3 |     1 |   0.1778 |     0.249719 |     0.222222  |       0.00986667  |    0.0148148  |
|     2 |      0 |     2 |   0.4    |     0.02775  |     0.296296  |       0.00328889  |    0.0111111  |
|     2 |      1 |     2 |   0.4    |     0.02775  |     0.407407  |       0.00452222  |    0          |
|     2 |      2 |     2 |   0.4    |     0.02775  |     0.0740741 |       0.000822222 |    0          |
|     2 |      3 |     2 |   0.4    |     0.02775  |     0.222222  |       0.00246667  |    0          |
|     2 |      0 |     3 |   0.0963 |     0        |     0.296296  |       0           |    0          |
|     2 |      1 |     3 |   0.0963 |     0        |     0.407407  |       0           |    0          |
|     2 |      2 |     3 |   0.0963 |     0        |     0.0740741 |       0           |    0          |
|     2 |      3 |     3 |   0.0963 |     0        |     0.222222  |       0           |    0          |
2025-07-03 17:59:26,031 - Similarità media: 0.7355
2025-07-07 15:47:00,071 - 
|   FRR |   SIZE |   TFR |   P(TFR) |   P(FRR|TFR) |   P(SIZE|FRR) |   p. fattorizzata |   p. empirica |
|-------|--------|-------|----------|--------------|---------------|-------------------|---------------|
|     0 |      0 |     0 |   0.1851 |     0.76013  |     0.376622  |       0.0529907   |    0.0037037  |
|     0 |      1 |     0 |   0.1851 |     0.76013  |     0.285681  |       0.0401953   |    0.0666667  |
|     0 |      2 |     0 |   0.1851 |     0.76013  |     0.207832  |       0.0292419   |    0.0333333  |
|     0 |      3 |     0 |   0.1851 |     0.76013  |     0.129866  |       0.0182721   |    0.037037   |
|     0 |      0 |     1 |   0.1778 |     0.624859 |     0.376622  |       0.0418427   |    0.0296296  |
|     0 |      1 |     1 |   0.1778 |     0.624859 |     0.285681  |       0.0317391   |    0.0407407  |
|     0 |      2 |     1 |   0.1778 |     0.624859 |     0.207832  |       0.0230901   |    0.0111111  |
|     0 |      3 |     1 |   0.1778 |     0.624859 |     0.129866  |       0.0144281   |    0.0296296  |
|     0 |      0 |     2 |   0.4    |     0.97225  |     0.376622  |       0.146468    |    0.181481   |
|     0 |      1 |     2 |   0.4    |     0.97225  |     0.285681  |       0.111101    |    0.0740741  |
|     0 |      2 |     2 |   0.4    |     0.97225  |     0.207832  |       0.0808257   |    0.111111   |
|     0 |      3 |     2 |   0.4    |     0.97225  |     0.129866  |       0.0505047   |    0.0222222  |
|     0 |      0 |     3 |   0.0963 |     0.76947  |     0.376622  |       0.0279077   |    0.0407407  |
|     0 |      1 |     3 |   0.0963 |     0.76947  |     0.285681  |       0.021169    |    0.0111111  |
|     0 |      2 |     3 |   0.0963 |     0.76947  |     0.207832  |       0.0154003   |    0.0111111  |
|     0 |      3 |     3 |   0.0963 |     0.76947  |     0.129866  |       0.00962304  |    0.0111111  |
|     1 |      0 |     0 |   0.1851 |     0        |     0.75      |       0           |    0          |
|     1 |      1 |     0 |   0.1851 |     0        |     0.25      |       0           |    0          |
|     1 |      2 |     0 |   0.1851 |     0        |     0         |       0           |    0          |
|     1 |      3 |     0 |   0.1851 |     0        |     0         |       0           |    0          |
|     1 |      0 |     1 |   0.1778 |     0.124859 |     0.75      |       0.01665     |    0.0111111  |
|     1 |      1 |     1 |   0.1778 |     0.124859 |     0.25      |       0.00555     |    0.0111111  |
|     1 |      2 |     1 |   0.1778 |     0.124859 |     0         |       0           |    0          |
|     1 |      3 |     1 |   0.1778 |     0.124859 |     0         |       0           |    0          |
|     1 |      0 |     2 |   0.4    |     0        |     0.75      |       0           |    0          |
|     1 |      1 |     2 |   0.4    |     0        |     0.25      |       0           |    0          |
|     1 |      2 |     2 |   0.4    |     0        |     0         |       0           |    0          |
|     1 |      3 |     2 |   0.4    |     0        |     0         |       0           |    0          |
|     1 |      0 |     3 |   0.0963 |     0.23053  |     0.75      |       0.01665     |    0.0222222  |
|     1 |      1 |     3 |   0.0963 |     0.23053  |     0.25      |       0.00555     |    0          |
|     1 |      2 |     3 |   0.0963 |     0.23053  |     0         |       0           |    0          |
|     1 |      3 |     3 |   0.0963 |     0.23053  |     0         |       0           |    0          |
|     2 |      0 |     0 |   0.1851 |     0.23987  |     0.296296  |       0.0131556   |    0          |
|     2 |      1 |     0 |   0.1851 |     0.23987  |     0.407407  |       0.0180889   |    0.0296296  |
|     2 |      2 |     0 |   0.1851 |     0.23987  |     0.0740741 |       0.00328889  |    0.00740741 |
|     2 |      3 |     0 |   0.1851 |     0.23987  |     0.222222  |       0.00986667  |    0.00740741 |
|     2 |      0 |     1 |   0.1778 |     0.249719 |     0.296296  |       0.0131556   |    0.0185185  |
|     2 |      1 |     1 |   0.1778 |     0.249719 |     0.407407  |       0.0180889   |    0.0111111  |
|     2 |      2 |     1 |   0.1778 |     0.249719 |     0.0740741 |       0.00328889  |    0          |
|     2 |      3 |     1 |   0.1778 |     0.249719 |     0.222222  |       0.00986667  |    0.0148148  |
|     2 |      0 |     2 |   0.4    |     0.02775  |     0.296296  |       0.00328889  |    0.0111111  |
|     2 |      1 |     2 |   0.4    |     0.02775  |     0.407407  |       0.00452222  |    0          |
|     2 |      2 |     2 |   0.4    |     0.02775  |     0.0740741 |       0.000822222 |    0          |
|     2 |      3 |     2 |   0.4    |     0.02775  |     0.222222  |       0.00246667  |    0          |
|     2 |      0 |     3 |   0.0963 |     0        |     0.296296  |       0           |    0          |
|     2 |      1 |     3 |   0.0963 |     0        |     0.407407  |       0           |    0          |
|     2 |      2 |     3 |   0.0963 |     0        |     0.0740741 |       0           |    0          |
|     2 |      3 |     3 |   0.0963 |     0        |     0.222222  |       0           |    0          |
2025-07-07 15:47:00,072 - Similarità media: 0.7355
2025-07-07 15:49:14,151 - 
|   FRR |   SIZE |   TFR |   P(TFR) |   P(FRR|TFR) |   P(SIZE|FRR) |   p. fattorizzata |   p. empirica |
|-------|--------|-------|----------|--------------|---------------|-------------------|---------------|
|     0 |      0 |     0 |   0.1851 |     0.76013  |     0.376622  |       0.0529907   |    0.0037037  |
|     0 |      1 |     0 |   0.1851 |     0.76013  |     0.285681  |       0.0401953   |    0.0666667  |
|     0 |      2 |     0 |   0.1851 |     0.76013  |     0.207832  |       0.0292419   |    0.0333333  |
|     0 |      3 |     0 |   0.1851 |     0.76013  |     0.129866  |       0.0182721   |    0.037037   |
|     0 |      0 |     1 |   0.1778 |     0.624859 |     0.376622  |       0.0418427   |    0.0296296  |
|     0 |      1 |     1 |   0.1778 |     0.624859 |     0.285681  |       0.0317391   |    0.0407407  |
|     0 |      2 |     1 |   0.1778 |     0.624859 |     0.207832  |       0.0230901   |    0.0111111  |
|     0 |      3 |     1 |   0.1778 |     0.624859 |     0.129866  |       0.0144281   |    0.0296296  |
|     0 |      0 |     2 |   0.4    |     0.97225  |     0.376622  |       0.146468    |    0.181481   |
|     0 |      1 |     2 |   0.4    |     0.97225  |     0.285681  |       0.111101    |    0.0740741  |
|     0 |      2 |     2 |   0.4    |     0.97225  |     0.207832  |       0.0808257   |    0.111111   |
|     0 |      3 |     2 |   0.4    |     0.97225  |     0.129866  |       0.0505047   |    0.0222222  |
|     0 |      0 |     3 |   0.0963 |     0.76947  |     0.376622  |       0.0279077   |    0.0407407  |
|     0 |      1 |     3 |   0.0963 |     0.76947  |     0.285681  |       0.021169    |    0.0111111  |
|     0 |      2 |     3 |   0.0963 |     0.76947  |     0.207832  |       0.0154003   |    0.0111111  |
|     0 |      3 |     3 |   0.0963 |     0.76947  |     0.129866  |       0.00962304  |    0.0111111  |
|     1 |      0 |     0 |   0.1851 |     0        |     0.75      |       0           |    0          |
|     1 |      1 |     0 |   0.1851 |     0        |     0.25      |       0           |    0          |
|     1 |      2 |     0 |   0.1851 |     0        |     0         |       0           |    0          |
|     1 |      3 |     0 |   0.1851 |     0        |     0         |       0           |    0          |
|     1 |      0 |     1 |   0.1778 |     0.124859 |     0.75      |       0.01665     |    0.0111111  |
|     1 |      1 |     1 |   0.1778 |     0.124859 |     0.25      |       0.00555     |    0.0111111  |
|     1 |      2 |     1 |   0.1778 |     0.124859 |     0         |       0           |    0          |
|     1 |      3 |     1 |   0.1778 |     0.124859 |     0         |       0           |    0          |
|     1 |      0 |     2 |   0.4    |     0        |     0.75      |       0           |    0          |
|     1 |      1 |     2 |   0.4    |     0        |     0.25      |       0           |    0          |
|     1 |      2 |     2 |   0.4    |     0        |     0         |       0           |    0          |
|     1 |      3 |     2 |   0.4    |     0        |     0         |       0           |    0          |
|     1 |      0 |     3 |   0.0963 |     0.23053  |     0.75      |       0.01665     |    0.0222222  |
|     1 |      1 |     3 |   0.0963 |     0.23053  |     0.25      |       0.00555     |    0          |
|     1 |      2 |     3 |   0.0963 |     0.23053  |     0         |       0           |    0          |
|     1 |      3 |     3 |   0.0963 |     0.23053  |     0         |       0           |    0          |
|     2 |      0 |     0 |   0.1851 |     0.23987  |     0.296296  |       0.0131556   |    0          |
|     2 |      1 |     0 |   0.1851 |     0.23987  |     0.407407  |       0.0180889   |    0.0296296  |
|     2 |      2 |     0 |   0.1851 |     0.23987  |     0.0740741 |       0.00328889  |    0.00740741 |
|     2 |      3 |     0 |   0.1851 |     0.23987  |     0.222222  |       0.00986667  |    0.00740741 |
|     2 |      0 |     1 |   0.1778 |     0.249719 |     0.296296  |       0.0131556   |    0.0185185  |
|     2 |      1 |     1 |   0.1778 |     0.249719 |     0.407407  |       0.0180889   |    0.0111111  |
|     2 |      2 |     1 |   0.1778 |     0.249719 |     0.0740741 |       0.00328889  |    0          |
|     2 |      3 |     1 |   0.1778 |     0.249719 |     0.222222  |       0.00986667  |    0.0148148  |
|     2 |      0 |     2 |   0.4    |     0.02775  |     0.296296  |       0.00328889  |    0.0111111  |
|     2 |      1 |     2 |   0.4    |     0.02775  |     0.407407  |       0.00452222  |    0          |
|     2 |      2 |     2 |   0.4    |     0.02775  |     0.0740741 |       0.000822222 |    0          |
|     2 |      3 |     2 |   0.4    |     0.02775  |     0.222222  |       0.00246667  |    0          |
|     2 |      0 |     3 |   0.0963 |     0        |     0.296296  |       0           |    0          |
|     2 |      1 |     3 |   0.0963 |     0        |     0.407407  |       0           |    0          |
|     2 |      2 |     3 |   0.0963 |     0        |     0.0740741 |       0           |    0          |
|     2 |      3 |     3 |   0.0963 |     0        |     0.222222  |       0           |    0          |
2025-07-07 15:49:14,152 - Similarità media: 0.7355
2025-07-07 15:50:31,299 - 
|   FRR |   SIZE |   TFR |   P(TFR) |   P(FRR|TFR) |   P(SIZE|FRR) |   p. fattorizzata |   p. empirica |
|-------|--------|-------|----------|--------------|---------------|-------------------|---------------|
|     0 |      0 |     0 |   0.1851 |     0.76013  |     0.376622  |       0.0529907   |    0.0037037  |
|     0 |      1 |     0 |   0.1851 |     0.76013  |     0.285681  |       0.0401953   |    0.0666667  |
|     0 |      2 |     0 |   0.1851 |     0.76013  |     0.207832  |       0.0292419   |    0.0333333  |
|     0 |      3 |     0 |   0.1851 |     0.76013  |     0.129866  |       0.0182721   |    0.037037   |
|     0 |      0 |     1 |   0.1778 |     0.624859 |     0.376622  |       0.0418427   |    0.0296296  |
|     0 |      1 |     1 |   0.1778 |     0.624859 |     0.285681  |       0.0317391   |    0.0407407  |
|     0 |      2 |     1 |   0.1778 |     0.624859 |     0.207832  |       0.0230901   |    0.0111111  |
|     0 |      3 |     1 |   0.1778 |     0.624859 |     0.129866  |       0.0144281   |    0.0296296  |
|     0 |      0 |     2 |   0.4    |     0.97225  |     0.376622  |       0.146468    |    0.181481   |
|     0 |      1 |     2 |   0.4    |     0.97225  |     0.285681  |       0.111101    |    0.0740741  |
|     0 |      2 |     2 |   0.4    |     0.97225  |     0.207832  |       0.0808257   |    0.111111   |
|     0 |      3 |     2 |   0.4    |     0.97225  |     0.129866  |       0.0505047   |    0.0222222  |
|     0 |      0 |     3 |   0.0963 |     0.76947  |     0.376622  |       0.0279077   |    0.0407407  |
|     0 |      1 |     3 |   0.0963 |     0.76947  |     0.285681  |       0.021169    |    0.0111111  |
|     0 |      2 |     3 |   0.0963 |     0.76947  |     0.207832  |       0.0154003   |    0.0111111  |
|     0 |      3 |     3 |   0.0963 |     0.76947  |     0.129866  |       0.00962304  |    0.0111111  |
|     1 |      0 |     0 |   0.1851 |     0        |     0.75      |       0           |    0          |
|     1 |      1 |     0 |   0.1851 |     0        |     0.25      |       0           |    0          |
|     1 |      2 |     0 |   0.1851 |     0        |     0         |       0           |    0          |
|     1 |      3 |     0 |   0.1851 |     0        |     0         |       0           |    0          |
|     1 |      0 |     1 |   0.1778 |     0.124859 |     0.75      |       0.01665     |    0.0111111  |
|     1 |      1 |     1 |   0.1778 |     0.124859 |     0.25      |       0.00555     |    0.0111111  |
|     1 |      2 |     1 |   0.1778 |     0.124859 |     0         |       0           |    0          |
|     1 |      3 |     1 |   0.1778 |     0.124859 |     0         |       0           |    0          |
|     1 |      0 |     2 |   0.4    |     0        |     0.75      |       0           |    0          |
|     1 |      1 |     2 |   0.4    |     0        |     0.25      |       0           |    0          |
|     1 |      2 |     2 |   0.4    |     0        |     0         |       0           |    0          |
|     1 |      3 |     2 |   0.4    |     0        |     0         |       0           |    0          |
|     1 |      0 |     3 |   0.0963 |     0.23053  |     0.75      |       0.01665     |    0.0222222  |
|     1 |      1 |     3 |   0.0963 |     0.23053  |     0.25      |       0.00555     |    0          |
|     1 |      2 |     3 |   0.0963 |     0.23053  |     0         |       0           |    0          |
|     1 |      3 |     3 |   0.0963 |     0.23053  |     0         |       0           |    0          |
|     2 |      0 |     0 |   0.1851 |     0.23987  |     0.296296  |       0.0131556   |    0          |
|     2 |      1 |     0 |   0.1851 |     0.23987  |     0.407407  |       0.0180889   |    0.0296296  |
|     2 |      2 |     0 |   0.1851 |     0.23987  |     0.0740741 |       0.00328889  |    0.00740741 |
|     2 |      3 |     0 |   0.1851 |     0.23987  |     0.222222  |       0.00986667  |    0.00740741 |
|     2 |      0 |     1 |   0.1778 |     0.249719 |     0.296296  |       0.0131556   |    0.0185185  |
|     2 |      1 |     1 |   0.1778 |     0.249719 |     0.407407  |       0.0180889   |    0.0111111  |
|     2 |      2 |     1 |   0.1778 |     0.249719 |     0.0740741 |       0.00328889  |    0          |
|     2 |      3 |     1 |   0.1778 |     0.249719 |     0.222222  |       0.00986667  |    0.0148148  |
|     2 |      0 |     2 |   0.4    |     0.02775  |     0.296296  |       0.00328889  |    0.0111111  |
|     2 |      1 |     2 |   0.4    |     0.02775  |     0.407407  |       0.00452222  |    0          |
|     2 |      2 |     2 |   0.4    |     0.02775  |     0.0740741 |       0.000822222 |    0          |
|     2 |      3 |     2 |   0.4    |     0.02775  |     0.222222  |       0.00246667  |    0          |
|     2 |      0 |     3 |   0.0963 |     0        |     0.296296  |       0           |    0          |
|     2 |      1 |     3 |   0.0963 |     0        |     0.407407  |       0           |    0          |
|     2 |      2 |     3 |   0.0963 |     0        |     0.0740741 |       0           |    0          |
|     2 |      3 |     3 |   0.0963 |     0        |     0.222222  |       0           |    0          |
2025-07-07 15:50:31,306 - Similarità media: 0.7355
2025-07-07 16:26:29,457 - 
|   FRR |   SIZE |   TFR |   P(TFR) |   P(FRR|TFR) |   P(SIZE|FRR) |   p. fattorizzata |   p. empirica |
|-------|--------|-------|----------|--------------|---------------|-------------------|---------------|
|     0 |      0 |     0 |   0.1851 |     0.76013  |     0.376622  |       0.0529907   |    0.0037037  |
|     0 |      1 |     0 |   0.1851 |     0.76013  |     0.285681  |       0.0401953   |    0.0666667  |
|     0 |      2 |     0 |   0.1851 |     0.76013  |     0.207832  |       0.0292419   |    0.0333333  |
|     0 |      3 |     0 |   0.1851 |     0.76013  |     0.129866  |       0.0182721   |    0.037037   |
|     0 |      0 |     1 |   0.1778 |     0.624859 |     0.376622  |       0.0418427   |    0.0296296  |
|     0 |      1 |     1 |   0.1778 |     0.624859 |     0.285681  |       0.0317391   |    0.0407407  |
|     0 |      2 |     1 |   0.1778 |     0.624859 |     0.207832  |       0.0230901   |    0.0111111  |
|     0 |      3 |     1 |   0.1778 |     0.624859 |     0.129866  |       0.0144281   |    0.0296296  |
|     0 |      0 |     2 |   0.4    |     0.97225  |     0.376622  |       0.146468    |    0.181481   |
|     0 |      1 |     2 |   0.4    |     0.97225  |     0.285681  |       0.111101    |    0.0740741  |
|     0 |      2 |     2 |   0.4    |     0.97225  |     0.207832  |       0.0808257   |    0.111111   |
|     0 |      3 |     2 |   0.4    |     0.97225  |     0.129866  |       0.0505047   |    0.0222222  |
|     0 |      0 |     3 |   0.0963 |     0.76947  |     0.376622  |       0.0279077   |    0.0407407  |
|     0 |      1 |     3 |   0.0963 |     0.76947  |     0.285681  |       0.021169    |    0.0111111  |
|     0 |      2 |     3 |   0.0963 |     0.76947  |     0.207832  |       0.0154003   |    0.0111111  |
|     0 |      3 |     3 |   0.0963 |     0.76947  |     0.129866  |       0.00962304  |    0.0111111  |
|     1 |      0 |     0 |   0.1851 |     0        |     0.75      |       0           |    0          |
|     1 |      1 |     0 |   0.1851 |     0        |     0.25      |       0           |    0          |
|     1 |      2 |     0 |   0.1851 |     0        |     0         |       0           |    0          |
|     1 |      3 |     0 |   0.1851 |     0        |     0         |       0           |    0          |
|     1 |      0 |     1 |   0.1778 |     0.124859 |     0.75      |       0.01665     |    0.0111111  |
|     1 |      1 |     1 |   0.1778 |     0.124859 |     0.25      |       0.00555     |    0.0111111  |
|     1 |      2 |     1 |   0.1778 |     0.124859 |     0         |       0           |    0          |
|     1 |      3 |     1 |   0.1778 |     0.124859 |     0         |       0           |    0          |
|     1 |      0 |     2 |   0.4    |     0        |     0.75      |       0           |    0          |
|     1 |      1 |     2 |   0.4    |     0        |     0.25      |       0           |    0          |
|     1 |      2 |     2 |   0.4    |     0        |     0         |       0           |    0          |
|     1 |      3 |     2 |   0.4    |     0        |     0         |       0           |    0          |
|     1 |      0 |     3 |   0.0963 |     0.23053  |     0.75      |       0.01665     |    0.0222222  |
|     1 |      1 |     3 |   0.0963 |     0.23053  |     0.25      |       0.00555     |    0          |
|     1 |      2 |     3 |   0.0963 |     0.23053  |     0         |       0           |    0          |
|     1 |      3 |     3 |   0.0963 |     0.23053  |     0         |       0           |    0          |
|     2 |      0 |     0 |   0.1851 |     0.23987  |     0.296296  |       0.0131556   |    0          |
|     2 |      1 |     0 |   0.1851 |     0.23987  |     0.407407  |       0.0180889   |    0.0296296  |
|     2 |      2 |     0 |   0.1851 |     0.23987  |     0.0740741 |       0.00328889  |    0.00740741 |
|     2 |      3 |     0 |   0.1851 |     0.23987  |     0.222222  |       0.00986667  |    0.00740741 |
|     2 |      0 |     1 |   0.1778 |     0.249719 |     0.296296  |       0.0131556   |    0.0185185  |
|     2 |      1 |     1 |   0.1778 |     0.249719 |     0.407407  |       0.0180889   |    0.0111111  |
|     2 |      2 |     1 |   0.1778 |     0.249719 |     0.0740741 |       0.00328889  |    0          |
|     2 |      3 |     1 |   0.1778 |     0.249719 |     0.222222  |       0.00986667  |    0.0148148  |
|     2 |      0 |     2 |   0.4    |     0.02775  |     0.296296  |       0.00328889  |    0.0111111  |
|     2 |      1 |     2 |   0.4    |     0.02775  |     0.407407  |       0.00452222  |    0          |
|     2 |      2 |     2 |   0.4    |     0.02775  |     0.0740741 |       0.000822222 |    0          |
|     2 |      3 |     2 |   0.4    |     0.02775  |     0.222222  |       0.00246667  |    0          |
|     2 |      0 |     3 |   0.0963 |     0        |     0.296296  |       0           |    0          |
|     2 |      1 |     3 |   0.0963 |     0        |     0.407407  |       0           |    0          |
|     2 |      2 |     3 |   0.0963 |     0        |     0.0740741 |       0           |    0          |
|     2 |      3 |     3 |   0.0963 |     0        |     0.222222  |       0           |    0          |
2025-07-07 16:26:29,457 - Similarità media: 0.7355
2025-07-08 15:11:00,230 - 
|   FRR |   SIZE |   TFR |   P(TFR) |   P(FRR|TFR) |   P(SIZE|FRR) |   p. fattorizzata |   p. empirica |
|-------|--------|-------|----------|--------------|---------------|-------------------|---------------|
|     0 |      0 |     0 |   0.1851 |     0.76013  |     0.376622  |       0.0529907   |    0.0037037  |
|     0 |      1 |     0 |   0.1851 |     0.76013  |     0.285681  |       0.0401953   |    0.0666667  |
|     0 |      2 |     0 |   0.1851 |     0.76013  |     0.207832  |       0.0292419   |    0.0333333  |
|     0 |      3 |     0 |   0.1851 |     0.76013  |     0.129866  |       0.0182721   |    0.037037   |
|     0 |      0 |     1 |   0.1778 |     0.624859 |     0.376622  |       0.0418427   |    0.0296296  |
|     0 |      1 |     1 |   0.1778 |     0.624859 |     0.285681  |       0.0317391   |    0.0407407  |
|     0 |      2 |     1 |   0.1778 |     0.624859 |     0.207832  |       0.0230901   |    0.0111111  |
|     0 |      3 |     1 |   0.1778 |     0.624859 |     0.129866  |       0.0144281   |    0.0296296  |
|     0 |      0 |     2 |   0.4    |     0.97225  |     0.376622  |       0.146468    |    0.181481   |
|     0 |      1 |     2 |   0.4    |     0.97225  |     0.285681  |       0.111101    |    0.0740741  |
|     0 |      2 |     2 |   0.4    |     0.97225  |     0.207832  |       0.0808257   |    0.111111   |
|     0 |      3 |     2 |   0.4    |     0.97225  |     0.129866  |       0.0505047   |    0.0222222  |
|     0 |      0 |     3 |   0.0963 |     0.76947  |     0.376622  |       0.0279077   |    0.0407407  |
|     0 |      1 |     3 |   0.0963 |     0.76947  |     0.285681  |       0.021169    |    0.0111111  |
|     0 |      2 |     3 |   0.0963 |     0.76947  |     0.207832  |       0.0154003   |    0.0111111  |
|     0 |      3 |     3 |   0.0963 |     0.76947  |     0.129866  |       0.00962304  |    0.0111111  |
|     0 |      0 |     4 |   0.1408 |     0.99929  |     0.376622  |       0.0529907   |    0.0666667  |
|     0 |      1 |     4 |   0.1408 |     0.99929  |     0.285681  |       0.0401953   |    0.0518519  |
|     0 |      2 |     4 |   0.1408 |     0.99929  |     0.207832  |       0.0292419   |    0.0111111  |
|     0 |      3 |     4 |   0.1408 |     0.99929  |     0.129866  |       0.0182721   |    0.0111111  |
|     1 |      0 |     0 |   0.1851 |     0        |     0.75      |       0           |    0          |
|     1 |      1 |     0 |   0.1851 |     0        |     0.25      |       0           |    0          |
|     1 |      2 |     0 |   0.1851 |     0        |     0         |       0           |    0          |
|     1 |      3 |     0 |   0.1851 |     0        |     0         |       0           |    0          |
|     1 |      0 |     1 |   0.1778 |     0.124859 |     0.75      |       0.01665     |    0.0111111  |
|     1 |      1 |     1 |   0.1778 |     0.124859 |     0.25      |       0.00555     |    0.0111111  |
|     1 |      2 |     1 |   0.1778 |     0.124859 |     0         |       0           |    0          |
|     1 |      3 |     1 |   0.1778 |     0.124859 |     0         |       0           |    0          |
|     1 |      0 |     2 |   0.4    |     0        |     0.75      |       0           |    0          |
|     1 |      1 |     2 |   0.4    |     0        |     0.25      |       0           |    0          |
|     1 |      2 |     2 |   0.4    |     0        |     0         |       0           |    0          |
|     1 |      3 |     2 |   0.4    |     0        |     0         |       0           |    0          |
|     1 |      0 |     3 |   0.0963 |     0.23053  |     0.75      |       0.01665     |    0.0222222  |
|     1 |      1 |     3 |   0.0963 |     0.23053  |     0.25      |       0.00555     |    0          |
|     1 |      2 |     3 |   0.0963 |     0.23053  |     0         |       0           |    0          |
|     1 |      3 |     3 |   0.0963 |     0.23053  |     0         |       0           |    0          |
|     1 |      0 |     4 |   0.1408 |     0        |     0.75      |       0           |    0          |
|     1 |      1 |     4 |   0.1408 |     0        |     0.25      |       0           |    0          |
|     1 |      2 |     4 |   0.1408 |     0        |     0         |       0           |    0          |
|     1 |      3 |     4 |   0.1408 |     0        |     0         |       0           |    0          |
|     2 |      0 |     0 |   0.1851 |     0.23987  |     0.296296  |       0.0131556   |    0          |
|     2 |      1 |     0 |   0.1851 |     0.23987  |     0.407407  |       0.0180889   |    0.0296296  |
|     2 |      2 |     0 |   0.1851 |     0.23987  |     0.0740741 |       0.00328889  |    0.00740741 |
|     2 |      3 |     0 |   0.1851 |     0.23987  |     0.222222  |       0.00986667  |    0.00740741 |
|     2 |      0 |     1 |   0.1778 |     0.249719 |     0.296296  |       0.0131556   |    0.0185185  |
|     2 |      1 |     1 |   0.1778 |     0.249719 |     0.407407  |       0.0180889   |    0.0111111  |
|     2 |      2 |     1 |   0.1778 |     0.249719 |     0.0740741 |       0.00328889  |    0          |
|     2 |      3 |     1 |   0.1778 |     0.249719 |     0.222222  |       0.00986667  |    0.0148148  |
|     2 |      0 |     2 |   0.4    |     0.02775  |     0.296296  |       0.00328889  |    0.0111111  |
|     2 |      1 |     2 |   0.4    |     0.02775  |     0.407407  |       0.00452222  |    0          |
|     2 |      2 |     2 |   0.4    |     0.02775  |     0.0740741 |       0.000822222 |    0          |
|     2 |      3 |     2 |   0.4    |     0.02775  |     0.222222  |       0.00246667  |    0          |
|     2 |      0 |     3 |   0.0963 |     0        |     0.296296  |       0           |    0          |
|     2 |      1 |     3 |   0.0963 |     0        |     0.407407  |       0           |    0          |
|     2 |      2 |     3 |   0.0963 |     0        |     0.0740741 |       0           |    0          |
|     2 |      3 |     3 |   0.0963 |     0        |     0.222222  |       0           |    0          |
|     2 |      0 |     4 |   0.1408 |     0        |     0.296296  |       0           |    0          |
|     2 |      1 |     4 |   0.1408 |     0        |     0.407407  |       0           |    0          |
|     2 |      2 |     4 |   0.1408 |     0        |     0.0740741 |       0           |    0          |
|     2 |      3 |     4 |   0.1408 |     0        |     0.222222  |       0           |    0          |
2025-07-08 15:11:00,232 - Similarità media: 0.7728
