2025-06-05 15:10:16,069 - INFO - Caricamento del dataset: Data_DAG/Nodi_DAG2.csv
2025-06-05 15:10:16,092 - INFO - Dataset caricato con successo. Numero di righe: 275
2025-06-05 15:10:16,092 - INFO - (----------------CORRELATION HEATMAP------------------)
2025-06-05 15:10:17,695 - INFO - ---> Correlation heatmap at: _Plots/correlation_output_correlation_heatmap.png
2025-06-05 15:16:57,992 - INFO - Caricamento del dataset: Data_DAG/Nodi_DAG2.csv
2025-06-05 15:16:57,996 - INFO - Dataset caricato con successo. Righe: 275, Colonne: 5
2025-06-05 15:16:57,996 - INFO - (----------------CORRELATION HEATMAP------------------)
2025-06-05 15:16:58,004 - INFO - Matrice di correlazione:
+------+-------+--------+-------+-------+
|      |   FRR |   SIZE |   PDI |   TFR |
+======+=======+========+=======+=======+
| FRR  |  1.00 |  -0.04 |  0.26 | -0.28 |
+------+-------+--------+-------+-------+
| SIZE | -0.04 |   1.00 |  0.64 | -0.01 |
+------+-------+--------+-------+-------+
| PDI  |  0.26 |   0.64 |  1.00 | -0.29 |
+------+-------+--------+-------+-------+
| TFR  | -0.28 |  -0.01 | -0.29 |  1.00 |
+------+-------+--------+-------+-------+
2025-06-05 15:16:58,352 - INFO - ---> Heatmap salvata in: _Plot\correlation_output_correlation_heatmap.png
2025-06-05 15:16:58,352 - INFO - ---> Matrice CSV salvata in: correlation_output_correlation_matrix.csv
2025-06-05 15:17:42,996 - INFO - Caricamento del dataset: Data_DAG/Nodi_DAG2.csv
2025-06-05 15:17:42,996 - INFO - Dataset caricato con successo. Righe: 275, Colonne: 5
2025-06-05 15:17:42,996 - INFO - (----------------CORRELATION HEATMAP------------------)
2025-06-05 15:17:43,005 - INFO - Matrice di correlazione:
+------+-------+--------+-------+-------+
|      |   FRR |   SIZE |   PDI |   TFR |
+======+=======+========+=======+=======+
| FRR  |  1.00 |  -0.04 |  0.26 | -0.28 |
+------+-------+--------+-------+-------+
| SIZE | -0.04 |   1.00 |  0.64 | -0.01 |
+------+-------+--------+-------+-------+
| PDI  |  0.26 |   0.64 |  1.00 | -0.29 |
+------+-------+--------+-------+-------+
| TFR  | -0.28 |  -0.01 | -0.29 |  1.00 |
+------+-------+--------+-------+-------+
2025-06-05 15:17:43,347 - INFO - ---> Heatmap salvata in: _Plot\correlation_output_correlation_heatmap.png
2025-06-05 15:17:43,349 - INFO - ---> Matrice CSV salvata in: correlation_output_correlation_matrix.csv
2025-06-05 15:23:36,861 - INFO - Caricamento del dataset: Data_DAG/Nodi_DAG2.csv
2025-06-05 15:23:36,883 - INFO - Dataset caricato con successo. Righe: 275, Colonne: 5
2025-06-05 15:23:36,883 - INFO - (----------------CORRELATION HEATMAP------------------)
2025-06-05 15:23:36,897 - INFO - Matrice di correlazione:
+------+-------+--------+-------+-------+
|      |   FRR |   SIZE |   PDI |   TFR |
+======+=======+========+=======+=======+
| FRR  |  1.00 |  -0.04 |  0.26 | -0.28 |
+------+-------+--------+-------+-------+
| SIZE | -0.04 |   1.00 |  0.64 | -0.01 |
+------+-------+--------+-------+-------+
| PDI  |  0.26 |   0.64 |  1.00 | -0.29 |
+------+-------+--------+-------+-------+
| TFR  | -0.28 |  -0.01 | -0.29 |  1.00 |
+------+-------+--------+-------+-------+
2025-06-05 15:23:37,395 - INFO - ---> Heatmap salvata in: _Plot\correlation_output_correlation_heatmap.png
2025-06-05 15:23:37,395 - INFO - ---> Matrice CSV salvata in: correlation_output_correlation_matrix.csv
2025-06-05 15:24:40,147 - INFO - Caricamento del dataset: Data_DAG/Nodi_DAG2.csv
2025-06-05 15:24:40,152 - INFO - Dataset caricato con successo. Righe: 275, Colonne: 5
2025-06-05 15:24:40,152 - INFO - (----------------CORRELATION HEATMAP------------------)
2025-06-05 15:24:40,158 - INFO - Matrice di correlazione:
+------+-------+--------+-------+-------+
|      |   FRR |   SIZE |   PDI |   TFR |
+======+=======+========+=======+=======+
| FRR  |  1.00 |  -0.04 |  0.26 | -0.28 |
+------+-------+--------+-------+-------+
| SIZE | -0.04 |   1.00 |  0.64 | -0.01 |
+------+-------+--------+-------+-------+
| PDI  |  0.26 |   0.64 |  1.00 | -0.29 |
+------+-------+--------+-------+-------+
| TFR  | -0.28 |  -0.01 | -0.29 |  1.00 |
+------+-------+--------+-------+-------+
2025-06-05 15:24:40,484 - INFO - ---> Heatmap salvata in: _Plot\correlation_output_correlation_heatmap.png
2025-06-05 15:24:40,484 - INFO - ---> Matrice CSV salvata in: correlation_output_correlation_matrix.csv
2025-06-05 15:25:45,364 - INFO - Caricamento del dataset: Data_DAG/Nodi_DAG2.csv
2025-06-05 15:25:45,368 - INFO - Dataset caricato con successo. Righe: 275, Colonne: 5
2025-06-05 15:25:45,368 - INFO - (----------------CORRELATION HEATMAP------------------)
2025-06-05 15:25:45,383 - INFO - Matrice di correlazione:
+------+-------+--------+-------+-------+
|      |   FRR |   SIZE |   PDI |   TFR |
+======+=======+========+=======+=======+
| FRR  |  1.00 |  -0.04 |  0.26 | -0.28 |
+------+-------+--------+-------+-------+
| SIZE | -0.04 |   1.00 |  0.64 | -0.01 |
+------+-------+--------+-------+-------+
| PDI  |  0.26 |   0.64 |  1.00 | -0.29 |
+------+-------+--------+-------+-------+
| TFR  | -0.28 |  -0.01 | -0.29 |  1.00 |
+------+-------+--------+-------+-------+
2025-06-05 15:25:45,725 - INFO - ---> Heatmap salvata in: _Plot\correlation_output_correlation_heatmap.png
2025-06-05 15:25:45,725 - INFO - ---> Matrice CSV salvata in: Data_DAG/correlation_matrix.csv
2025-06-05 15:27:35,585 - INFO - Caricamento del dataset: Data_DAG/Nodi_DAG2.csv
2025-06-05 15:27:35,589 - INFO - Dataset caricato con successo. Righe: 275, Colonne: 5
2025-06-05 15:27:35,590 - INFO - (----------------CORRELATION HEATMAP------------------)
2025-06-05 15:27:35,592 - INFO - Matrice di correlazione:
+------+-------+--------+-------+-------+
|      |   FRR |   SIZE |   PDI |   TFR |
+======+=======+========+=======+=======+
| FRR  |  1.00 |  -0.04 |  0.26 | -0.28 |
+------+-------+--------+-------+-------+
| SIZE | -0.04 |   1.00 |  0.64 | -0.01 |
+------+-------+--------+-------+-------+
| PDI  |  0.26 |   0.64 |  1.00 | -0.29 |
+------+-------+--------+-------+-------+
| TFR  | -0.28 |  -0.01 | -0.29 |  1.00 |
+------+-------+--------+-------+-------+
2025-06-05 15:27:35,947 - INFO - ---> Heatmap salvata in: _Plot\correlation_output_correlation_heatmap.png
2025-06-05 15:27:35,947 - INFO - ---> Matrice CSV salvata in: Data_DAG/correlation_matrix.csv
2025-06-05 15:30:09,209 - INFO - Caricamento del dataset: Data_DAG/Nodi_DAG2.csv
2025-06-05 15:30:09,209 - INFO - Dataset caricato con successo. Righe: 275, Colonne: 5
2025-06-05 15:30:09,209 - INFO - (----------------CORRELATION HEATMAP------------------)
2025-06-05 15:30:09,209 - INFO - Matrice di correlazione:
+------+-------+--------+-------+-------+
|      |   FRR |   SIZE |   PDI |   TFR |
+======+=======+========+=======+=======+
| FRR  |  1.00 |  -0.04 |  0.26 | -0.28 |
+------+-------+--------+-------+-------+
| SIZE | -0.04 |   1.00 |  0.64 | -0.01 |
+------+-------+--------+-------+-------+
| PDI  |  0.26 |   0.64 |  1.00 | -0.29 |
+------+-------+--------+-------+-------+
| TFR  | -0.28 |  -0.01 | -0.29 |  1.00 |
+------+-------+--------+-------+-------+
2025-06-05 15:30:09,513 - INFO - ---> Heatmap salvata in: _Plot\correlation_output_correlation_heatmap.png
2025-06-05 15:30:09,515 - INFO - ---> Matrice CSV salvata in: Data_DAG/correlation_matrix.csv
2025-06-05 15:32:12,178 - INFO - Caricamento del dataset: Data_DAG/Nodi_DAG2.csv
2025-06-05 15:32:12,181 - INFO - Dataset caricato con successo. Righe: 275, Colonne: 5
2025-06-05 15:32:12,181 - INFO - (----------------CORRELATION HEATMAP------------------)
2025-06-05 15:32:12,184 - INFO - Matrice di correlazione:
+------+-------+--------+-------+-------+
|      |   FRR |   SIZE |   PDI |   TFR |
+======+=======+========+=======+=======+
| FRR  |  1.00 |  -0.04 |  0.26 | -0.28 |
+------+-------+--------+-------+-------+
| SIZE | -0.04 |   1.00 |  0.64 | -0.01 |
+------+-------+--------+-------+-------+
| PDI  |  0.26 |   0.64 |  1.00 | -0.29 |
+------+-------+--------+-------+-------+
| TFR  | -0.28 |  -0.01 | -0.29 |  1.00 |
+------+-------+--------+-------+-------+
2025-06-05 15:32:12,528 - INFO - ---> Heatmap salvata in: _Plot\correlation_output_correlation_heatmap.png
2025-06-05 15:32:12,528 - INFO - ---> Matrice CSV salvata in: Data_DAG/correlation_matrix.csv
2025-06-05 15:35:03,163 - INFO - Caricamento del dataset: Data_DAG/Nodi_DAG2.csv
2025-06-05 15:35:03,163 - INFO - Dataset caricato con successo. Righe: 275, Colonne: 5
2025-06-05 15:35:03,163 - INFO - (----------------CORRELATION HEATMAP------------------)
2025-06-05 15:35:03,172 - INFO - Matrice di correlazione:
+------+-------+--------+-------+-------+
|      |   FRR |   SIZE |   PDI |   TFR |
+======+=======+========+=======+=======+
| FRR  |  1.00 |  -0.04 |  0.26 | -0.28 |
+------+-------+--------+-------+-------+
| SIZE | -0.04 |   1.00 |  0.64 | -0.01 |
+------+-------+--------+-------+-------+
| PDI  |  0.26 |   0.64 |  1.00 | -0.29 |
+------+-------+--------+-------+-------+
| TFR  | -0.28 |  -0.01 | -0.29 |  1.00 |
+------+-------+--------+-------+-------+
2025-06-05 15:35:03,461 - INFO - ---> Heatmap salvata in: _Plot\correlation_output_correlation_heatmap.png
2025-06-05 15:35:03,463 - INFO - ---> Matrice CSV salvata in: Data_DAG/correlation_matrix.csv
2025-06-05 15:36:38,672 - INFO - Caricamento del dataset: Data_DAG/Nodi_DAG2.csv
2025-06-05 15:36:38,676 - INFO - Dataset caricato con successo. Righe: 275, Colonne: 5
2025-06-05 15:36:38,676 - INFO - (----------------CORRELATION HEATMAP------------------)
2025-06-05 15:36:38,680 - INFO - Matrice di correlazione:
+------+-------+--------+-------+-------+
|      |   FRR |   SIZE |   PDI |   TFR |
+======+=======+========+=======+=======+
| FRR  |  1.00 |  -0.04 |  0.26 | -0.28 |
+------+-------+--------+-------+-------+
| SIZE | -0.04 |   1.00 |  0.64 | -0.01 |
+------+-------+--------+-------+-------+
| PDI  |  0.26 |   0.64 |  1.00 | -0.29 |
+------+-------+--------+-------+-------+
| TFR  | -0.28 |  -0.01 | -0.29 |  1.00 |
+------+-------+--------+-------+-------+
2025-06-05 15:36:38,986 - INFO - ---> Heatmap salvata in: _Plot\correlation_output_correlation_heatmap.png
2025-06-05 15:36:38,986 - INFO - ---> Matrice CSV salvata in: Data_DAG/correlation_matrix.csv
2025-06-05 15:36:38,986 - INFO - (----------------CORRELATION GRAPH------------------)
2025-06-05 15:36:39,201 - INFO - ---> Correlation graph saved at: _Plot\correlation_graph.png
2025-06-05 15:37:51,916 - INFO - Caricamento del dataset: Data_DAG/Nodi_DAG2.csv
2025-06-05 15:37:51,919 - INFO - Dataset caricato con successo. Righe: 275, Colonne: 5
2025-06-05 15:37:51,920 - INFO - (----------------CORRELATION HEATMAP------------------)
2025-06-05 15:37:51,923 - INFO - Matrice di correlazione:
+------+-------+--------+-------+-------+
|      |   FRR |   SIZE |   PDI |   TFR |
+======+=======+========+=======+=======+
| FRR  |  1.00 |  -0.04 |  0.26 | -0.28 |
+------+-------+--------+-------+-------+
| SIZE | -0.04 |   1.00 |  0.64 | -0.01 |
+------+-------+--------+-------+-------+
| PDI  |  0.26 |   0.64 |  1.00 | -0.29 |
+------+-------+--------+-------+-------+
| TFR  | -0.28 |  -0.01 | -0.29 |  1.00 |
+------+-------+--------+-------+-------+
2025-06-05 15:37:52,259 - INFO - ---> Heatmap salvata in: _Plot\correlation_output_correlation_heatmap.png
2025-06-05 15:37:52,259 - INFO - ---> Matrice CSV salvata in: Data_DAG/correlation_matrix.csv
2025-06-05 15:37:52,259 - INFO - (----------------CORRELATION GRAPH------------------)
2025-06-05 15:37:52,462 - INFO - ---> Correlation graph saved at: _Plot\correlation_graph.png
2025-06-05 15:38:40,677 - INFO - Caricamento del dataset: Data_Droplet/seed.csv
2025-06-05 15:38:40,751 - INFO - Dataset caricato con successo. Righe: 275, Colonne: 13
2025-06-05 15:38:40,751 - INFO - (----------------CORRELATION HEATMAP------------------)
2025-06-05 15:38:40,757 - INFO - Matrice di correlazione:
+------+-------+--------+--------+-------+-------+-------+--------+-------+
|      |   ESM |   HSPC |   CHOL |   PEG |   TFR |   FRR |   SIZE |   PDI |
+======+=======+========+========+=======+=======+=======+========+=======+
| ESM  |  1.00 |  -0.83 |   0.62 | -0.83 |  0.07 | -0.17 |   0.21 | -0.17 |
+------+-------+--------+--------+-------+-------+-------+--------+-------+
| HSPC | -0.83 |   1.00 |  -0.48 |  1.00 |  0.02 |  0.06 |  -0.22 |  0.13 |
+------+-------+--------+--------+-------+-------+-------+--------+-------+
| CHOL |  0.62 |  -0.48 |   1.00 | -0.48 |  0.12 | -0.16 |  -0.22 | -0.57 |
+------+-------+--------+--------+-------+-------+-------+--------+-------+
| PEG  | -0.83 |   1.00 |  -0.48 |  1.00 |  0.02 |  0.06 |  -0.22 |  0.13 |
+------+-------+--------+--------+-------+-------+-------+--------+-------+
| TFR  |  0.07 |   0.02 |   0.12 |  0.02 |  1.00 | -0.28 |  -0.01 | -0.29 |
+------+-------+--------+--------+-------+-------+-------+--------+-------+
| FRR  | -0.17 |   0.06 |  -0.16 |  0.06 | -0.28 |  1.00 |  -0.04 |  0.26 |
+------+-------+--------+--------+-------+-------+-------+--------+-------+
| SIZE |  0.21 |  -0.22 |  -0.22 | -0.22 | -0.01 | -0.04 |   1.00 |  0.64 |
+------+-------+--------+--------+-------+-------+-------+--------+-------+
| PDI  | -0.17 |   0.13 |  -0.57 |  0.13 | -0.29 |  0.26 |   0.64 |  1.00 |
+------+-------+--------+--------+-------+-------+-------+--------+-------+
2025-06-05 15:38:41,127 - INFO - ---> Heatmap salvata in: _Plot\correlation_output_correlation_heatmap.png
2025-06-05 15:38:41,127 - INFO - ---> Matrice CSV salvata in: Data_DAG/correlation_matrix.csv
2025-06-05 15:38:41,127 - INFO - (----------------CORRELATION GRAPH------------------)
2025-06-05 15:38:41,388 - INFO - ---> Correlation graph saved at: _Plot\correlation_graph.png
2025-06-05 15:47:02,335 - INFO - Caricamento del dataset: Data_DAG/seed2.csv
2025-06-05 15:47:02,335 - INFO - Dataset caricato con successo. Righe: 275, Colonne: 10
2025-06-05 15:47:02,335 - INFO - (----------------CORRELATION HEATMAP------------------)
2025-06-05 15:47:02,350 - INFO - Matrice di correlazione:
+------+-------+--------+--------+-------+-------+-------+--------+-------+
|      |   ESM |   HSPC |   CHOL |   PEG |   TFR |   FRR |   SIZE |   PDI |
+======+=======+========+========+=======+=======+=======+========+=======+
| ESM  |  1.00 |  -0.83 |   0.62 | -0.83 |  0.07 | -0.17 |   0.21 | -0.17 |
+------+-------+--------+--------+-------+-------+-------+--------+-------+
| HSPC | -0.83 |   1.00 |  -0.48 |  1.00 |  0.02 |  0.06 |  -0.22 |  0.13 |
+------+-------+--------+--------+-------+-------+-------+--------+-------+
| CHOL |  0.62 |  -0.48 |   1.00 | -0.48 |  0.12 | -0.16 |  -0.22 | -0.57 |
+------+-------+--------+--------+-------+-------+-------+--------+-------+
| PEG  | -0.83 |   1.00 |  -0.48 |  1.00 |  0.02 |  0.06 |  -0.22 |  0.13 |
+------+-------+--------+--------+-------+-------+-------+--------+-------+
| TFR  |  0.07 |   0.02 |   0.12 |  0.02 |  1.00 | -0.28 |  -0.01 | -0.29 |
+------+-------+--------+--------+-------+-------+-------+--------+-------+
| FRR  | -0.17 |   0.06 |  -0.16 |  0.06 | -0.28 |  1.00 |  -0.04 |  0.26 |
+------+-------+--------+--------+-------+-------+-------+--------+-------+
| SIZE |  0.21 |  -0.22 |  -0.22 | -0.22 | -0.01 | -0.04 |   1.00 |  0.64 |
+------+-------+--------+--------+-------+-------+-------+--------+-------+
| PDI  | -0.17 |   0.13 |  -0.57 |  0.13 | -0.29 |  0.26 |   0.64 |  1.00 |
+------+-------+--------+--------+-------+-------+-------+--------+-------+
2025-06-05 15:47:02,908 - INFO - ---> Heatmap salvata in: _Plot\correlation_output_correlation_heatmap.png
2025-06-05 15:47:02,908 - INFO - ---> Matrice CSV salvata in: Data_DAG/correlation_matrix.csv
2025-06-05 15:47:02,908 - INFO - (----------------CORRELATION GRAPH------------------)
2025-06-05 15:47:03,193 - INFO - ---> Correlation graph saved at: _Plot\correlation_graph.png
2025-06-05 15:52:03,311 - INFO - Caricamento del dataset: Data_DAG/Nodi_DAG2.csv
2025-06-05 15:52:03,313 - INFO - Dataset caricato con successo. Righe: 275, Colonne: 4
2025-06-05 15:52:03,314 - INFO - (----------------CORRELATION HEATMAP------------------)
2025-06-05 15:52:03,316 - INFO - Matrice di correlazione:
+------+-------+-------+--------+-------+
|      |   TFR |   FRR |   SIZE |   PDI |
+======+=======+=======+========+=======+
| TFR  |  1.00 | -0.28 |  -0.01 | -0.29 |
+------+-------+-------+--------+-------+
| FRR  | -0.28 |  1.00 |  -0.04 |  0.26 |
+------+-------+-------+--------+-------+
| SIZE | -0.01 | -0.04 |   1.00 |  0.64 |
+------+-------+-------+--------+-------+
| PDI  | -0.29 |  0.26 |   0.64 |  1.00 |
+------+-------+-------+--------+-------+
2025-06-05 15:52:03,640 - INFO - ---> Heatmap salvata in: _Plot\correlation_output_correlation_heatmap.png
2025-06-05 15:52:03,640 - INFO - ---> Matrice CSV salvata in: Data_DAG/correlation_matrix.csv
2025-06-05 15:52:03,640 - INFO - (----------------CORRELATION GRAPH------------------)
2025-06-05 15:52:03,849 - INFO - ---> Correlation graph saved at: _Plot\correlation_graph.png
2025-06-05 16:14:51,808 - INFO - Caricamento del dataset: Data_DAG/Nodi_DAG2.csv
2025-06-05 16:14:51,824 - INFO - Dataset caricato con successo. Righe: 275, Colonne: 4
2025-06-05 16:14:51,824 - INFO - (----------------CORRELATION HEATMAP------------------)
2025-06-05 16:14:51,854 - INFO - Matrice di correlazione:
+------+-------+-------+--------+-------+
|      |   TFR |   FRR |   SIZE |   PDI |
+======+=======+=======+========+=======+
| TFR  |  1.00 | -0.28 |  -0.01 | -0.29 |
+------+-------+-------+--------+-------+
| FRR  | -0.28 |  1.00 |  -0.04 |  0.26 |
+------+-------+-------+--------+-------+
| SIZE | -0.01 | -0.04 |   1.00 |  0.64 |
+------+-------+-------+--------+-------+
| PDI  | -0.29 |  0.26 |   0.64 |  1.00 |
+------+-------+-------+--------+-------+
2025-06-05 16:14:53,008 - INFO - ---> Heatmap salvata in: _Plot\correlation_output_correlation_heatmap.png
2025-06-05 16:14:53,008 - INFO - ---> Matrice CSV salvata in: Data_DAG/correlation_matrix.csv
2025-06-05 16:14:53,012 - ERROR - Errore durante il processo: module 'networkx' has no attribute 'write_gpickle'
2025-06-05 16:19:37,141 - INFO - Caricamento del dataset: Data_DAG/Nodi_DAG2.csv
2025-06-05 16:19:37,160 - INFO - Dataset caricato con successo. Righe: 275, Colonne: 4
2025-06-05 16:19:37,160 - INFO - (----------------CORRELATION HEATMAP------------------)
2025-06-05 16:19:37,173 - INFO - Matrice di correlazione:
+------+-------+-------+--------+-------+
|      |   TFR |   FRR |   SIZE |   PDI |
+======+=======+=======+========+=======+
| TFR  |  1.00 | -0.28 |  -0.01 | -0.29 |
+------+-------+-------+--------+-------+
| FRR  | -0.28 |  1.00 |  -0.04 |  0.26 |
+------+-------+-------+--------+-------+
| SIZE | -0.01 | -0.04 |   1.00 |  0.64 |
+------+-------+-------+--------+-------+
| PDI  | -0.29 |  0.26 |   0.64 |  1.00 |
+------+-------+-------+--------+-------+
2025-06-05 16:19:37,703 - INFO - ---> Heatmap salvata in: _Plot\correlation_output_correlation_heatmap.png
2025-06-05 16:19:37,703 - INFO - ---> Matrice CSV salvata in: Data_DAG/correlation_matrix.csv
2025-06-05 16:19:37,704 - ERROR - Errore durante il processo: module 'networkx' has no attribute 'write_gpickle'
2025-06-05 16:21:37,722 - INFO - Caricamento del dataset: Data_DAG/Nodi_DAG2.csv
2025-06-05 16:21:37,731 - INFO - Dataset caricato con successo. Righe: 275, Colonne: 4
2025-06-05 16:21:37,731 - INFO - (----------------CORRELATION HEATMAP------------------)
2025-06-05 16:21:37,731 - INFO - Matrice di correlazione:
+------+-------+-------+--------+-------+
|      |   TFR |   FRR |   SIZE |   PDI |
+======+=======+=======+========+=======+
| TFR  |  1.00 | -0.28 |  -0.01 | -0.29 |
+------+-------+-------+--------+-------+
| FRR  | -0.28 |  1.00 |  -0.04 |  0.26 |
+------+-------+-------+--------+-------+
| SIZE | -0.01 | -0.04 |   1.00 |  0.64 |
+------+-------+-------+--------+-------+
| PDI  | -0.29 |  0.26 |   0.64 |  1.00 |
+------+-------+-------+--------+-------+
2025-06-05 16:21:38,028 - INFO - ---> Heatmap salvata in: _Plot\correlation_output_correlation_heatmap.png
2025-06-05 16:21:38,028 - INFO - ---> Matrice CSV salvata in: Data_DAG/correlation_matrix.csv
2025-06-05 16:21:38,031 - ERROR - Errore durante il processo: module 'networkx' has no attribute 'write_gpickle'
2025-06-05 16:23:57,029 - INFO - Caricamento del dataset: Data_DAG/Nodi_DAG2.csv
2025-06-05 16:23:57,029 - INFO - Dataset caricato con successo. Righe: 275, Colonne: 4
2025-06-05 16:23:57,029 - INFO - (----------------CORRELATION HEATMAP------------------)
2025-06-05 16:23:57,044 - INFO - Matrice di correlazione:
+------+-------+-------+--------+-------+
|      |   TFR |   FRR |   SIZE |   PDI |
+======+=======+=======+========+=======+
| TFR  |  1.00 | -0.28 |  -0.01 | -0.29 |
+------+-------+-------+--------+-------+
| FRR  | -0.28 |  1.00 |  -0.04 |  0.26 |
+------+-------+-------+--------+-------+
| SIZE | -0.01 | -0.04 |   1.00 |  0.64 |
+------+-------+-------+--------+-------+
| PDI  | -0.29 |  0.26 |   0.64 |  1.00 |
+------+-------+-------+--------+-------+
2025-06-05 16:23:57,351 - INFO - ---> Heatmap salvata in: _Plot\correlation_output_correlation_heatmap.png
2025-06-05 16:23:57,351 - INFO - ---> Matrice CSV salvata in: Data_DAG/correlation_matrix.csv
2025-06-05 16:23:57,351 - ERROR - Errore durante il processo: module 'networkx' has no attribute 'write_gpickle'
2025-06-05 16:26:33,950 - INFO - Caricamento del dataset: Data_DAG/Nodi_DAG2.csv
2025-06-05 16:26:33,956 - INFO - Dataset caricato con successo. Righe: 275, Colonne: 4
2025-06-05 16:26:33,956 - INFO - (----------------CORRELATION HEATMAP------------------)
2025-06-05 16:26:33,968 - INFO - Matrice di correlazione:
+------+-------+-------+--------+-------+
|      |   TFR |   FRR |   SIZE |   PDI |
+======+=======+=======+========+=======+
| TFR  |  1.00 | -0.28 |  -0.01 | -0.29 |
+------+-------+-------+--------+-------+
| FRR  | -0.28 |  1.00 |  -0.04 |  0.26 |
+------+-------+-------+--------+-------+
| SIZE | -0.01 | -0.04 |   1.00 |  0.64 |
+------+-------+-------+--------+-------+
| PDI  | -0.29 |  0.26 |   0.64 |  1.00 |
+------+-------+-------+--------+-------+
2025-06-05 16:26:34,368 - INFO - ---> Heatmap salvata in: _Plot\correlation_output_correlation_heatmap.png
2025-06-05 16:26:34,368 - INFO - ---> Matrice CSV salvata in: Data_DAG/correlation_matrix.csv
2025-06-05 16:26:34,457 - ERROR - Errore durante il processo: Unable to determine Axes to steal space for Colorbar. Either provide the *cax* argument to use as the Axes for the Colorbar, provide the *ax* argument to steal space from it, or add *mappable* to an Axes.
2025-06-05 16:27:52,326 - INFO - Caricamento del dataset: Data_DAG/Nodi_DAG2.csv
2025-06-05 16:27:52,331 - INFO - Dataset caricato con successo. Righe: 275, Colonne: 4
2025-06-05 16:27:52,331 - INFO - (----------------CORRELATION HEATMAP------------------)
2025-06-05 16:27:52,335 - INFO - Matrice di correlazione:
+------+-------+-------+--------+-------+
|      |   TFR |   FRR |   SIZE |   PDI |
+======+=======+=======+========+=======+
| TFR  |  1.00 | -0.28 |  -0.01 | -0.29 |
+------+-------+-------+--------+-------+
| FRR  | -0.28 |  1.00 |  -0.04 |  0.26 |
+------+-------+-------+--------+-------+
| SIZE | -0.01 | -0.04 |   1.00 |  0.64 |
+------+-------+-------+--------+-------+
| PDI  | -0.29 |  0.26 |   0.64 |  1.00 |
+------+-------+-------+--------+-------+
2025-06-05 16:27:52,638 - INFO - ---> Heatmap salvata in: _Plot\correlation_output_correlation_heatmap.png
2025-06-05 16:27:52,639 - INFO - ---> Matrice CSV salvata in: Data_DAG/correlation_matrix.csv
2025-06-05 16:27:52,734 - ERROR - Errore durante il processo: Unable to determine Axes to steal space for Colorbar. Either provide the *cax* argument to use as the Axes for the Colorbar, provide the *ax* argument to steal space from it, or add *mappable* to an Axes.
2025-06-05 16:29:00,897 - INFO - Caricamento del dataset: Data_DAG/Nodi_DAG2.csv
2025-06-05 16:29:00,902 - INFO - Dataset caricato con successo. Righe: 275, Colonne: 4
2025-06-05 16:29:00,902 - INFO - (----------------CORRELATION HEATMAP------------------)
2025-06-05 16:29:00,909 - INFO - Matrice di correlazione:
+------+-------+-------+--------+-------+
|      |   TFR |   FRR |   SIZE |   PDI |
+======+=======+=======+========+=======+
| TFR  |  1.00 | -0.28 |  -0.01 | -0.29 |
+------+-------+-------+--------+-------+
| FRR  | -0.28 |  1.00 |  -0.04 |  0.26 |
+------+-------+-------+--------+-------+
| SIZE | -0.01 | -0.04 |   1.00 |  0.64 |
+------+-------+-------+--------+-------+
| PDI  | -0.29 |  0.26 |   0.64 |  1.00 |
+------+-------+-------+--------+-------+
2025-06-05 16:29:01,199 - INFO - ---> Heatmap salvata in: _Plot\correlation_output_correlation_heatmap.png
2025-06-05 16:29:01,199 - INFO - ---> Matrice CSV salvata in: Data_DAG/correlation_matrix.csv
2025-06-05 16:29:01,437 - INFO - ---> Grafo salvato come immagine in: _Plot/correlation_graph.png
2025-06-05 16:29:01,437 - INFO - ---> Grafo salvato come pickle in: _Plot/correlation_graph.pkl
2025-06-05 16:35:12,923 - INFO - Caricamento del dataset: Data_DAG/Nodi_DAG2.csv
2025-06-05 16:35:12,942 - INFO - Dataset caricato con successo. Righe: 275, Colonne: 4
2025-06-05 16:35:12,942 - INFO - (----------------CORRELATION HEATMAP------------------)
2025-06-05 16:35:12,950 - INFO - Matrice di correlazione:
+------+-------+-------+--------+-------+
|      |   TFR |   FRR |   SIZE |   PDI |
+======+=======+=======+========+=======+
| TFR  |  1.00 | -0.28 |  -0.01 | -0.29 |
+------+-------+-------+--------+-------+
| FRR  | -0.28 |  1.00 |  -0.04 |  0.26 |
+------+-------+-------+--------+-------+
| SIZE | -0.01 | -0.04 |   1.00 |  0.64 |
+------+-------+-------+--------+-------+
| PDI  | -0.29 |  0.26 |   0.64 |  1.00 |
+------+-------+-------+--------+-------+
2025-06-05 16:35:13,450 - INFO - ---> Heatmap salvata in: _Plot\correlation_output_correlation_heatmap.png
2025-06-05 16:35:13,450 - INFO - ---> Matrice CSV salvata in: Data_DAG/correlation_matrix.csv
2025-06-05 16:35:13,710 - INFO - ---> Grafo salvato come immagine in: _Plot/correlation_graph.png
2025-06-05 16:35:13,714 - INFO - ---> Grafo salvato come pickle in: _Plot/correlation_graph.pkl
2025-06-05 16:37:45,161 - INFO - Caricamento del dataset: Data_DAG/Nodi_DAG2.csv
2025-06-05 16:37:45,171 - INFO - Dataset caricato con successo. Righe: 275, Colonne: 4
2025-06-05 16:37:45,171 - INFO - (----------------CORRELATION HEATMAP------------------)
2025-06-05 16:37:45,181 - INFO - Matrice di correlazione:
+------+-------+-------+--------+-------+
|      |   TFR |   FRR |   SIZE |   PDI |
+======+=======+=======+========+=======+
| TFR  |  1.00 | -0.28 |  -0.01 | -0.29 |
+------+-------+-------+--------+-------+
| FRR  | -0.28 |  1.00 |  -0.04 |  0.26 |
+------+-------+-------+--------+-------+
| SIZE | -0.01 | -0.04 |   1.00 |  0.64 |
+------+-------+-------+--------+-------+
| PDI  | -0.29 |  0.26 |   0.64 |  1.00 |
+------+-------+-------+--------+-------+
2025-06-05 16:37:45,667 - INFO - ---> Heatmap salvata in: _Plot\correlation_output_correlation_heatmap.png
2025-06-05 16:37:45,669 - INFO - ---> Matrice CSV salvata in: Data_DAG/correlation_matrix.csv
2025-06-05 16:37:45,865 - INFO - ---> Grafo salvato come immagine in: _Plot/correlation_graph.png
2025-06-05 16:37:45,865 - INFO - ---> Grafo salvato come pickle in: _Plot/correlation_graph.pkl
2025-06-05 16:40:30,496 - INFO - Caricamento del dataset: Data_DAG/Nodi_DAG2.csv
2025-06-05 16:40:30,515 - INFO - Dataset caricato con successo. Righe: 275, Colonne: 4
2025-06-05 16:40:30,515 - INFO - (----------------CORRELATION HEATMAP------------------)
2025-06-05 16:40:30,524 - INFO - Matrice di correlazione:
+------+-------+-------+--------+-------+
|      |   TFR |   FRR |   SIZE |   PDI |
+======+=======+=======+========+=======+
| TFR  |  1.00 | -0.28 |  -0.01 | -0.29 |
+------+-------+-------+--------+-------+
| FRR  | -0.28 |  1.00 |  -0.04 |  0.26 |
+------+-------+-------+--------+-------+
| SIZE | -0.01 | -0.04 |   1.00 |  0.64 |
+------+-------+-------+--------+-------+
| PDI  | -0.29 |  0.26 |   0.64 |  1.00 |
+------+-------+-------+--------+-------+
2025-06-05 16:40:30,953 - INFO - ---> Heatmap salvata in: _Plot\correlation_output_correlation_heatmap.png
2025-06-05 16:40:30,954 - INFO - ---> Matrice CSV salvata in: Data_DAG/correlation_matrix.csv
2025-06-05 16:40:31,160 - INFO - ---> Grafo salvato come immagine in: _Plot/correlation_graph.png
2025-06-05 16:40:31,160 - INFO - ---> Grafo salvato come pickle in: _Plot/correlation_graph.pkl
2025-06-05 16:41:07,489 - INFO - Caricamento del dataset: Data_DAG/Nodi_DAG2.csv
2025-06-05 16:41:07,489 - INFO - Dataset caricato con successo. Righe: 275, Colonne: 4
2025-06-05 16:41:07,489 - INFO - (----------------CORRELATION HEATMAP------------------)
2025-06-05 16:41:07,498 - INFO - Matrice di correlazione:
+------+-------+-------+--------+-------+
|      |   TFR |   FRR |   SIZE |   PDI |
+======+=======+=======+========+=======+
| TFR  |  1.00 | -0.28 |  -0.01 | -0.29 |
+------+-------+-------+--------+-------+
| FRR  | -0.28 |  1.00 |  -0.04 |  0.26 |
+------+-------+-------+--------+-------+
| SIZE | -0.01 | -0.04 |   1.00 |  0.64 |
+------+-------+-------+--------+-------+
| PDI  | -0.29 |  0.26 |   0.64 |  1.00 |
+------+-------+-------+--------+-------+
2025-06-05 16:41:07,851 - INFO - ---> Heatmap salvata in: _Plot\correlation_output_correlation_heatmap.png
2025-06-05 16:41:07,851 - INFO - ---> Matrice CSV salvata in: Data_DAG/correlation_matrix.csv
2025-06-05 16:41:08,081 - INFO - ---> Grafo salvato come immagine in: _Plot/correlation_graph.png
2025-06-05 16:41:08,081 - INFO - ---> Grafo salvato come pickle in: _Plot/correlation_graph.pkl
2025-06-06 09:10:53,205 - INFO - Loading the dataset: Data_DAG/Nodi_DAG2.csv
2025-06-06 09:10:53,208 - INFO - Dataset loaded successfully. Rows: 275, Columns: 4
2025-06-06 09:10:53,209 - INFO - (----------------CORRELATION HEATMAP------------------)
2025-06-06 09:10:53,229 - INFO - Correlation Matrix:
+------+-------+-------+--------+-------+
|      |   TFR |   FRR |   SIZE |   PDI |
+======+=======+=======+========+=======+
| TFR  |  1.00 | -0.28 |  -0.01 | -0.29 |
+------+-------+-------+--------+-------+
| FRR  | -0.28 |  1.00 |  -0.04 |  0.26 |
+------+-------+-------+--------+-------+
| SIZE | -0.01 | -0.04 |   1.00 |  0.64 |
+------+-------+-------+--------+-------+
| PDI  | -0.29 |  0.26 |   0.64 |  1.00 |
+------+-------+-------+--------+-------+
2025-06-06 09:10:53,570 - INFO - ---> Heatmap saved to: _Plot\correlation_output_correlation_heatmap.png
2025-06-06 09:10:53,570 - INFO - ---> Matrix CSV saved to: Data_DAG/correlation_matrix.csv
2025-06-06 09:10:53,812 - INFO - ---> Graph saved as image to: _Plot/correlation_graph.png
2025-06-06 09:10:53,812 - INFO - ---> Graph saved as pickle to: _Plot/correlation_graph.pkl
2025-06-06 09:14:51,617 - INFO - Loading the dataset: Data_DAG/Nodi_DAG2.csv
2025-06-06 09:14:51,617 - INFO - Dataset loaded successfully. Rows: 275, Columns: 4
2025-06-06 09:14:51,617 - INFO - (----------------CORRELATION HEATMAP------------------)
2025-06-06 09:14:51,622 - INFO - Correlation Matrix:
+------+-------+-------+--------+-------+
|      |   TFR |   FRR |   SIZE |   PDI |
+======+=======+=======+========+=======+
| TFR  |  1.00 | -0.28 |  -0.01 | -0.29 |
+------+-------+-------+--------+-------+
| FRR  | -0.28 |  1.00 |  -0.04 |  0.26 |
+------+-------+-------+--------+-------+
| SIZE | -0.01 | -0.04 |   1.00 |  0.64 |
+------+-------+-------+--------+-------+
| PDI  | -0.29 |  0.26 |   0.64 |  1.00 |
+------+-------+-------+--------+-------+
2025-06-06 09:14:51,954 - INFO - ---> Heatmap saved to: _Plot\correlation_output_correlation_heatmap.png
2025-06-06 09:14:51,954 - INFO - ---> Matrix CSV saved to: Data_DAG/correlation_matrix.csv
2025-06-06 09:14:52,142 - INFO - ---> Graph saved as image to: _Plot/correlation_graph.png
2025-06-06 09:14:52,142 - INFO - ---> Graph saved as pickle to: _Plot/correlation_graph.pkl
