INFO:root:

 INIZIO



INFO:root:Dataset originale:
      FRR   TFR     SIZE    PDI
0     3.0  0.25  117.567  0.327
1     3.0  1.00  124.403  0.403
2    50.0  0.25  169.247  0.531
3     3.0  1.00   73.088  0.238
4    50.0  1.00  141.591  0.597
..    ...   ...      ...    ...
270   3.0  1.75   81.000  0.112
271  10.0  1.00   79.000  0.109
272   7.0  2.00   98.000  0.152
273   4.7  1.40  118.000  0.205
274   3.0  1.00  160.000  0.239

[275 rows x 4 columns]

INFO:root:Dataset dopo eliminazione righe con NaN:
      FRR   TFR     SIZE    PDI
0     3.0  0.25  117.567  0.327
1     3.0  1.00  124.403  0.403
2    50.0  0.25  169.247  0.531
3     3.0  1.00   73.088  0.238
4    50.0  1.00  141.591  0.597
..    ...   ...      ...    ...
270   3.0  1.75   81.000  0.112
271  10.0  1.00   79.000  0.109
272   7.0  2.00   98.000  0.152
273   4.7  1.40  118.000  0.205
274   3.0  1.00  160.000  0.239

[270 rows x 4 columns]

INFO:FRR:Numero di bin per 'FRR': 3
INFO:FRR:Conteggio degli elementi in ciascun bin di 'FRR_CAT':
INFO:FRR:FRR_CAT
0    231
2     27
1     12
Name: count, dtype: int64
INFO:FRR:Bin 0: da 1.0000 a 17.3333
INFO:FRR:Bin 1: da 17.3333 a 33.6667
INFO:FRR:Bin 2: da 33.6667 a 50.0000
INFO:TFR:
Numero di bin per 'TFR': 5

INFO:TFR:
Conteggio degli elementi in ciascun bin di 'TFR_CAT':

INFO:TFR:TFR_CAT
0     50
1     48
3     26
2    108
4     38
Name: count, dtype: int64

INFO:TFR:
Intervalli dei bin TFR:

INFO:TFR:Bin 0: da 0.2500 a 0.7000

INFO:TFR:Bin 1: da 0.7000 a 1.1500

INFO:TFR:Bin 2: da 1.1500 a 1.6000

INFO:TFR:Bin 3: da 1.6000 a 2.0500

INFO:TFR:Bin 4: da 2.0500 a 2.5000

INFO:PDI:Numero di bin per 'PDI_CAT': 4
INFO:PDI:Conteggio degli elementi in ciascun bin di 'PDI_CAT':
INFO:PDI:PDI_CAT
2    71
3    56
1    58
0    85
Name: count, dtype: int64
INFO:PDI:Bin 0: 0.0270 - 0.1351
INFO:PDI:Bin 1: 0.1351 - 0.2432
INFO:PDI:Bin 2: 0.2432 - 0.3513
INFO:PDI:Bin 3: 0.3513 - 0.4594
INFO:SIZE:Numero di bin per 'SIZE': 4
INFO:SIZE:Conteggio degli elementi in ciascun bin di 'SIZE_CAT':
INFO:SIZE:SIZE_CAT
1     80
2     50
0    104
3     36
Name: count, dtype: int64
INFO:SIZE:Bin 0: da 0.0000 a 100.0000
INFO:SIZE:Bin 1: da 100.0000 a 150.0000
INFO:SIZE:Bin 2: da 150.0000 a 200.0000
INFO:SIZE:Bin 3: da 200.0000 a 8974.7340
INFO:root:Dataset con variabili categorizzate:
     FRR_CAT  TFR_CAT  PDI_CAT  SIZE_CAT
0          0        0        2         1
1          0        1        3         1
2          2        0        3         2
3          0        1        1         0
4          2        1        3         1
..       ...      ...      ...       ...
270        0        3        0         0
271        0        1        0         0
272        0        3        1         0
273        0        2        1         1
274        0        1        1         2

[270 rows x 4 columns]

INFO:root:
Matrice P(FRR_CAT, PDI_CAT)
INFO:root:+-------------------+--------+--------+--------+--------+--------------+
| FRR_CAT / PDI_CAT |   0    |   1    |   2    |   3    | P(FRR_CAT=i) |
+-------------------+--------+--------+--------+--------+--------------+
|         0         | 0.3074 |  0.2   | 0.2185 | 0.1296 |    0.8555    |
|         1         |  0.0   | 0.0037 | 0.0222 | 0.0185 |    0.0444    |
|         2         | 0.0074 | 0.0111 | 0.0222 | 0.0593 |    0.1000    |
|   P(PDI_CAT=j)    | 0.3148 | 0.2148 | 0.2629 | 0.2074 |    0.9999    |
+-------------------+--------+--------+--------+--------+--------------+
INFO:root:
Matrice P(TFR_CAT, PDI_CAT)
INFO:root:+-------------------+--------+--------+--------+--------+--------------+
| TFR_CAT / PDI_CAT |   0    |   1    |   2    |   3    | P(TFR_CAT=i) |
+-------------------+--------+--------+--------+--------+--------------+
|         0         | 0.0333 | 0.0259 | 0.063  | 0.063  |    0.1852    |
|         1         | 0.0407 | 0.0296 | 0.0259 | 0.0815 |    0.1777    |
|         2         | 0.1519 | 0.0889 | 0.1148 | 0.0444 |    0.4000    |
|         3         | 0.0259 | 0.0259 | 0.0259 | 0.0185 |    0.0962    |
|         4         | 0.063  | 0.0444 | 0.0333 |  0.0   |    0.1407    |
|   P(PDI_CAT=j)    | 0.3148 | 0.2147 | 0.2629 | 0.2074 |    0.9998    |
+-------------------+--------+--------+--------+--------+--------------+
INFO:root:
Matrice P(FRR_CAT, TFR_CAT)
INFO:root:+-------------------+--------+--------+--------+--------+--------+--------------+
| FRR_CAT / TFR_CAT |   0    |   1    |   2    |   3    |   4    | P(FRR_CAT=i) |
+-------------------+--------+--------+--------+--------+--------+--------------+
|         0         | 0.1407 | 0.1111 | 0.3889 | 0.0741 | 0.1407 |    0.8555    |
|         1         |  0.0   | 0.0222 |  0.0   | 0.0222 |  0.0   |    0.0444    |
|         2         | 0.0444 | 0.0444 | 0.0111 |  0.0   |  0.0   |    0.0999    |
|   P(TFR_CAT=j)    | 0.1851 | 0.1777 | 0.4000 | 0.0963 | 0.1407 |    0.9998    |
+-------------------+--------+--------+--------+--------+--------+--------------+
INFO:root:
Matrice P(PDI_CAT, SIZE_CAT)
INFO:root:+--------------------+--------+--------+--------+--------+--------------+
| PDI_CAT / SIZE_CAT |   0    |   1    |   2    |   3    | P(PDI_CAT=i) |
+--------------------+--------+--------+--------+--------+--------------+
|         0          | 0.0593 | 0.1444 | 0.1111 |  0.0   |    0.3148    |
|         1          | 0.1407 | 0.0296 | 0.0444 |  0.0   |    0.2147    |
|         2          | 0.163  | 0.0593 | 0.0111 | 0.0296 |    0.2630    |
|         3          | 0.0222 | 0.063  | 0.0185 | 0.1037 |    0.2074    |
|   P(SIZE_CAT=j)    | 0.3852 | 0.2963 | 0.1851 | 0.1333 |    0.9999    |
+--------------------+--------+--------+--------+--------+--------------+
INFO:root:
P(FRR_CAT, PDI_CAT, TFR_CAT):
INFO:root:+-----------------------------+----------------------+
| (FRR_CAT, PDI_CAT, TFR_CAT) |     Probabilità      |
+-----------------------------+----------------------+
|          (0, 2, 0)          | 0.05185185185185185  |
|          (0, 2, 1)          | 0.011111111111111112 |
|          (0, 2, 3)          | 0.011111111111111112 |
|          (0, 2, 2)          |  0.1111111111111111  |
|          (0, 2, 4)          | 0.03333333333333333  |
|          (0, 3, 0)          | 0.037037037037037035 |
|          (0, 3, 1)          | 0.044444444444444446 |
|          (0, 3, 3)          | 0.011111111111111112 |
|          (0, 3, 2)          | 0.037037037037037035 |
|          (0, 3, 4)          |         0.0          |
|          (0, 1, 0)          | 0.018518518518518517 |
|          (0, 1, 1)          | 0.022222222222222223 |
|          (0, 1, 3)          | 0.025925925925925925 |
|          (0, 1, 2)          | 0.08888888888888889  |
|          (0, 1, 4)          | 0.044444444444444446 |
|          (0, 0, 0)          | 0.03333333333333333  |
|          (0, 0, 1)          | 0.03333333333333333  |
|          (0, 0, 3)          | 0.025925925925925925 |
|          (0, 0, 2)          | 0.15185185185185185  |
|          (0, 0, 4)          | 0.06296296296296296  |
|          (2, 2, 0)          | 0.011111111111111112 |
|          (2, 2, 1)          | 0.007407407407407408 |
|          (2, 2, 3)          |         0.0          |
|          (2, 2, 2)          | 0.003703703703703704 |
|          (2, 2, 4)          |         0.0          |
|          (2, 3, 0)          | 0.025925925925925925 |
|          (2, 3, 1)          | 0.025925925925925925 |
|          (2, 3, 3)          |         0.0          |
|          (2, 3, 2)          | 0.007407407407407408 |
|          (2, 3, 4)          |         0.0          |
|          (2, 1, 0)          | 0.007407407407407408 |
|          (2, 1, 1)          | 0.003703703703703704 |
|          (2, 1, 3)          |         0.0          |
|          (2, 1, 2)          |         0.0          |
|          (2, 1, 4)          |         0.0          |
|          (2, 0, 0)          |         0.0          |
|          (2, 0, 1)          | 0.007407407407407408 |
|          (2, 0, 3)          |         0.0          |
|          (2, 0, 2)          |         0.0          |
|          (2, 0, 4)          |         0.0          |
|          (1, 2, 0)          |         0.0          |
|          (1, 2, 1)          | 0.007407407407407408 |
|          (1, 2, 3)          | 0.014814814814814815 |
|          (1, 2, 2)          |         0.0          |
|          (1, 2, 4)          |         0.0          |
|          (1, 3, 0)          |         0.0          |
|          (1, 3, 1)          | 0.011111111111111112 |
|          (1, 3, 3)          | 0.007407407407407408 |
|          (1, 3, 2)          |         0.0          |
|          (1, 3, 4)          |         0.0          |
|          (1, 1, 0)          |         0.0          |
|          (1, 1, 1)          | 0.003703703703703704 |
|          (1, 1, 3)          |         0.0          |
|          (1, 1, 2)          |         0.0          |
|          (1, 1, 4)          |         0.0          |
|          (1, 0, 0)          |         0.0          |
|          (1, 0, 1)          |         0.0          |
|          (1, 0, 3)          |         0.0          |
|          (1, 0, 2)          |         0.0          |
|          (1, 0, 4)          |         0.0          |
+-----------------------------+----------------------+
INFO:root:

 INIZIO



INFO:root:Dataset originale:
      FRR   TFR     SIZE    PDI
0     3.0  0.25  117.567  0.327
1     3.0  1.00  124.403  0.403
2    50.0  0.25  169.247  0.531
3     3.0  1.00   73.088  0.238
4    50.0  1.00  141.591  0.597
..    ...   ...      ...    ...
270   3.0  1.75   81.000  0.112
271  10.0  1.00   79.000  0.109
272   7.0  2.00   98.000  0.152
273   4.7  1.40  118.000  0.205
274   3.0  1.00  160.000  0.239

[275 rows x 4 columns]

INFO:root:Dataset dopo eliminazione righe con NaN:
      FRR   TFR     SIZE    PDI
0     3.0  0.25  117.567  0.327
1     3.0  1.00  124.403  0.403
2    50.0  0.25  169.247  0.531
3     3.0  1.00   73.088  0.238
4    50.0  1.00  141.591  0.597
..    ...   ...      ...    ...
270   3.0  1.75   81.000  0.112
271  10.0  1.00   79.000  0.109
272   7.0  2.00   98.000  0.152
273   4.7  1.40  118.000  0.205
274   3.0  1.00  160.000  0.239

[270 rows x 4 columns]

INFO:FRR:Numero di bin per 'FRR': 3
INFO:FRR:Conteggio degli elementi in ciascun bin di 'FRR_CAT':
INFO:FRR:FRR_CAT
0    231
2     27
1     12
Name: count, dtype: int64
INFO:FRR:Bin 0: da 1.0000 a 17.3333
INFO:FRR:Bin 1: da 17.3333 a 33.6667
INFO:FRR:Bin 2: da 33.6667 a 50.0000
INFO:TFR:
Numero di bin per 'TFR': 5

INFO:TFR:
Conteggio degli elementi in ciascun bin di 'TFR_CAT':

INFO:TFR:TFR_CAT
0     50
1     48
3     26
2    108
4     38
Name: count, dtype: int64

INFO:TFR:
Intervalli dei bin TFR:

INFO:TFR:Bin 0: da 0.2500 a 0.7000

INFO:TFR:Bin 1: da 0.7000 a 1.1500

INFO:TFR:Bin 2: da 1.1500 a 1.6000

INFO:TFR:Bin 3: da 1.6000 a 2.0500

INFO:TFR:Bin 4: da 2.0500 a 2.5000

INFO:PDI:Numero di bin per 'PDI_CAT': 4
INFO:PDI:Conteggio degli elementi in ciascun bin di 'PDI_CAT':
INFO:PDI:PDI_CAT
2    71
3    56
1    58
0    85
Name: count, dtype: int64
INFO:PDI:Bin 0: 0.0270 - 0.1351
INFO:PDI:Bin 1: 0.1351 - 0.2432
INFO:PDI:Bin 2: 0.2432 - 0.3513
INFO:PDI:Bin 3: 0.3513 - 0.4594
INFO:SIZE:Numero di bin per 'SIZE': 4
INFO:SIZE:Conteggio degli elementi in ciascun bin di 'SIZE_CAT':
INFO:SIZE:SIZE_CAT
1     80
2     50
0    104
3     36
Name: count, dtype: int64
INFO:SIZE:Bin 0: da 0.0000 a 100.0000
INFO:SIZE:Bin 1: da 100.0000 a 150.0000
INFO:SIZE:Bin 2: da 150.0000 a 200.0000
INFO:SIZE:Bin 3: da 200.0000 a 8974.7340
INFO:root:Dataset con variabili categorizzate:
     FRR_CAT  TFR_CAT  PDI_CAT  SIZE_CAT
0          0        0        2         1
1          0        1        3         1
2          2        0        3         2
3          0        1        1         0
4          2        1        3         1
..       ...      ...      ...       ...
270        0        3        0         0
271        0        1        0         0
272        0        3        1         0
273        0        2        1         1
274        0        1        1         2

[270 rows x 4 columns]

INFO:root:
Matrice P(FRR_CAT, PDI_CAT)
INFO:root:+-------------------+--------+--------+--------+--------+--------------+
| FRR_CAT / PDI_CAT |   0    |   1    |   2    |   3    | P(FRR_CAT=i) |
+-------------------+--------+--------+--------+--------+--------------+
|         0         | 0.3074 |  0.2   | 0.2185 | 0.1296 |    0.8555    |
|         1         |  0.0   | 0.0037 | 0.0222 | 0.0185 |    0.0444    |
|         2         | 0.0074 | 0.0111 | 0.0222 | 0.0593 |    0.1000    |
|   P(PDI_CAT=j)    | 0.3148 | 0.2148 | 0.2629 | 0.2074 |    0.9999    |
+-------------------+--------+--------+--------+--------+--------------+
INFO:root:
Matrice P(TFR_CAT, PDI_CAT)
INFO:root:+-------------------+--------+--------+--------+--------+--------------+
| TFR_CAT / PDI_CAT |   0    |   1    |   2    |   3    | P(TFR_CAT=i) |
+-------------------+--------+--------+--------+--------+--------------+
|         0         | 0.0333 | 0.0259 | 0.063  | 0.063  |    0.1852    |
|         1         | 0.0407 | 0.0296 | 0.0259 | 0.0815 |    0.1777    |
|         2         | 0.1519 | 0.0889 | 0.1148 | 0.0444 |    0.4000    |
|         3         | 0.0259 | 0.0259 | 0.0259 | 0.0185 |    0.0962    |
|         4         | 0.063  | 0.0444 | 0.0333 |  0.0   |    0.1407    |
|   P(PDI_CAT=j)    | 0.3148 | 0.2147 | 0.2629 | 0.2074 |    0.9998    |
+-------------------+--------+--------+--------+--------+--------------+
INFO:root:
Matrice P(FRR_CAT, TFR_CAT)
INFO:root:+-------------------+--------+--------+--------+--------+--------+--------------+
| FRR_CAT / TFR_CAT |   0    |   1    |   2    |   3    |   4    | P(FRR_CAT=i) |
+-------------------+--------+--------+--------+--------+--------+--------------+
|         0         | 0.1407 | 0.1111 | 0.3889 | 0.0741 | 0.1407 |    0.8555    |
|         1         |  0.0   | 0.0222 |  0.0   | 0.0222 |  0.0   |    0.0444    |
|         2         | 0.0444 | 0.0444 | 0.0111 |  0.0   |  0.0   |    0.0999    |
|   P(TFR_CAT=j)    | 0.1851 | 0.1777 | 0.4000 | 0.0963 | 0.1407 |    0.9998    |
+-------------------+--------+--------+--------+--------+--------+--------------+
INFO:root:
Matrice P(PDI_CAT, SIZE_CAT)
INFO:root:+--------------------+--------+--------+--------+--------+--------------+
| PDI_CAT / SIZE_CAT |   0    |   1    |   2    |   3    | P(PDI_CAT=i) |
+--------------------+--------+--------+--------+--------+--------------+
|         0          | 0.0593 | 0.1444 | 0.1111 |  0.0   |    0.3148    |
|         1          | 0.1407 | 0.0296 | 0.0444 |  0.0   |    0.2147    |
|         2          | 0.163  | 0.0593 | 0.0111 | 0.0296 |    0.2630    |
|         3          | 0.0222 | 0.063  | 0.0185 | 0.1037 |    0.2074    |
|   P(SIZE_CAT=j)    | 0.3852 | 0.2963 | 0.1851 | 0.1333 |    0.9999    |
+--------------------+--------+--------+--------+--------+--------------+
INFO:root:
P(FRR_CAT, PDI_CAT, TFR_CAT, SIZE_CAT):
INFO:root:+---------------------------------------+----------------------+
| (FRR_CAT, PDI_CAT, TFR_CAT, SIZE_CAT) |     Probabilità      |
+---------------------------------------+----------------------+
|             (0, 2, 0, 1)              | 0.040740740740740744 |
|             (0, 2, 0, 2)              | 0.003703703703703704 |
|             (0, 2, 0, 0)              |         0.0          |
|             (0, 2, 0, 3)              | 0.007407407407407408 |
|             (0, 2, 1, 1)              | 0.003703703703703704 |
|             (0, 2, 1, 2)              | 0.003703703703703704 |
|             (0, 2, 1, 0)              | 0.003703703703703704 |
|             (0, 2, 1, 3)              |         0.0          |
|             (0, 2, 3, 1)              |         0.0          |
|             (0, 2, 3, 2)              |         0.0          |
|             (0, 2, 3, 0)              | 0.011111111111111112 |
|             (0, 2, 3, 3)              |         0.0          |
|             (0, 2, 2, 1)              |         0.0          |
|             (0, 2, 2, 2)              | 0.003703703703703704 |
|             (0, 2, 2, 0)              |  0.0962962962962963  |
|             (0, 2, 2, 3)              | 0.011111111111111112 |
|             (0, 2, 4, 1)              |         0.0          |
|             (0, 2, 4, 2)              |         0.0          |
|             (0, 2, 4, 0)              | 0.022222222222222223 |
|             (0, 2, 4, 3)              | 0.011111111111111112 |
|             (0, 3, 0, 1)              | 0.007407407407407408 |
|             (0, 3, 0, 2)              |         0.0          |
|             (0, 3, 0, 0)              |         0.0          |
|             (0, 3, 0, 3)              | 0.02962962962962963  |
|             (0, 3, 1, 1)              | 0.011111111111111112 |
|             (0, 3, 1, 2)              | 0.003703703703703704 |
|             (0, 3, 1, 0)              |         0.0          |
|             (0, 3, 1, 3)              | 0.02962962962962963  |
|             (0, 3, 3, 1)              |         0.0          |
|             (0, 3, 3, 2)              |         0.0          |
|             (0, 3, 3, 0)              |         0.0          |
|             (0, 3, 3, 3)              | 0.011111111111111112 |
|             (0, 3, 2, 1)              | 0.014814814814814815 |
|             (0, 3, 2, 2)              | 0.007407407407407408 |
|             (0, 3, 2, 0)              | 0.003703703703703704 |
|             (0, 3, 2, 3)              | 0.011111111111111112 |
|             (0, 3, 4, 1)              |         0.0          |
|             (0, 3, 4, 2)              |         0.0          |
|             (0, 3, 4, 0)              |         0.0          |
|             (0, 3, 4, 3)              |         0.0          |
|             (0, 1, 0, 1)              | 0.003703703703703704 |
|             (0, 1, 0, 2)              | 0.011111111111111112 |
|             (0, 1, 0, 0)              | 0.003703703703703704 |
|             (0, 1, 0, 3)              |         0.0          |
|             (0, 1, 1, 1)              |         0.0          |
|             (0, 1, 1, 2)              | 0.003703703703703704 |
|             (0, 1, 1, 0)              | 0.018518518518518517 |
|             (0, 1, 1, 3)              |         0.0          |
|             (0, 1, 3, 1)              |         0.0          |
|             (0, 1, 3, 2)              | 0.011111111111111112 |
|             (0, 1, 3, 0)              | 0.014814814814814815 |
|             (0, 1, 3, 3)              |         0.0          |
|             (0, 1, 2, 1)              | 0.007407407407407408 |
|             (0, 1, 2, 2)              | 0.018518518518518517 |
|             (0, 1, 2, 0)              | 0.06296296296296296  |
|             (0, 1, 2, 3)              |         0.0          |
|             (0, 1, 4, 1)              | 0.011111111111111112 |
|             (0, 1, 4, 2)              |         0.0          |
|             (0, 1, 4, 0)              | 0.03333333333333333  |
|             (0, 1, 4, 3)              |         0.0          |
|             (0, 0, 0, 1)              | 0.014814814814814815 |
|             (0, 0, 0, 2)              | 0.018518518518518517 |
|             (0, 0, 0, 0)              |         0.0          |
|             (0, 0, 0, 3)              |         0.0          |
|             (0, 0, 1, 1)              | 0.025925925925925925 |
|             (0, 0, 1, 2)              |         0.0          |
|             (0, 0, 1, 0)              | 0.007407407407407408 |
|             (0, 0, 1, 3)              |         0.0          |
|             (0, 0, 3, 1)              | 0.011111111111111112 |
|             (0, 0, 3, 2)              |         0.0          |
|             (0, 0, 3, 0)              | 0.014814814814814815 |
|             (0, 0, 3, 3)              |         0.0          |
|             (0, 0, 2, 1)              | 0.05185185185185185  |
|             (0, 0, 2, 2)              | 0.08148148148148149  |
|             (0, 0, 2, 0)              | 0.018518518518518517 |
|             (0, 0, 2, 3)              |         0.0          |
|             (0, 0, 4, 1)              | 0.040740740740740744 |
|             (0, 0, 4, 2)              | 0.011111111111111112 |
|             (0, 0, 4, 0)              | 0.011111111111111112 |
|             (0, 0, 4, 3)              |         0.0          |
|             (2, 2, 0, 1)              | 0.011111111111111112 |
|             (2, 2, 0, 2)              |         0.0          |
|             (2, 2, 0, 0)              |         0.0          |
|             (2, 2, 0, 3)              |         0.0          |
|             (2, 2, 1, 1)              | 0.003703703703703704 |
|             (2, 2, 1, 2)              |         0.0          |
|             (2, 2, 1, 0)              | 0.003703703703703704 |
|             (2, 2, 1, 3)              |         0.0          |
|             (2, 2, 3, 1)              |         0.0          |
|             (2, 2, 3, 2)              |         0.0          |
|             (2, 2, 3, 0)              |         0.0          |
|             (2, 2, 3, 3)              |         0.0          |
|             (2, 2, 2, 1)              |         0.0          |
|             (2, 2, 2, 2)              |         0.0          |
|             (2, 2, 2, 0)              | 0.003703703703703704 |
|             (2, 2, 2, 3)              |         0.0          |
|             (2, 2, 4, 1)              |         0.0          |
|             (2, 2, 4, 2)              |         0.0          |
|             (2, 2, 4, 0)              |         0.0          |
|             (2, 2, 4, 3)              |         0.0          |
|             (2, 3, 0, 1)              | 0.011111111111111112 |
|             (2, 3, 0, 2)              | 0.007407407407407408 |
|             (2, 3, 0, 0)              |         0.0          |
|             (2, 3, 0, 3)              | 0.007407407407407408 |
|             (2, 3, 1, 1)              | 0.007407407407407408 |
|             (2, 3, 1, 2)              |         0.0          |
|             (2, 3, 1, 0)              | 0.003703703703703704 |
|             (2, 3, 1, 3)              | 0.014814814814814815 |
|             (2, 3, 3, 1)              |         0.0          |
|             (2, 3, 3, 2)              |         0.0          |
|             (2, 3, 3, 0)              |         0.0          |
|             (2, 3, 3, 3)              |         0.0          |
|             (2, 3, 2, 1)              |         0.0          |
|             (2, 3, 2, 2)              |         0.0          |
|             (2, 3, 2, 0)              | 0.007407407407407408 |
|             (2, 3, 2, 3)              |         0.0          |
|             (2, 3, 4, 1)              |         0.0          |
|             (2, 3, 4, 2)              |         0.0          |
|             (2, 3, 4, 0)              |         0.0          |
|             (2, 3, 4, 3)              |         0.0          |
|             (2, 1, 0, 1)              | 0.007407407407407408 |
|             (2, 1, 0, 2)              |         0.0          |
|             (2, 1, 0, 0)              |         0.0          |
|             (2, 1, 0, 3)              |         0.0          |
|             (2, 1, 1, 1)              |         0.0          |
|             (2, 1, 1, 2)              |         0.0          |
|             (2, 1, 1, 0)              | 0.003703703703703704 |
|             (2, 1, 1, 3)              |         0.0          |
|             (2, 1, 3, 1)              |         0.0          |
|             (2, 1, 3, 2)              |         0.0          |
|             (2, 1, 3, 0)              |         0.0          |
|             (2, 1, 3, 3)              |         0.0          |
|             (2, 1, 2, 1)              |         0.0          |
|             (2, 1, 2, 2)              |         0.0          |
|             (2, 1, 2, 0)              |         0.0          |
|             (2, 1, 2, 3)              |         0.0          |
|             (2, 1, 4, 1)              |         0.0          |
|             (2, 1, 4, 2)              |         0.0          |
|             (2, 1, 4, 0)              |         0.0          |
|             (2, 1, 4, 3)              |         0.0          |
|             (2, 0, 0, 1)              |         0.0          |
|             (2, 0, 0, 2)              |         0.0          |
|             (2, 0, 0, 0)              |         0.0          |
|             (2, 0, 0, 3)              |         0.0          |
|             (2, 0, 1, 1)              |         0.0          |
|             (2, 0, 1, 2)              |         0.0          |
|             (2, 0, 1, 0)              | 0.007407407407407408 |
|             (2, 0, 1, 3)              |         0.0          |
|             (2, 0, 3, 1)              |         0.0          |
|             (2, 0, 3, 2)              |         0.0          |
|             (2, 0, 3, 0)              |         0.0          |
|             (2, 0, 3, 3)              |         0.0          |
|             (2, 0, 2, 1)              |         0.0          |
|             (2, 0, 2, 2)              |         0.0          |
|             (2, 0, 2, 0)              |         0.0          |
|             (2, 0, 2, 3)              |         0.0          |
|             (2, 0, 4, 1)              |         0.0          |
|             (2, 0, 4, 2)              |         0.0          |
|             (2, 0, 4, 0)              |         0.0          |
|             (2, 0, 4, 3)              |         0.0          |
|             (1, 2, 0, 1)              |         0.0          |
|             (1, 2, 0, 2)              |         0.0          |
|             (1, 2, 0, 0)              |         0.0          |
|             (1, 2, 0, 3)              |         0.0          |
|             (1, 2, 1, 1)              |         0.0          |
|             (1, 2, 1, 2)              |         0.0          |
|             (1, 2, 1, 0)              | 0.007407407407407408 |
|             (1, 2, 1, 3)              |         0.0          |
|             (1, 2, 3, 1)              |         0.0          |
|             (1, 2, 3, 2)              |         0.0          |
|             (1, 2, 3, 0)              | 0.014814814814814815 |
|             (1, 2, 3, 3)              |         0.0          |
|             (1, 2, 2, 1)              |         0.0          |
|             (1, 2, 2, 2)              |         0.0          |
|             (1, 2, 2, 0)              |         0.0          |
|             (1, 2, 2, 3)              |         0.0          |
|             (1, 2, 4, 1)              |         0.0          |
|             (1, 2, 4, 2)              |         0.0          |
|             (1, 2, 4, 0)              |         0.0          |
|             (1, 2, 4, 3)              |         0.0          |
|             (1, 3, 0, 1)              |         0.0          |
|             (1, 3, 0, 2)              |         0.0          |
|             (1, 3, 0, 0)              |         0.0          |
|             (1, 3, 0, 3)              |         0.0          |
|             (1, 3, 1, 1)              | 0.011111111111111112 |
|             (1, 3, 1, 2)              |         0.0          |
|             (1, 3, 1, 0)              |         0.0          |
|             (1, 3, 1, 3)              |         0.0          |
|             (1, 3, 3, 1)              |         0.0          |
|             (1, 3, 3, 2)              |         0.0          |
|             (1, 3, 3, 0)              | 0.007407407407407408 |
|             (1, 3, 3, 3)              |         0.0          |
|             (1, 3, 2, 1)              |         0.0          |
|             (1, 3, 2, 2)              |         0.0          |
|             (1, 3, 2, 0)              |         0.0          |
|             (1, 3, 2, 3)              |         0.0          |
|             (1, 3, 4, 1)              |         0.0          |
|             (1, 3, 4, 2)              |         0.0          |
|             (1, 3, 4, 0)              |         0.0          |
|             (1, 3, 4, 3)              |         0.0          |
|             (1, 1, 0, 1)              |         0.0          |
|             (1, 1, 0, 2)              |         0.0          |
|             (1, 1, 0, 0)              |         0.0          |
|             (1, 1, 0, 3)              |         0.0          |
|             (1, 1, 1, 1)              |         0.0          |
|             (1, 1, 1, 2)              |         0.0          |
|             (1, 1, 1, 0)              | 0.003703703703703704 |
|             (1, 1, 1, 3)              |         0.0          |
|             (1, 1, 3, 1)              |         0.0          |
|             (1, 1, 3, 2)              |         0.0          |
|             (1, 1, 3, 0)              |         0.0          |
|             (1, 1, 3, 3)              |         0.0          |
|             (1, 1, 2, 1)              |         0.0          |
|             (1, 1, 2, 2)              |         0.0          |
|             (1, 1, 2, 0)              |         0.0          |
|             (1, 1, 2, 3)              |         0.0          |
|             (1, 1, 4, 1)              |         0.0          |
|             (1, 1, 4, 2)              |         0.0          |
|             (1, 1, 4, 0)              |         0.0          |
|             (1, 1, 4, 3)              |         0.0          |
|             (1, 0, 0, 1)              |         0.0          |
|             (1, 0, 0, 2)              |         0.0          |
|             (1, 0, 0, 0)              |         0.0          |
|             (1, 0, 0, 3)              |         0.0          |
|             (1, 0, 1, 1)              |         0.0          |
|             (1, 0, 1, 2)              |         0.0          |
|             (1, 0, 1, 0)              |         0.0          |
|             (1, 0, 1, 3)              |         0.0          |
|             (1, 0, 3, 1)              |         0.0          |
|             (1, 0, 3, 2)              |         0.0          |
|             (1, 0, 3, 0)              |         0.0          |
|             (1, 0, 3, 3)              |         0.0          |
|             (1, 0, 2, 1)              |         0.0          |
|             (1, 0, 2, 2)              |         0.0          |
|             (1, 0, 2, 0)              |         0.0          |
|             (1, 0, 2, 3)              |         0.0          |
|             (1, 0, 4, 1)              |         0.0          |
|             (1, 0, 4, 2)              |         0.0          |
|             (1, 0, 4, 0)              |         0.0          |
|             (1, 0, 4, 3)              |         0.0          |
+---------------------------------------+----------------------+
INFO:root:

 INIZIO



INFO:root:Dataset originale:
      TFR     SIZE    PDI
0    0.25  117.567  0.327
1    1.00  124.403  0.403
2    0.25  169.247  0.531
3    1.00   73.088  0.238
4    1.00  141.591  0.597
..    ...      ...    ...
270  1.75   81.000  0.112
271  1.00   79.000  0.109
272  2.00   98.000  0.152
273  1.40  118.000  0.205
274  1.00  160.000  0.239

[275 rows x 3 columns]

INFO:root:Dataset dopo eliminazione righe con NaN:
      TFR     SIZE    PDI
0    0.25  117.567  0.327
1    1.00  124.403  0.403
2    0.25  169.247  0.531
3    1.00   73.088  0.238
4    1.00  141.591  0.597
..    ...      ...    ...
270  1.75   81.000  0.112
271  1.00   79.000  0.109
272  2.00   98.000  0.152
273  1.40  118.000  0.205
274  1.00  160.000  0.239

[273 rows x 3 columns]

INFO:SIZE:Numero di bin per 'SIZE': 4
INFO:SIZE:Conteggio degli elementi in ciascun bin di 'SIZE_CAT':
INFO:SIZE:SIZE_CAT
1     80
2     50
0    104
3     39
Name: count, dtype: int64
INFO:SIZE:Bin 0: da 0.0000 a 100.0000
INFO:SIZE:Bin 1: da 100.0000 a 150.0000
INFO:SIZE:Bin 2: da 150.0000 a 200.0000
INFO:SIZE:Bin 3: da 200.0000 a 8974.7340
INFO:TFR:
Numero di bin per 'TFR': 5

INFO:TFR:
Conteggio degli elementi in ciascun bin di 'TFR_CAT':

INFO:TFR:TFR_CAT
0     50
1     48
3     26
2    111
4     38
Name: count, dtype: int64

INFO:TFR:
Intervalli dei bin TFR:

INFO:TFR:Bin 0: da 0.2500 a 0.7000

INFO:TFR:Bin 1: da 0.7000 a 1.1500

INFO:TFR:Bin 2: da 1.1500 a 1.6000

INFO:TFR:Bin 3: da 1.6000 a 2.0500

INFO:TFR:Bin 4: da 2.0500 a 2.5000

INFO:PDI:Numero di bin per 'PDI_CAT': 4
INFO:PDI:Conteggio degli elementi in ciascun bin di 'PDI_CAT':
INFO:PDI:PDI_CAT
2    71
3    59
1    58
0    85
Name: count, dtype: int64
INFO:PDI:Bin 0: 0.0270 - 0.1351
INFO:PDI:Bin 1: 0.1351 - 0.2432
INFO:PDI:Bin 2: 0.2432 - 0.3513
INFO:PDI:Bin 3: 0.3513 - 0.4594
INFO:root:Dataset con variabili categorizzate:
     SIZE_CAT  TFR_CAT  PDI_CAT
0           1        0        2
1           1        1        3
2           2        0        3
3           0        1        1
4           1        1        3
..        ...      ...      ...
270         0        3        0
271         0        1        0
272         0        3        1
273         1        2        1
274         2        1        1

[273 rows x 3 columns]

INFO:root:
Matrice P(SIZE_CAT, PDI_CAT)
INFO:root:+--------------------+--------+--------+--------+--------+---------------+
| SIZE_CAT / PDI_CAT |   0    |   1    |   2    |   3    | P(SIZE_CAT=i) |
+--------------------+--------+--------+--------+--------+---------------+
|         0          | 0.0586 | 0.1392 | 0.1612 | 0.022  |    0.3810     |
|         1          | 0.1429 | 0.0293 | 0.0586 | 0.0623 |    0.2931     |
|         2          | 0.1099 | 0.044  | 0.011  | 0.0183 |    0.1832     |
|         3          |  0.0   |  0.0   | 0.0293 | 0.1136 |    0.1429     |
|    P(PDI_CAT=j)    | 0.3114 | 0.2125 | 0.2601 | 0.2162 |    1.0002     |
+--------------------+--------+--------+--------+--------+---------------+
INFO:root:
Matrice P(TFR_CAT, PDI_CAT)
INFO:root:+-------------------+--------+--------+--------+--------+--------------+
| TFR_CAT / PDI_CAT |   0    |   1    |   2    |   3    | P(TFR_CAT=i) |
+-------------------+--------+--------+--------+--------+--------------+
|         0         | 0.033  | 0.0256 | 0.0623 | 0.0623 |    0.1832    |
|         1         | 0.0403 | 0.0293 | 0.0256 | 0.0806 |    0.1758    |
|         2         | 0.1502 | 0.0879 | 0.1136 | 0.0549 |    0.4066    |
|         3         | 0.0256 | 0.0256 | 0.0256 | 0.0183 |    0.0951    |
|         4         | 0.0623 | 0.044  | 0.033  |  0.0   |    0.1393    |
|   P(PDI_CAT=j)    | 0.3114 | 0.2124 | 0.2601 | 0.2161 |    1.0000    |
+-------------------+--------+--------+--------+--------+--------------+
INFO:root:
Matrice P(SIZE_CAT, TFR_CAT)
INFO:root:+--------------------+--------+--------+--------+--------+--------+---------------+
| SIZE_CAT / TFR_CAT |   0    |   1    |   2    |   3    |   4    | P(SIZE_CAT=i) |
+--------------------+--------+--------+--------+--------+--------+---------------+
|         0          | 0.0037 | 0.0586 | 0.1905 | 0.0623 | 0.0659 |    0.3810     |
|         1          | 0.0952 | 0.0623 | 0.0733 | 0.011  | 0.0513 |    0.2931     |
|         2          | 0.0403 | 0.011  | 0.1099 | 0.011  | 0.011  |    0.1832     |
|         3          | 0.044  | 0.044  | 0.033  | 0.011  | 0.011  |    0.1430     |
|    P(TFR_CAT=j)    | 0.1832 | 0.1759 | 0.4067 | 0.0953 | 0.1392 |    1.0003     |
+--------------------+--------+--------+--------+--------+--------+---------------+
INFO:root:
P(SIZE_CAT, PDI_CAT, TFR_CAT):
INFO:root:+------------------------------+----------------------+
| (SIZE_CAT, PDI_CAT, TFR_CAT) |     Probabilità      |
+------------------------------+----------------------+
|          (1, 2, 0)           | 0.05128205128205128  |
|          (1, 2, 1)           | 0.007326007326007326 |
|          (1, 2, 3)           |         0.0          |
|          (1, 2, 2)           |         0.0          |
|          (1, 2, 4)           |         0.0          |
|          (1, 3, 0)           | 0.018315018315018316 |
|          (1, 3, 1)           | 0.029304029304029304 |
|          (1, 3, 3)           |         0.0          |
|          (1, 3, 2)           | 0.014652014652014652 |
|          (1, 3, 4)           |         0.0          |
|          (1, 1, 0)           | 0.01098901098901099  |
|          (1, 1, 1)           |         0.0          |
|          (1, 1, 3)           |         0.0          |
|          (1, 1, 2)           | 0.007326007326007326 |
|          (1, 1, 4)           | 0.01098901098901099  |
|          (1, 0, 0)           | 0.014652014652014652 |
|          (1, 0, 1)           | 0.02564102564102564  |
|          (1, 0, 3)           | 0.01098901098901099  |
|          (1, 0, 2)           | 0.05128205128205128  |
|          (1, 0, 4)           | 0.040293040293040296 |
|          (2, 2, 0)           | 0.003663003663003663 |
|          (2, 2, 1)           | 0.003663003663003663 |
|          (2, 2, 3)           |         0.0          |
|          (2, 2, 2)           | 0.003663003663003663 |
|          (2, 2, 4)           |         0.0          |
|          (2, 3, 0)           | 0.007326007326007326 |
|          (2, 3, 1)           | 0.003663003663003663 |
|          (2, 3, 3)           |         0.0          |
|          (2, 3, 2)           | 0.007326007326007326 |
|          (2, 3, 4)           |         0.0          |
|          (2, 1, 0)           | 0.01098901098901099  |
|          (2, 1, 1)           | 0.003663003663003663 |
|          (2, 1, 3)           | 0.01098901098901099  |
|          (2, 1, 2)           | 0.018315018315018316 |
|          (2, 1, 4)           |         0.0          |
|          (2, 0, 0)           | 0.018315018315018316 |
|          (2, 0, 1)           |         0.0          |
|          (2, 0, 3)           |         0.0          |
|          (2, 0, 2)           | 0.08058608058608059  |
|          (2, 0, 4)           | 0.01098901098901099  |
|          (0, 2, 0)           |         0.0          |
|          (0, 2, 1)           | 0.014652014652014652 |
|          (0, 2, 3)           | 0.02564102564102564  |
|          (0, 2, 2)           |  0.0989010989010989  |
|          (0, 2, 4)           | 0.02197802197802198  |
|          (0, 3, 0)           |         0.0          |
|          (0, 3, 1)           | 0.003663003663003663 |
|          (0, 3, 3)           | 0.007326007326007326 |
|          (0, 3, 2)           | 0.01098901098901099  |
|          (0, 3, 4)           |         0.0          |
|          (0, 1, 0)           | 0.003663003663003663 |
|          (0, 1, 1)           | 0.02564102564102564  |
|          (0, 1, 3)           | 0.014652014652014652 |
|          (0, 1, 2)           | 0.06227106227106227  |
|          (0, 1, 4)           | 0.03296703296703297  |
|          (0, 0, 0)           |         0.0          |
|          (0, 0, 1)           | 0.014652014652014652 |
|          (0, 0, 3)           | 0.014652014652014652 |
|          (0, 0, 2)           | 0.018315018315018316 |
|          (0, 0, 4)           | 0.01098901098901099  |
|          (3, 2, 0)           | 0.007326007326007326 |
|          (3, 2, 1)           |         0.0          |
|          (3, 2, 3)           |         0.0          |
|          (3, 2, 2)           | 0.01098901098901099  |
|          (3, 2, 4)           | 0.01098901098901099  |
|          (3, 3, 0)           | 0.03663003663003663  |
|          (3, 3, 1)           | 0.04395604395604396  |
|          (3, 3, 3)           | 0.01098901098901099  |
|          (3, 3, 2)           | 0.02197802197802198  |
|          (3, 3, 4)           |         0.0          |
|          (3, 1, 0)           |         0.0          |
|          (3, 1, 1)           |         0.0          |
|          (3, 1, 3)           |         0.0          |
|          (3, 1, 2)           |         0.0          |
|          (3, 1, 4)           |         0.0          |
|          (3, 0, 0)           |         0.0          |
|          (3, 0, 1)           |         0.0          |
|          (3, 0, 3)           |         0.0          |
|          (3, 0, 2)           |         0.0          |
|          (3, 0, 4)           |         0.0          |
+------------------------------+----------------------+
INFO:root:Le probabilita' marginali PDI corrispondono.
INFO:root:Le probabilita' marginali SIZE corrispondono.
INFO:root:Le probabilita' marginali TFR corrispondono.
INFO:root:

 INIZIO



INFO:root:Dataset originale:
      TFR     SIZE    PDI
0    0.25  117.567  0.327
1    1.00  124.403  0.403
2    0.25  169.247  0.531
3    1.00   73.088  0.238
4    1.00  141.591  0.597
..    ...      ...    ...
270  1.75   81.000  0.112
271  1.00   79.000  0.109
272  2.00   98.000  0.152
273  1.40  118.000  0.205
274  1.00  160.000  0.239

[275 rows x 3 columns]

INFO:root:Dataset dopo eliminazione righe con NaN:
      TFR     SIZE    PDI
0    0.25  117.567  0.327
1    1.00  124.403  0.403
2    0.25  169.247  0.531
3    1.00   73.088  0.238
4    1.00  141.591  0.597
..    ...      ...    ...
270  1.75   81.000  0.112
271  1.00   79.000  0.109
272  2.00   98.000  0.152
273  1.40  118.000  0.205
274  1.00  160.000  0.239

[273 rows x 3 columns]

INFO:SIZE:Numero di bin per 'SIZE': 4
INFO:SIZE:Conteggio degli elementi in ciascun bin di 'SIZE_CAT':
INFO:SIZE:SIZE_CAT
1     80
2     50
0    104
3     39
Name: count, dtype: int64
INFO:SIZE:Bin 0: da 0.0000 a 100.0000
INFO:SIZE:Bin 1: da 100.0000 a 150.0000
INFO:SIZE:Bin 2: da 150.0000 a 200.0000
INFO:SIZE:Bin 3: da 200.0000 a 8974.7340
INFO:TFR:
Numero di bin per 'TFR': 5

INFO:TFR:
Conteggio degli elementi in ciascun bin di 'TFR_CAT':

INFO:TFR:TFR_CAT
0     50
1     48
3     26
2    111
4     38
Name: count, dtype: int64

INFO:TFR:
Intervalli dei bin TFR:

INFO:TFR:Bin 0: da 0.2500 a 0.7000

INFO:TFR:Bin 1: da 0.7000 a 1.1500

INFO:TFR:Bin 2: da 1.1500 a 1.6000

INFO:TFR:Bin 3: da 1.6000 a 2.0500

INFO:TFR:Bin 4: da 2.0500 a 2.5000

INFO:PDI:Numero di bin per 'PDI_CAT': 4
INFO:PDI:Conteggio degli elementi in ciascun bin di 'PDI_CAT':
INFO:PDI:PDI_CAT
2    71
3    59
1    58
0    85
Name: count, dtype: int64
INFO:PDI:Bin 0: 0.0270 - 0.1351
INFO:PDI:Bin 1: 0.1351 - 0.2432
INFO:PDI:Bin 2: 0.2432 - 0.3513
INFO:PDI:Bin 3: 0.3513 - 0.4594
INFO:root:Dataset con variabili categorizzate:
     SIZE_CAT  TFR_CAT  PDI_CAT
0           1        0        2
1           1        1        3
2           2        0        3
3           0        1        1
4           1        1        3
..        ...      ...      ...
270         0        3        0
271         0        1        0
272         0        3        1
273         1        2        1
274         2        1        1

[273 rows x 3 columns]

INFO:root:
Matrice P(SIZE_CAT, PDI_CAT)
INFO:root:+--------------------+--------+--------+--------+--------+---------------+
| SIZE_CAT / PDI_CAT |   0    |   1    |   2    |   3    | P(SIZE_CAT=i) |
+--------------------+--------+--------+--------+--------+---------------+
|         0          | 0.0586 | 0.1392 | 0.1612 | 0.022  |    0.3810     |
|         1          | 0.1429 | 0.0293 | 0.0586 | 0.0623 |    0.2931     |
|         2          | 0.1099 | 0.044  | 0.011  | 0.0183 |    0.1832     |
|         3          |  0.0   |  0.0   | 0.0293 | 0.1136 |    0.1429     |
|    P(PDI_CAT=j)    | 0.3114 | 0.2125 | 0.2601 | 0.2162 |    1.0002     |
+--------------------+--------+--------+--------+--------+---------------+
INFO:root:
Matrice P(TFR_CAT, PDI_CAT)
INFO:root:+-------------------+--------+--------+--------+--------+--------------+
| TFR_CAT / PDI_CAT |   0    |   1    |   2    |   3    | P(TFR_CAT=i) |
+-------------------+--------+--------+--------+--------+--------------+
|         0         | 0.033  | 0.0256 | 0.0623 | 0.0623 |    0.1832    |
|         1         | 0.0403 | 0.0293 | 0.0256 | 0.0806 |    0.1758    |
|         2         | 0.1502 | 0.0879 | 0.1136 | 0.0549 |    0.4066    |
|         3         | 0.0256 | 0.0256 | 0.0256 | 0.0183 |    0.0951    |
|         4         | 0.0623 | 0.044  | 0.033  |  0.0   |    0.1393    |
|   P(PDI_CAT=j)    | 0.3114 | 0.2124 | 0.2601 | 0.2161 |    1.0000    |
+-------------------+--------+--------+--------+--------+--------------+
INFO:root:
Matrice P(SIZE_CAT, TFR_CAT)
INFO:root:+--------------------+--------+--------+--------+--------+--------+---------------+
| SIZE_CAT / TFR_CAT |   0    |   1    |   2    |   3    |   4    | P(SIZE_CAT=i) |
+--------------------+--------+--------+--------+--------+--------+---------------+
|         0          | 0.0037 | 0.0586 | 0.1905 | 0.0623 | 0.0659 |    0.3810     |
|         1          | 0.0952 | 0.0623 | 0.0733 | 0.011  | 0.0513 |    0.2931     |
|         2          | 0.0403 | 0.011  | 0.1099 | 0.011  | 0.011  |    0.1832     |
|         3          | 0.044  | 0.044  | 0.033  | 0.011  | 0.011  |    0.1430     |
|    P(TFR_CAT=j)    | 0.1832 | 0.1759 | 0.4067 | 0.0953 | 0.1392 |    1.0003     |
+--------------------+--------+--------+--------+--------+--------+---------------+
INFO:root:
P(SIZE_CAT, PDI_CAT, TFR_CAT):
INFO:root:+------------------------------+----------------------+
| (SIZE_CAT, PDI_CAT, TFR_CAT) |     Probabilità      |
+------------------------------+----------------------+
|          (1, 2, 0)           | 0.05128205128205128  |
|          (1, 2, 1)           | 0.007326007326007326 |
|          (1, 2, 3)           |         0.0          |
|          (1, 2, 2)           |         0.0          |
|          (1, 2, 4)           |         0.0          |
|          (1, 3, 0)           | 0.018315018315018316 |
|          (1, 3, 1)           | 0.029304029304029304 |
|          (1, 3, 3)           |         0.0          |
|          (1, 3, 2)           | 0.014652014652014652 |
|          (1, 3, 4)           |         0.0          |
|          (1, 1, 0)           | 0.01098901098901099  |
|          (1, 1, 1)           |         0.0          |
|          (1, 1, 3)           |         0.0          |
|          (1, 1, 2)           | 0.007326007326007326 |
|          (1, 1, 4)           | 0.01098901098901099  |
|          (1, 0, 0)           | 0.014652014652014652 |
|          (1, 0, 1)           | 0.02564102564102564  |
|          (1, 0, 3)           | 0.01098901098901099  |
|          (1, 0, 2)           | 0.05128205128205128  |
|          (1, 0, 4)           | 0.040293040293040296 |
|          (2, 2, 0)           | 0.003663003663003663 |
|          (2, 2, 1)           | 0.003663003663003663 |
|          (2, 2, 3)           |         0.0          |
|          (2, 2, 2)           | 0.003663003663003663 |
|          (2, 2, 4)           |         0.0          |
|          (2, 3, 0)           | 0.007326007326007326 |
|          (2, 3, 1)           | 0.003663003663003663 |
|          (2, 3, 3)           |         0.0          |
|          (2, 3, 2)           | 0.007326007326007326 |
|          (2, 3, 4)           |         0.0          |
|          (2, 1, 0)           | 0.01098901098901099  |
|          (2, 1, 1)           | 0.003663003663003663 |
|          (2, 1, 3)           | 0.01098901098901099  |
|          (2, 1, 2)           | 0.018315018315018316 |
|          (2, 1, 4)           |         0.0          |
|          (2, 0, 0)           | 0.018315018315018316 |
|          (2, 0, 1)           |         0.0          |
|          (2, 0, 3)           |         0.0          |
|          (2, 0, 2)           | 0.08058608058608059  |
|          (2, 0, 4)           | 0.01098901098901099  |
|          (0, 2, 0)           |         0.0          |
|          (0, 2, 1)           | 0.014652014652014652 |
|          (0, 2, 3)           | 0.02564102564102564  |
|          (0, 2, 2)           |  0.0989010989010989  |
|          (0, 2, 4)           | 0.02197802197802198  |
|          (0, 3, 0)           |         0.0          |
|          (0, 3, 1)           | 0.003663003663003663 |
|          (0, 3, 3)           | 0.007326007326007326 |
|          (0, 3, 2)           | 0.01098901098901099  |
|          (0, 3, 4)           |         0.0          |
|          (0, 1, 0)           | 0.003663003663003663 |
|          (0, 1, 1)           | 0.02564102564102564  |
|          (0, 1, 3)           | 0.014652014652014652 |
|          (0, 1, 2)           | 0.06227106227106227  |
|          (0, 1, 4)           | 0.03296703296703297  |
|          (0, 0, 0)           |         0.0          |
|          (0, 0, 1)           | 0.014652014652014652 |
|          (0, 0, 3)           | 0.014652014652014652 |
|          (0, 0, 2)           | 0.018315018315018316 |
|          (0, 0, 4)           | 0.01098901098901099  |
|          (3, 2, 0)           | 0.007326007326007326 |
|          (3, 2, 1)           |         0.0          |
|          (3, 2, 3)           |         0.0          |
|          (3, 2, 2)           | 0.01098901098901099  |
|          (3, 2, 4)           | 0.01098901098901099  |
|          (3, 3, 0)           | 0.03663003663003663  |
|          (3, 3, 1)           | 0.04395604395604396  |
|          (3, 3, 3)           | 0.01098901098901099  |
|          (3, 3, 2)           | 0.02197802197802198  |
|          (3, 3, 4)           |         0.0          |
|          (3, 1, 0)           |         0.0          |
|          (3, 1, 1)           |         0.0          |
|          (3, 1, 3)           |         0.0          |
|          (3, 1, 2)           |         0.0          |
|          (3, 1, 4)           |         0.0          |
|          (3, 0, 0)           |         0.0          |
|          (3, 0, 1)           |         0.0          |
|          (3, 0, 3)           |         0.0          |
|          (3, 0, 2)           |         0.0          |
|          (3, 0, 4)           |         0.0          |
+------------------------------+----------------------+
INFO:root:Le probabilita' marginali PDI corrispondono.
INFO:root:Le probabilita' marginali SIZE corrispondono.
INFO:root:Le probabilita' marginali TFR corrispondono.
INFO:root:

 INIZIO



INFO:root:Dataset originale:
      TFR     SIZE    PDI
0    0.25  117.567  0.327
1    1.00  124.403  0.403
2    0.25  169.247  0.531
3    1.00   73.088  0.238
4    1.00  141.591  0.597
..    ...      ...    ...
270  1.75   81.000  0.112
271  1.00   79.000  0.109
272  2.00   98.000  0.152
273  1.40  118.000  0.205
274  1.00  160.000  0.239

[275 rows x 3 columns]

INFO:root:Dataset dopo eliminazione righe con NaN:
      TFR     SIZE    PDI
0    0.25  117.567  0.327
1    1.00  124.403  0.403
2    0.25  169.247  0.531
3    1.00   73.088  0.238
4    1.00  141.591  0.597
..    ...      ...    ...
270  1.75   81.000  0.112
271  1.00   79.000  0.109
272  2.00   98.000  0.152
273  1.40  118.000  0.205
274  1.00  160.000  0.239

[273 rows x 3 columns]

INFO:SIZE:Numero di bin per 'SIZE': 4
INFO:SIZE:Conteggio degli elementi in ciascun bin di 'SIZE_CAT':
INFO:SIZE:SIZE_CAT
1     80
2     50
0    104
3     39
Name: count, dtype: int64
INFO:SIZE:Bin 0: da 0.0000 a 100.0000
INFO:SIZE:Bin 1: da 100.0000 a 150.0000
INFO:SIZE:Bin 2: da 150.0000 a 200.0000
INFO:SIZE:Bin 3: da 200.0000 a 8974.7340
INFO:TFR:
Numero di bin per 'TFR': 5

INFO:TFR:
Conteggio degli elementi in ciascun bin di 'TFR_CAT':

INFO:TFR:TFR_CAT
0     50
1     48
3     26
2    111
4     38
Name: count, dtype: int64

INFO:TFR:
Intervalli dei bin TFR:

INFO:TFR:Bin 0: da 0.2500 a 0.7000

INFO:TFR:Bin 1: da 0.7000 a 1.1500

INFO:TFR:Bin 2: da 1.1500 a 1.6000

INFO:TFR:Bin 3: da 1.6000 a 2.0500

INFO:TFR:Bin 4: da 2.0500 a 2.5000

INFO:PDI:Numero di bin per 'PDI_CAT': 4
INFO:PDI:Conteggio degli elementi in ciascun bin di 'PDI_CAT':
INFO:PDI:PDI_CAT
2    71
3    59
1    58
0    85
Name: count, dtype: int64
INFO:PDI:Bin 0: 0.0270 - 0.1351
INFO:PDI:Bin 1: 0.1351 - 0.2432
INFO:PDI:Bin 2: 0.2432 - 0.3513
INFO:PDI:Bin 3: 0.3513 - 0.4594
INFO:root:Dataset con variabili categorizzate:
     SIZE_CAT  TFR_CAT  PDI_CAT
0           1        0        2
1           1        1        3
2           2        0        3
3           0        1        1
4           1        1        3
..        ...      ...      ...
270         0        3        0
271         0        1        0
272         0        3        1
273         1        2        1
274         2        1        1

[273 rows x 3 columns]

INFO:root:
Matrice P(SIZE_CAT, PDI_CAT)
INFO:root:+--------------------+--------+--------+--------+--------+---------------+
| SIZE_CAT / PDI_CAT |   0    |   1    |   2    |   3    | P(SIZE_CAT=i) |
+--------------------+--------+--------+--------+--------+---------------+
|         0          | 0.0586 | 0.1392 | 0.1612 | 0.022  |    0.3810     |
|         1          | 0.1429 | 0.0293 | 0.0586 | 0.0623 |    0.2931     |
|         2          | 0.1099 | 0.044  | 0.011  | 0.0183 |    0.1832     |
|         3          |  0.0   |  0.0   | 0.0293 | 0.1136 |    0.1429     |
|    P(PDI_CAT=j)    | 0.3114 | 0.2125 | 0.2601 | 0.2162 |    1.0002     |
+--------------------+--------+--------+--------+--------+---------------+
INFO:root:
Matrice P(TFR_CAT, PDI_CAT)
INFO:root:+-------------------+--------+--------+--------+--------+--------------+
| TFR_CAT / PDI_CAT |   0    |   1    |   2    |   3    | P(TFR_CAT=i) |
+-------------------+--------+--------+--------+--------+--------------+
|         0         | 0.033  | 0.0256 | 0.0623 | 0.0623 |    0.1832    |
|         1         | 0.0403 | 0.0293 | 0.0256 | 0.0806 |    0.1758    |
|         2         | 0.1502 | 0.0879 | 0.1136 | 0.0549 |    0.4066    |
|         3         | 0.0256 | 0.0256 | 0.0256 | 0.0183 |    0.0951    |
|         4         | 0.0623 | 0.044  | 0.033  |  0.0   |    0.1393    |
|   P(PDI_CAT=j)    | 0.3114 | 0.2124 | 0.2601 | 0.2161 |    1.0000    |
+-------------------+--------+--------+--------+--------+--------------+
INFO:root:
Matrice P(SIZE_CAT, TFR_CAT)
INFO:root:+--------------------+--------+--------+--------+--------+--------+---------------+
| SIZE_CAT / TFR_CAT |   0    |   1    |   2    |   3    |   4    | P(SIZE_CAT=i) |
+--------------------+--------+--------+--------+--------+--------+---------------+
|         0          | 0.0037 | 0.0586 | 0.1905 | 0.0623 | 0.0659 |    0.3810     |
|         1          | 0.0952 | 0.0623 | 0.0733 | 0.011  | 0.0513 |    0.2931     |
|         2          | 0.0403 | 0.011  | 0.1099 | 0.011  | 0.011  |    0.1832     |
|         3          | 0.044  | 0.044  | 0.033  | 0.011  | 0.011  |    0.1430     |
|    P(TFR_CAT=j)    | 0.1832 | 0.1759 | 0.4067 | 0.0953 | 0.1392 |    1.0003     |
+--------------------+--------+--------+--------+--------+--------+---------------+
INFO:root:
P(SIZE_CAT, PDI_CAT, TFR_CAT):
INFO:root:+------------------------------+----------------------+
| (SIZE_CAT, PDI_CAT, TFR_CAT) |     Probabilità      |
+------------------------------+----------------------+
|          (1, 2, 0)           | 0.05128205128205128  |
|          (1, 2, 1)           | 0.007326007326007326 |
|          (1, 2, 3)           |         0.0          |
|          (1, 2, 2)           |         0.0          |
|          (1, 2, 4)           |         0.0          |
|          (1, 3, 0)           | 0.018315018315018316 |
|          (1, 3, 1)           | 0.029304029304029304 |
|          (1, 3, 3)           |         0.0          |
|          (1, 3, 2)           | 0.014652014652014652 |
|          (1, 3, 4)           |         0.0          |
|          (1, 1, 0)           | 0.01098901098901099  |
|          (1, 1, 1)           |         0.0          |
|          (1, 1, 3)           |         0.0          |
|          (1, 1, 2)           | 0.007326007326007326 |
|          (1, 1, 4)           | 0.01098901098901099  |
|          (1, 0, 0)           | 0.014652014652014652 |
|          (1, 0, 1)           | 0.02564102564102564  |
|          (1, 0, 3)           | 0.01098901098901099  |
|          (1, 0, 2)           | 0.05128205128205128  |
|          (1, 0, 4)           | 0.040293040293040296 |
|          (2, 2, 0)           | 0.003663003663003663 |
|          (2, 2, 1)           | 0.003663003663003663 |
|          (2, 2, 3)           |         0.0          |
|          (2, 2, 2)           | 0.003663003663003663 |
|          (2, 2, 4)           |         0.0          |
|          (2, 3, 0)           | 0.007326007326007326 |
|          (2, 3, 1)           | 0.003663003663003663 |
|          (2, 3, 3)           |         0.0          |
|          (2, 3, 2)           | 0.007326007326007326 |
|          (2, 3, 4)           |         0.0          |
|          (2, 1, 0)           | 0.01098901098901099  |
|          (2, 1, 1)           | 0.003663003663003663 |
|          (2, 1, 3)           | 0.01098901098901099  |
|          (2, 1, 2)           | 0.018315018315018316 |
|          (2, 1, 4)           |         0.0          |
|          (2, 0, 0)           | 0.018315018315018316 |
|          (2, 0, 1)           |         0.0          |
|          (2, 0, 3)           |         0.0          |
|          (2, 0, 2)           | 0.08058608058608059  |
|          (2, 0, 4)           | 0.01098901098901099  |
|          (0, 2, 0)           |         0.0          |
|          (0, 2, 1)           | 0.014652014652014652 |
|          (0, 2, 3)           | 0.02564102564102564  |
|          (0, 2, 2)           |  0.0989010989010989  |
|          (0, 2, 4)           | 0.02197802197802198  |
|          (0, 3, 0)           |         0.0          |
|          (0, 3, 1)           | 0.003663003663003663 |
|          (0, 3, 3)           | 0.007326007326007326 |
|          (0, 3, 2)           | 0.01098901098901099  |
|          (0, 3, 4)           |         0.0          |
|          (0, 1, 0)           | 0.003663003663003663 |
|          (0, 1, 1)           | 0.02564102564102564  |
|          (0, 1, 3)           | 0.014652014652014652 |
|          (0, 1, 2)           | 0.06227106227106227  |
|          (0, 1, 4)           | 0.03296703296703297  |
|          (0, 0, 0)           |         0.0          |
|          (0, 0, 1)           | 0.014652014652014652 |
|          (0, 0, 3)           | 0.014652014652014652 |
|          (0, 0, 2)           | 0.018315018315018316 |
|          (0, 0, 4)           | 0.01098901098901099  |
|          (3, 2, 0)           | 0.007326007326007326 |
|          (3, 2, 1)           |         0.0          |
|          (3, 2, 3)           |         0.0          |
|          (3, 2, 2)           | 0.01098901098901099  |
|          (3, 2, 4)           | 0.01098901098901099  |
|          (3, 3, 0)           | 0.03663003663003663  |
|          (3, 3, 1)           | 0.04395604395604396  |
|          (3, 3, 3)           | 0.01098901098901099  |
|          (3, 3, 2)           | 0.02197802197802198  |
|          (3, 3, 4)           |         0.0          |
|          (3, 1, 0)           |         0.0          |
|          (3, 1, 1)           |         0.0          |
|          (3, 1, 3)           |         0.0          |
|          (3, 1, 2)           |         0.0          |
|          (3, 1, 4)           |         0.0          |
|          (3, 0, 0)           |         0.0          |
|          (3, 0, 1)           |         0.0          |
|          (3, 0, 3)           |         0.0          |
|          (3, 0, 2)           |         0.0          |
|          (3, 0, 4)           |         0.0          |
+------------------------------+----------------------+
INFO:root:Le probabilita' marginali PDI corrispondono.
INFO:root:Le probabilita' marginali SIZE corrispondono.
INFO:root:Le probabilita' marginali TFR corrispondono.
INFO:root:

 INIZIO



INFO:root:Dataset originale:
      TFR     SIZE    PDI
0    0.25  117.567  0.327
1    1.00  124.403  0.403
2    0.25  169.247  0.531
3    1.00   73.088  0.238
4    1.00  141.591  0.597
..    ...      ...    ...
270  1.75   81.000  0.112
271  1.00   79.000  0.109
272  2.00   98.000  0.152
273  1.40  118.000  0.205
274  1.00  160.000  0.239

[275 rows x 3 columns]

INFO:root:Dataset dopo eliminazione righe con NaN:
      TFR     SIZE    PDI
0    0.25  117.567  0.327
1    1.00  124.403  0.403
2    0.25  169.247  0.531
3    1.00   73.088  0.238
4    1.00  141.591  0.597
..    ...      ...    ...
270  1.75   81.000  0.112
271  1.00   79.000  0.109
272  2.00   98.000  0.152
273  1.40  118.000  0.205
274  1.00  160.000  0.239

[273 rows x 3 columns]

INFO:SIZE:Numero di bin per 'SIZE': 4
INFO:SIZE:Conteggio degli elementi in ciascun bin di 'SIZE_CAT':
INFO:SIZE:SIZE_CAT
1     80
2     50
0    104
3     39
Name: count, dtype: int64
INFO:SIZE:Bin 0: da 0.0000 a 100.0000
INFO:SIZE:Bin 1: da 100.0000 a 150.0000
INFO:SIZE:Bin 2: da 150.0000 a 200.0000
INFO:SIZE:Bin 3: da 200.0000 a 8974.7340
INFO:TFR:
Numero di bin per 'TFR': 5

INFO:TFR:
Conteggio degli elementi in ciascun bin di 'TFR_CAT':

INFO:TFR:TFR_CAT
0     50
1     48
3     26
2    111
4     38
Name: count, dtype: int64

INFO:TFR:
Intervalli dei bin TFR:

INFO:TFR:Bin 0: da 0.2500 a 0.7000

INFO:TFR:Bin 1: da 0.7000 a 1.1500

INFO:TFR:Bin 2: da 1.1500 a 1.6000

INFO:TFR:Bin 3: da 1.6000 a 2.0500

INFO:TFR:Bin 4: da 2.0500 a 2.5000

INFO:PDI:Numero di bin per 'PDI_CAT': 4
INFO:PDI:Conteggio degli elementi in ciascun bin di 'PDI_CAT':
INFO:PDI:PDI_CAT
2    71
3    59
1    58
0    85
Name: count, dtype: int64
INFO:PDI:Bin 0: 0.0270 - 0.1351
INFO:PDI:Bin 1: 0.1351 - 0.2432
INFO:PDI:Bin 2: 0.2432 - 0.3513
INFO:PDI:Bin 3: 0.3513 - 0.4594
INFO:root:Dataset con variabili categorizzate:
     SIZE_CAT  TFR_CAT  PDI_CAT
0           1        0        2
1           1        1        3
2           2        0        3
3           0        1        1
4           1        1        3
..        ...      ...      ...
270         0        3        0
271         0        1        0
272         0        3        1
273         1        2        1
274         2        1        1

[273 rows x 3 columns]

INFO:root:
Matrice P(SIZE_CAT, PDI_CAT)
INFO:root:+--------------------+--------+--------+--------+--------+---------------+
| SIZE_CAT / PDI_CAT |   0    |   1    |   2    |   3    | P(SIZE_CAT=i) |
+--------------------+--------+--------+--------+--------+---------------+
|         0          | 0.0586 | 0.1392 | 0.1612 | 0.022  |    0.3810     |
|         1          | 0.1429 | 0.0293 | 0.0586 | 0.0623 |    0.2931     |
|         2          | 0.1099 | 0.044  | 0.011  | 0.0183 |    0.1832     |
|         3          |  0.0   |  0.0   | 0.0293 | 0.1136 |    0.1429     |
|    P(PDI_CAT=j)    | 0.3114 | 0.2125 | 0.2601 | 0.2162 |    1.0002     |
+--------------------+--------+--------+--------+--------+---------------+
INFO:root:
Matrice P(TFR_CAT, PDI_CAT)
INFO:root:+-------------------+--------+--------+--------+--------+--------------+
| TFR_CAT / PDI_CAT |   0    |   1    |   2    |   3    | P(TFR_CAT=i) |
+-------------------+--------+--------+--------+--------+--------------+
|         0         | 0.033  | 0.0256 | 0.0623 | 0.0623 |    0.1832    |
|         1         | 0.0403 | 0.0293 | 0.0256 | 0.0806 |    0.1758    |
|         2         | 0.1502 | 0.0879 | 0.1136 | 0.0549 |    0.4066    |
|         3         | 0.0256 | 0.0256 | 0.0256 | 0.0183 |    0.0951    |
|         4         | 0.0623 | 0.044  | 0.033  |  0.0   |    0.1393    |
|   P(PDI_CAT=j)    | 0.3114 | 0.2124 | 0.2601 | 0.2161 |    1.0000    |
+-------------------+--------+--------+--------+--------+--------------+
INFO:root:
Matrice P(SIZE_CAT, TFR_CAT)
INFO:root:+--------------------+--------+--------+--------+--------+--------+---------------+
| SIZE_CAT / TFR_CAT |   0    |   1    |   2    |   3    |   4    | P(SIZE_CAT=i) |
+--------------------+--------+--------+--------+--------+--------+---------------+
|         0          | 0.0037 | 0.0586 | 0.1905 | 0.0623 | 0.0659 |    0.3810     |
|         1          | 0.0952 | 0.0623 | 0.0733 | 0.011  | 0.0513 |    0.2931     |
|         2          | 0.0403 | 0.011  | 0.1099 | 0.011  | 0.011  |    0.1832     |
|         3          | 0.044  | 0.044  | 0.033  | 0.011  | 0.011  |    0.1430     |
|    P(TFR_CAT=j)    | 0.1832 | 0.1759 | 0.4067 | 0.0953 | 0.1392 |    1.0003     |
+--------------------+--------+--------+--------+--------+--------+---------------+
INFO:root:
P(SIZE_CAT, PDI_CAT, TFR_CAT):
INFO:root:+------------------------------+----------------------+
| (SIZE_CAT, PDI_CAT, TFR_CAT) |     Probabilità      |
+------------------------------+----------------------+
|          (1, 2, 0)           | 0.05128205128205128  |
|          (1, 2, 1)           | 0.007326007326007326 |
|          (1, 2, 3)           |         0.0          |
|          (1, 2, 2)           |         0.0          |
|          (1, 2, 4)           |         0.0          |
|          (1, 3, 0)           | 0.018315018315018316 |
|          (1, 3, 1)           | 0.029304029304029304 |
|          (1, 3, 3)           |         0.0          |
|          (1, 3, 2)           | 0.014652014652014652 |
|          (1, 3, 4)           |         0.0          |
|          (1, 1, 0)           | 0.01098901098901099  |
|          (1, 1, 1)           |         0.0          |
|          (1, 1, 3)           |         0.0          |
|          (1, 1, 2)           | 0.007326007326007326 |
|          (1, 1, 4)           | 0.01098901098901099  |
|          (1, 0, 0)           | 0.014652014652014652 |
|          (1, 0, 1)           | 0.02564102564102564  |
|          (1, 0, 3)           | 0.01098901098901099  |
|          (1, 0, 2)           | 0.05128205128205128  |
|          (1, 0, 4)           | 0.040293040293040296 |
|          (2, 2, 0)           | 0.003663003663003663 |
|          (2, 2, 1)           | 0.003663003663003663 |
|          (2, 2, 3)           |         0.0          |
|          (2, 2, 2)           | 0.003663003663003663 |
|          (2, 2, 4)           |         0.0          |
|          (2, 3, 0)           | 0.007326007326007326 |
|          (2, 3, 1)           | 0.003663003663003663 |
|          (2, 3, 3)           |         0.0          |
|          (2, 3, 2)           | 0.007326007326007326 |
|          (2, 3, 4)           |         0.0          |
|          (2, 1, 0)           | 0.01098901098901099  |
|          (2, 1, 1)           | 0.003663003663003663 |
|          (2, 1, 3)           | 0.01098901098901099  |
|          (2, 1, 2)           | 0.018315018315018316 |
|          (2, 1, 4)           |         0.0          |
|          (2, 0, 0)           | 0.018315018315018316 |
|          (2, 0, 1)           |         0.0          |
|          (2, 0, 3)           |         0.0          |
|          (2, 0, 2)           | 0.08058608058608059  |
|          (2, 0, 4)           | 0.01098901098901099  |
|          (0, 2, 0)           |         0.0          |
|          (0, 2, 1)           | 0.014652014652014652 |
|          (0, 2, 3)           | 0.02564102564102564  |
|          (0, 2, 2)           |  0.0989010989010989  |
|          (0, 2, 4)           | 0.02197802197802198  |
|          (0, 3, 0)           |         0.0          |
|          (0, 3, 1)           | 0.003663003663003663 |
|          (0, 3, 3)           | 0.007326007326007326 |
|          (0, 3, 2)           | 0.01098901098901099  |
|          (0, 3, 4)           |         0.0          |
|          (0, 1, 0)           | 0.003663003663003663 |
|          (0, 1, 1)           | 0.02564102564102564  |
|          (0, 1, 3)           | 0.014652014652014652 |
|          (0, 1, 2)           | 0.06227106227106227  |
|          (0, 1, 4)           | 0.03296703296703297  |
|          (0, 0, 0)           |         0.0          |
|          (0, 0, 1)           | 0.014652014652014652 |
|          (0, 0, 3)           | 0.014652014652014652 |
|          (0, 0, 2)           | 0.018315018315018316 |
|          (0, 0, 4)           | 0.01098901098901099  |
|          (3, 2, 0)           | 0.007326007326007326 |
|          (3, 2, 1)           |         0.0          |
|          (3, 2, 3)           |         0.0          |
|          (3, 2, 2)           | 0.01098901098901099  |
|          (3, 2, 4)           | 0.01098901098901099  |
|          (3, 3, 0)           | 0.03663003663003663  |
|          (3, 3, 1)           | 0.04395604395604396  |
|          (3, 3, 3)           | 0.01098901098901099  |
|          (3, 3, 2)           | 0.02197802197802198  |
|          (3, 3, 4)           |         0.0          |
|          (3, 1, 0)           |         0.0          |
|          (3, 1, 1)           |         0.0          |
|          (3, 1, 3)           |         0.0          |
|          (3, 1, 2)           |         0.0          |
|          (3, 1, 4)           |         0.0          |
|          (3, 0, 0)           |         0.0          |
|          (3, 0, 1)           |         0.0          |
|          (3, 0, 3)           |         0.0          |
|          (3, 0, 2)           |         0.0          |
|          (3, 0, 4)           |         0.0          |
+------------------------------+----------------------+
INFO:root:Le probabilita' marginali PDI corrispondono.
INFO:root:Le probabilita' marginali SIZE corrispondono.
INFO:root:Le probabilita' marginali TFR corrispondono.
INFO:root:

 INIZIO



INFO:root:Dataset originale:
      TFR     SIZE    PDI
0    0.25  117.567  0.327
1    1.00  124.403  0.403
2    0.25  169.247  0.531
3    1.00   73.088  0.238
4    1.00  141.591  0.597
..    ...      ...    ...
270  1.75   81.000  0.112
271  1.00   79.000  0.109
272  2.00   98.000  0.152
273  1.40  118.000  0.205
274  1.00  160.000  0.239

[275 rows x 3 columns]

INFO:root:Dataset dopo eliminazione righe con NaN:
      TFR     SIZE    PDI
0    0.25  117.567  0.327
1    1.00  124.403  0.403
2    0.25  169.247  0.531
3    1.00   73.088  0.238
4    1.00  141.591  0.597
..    ...      ...    ...
270  1.75   81.000  0.112
271  1.00   79.000  0.109
272  2.00   98.000  0.152
273  1.40  118.000  0.205
274  1.00  160.000  0.239

[273 rows x 3 columns]

INFO:SIZE:Numero di bin per 'SIZE': 4
INFO:SIZE:Conteggio degli elementi in ciascun bin di 'SIZE_CAT':
INFO:SIZE:SIZE_CAT
1     80
2     50
0    104
3     39
Name: count, dtype: int64
INFO:SIZE:Bin 0: da 0.0000 a 100.0000
INFO:SIZE:Bin 1: da 100.0000 a 150.0000
INFO:SIZE:Bin 2: da 150.0000 a 200.0000
INFO:SIZE:Bin 3: da 200.0000 a 8974.7340
INFO:TFR:
Numero di bin per 'TFR': 5

INFO:TFR:
Conteggio degli elementi in ciascun bin di 'TFR_CAT':

INFO:TFR:TFR_CAT
0     50
1     48
3     26
2    111
4     38
Name: count, dtype: int64

INFO:TFR:
Intervalli dei bin TFR:

INFO:TFR:Bin 0: da 0.2500 a 0.7000

INFO:TFR:Bin 1: da 0.7000 a 1.1500

INFO:TFR:Bin 2: da 1.1500 a 1.6000

INFO:TFR:Bin 3: da 1.6000 a 2.0500

INFO:TFR:Bin 4: da 2.0500 a 2.5000

INFO:PDI:Numero di bin per 'PDI_CAT': 4
INFO:PDI:Conteggio degli elementi in ciascun bin di 'PDI_CAT':
INFO:PDI:PDI_CAT
2    71
3    59
1    58
0    85
Name: count, dtype: int64
INFO:PDI:Bin 0: 0.0270 - 0.1351
INFO:PDI:Bin 1: 0.1351 - 0.2432
INFO:PDI:Bin 2: 0.2432 - 0.3513
INFO:PDI:Bin 3: 0.3513 - 0.4594
INFO:root:Dataset con variabili categorizzate:
     SIZE_CAT  TFR_CAT  PDI_CAT
0           1        0        2
1           1        1        3
2           2        0        3
3           0        1        1
4           1        1        3
..        ...      ...      ...
270         0        3        0
271         0        1        0
272         0        3        1
273         1        2        1
274         2        1        1

[273 rows x 3 columns]

INFO:root:
Matrice P(SIZE_CAT, PDI_CAT)
INFO:root:+--------------------+--------+--------+--------+--------+---------------+
| SIZE_CAT / PDI_CAT |   0    |   1    |   2    |   3    | P(SIZE_CAT=i) |
+--------------------+--------+--------+--------+--------+---------------+
|         0          | 0.0586 | 0.1392 | 0.1612 | 0.022  |    0.3810     |
|         1          | 0.1429 | 0.0293 | 0.0586 | 0.0623 |    0.2931     |
|         2          | 0.1099 | 0.044  | 0.011  | 0.0183 |    0.1832     |
|         3          |  0.0   |  0.0   | 0.0293 | 0.1136 |    0.1429     |
|    P(PDI_CAT=j)    | 0.3114 | 0.2125 | 0.2601 | 0.2162 |    1.0002     |
+--------------------+--------+--------+--------+--------+---------------+
INFO:root:
Matrice P(TFR_CAT, PDI_CAT)
INFO:root:+-------------------+--------+--------+--------+--------+--------------+
| TFR_CAT / PDI_CAT |   0    |   1    |   2    |   3    | P(TFR_CAT=i) |
+-------------------+--------+--------+--------+--------+--------------+
|         0         | 0.033  | 0.0256 | 0.0623 | 0.0623 |    0.1832    |
|         1         | 0.0403 | 0.0293 | 0.0256 | 0.0806 |    0.1758    |
|         2         | 0.1502 | 0.0879 | 0.1136 | 0.0549 |    0.4066    |
|         3         | 0.0256 | 0.0256 | 0.0256 | 0.0183 |    0.0951    |
|         4         | 0.0623 | 0.044  | 0.033  |  0.0   |    0.1393    |
|   P(PDI_CAT=j)    | 0.3114 | 0.2124 | 0.2601 | 0.2161 |    1.0000    |
+-------------------+--------+--------+--------+--------+--------------+
INFO:root:
Matrice P(SIZE_CAT, TFR_CAT)
INFO:root:+--------------------+--------+--------+--------+--------+--------+---------------+
| SIZE_CAT / TFR_CAT |   0    |   1    |   2    |   3    |   4    | P(SIZE_CAT=i) |
+--------------------+--------+--------+--------+--------+--------+---------------+
|         0          | 0.0037 | 0.0586 | 0.1905 | 0.0623 | 0.0659 |    0.3810     |
|         1          | 0.0952 | 0.0623 | 0.0733 | 0.011  | 0.0513 |    0.2931     |
|         2          | 0.0403 | 0.011  | 0.1099 | 0.011  | 0.011  |    0.1832     |
|         3          | 0.044  | 0.044  | 0.033  | 0.011  | 0.011  |    0.1430     |
|    P(TFR_CAT=j)    | 0.1832 | 0.1759 | 0.4067 | 0.0953 | 0.1392 |    1.0003     |
+--------------------+--------+--------+--------+--------+--------+---------------+
INFO:root:
P(SIZE_CAT, PDI_CAT, TFR_CAT):
INFO:root:+------------------------------+----------------------+
| (SIZE_CAT, PDI_CAT, TFR_CAT) |     Probabilità      |
+------------------------------+----------------------+
|          (1, 2, 0)           | 0.05128205128205128  |
|          (1, 2, 1)           | 0.007326007326007326 |
|          (1, 2, 3)           |         0.0          |
|          (1, 2, 2)           |         0.0          |
|          (1, 2, 4)           |         0.0          |
|          (1, 3, 0)           | 0.018315018315018316 |
|          (1, 3, 1)           | 0.029304029304029304 |
|          (1, 3, 3)           |         0.0          |
|          (1, 3, 2)           | 0.014652014652014652 |
|          (1, 3, 4)           |         0.0          |
|          (1, 1, 0)           | 0.01098901098901099  |
|          (1, 1, 1)           |         0.0          |
|          (1, 1, 3)           |         0.0          |
|          (1, 1, 2)           | 0.007326007326007326 |
|          (1, 1, 4)           | 0.01098901098901099  |
|          (1, 0, 0)           | 0.014652014652014652 |
|          (1, 0, 1)           | 0.02564102564102564  |
|          (1, 0, 3)           | 0.01098901098901099  |
|          (1, 0, 2)           | 0.05128205128205128  |
|          (1, 0, 4)           | 0.040293040293040296 |
|          (2, 2, 0)           | 0.003663003663003663 |
|          (2, 2, 1)           | 0.003663003663003663 |
|          (2, 2, 3)           |         0.0          |
|          (2, 2, 2)           | 0.003663003663003663 |
|          (2, 2, 4)           |         0.0          |
|          (2, 3, 0)           | 0.007326007326007326 |
|          (2, 3, 1)           | 0.003663003663003663 |
|          (2, 3, 3)           |         0.0          |
|          (2, 3, 2)           | 0.007326007326007326 |
|          (2, 3, 4)           |         0.0          |
|          (2, 1, 0)           | 0.01098901098901099  |
|          (2, 1, 1)           | 0.003663003663003663 |
|          (2, 1, 3)           | 0.01098901098901099  |
|          (2, 1, 2)           | 0.018315018315018316 |
|          (2, 1, 4)           |         0.0          |
|          (2, 0, 0)           | 0.018315018315018316 |
|          (2, 0, 1)           |         0.0          |
|          (2, 0, 3)           |         0.0          |
|          (2, 0, 2)           | 0.08058608058608059  |
|          (2, 0, 4)           | 0.01098901098901099  |
|          (0, 2, 0)           |         0.0          |
|          (0, 2, 1)           | 0.014652014652014652 |
|          (0, 2, 3)           | 0.02564102564102564  |
|          (0, 2, 2)           |  0.0989010989010989  |
|          (0, 2, 4)           | 0.02197802197802198  |
|          (0, 3, 0)           |         0.0          |
|          (0, 3, 1)           | 0.003663003663003663 |
|          (0, 3, 3)           | 0.007326007326007326 |
|          (0, 3, 2)           | 0.01098901098901099  |
|          (0, 3, 4)           |         0.0          |
|          (0, 1, 0)           | 0.003663003663003663 |
|          (0, 1, 1)           | 0.02564102564102564  |
|          (0, 1, 3)           | 0.014652014652014652 |
|          (0, 1, 2)           | 0.06227106227106227  |
|          (0, 1, 4)           | 0.03296703296703297  |
|          (0, 0, 0)           |         0.0          |
|          (0, 0, 1)           | 0.014652014652014652 |
|          (0, 0, 3)           | 0.014652014652014652 |
|          (0, 0, 2)           | 0.018315018315018316 |
|          (0, 0, 4)           | 0.01098901098901099  |
|          (3, 2, 0)           | 0.007326007326007326 |
|          (3, 2, 1)           |         0.0          |
|          (3, 2, 3)           |         0.0          |
|          (3, 2, 2)           | 0.01098901098901099  |
|          (3, 2, 4)           | 0.01098901098901099  |
|          (3, 3, 0)           | 0.03663003663003663  |
|          (3, 3, 1)           | 0.04395604395604396  |
|          (3, 3, 3)           | 0.01098901098901099  |
|          (3, 3, 2)           | 0.02197802197802198  |
|          (3, 3, 4)           |         0.0          |
|          (3, 1, 0)           |         0.0          |
|          (3, 1, 1)           |         0.0          |
|          (3, 1, 3)           |         0.0          |
|          (3, 1, 2)           |         0.0          |
|          (3, 1, 4)           |         0.0          |
|          (3, 0, 0)           |         0.0          |
|          (3, 0, 1)           |         0.0          |
|          (3, 0, 3)           |         0.0          |
|          (3, 0, 2)           |         0.0          |
|          (3, 0, 4)           |         0.0          |
+------------------------------+----------------------+
INFO:root:Le probabilita' marginali PDI corrispondono.
INFO:root:Le probabilita' marginali SIZE corrispondono.
INFO:root:Le probabilita' marginali TFR corrispondono.
