INFO:root:

 INIZIO



INFO:root:Dataset originale:
      TFR   FRR    PDI
0    0.25   3.0  0.327
1    1.00   3.0  0.403
2    0.25  50.0  0.531
3    1.00   3.0  0.238
4    1.00  50.0  0.597
..    ...   ...    ...
270  1.75   3.0  0.112
271  1.00  10.0  0.109
272  2.00   7.0  0.152
273  1.40   4.7  0.205
274  1.00   3.0  0.239

[275 rows x 3 columns]

INFO:root:Dataset dopo eliminazione righe con NaN:
      TFR   FRR    PDI
0    0.25   3.0  0.327
1    1.00   3.0  0.403
2    0.25  50.0  0.531
3    1.00   3.0  0.238
4    1.00  50.0  0.597
..    ...   ...    ...
270  1.75   3.0  0.112
271  1.00  10.0  0.109
272  2.00   7.0  0.152
273  1.40   4.7  0.205
274  1.00   3.0  0.239

[272 rows x 3 columns]

INFO:FRR:Numero di bin per 'FRR': 3
INFO:FRR:Conteggio degli elementi in ciascun bin di 'FRR_CAT':
INFO:FRR:FRR_CAT
0    233
2     27
1     12
Name: count, dtype: int64
INFO:FRR:Bin 0: da 1.0000 a 17.3333
INFO:FRR:Bin 1: da 17.3333 a 33.6667
INFO:FRR:Bin 2: da 33.6667 a 50.0000
INFO:TFR:
Numero di bin per 'TFR': 5

INFO:TFR:
Conteggio degli elementi in ciascun bin di 'TFR_CAT':

INFO:TFR:TFR_CAT
0     50
1     50
3     26
2    108
4     38
Name: count, dtype: int64

INFO:TFR:
Intervalli dei bin TFR:

INFO:TFR:Bin 0: da 0.2500 a 0.7000

INFO:TFR:Bin 1: da 0.7000 a 1.1500

INFO:TFR:Bin 2: da 1.1500 a 1.6000

INFO:TFR:Bin 3: da 1.6000 a 2.0500

INFO:TFR:Bin 4: da 2.0500 a 2.5000

INFO:PDI:Numero di bin per 'PDI_CAT': 4
INFO:PDI:Conteggio degli elementi in ciascun bin di 'PDI_CAT':
INFO:PDI:PDI_CAT
2    71
3    58
1    58
0    85
Name: count, dtype: int64
INFO:PDI:Bin 0: 0.0270 - 0.1351
INFO:PDI:Bin 1: 0.1351 - 0.2432
INFO:PDI:Bin 2: 0.2432 - 0.3513
INFO:PDI:Bin 3: 0.3513 - 0.4594
INFO:root:Dataset con variabili categorizzate:
     FRR_CAT  TFR_CAT  PDI_CAT
0          0        0        2
1          0        1        3
2          2        0        3
3          0        1        1
4          2        1        3
..       ...      ...      ...
270        0        3        0
271        0        1        0
272        0        3        1
273        0        2        1
274        0        1        1

[272 rows x 3 columns]

INFO:root:
Matrice P(FRR_CAT, PDI_CAT)
INFO:root:+-------------------+--------+--------+--------+--------+--------------+
| FRR_CAT / PDI_CAT |   0    |   1    |   2    |   3    | P(FRR_CAT=i) |
+-------------------+--------+--------+--------+--------+--------------+
|         0         | 0.3051 | 0.1985 | 0.2169 | 0.136  |    0.8565    |
|         1         |  0.0   | 0.0037 | 0.0221 | 0.0184 |    0.0442    |
|         2         | 0.0074 | 0.011  | 0.0221 | 0.0588 |    0.0993    |
|   P(PDI_CAT=j)    | 0.3125 | 0.2132 | 0.2611 | 0.2132 |    1.0000    |
+-------------------+--------+--------+--------+--------+--------------+
INFO:root:
Matrice P(TFR_CAT, PDI_CAT)
INFO:root:+-------------------+--------+--------+--------+--------+--------------+
| TFR_CAT / PDI_CAT |   0    |   1    |   2    |   3    | P(TFR_CAT=i) |
+-------------------+--------+--------+--------+--------+--------------+
|         0         | 0.0331 | 0.0257 | 0.0625 | 0.0625 |    0.1838    |
|         1         | 0.0404 | 0.0294 | 0.0257 | 0.0882 |    0.1837    |
|         2         | 0.1507 | 0.0882 | 0.114  | 0.0441 |    0.3970    |
|         3         | 0.0257 | 0.0257 | 0.0257 | 0.0184 |    0.0955    |
|         4         | 0.0625 | 0.0441 | 0.0331 |  0.0   |    0.1397    |
|   P(PDI_CAT=j)    | 0.3124 | 0.2131 | 0.2610 | 0.2132 |    0.9997    |
+-------------------+--------+--------+--------+--------+--------------+
INFO:root:
Matrice P(FRR_CAT, TFR_CAT)
INFO:root:+-------------------+--------+--------+--------+--------+--------+--------------+
| FRR_CAT / TFR_CAT |   0    |   1    |   2    |   3    |   4    | P(FRR_CAT=i) |
+-------------------+--------+--------+--------+--------+--------+--------------+
|         0         | 0.1397 | 0.1176 | 0.386  | 0.0735 | 0.1397 |    0.8565    |
|         1         |  0.0   | 0.0221 |  0.0   | 0.0221 |  0.0   |    0.0442    |
|         2         | 0.0441 | 0.0441 | 0.011  |  0.0   |  0.0   |    0.0992    |
|   P(TFR_CAT=j)    | 0.1838 | 0.1838 | 0.3970 | 0.0956 | 0.1397 |    0.9999    |
+-------------------+--------+--------+--------+--------+--------+--------------+
INFO:root:
P(FRR_CAT, PDI_CAT, TFR_CAT):
INFO:root:+-----------------------------+----------------------+
| (FRR_CAT, PDI_CAT, TFR_CAT) |     Probabilità      |
+-----------------------------+----------------------+
|          (0, 2, 0)          | 0.051470588235294115 |
|          (0, 2, 1)          | 0.011029411764705883 |
|          (0, 2, 3)          | 0.011029411764705883 |
|          (0, 2, 2)          | 0.11029411764705882  |
|          (0, 2, 4)          | 0.03308823529411765  |
|          (0, 3, 0)          | 0.03676470588235294  |
|          (0, 3, 1)          | 0.051470588235294115 |
|          (0, 3, 3)          | 0.011029411764705883 |
|          (0, 3, 2)          | 0.03676470588235294  |
|          (0, 3, 4)          |         0.0          |
|          (0, 1, 0)          | 0.01838235294117647  |
|          (0, 1, 1)          | 0.022058823529411766 |
|          (0, 1, 3)          | 0.025735294117647058 |
|          (0, 1, 2)          | 0.08823529411764706  |
|          (0, 1, 4)          | 0.04411764705882353  |
|          (0, 0, 0)          | 0.03308823529411765  |
|          (0, 0, 1)          | 0.03308823529411765  |
|          (0, 0, 3)          | 0.025735294117647058 |
|          (0, 0, 2)          | 0.15073529411764705  |
|          (0, 0, 4)          |        0.0625        |
|          (2, 2, 0)          | 0.011029411764705883 |
|          (2, 2, 1)          | 0.007352941176470588 |
|          (2, 2, 3)          |         0.0          |
|          (2, 2, 2)          | 0.003676470588235294 |
|          (2, 2, 4)          |         0.0          |
|          (2, 3, 0)          | 0.025735294117647058 |
|          (2, 3, 1)          | 0.025735294117647058 |
|          (2, 3, 3)          |         0.0          |
|          (2, 3, 2)          | 0.007352941176470588 |
|          (2, 3, 4)          |         0.0          |
|          (2, 1, 0)          | 0.007352941176470588 |
|          (2, 1, 1)          | 0.003676470588235294 |
|          (2, 1, 3)          |         0.0          |
|          (2, 1, 2)          |         0.0          |
|          (2, 1, 4)          |         0.0          |
|          (2, 0, 0)          |         0.0          |
|          (2, 0, 1)          | 0.007352941176470588 |
|          (2, 0, 3)          |         0.0          |
|          (2, 0, 2)          |         0.0          |
|          (2, 0, 4)          |         0.0          |
|          (1, 2, 0)          |         0.0          |
|          (1, 2, 1)          | 0.007352941176470588 |
|          (1, 2, 3)          | 0.014705882352941176 |
|          (1, 2, 2)          |         0.0          |
|          (1, 2, 4)          |         0.0          |
|          (1, 3, 0)          |         0.0          |
|          (1, 3, 1)          | 0.011029411764705883 |
|          (1, 3, 3)          | 0.007352941176470588 |
|          (1, 3, 2)          |         0.0          |
|          (1, 3, 4)          |         0.0          |
|          (1, 1, 0)          |         0.0          |
|          (1, 1, 1)          | 0.003676470588235294 |
|          (1, 1, 3)          |         0.0          |
|          (1, 1, 2)          |         0.0          |
|          (1, 1, 4)          |         0.0          |
|          (1, 0, 0)          |         0.0          |
|          (1, 0, 1)          |         0.0          |
|          (1, 0, 3)          |         0.0          |
|          (1, 0, 2)          |         0.0          |
|          (1, 0, 4)          |         0.0          |
+-----------------------------+----------------------+
INFO:root:Le probabilita' marginali PDI corrispondono.
INFO:root:Le probabilita' marginali FRR corrispondono.
INFO:root:Le probabilita' marginali TFR corrispondono.
INFO:root:

 INIZIO



INFO:root:Dataset originale:
      TFR   FRR    PDI
0    0.25   3.0  0.327
1    1.00   3.0  0.403
2    0.25  50.0  0.531
3    1.00   3.0  0.238
4    1.00  50.0  0.597
..    ...   ...    ...
270  1.75   3.0  0.112
271  1.00  10.0  0.109
272  2.00   7.0  0.152
273  1.40   4.7  0.205
274  1.00   3.0  0.239

[275 rows x 3 columns]

INFO:root:Dataset dopo eliminazione righe con NaN:
      TFR   FRR    PDI
0    0.25   3.0  0.327
1    1.00   3.0  0.403
2    0.25  50.0  0.531
3    1.00   3.0  0.238
4    1.00  50.0  0.597
..    ...   ...    ...
270  1.75   3.0  0.112
271  1.00  10.0  0.109
272  2.00   7.0  0.152
273  1.40   4.7  0.205
274  1.00   3.0  0.239

[272 rows x 3 columns]

INFO:FRR:Numero di bin per 'FRR': 3
INFO:FRR:Conteggio degli elementi in ciascun bin di 'FRR_CAT':
INFO:FRR:FRR_CAT
0    233
2     27
1     12
Name: count, dtype: int64
INFO:FRR:Bin 0: da 1.0000 a 17.3333
INFO:FRR:Bin 1: da 17.3333 a 33.6667
INFO:FRR:Bin 2: da 33.6667 a 50.0000
INFO:TFR:
Numero di bin per 'TFR': 5

INFO:TFR:
Conteggio degli elementi in ciascun bin di 'TFR_CAT':

INFO:TFR:TFR_CAT
0     50
1     50
3     26
2    108
4     38
Name: count, dtype: int64

INFO:TFR:
Intervalli dei bin TFR:

INFO:TFR:Bin 0: da 0.2500 a 0.7000

INFO:TFR:Bin 1: da 0.7000 a 1.1500

INFO:TFR:Bin 2: da 1.1500 a 1.6000

INFO:TFR:Bin 3: da 1.6000 a 2.0500

INFO:TFR:Bin 4: da 2.0500 a 2.5000

INFO:PDI:Numero di bin per 'PDI_CAT': 4
INFO:PDI:Conteggio degli elementi in ciascun bin di 'PDI_CAT':
INFO:PDI:PDI_CAT
2    71
3    58
1    58
0    85
Name: count, dtype: int64
INFO:PDI:Bin 0: 0.0270 - 0.1351
INFO:PDI:Bin 1: 0.1351 - 0.2432
INFO:PDI:Bin 2: 0.2432 - 0.3513
INFO:PDI:Bin 3: 0.3513 - 0.4594
INFO:root:Dataset con variabili categorizzate:
     FRR_CAT  TFR_CAT  PDI_CAT
0          0        0        2
1          0        1        3
2          2        0        3
3          0        1        1
4          2        1        3
..       ...      ...      ...
270        0        3        0
271        0        1        0
272        0        3        1
273        0        2        1
274        0        1        1

[272 rows x 3 columns]

INFO:root:
Matrice P(FRR_CAT, PDI_CAT)
INFO:root:+-------------------+--------+--------+--------+--------+--------------+
| FRR_CAT / PDI_CAT |   0    |   1    |   2    |   3    | P(FRR_CAT=i) |
+-------------------+--------+--------+--------+--------+--------------+
|         0         | 0.3051 | 0.1985 | 0.2169 | 0.136  |    0.8565    |
|         1         |  0.0   | 0.0037 | 0.0221 | 0.0184 |    0.0442    |
|         2         | 0.0074 | 0.011  | 0.0221 | 0.0588 |    0.0993    |
|   P(PDI_CAT=j)    | 0.3125 | 0.2132 | 0.2611 | 0.2132 |    1.0000    |
+-------------------+--------+--------+--------+--------+--------------+
INFO:root:
Matrice P(TFR_CAT, PDI_CAT)
INFO:root:+-------------------+--------+--------+--------+--------+--------------+
| TFR_CAT / PDI_CAT |   0    |   1    |   2    |   3    | P(TFR_CAT=i) |
+-------------------+--------+--------+--------+--------+--------------+
|         0         | 0.0331 | 0.0257 | 0.0625 | 0.0625 |    0.1838    |
|         1         | 0.0404 | 0.0294 | 0.0257 | 0.0882 |    0.1837    |
|         2         | 0.1507 | 0.0882 | 0.114  | 0.0441 |    0.3970    |
|         3         | 0.0257 | 0.0257 | 0.0257 | 0.0184 |    0.0955    |
|         4         | 0.0625 | 0.0441 | 0.0331 |  0.0   |    0.1397    |
|   P(PDI_CAT=j)    | 0.3124 | 0.2131 | 0.2610 | 0.2132 |    0.9997    |
+-------------------+--------+--------+--------+--------+--------------+
INFO:root:
Matrice P(FRR_CAT, TFR_CAT)
INFO:root:+-------------------+--------+--------+--------+--------+--------+--------------+
| FRR_CAT / TFR_CAT |   0    |   1    |   2    |   3    |   4    | P(FRR_CAT=i) |
+-------------------+--------+--------+--------+--------+--------+--------------+
|         0         | 0.1397 | 0.1176 | 0.386  | 0.0735 | 0.1397 |    0.8565    |
|         1         |  0.0   | 0.0221 |  0.0   | 0.0221 |  0.0   |    0.0442    |
|         2         | 0.0441 | 0.0441 | 0.011  |  0.0   |  0.0   |    0.0992    |
|   P(TFR_CAT=j)    | 0.1838 | 0.1838 | 0.3970 | 0.0956 | 0.1397 |    0.9999    |
+-------------------+--------+--------+--------+--------+--------+--------------+
INFO:root:
P(FRR_CAT, PDI_CAT, TFR_CAT):
INFO:root:+-----------------------------+----------------------+
| (FRR_CAT, PDI_CAT, TFR_CAT) |     Probabilità      |
+-----------------------------+----------------------+
|          (0, 2, 0)          | 0.051470588235294115 |
|          (0, 2, 1)          | 0.011029411764705883 |
|          (0, 2, 3)          | 0.011029411764705883 |
|          (0, 2, 2)          | 0.11029411764705882  |
|          (0, 2, 4)          | 0.03308823529411765  |
|          (0, 3, 0)          | 0.03676470588235294  |
|          (0, 3, 1)          | 0.051470588235294115 |
|          (0, 3, 3)          | 0.011029411764705883 |
|          (0, 3, 2)          | 0.03676470588235294  |
|          (0, 3, 4)          |         0.0          |
|          (0, 1, 0)          | 0.01838235294117647  |
|          (0, 1, 1)          | 0.022058823529411766 |
|          (0, 1, 3)          | 0.025735294117647058 |
|          (0, 1, 2)          | 0.08823529411764706  |
|          (0, 1, 4)          | 0.04411764705882353  |
|          (0, 0, 0)          | 0.03308823529411765  |
|          (0, 0, 1)          | 0.03308823529411765  |
|          (0, 0, 3)          | 0.025735294117647058 |
|          (0, 0, 2)          | 0.15073529411764705  |
|          (0, 0, 4)          |        0.0625        |
|          (2, 2, 0)          | 0.011029411764705883 |
|          (2, 2, 1)          | 0.007352941176470588 |
|          (2, 2, 3)          |         0.0          |
|          (2, 2, 2)          | 0.003676470588235294 |
|          (2, 2, 4)          |         0.0          |
|          (2, 3, 0)          | 0.025735294117647058 |
|          (2, 3, 1)          | 0.025735294117647058 |
|          (2, 3, 3)          |         0.0          |
|          (2, 3, 2)          | 0.007352941176470588 |
|          (2, 3, 4)          |         0.0          |
|          (2, 1, 0)          | 0.007352941176470588 |
|          (2, 1, 1)          | 0.003676470588235294 |
|          (2, 1, 3)          |         0.0          |
|          (2, 1, 2)          |         0.0          |
|          (2, 1, 4)          |         0.0          |
|          (2, 0, 0)          |         0.0          |
|          (2, 0, 1)          | 0.007352941176470588 |
|          (2, 0, 3)          |         0.0          |
|          (2, 0, 2)          |         0.0          |
|          (2, 0, 4)          |         0.0          |
|          (1, 2, 0)          |         0.0          |
|          (1, 2, 1)          | 0.007352941176470588 |
|          (1, 2, 3)          | 0.014705882352941176 |
|          (1, 2, 2)          |         0.0          |
|          (1, 2, 4)          |         0.0          |
|          (1, 3, 0)          |         0.0          |
|          (1, 3, 1)          | 0.011029411764705883 |
|          (1, 3, 3)          | 0.007352941176470588 |
|          (1, 3, 2)          |         0.0          |
|          (1, 3, 4)          |         0.0          |
|          (1, 1, 0)          |         0.0          |
|          (1, 1, 1)          | 0.003676470588235294 |
|          (1, 1, 3)          |         0.0          |
|          (1, 1, 2)          |         0.0          |
|          (1, 1, 4)          |         0.0          |
|          (1, 0, 0)          |         0.0          |
|          (1, 0, 1)          |         0.0          |
|          (1, 0, 3)          |         0.0          |
|          (1, 0, 2)          |         0.0          |
|          (1, 0, 4)          |         0.0          |
+-----------------------------+----------------------+
INFO:root:Le probabilita' marginali PDI corrispondono.
INFO:root:Le probabilita' marginali FRR corrispondono.
INFO:root:Le probabilita' marginali TFR corrispondono.
INFO:root:

 INIZIO



INFO:root:Dataset originale:
      TFR   FRR    PDI
0    0.25   3.0  0.327
1    1.00   3.0  0.403
2    0.25  50.0  0.531
3    1.00   3.0  0.238
4    1.00  50.0  0.597
..    ...   ...    ...
270  1.75   3.0  0.112
271  1.00  10.0  0.109
272  2.00   7.0  0.152
273  1.40   4.7  0.205
274  1.00   3.0  0.239

[275 rows x 3 columns]

INFO:root:Dataset dopo eliminazione righe con NaN:
      TFR   FRR    PDI
0    0.25   3.0  0.327
1    1.00   3.0  0.403
2    0.25  50.0  0.531
3    1.00   3.0  0.238
4    1.00  50.0  0.597
..    ...   ...    ...
270  1.75   3.0  0.112
271  1.00  10.0  0.109
272  2.00   7.0  0.152
273  1.40   4.7  0.205
274  1.00   3.0  0.239

[272 rows x 3 columns]

INFO:FRR:Numero di bin per 'FRR': 3
INFO:FRR:Conteggio degli elementi in ciascun bin di 'FRR_CAT':
INFO:FRR:FRR_CAT
0    233
2     27
1     12
Name: count, dtype: int64
INFO:FRR:Bin 0: da 1.0000 a 17.3333
INFO:FRR:Bin 1: da 17.3333 a 33.6667
INFO:FRR:Bin 2: da 33.6667 a 50.0000
INFO:TFR:
Numero di bin per 'TFR': 5

INFO:TFR:
Conteggio degli elementi in ciascun bin di 'TFR_CAT':

INFO:TFR:TFR_CAT
0     50
1     50
3     26
2    108
4     38
Name: count, dtype: int64

INFO:TFR:
Intervalli dei bin TFR:

INFO:TFR:Bin 0: da 0.2500 a 0.7000

INFO:TFR:Bin 1: da 0.7000 a 1.1500

INFO:TFR:Bin 2: da 1.1500 a 1.6000

INFO:TFR:Bin 3: da 1.6000 a 2.0500

INFO:TFR:Bin 4: da 2.0500 a 2.5000

INFO:PDI:Numero di bin per 'PDI_CAT': 4
INFO:PDI:Conteggio degli elementi in ciascun bin di 'PDI_CAT':
INFO:PDI:PDI_CAT
2    71
3    58
1    58
0    85
Name: count, dtype: int64
INFO:PDI:Bin 0: 0.0270 - 0.1351
INFO:PDI:Bin 1: 0.1351 - 0.2432
INFO:PDI:Bin 2: 0.2432 - 0.3513
INFO:PDI:Bin 3: 0.3513 - 0.4594
INFO:root:Dataset con variabili categorizzate:
     FRR_CAT  TFR_CAT  PDI_CAT
0          0        0        2
1          0        1        3
2          2        0        3
3          0        1        1
4          2        1        3
..       ...      ...      ...
270        0        3        0
271        0        1        0
272        0        3        1
273        0        2        1
274        0        1        1

[272 rows x 3 columns]

INFO:root:
Matrice P(FRR_CAT, PDI_CAT)
INFO:root:+-------------------+--------+--------+--------+--------+--------------+
| FRR_CAT / PDI_CAT |   0    |   1    |   2    |   3    | P(FRR_CAT=i) |
+-------------------+--------+--------+--------+--------+--------------+
|         0         | 0.3051 | 0.1985 | 0.2169 | 0.136  |    0.8565    |
|         1         |  0.0   | 0.0037 | 0.0221 | 0.0184 |    0.0442    |
|         2         | 0.0074 | 0.011  | 0.0221 | 0.0588 |    0.0993    |
|   P(PDI_CAT=j)    | 0.3125 | 0.2132 | 0.2611 | 0.2132 |    1.0000    |
+-------------------+--------+--------+--------+--------+--------------+
INFO:root:
Matrice P(TFR_CAT, PDI_CAT)
INFO:root:+-------------------+--------+--------+--------+--------+--------------+
| TFR_CAT / PDI_CAT |   0    |   1    |   2    |   3    | P(TFR_CAT=i) |
+-------------------+--------+--------+--------+--------+--------------+
|         0         | 0.0331 | 0.0257 | 0.0625 | 0.0625 |    0.1838    |
|         1         | 0.0404 | 0.0294 | 0.0257 | 0.0882 |    0.1837    |
|         2         | 0.1507 | 0.0882 | 0.114  | 0.0441 |    0.3970    |
|         3         | 0.0257 | 0.0257 | 0.0257 | 0.0184 |    0.0955    |
|         4         | 0.0625 | 0.0441 | 0.0331 |  0.0   |    0.1397    |
|   P(PDI_CAT=j)    | 0.3124 | 0.2131 | 0.2610 | 0.2132 |    0.9997    |
+-------------------+--------+--------+--------+--------+--------------+
INFO:root:
Matrice P(FRR_CAT, TFR_CAT)
INFO:root:+-------------------+--------+--------+--------+--------+--------+--------------+
| FRR_CAT / TFR_CAT |   0    |   1    |   2    |   3    |   4    | P(FRR_CAT=i) |
+-------------------+--------+--------+--------+--------+--------+--------------+
|         0         | 0.1397 | 0.1176 | 0.386  | 0.0735 | 0.1397 |    0.8565    |
|         1         |  0.0   | 0.0221 |  0.0   | 0.0221 |  0.0   |    0.0442    |
|         2         | 0.0441 | 0.0441 | 0.011  |  0.0   |  0.0   |    0.0992    |
|   P(TFR_CAT=j)    | 0.1838 | 0.1838 | 0.3970 | 0.0956 | 0.1397 |    0.9999    |
+-------------------+--------+--------+--------+--------+--------+--------------+
INFO:root:
P(FRR_CAT, PDI_CAT, TFR_CAT):
INFO:root:+-----------------------------+----------------------+
| (FRR_CAT, PDI_CAT, TFR_CAT) |     Probabilità      |
+-----------------------------+----------------------+
|          (0, 2, 0)          | 0.051470588235294115 |
|          (0, 2, 1)          | 0.011029411764705883 |
|          (0, 2, 3)          | 0.011029411764705883 |
|          (0, 2, 2)          | 0.11029411764705882  |
|          (0, 2, 4)          | 0.03308823529411765  |
|          (0, 3, 0)          | 0.03676470588235294  |
|          (0, 3, 1)          | 0.051470588235294115 |
|          (0, 3, 3)          | 0.011029411764705883 |
|          (0, 3, 2)          | 0.03676470588235294  |
|          (0, 3, 4)          |         0.0          |
|          (0, 1, 0)          | 0.01838235294117647  |
|          (0, 1, 1)          | 0.022058823529411766 |
|          (0, 1, 3)          | 0.025735294117647058 |
|          (0, 1, 2)          | 0.08823529411764706  |
|          (0, 1, 4)          | 0.04411764705882353  |
|          (0, 0, 0)          | 0.03308823529411765  |
|          (0, 0, 1)          | 0.03308823529411765  |
|          (0, 0, 3)          | 0.025735294117647058 |
|          (0, 0, 2)          | 0.15073529411764705  |
|          (0, 0, 4)          |        0.0625        |
|          (2, 2, 0)          | 0.011029411764705883 |
|          (2, 2, 1)          | 0.007352941176470588 |
|          (2, 2, 3)          |         0.0          |
|          (2, 2, 2)          | 0.003676470588235294 |
|          (2, 2, 4)          |         0.0          |
|          (2, 3, 0)          | 0.025735294117647058 |
|          (2, 3, 1)          | 0.025735294117647058 |
|          (2, 3, 3)          |         0.0          |
|          (2, 3, 2)          | 0.007352941176470588 |
|          (2, 3, 4)          |         0.0          |
|          (2, 1, 0)          | 0.007352941176470588 |
|          (2, 1, 1)          | 0.003676470588235294 |
|          (2, 1, 3)          |         0.0          |
|          (2, 1, 2)          |         0.0          |
|          (2, 1, 4)          |         0.0          |
|          (2, 0, 0)          |         0.0          |
|          (2, 0, 1)          | 0.007352941176470588 |
|          (2, 0, 3)          |         0.0          |
|          (2, 0, 2)          |         0.0          |
|          (2, 0, 4)          |         0.0          |
|          (1, 2, 0)          |         0.0          |
|          (1, 2, 1)          | 0.007352941176470588 |
|          (1, 2, 3)          | 0.014705882352941176 |
|          (1, 2, 2)          |         0.0          |
|          (1, 2, 4)          |         0.0          |
|          (1, 3, 0)          |         0.0          |
|          (1, 3, 1)          | 0.011029411764705883 |
|          (1, 3, 3)          | 0.007352941176470588 |
|          (1, 3, 2)          |         0.0          |
|          (1, 3, 4)          |         0.0          |
|          (1, 1, 0)          |         0.0          |
|          (1, 1, 1)          | 0.003676470588235294 |
|          (1, 1, 3)          |         0.0          |
|          (1, 1, 2)          |         0.0          |
|          (1, 1, 4)          |         0.0          |
|          (1, 0, 0)          |         0.0          |
|          (1, 0, 1)          |         0.0          |
|          (1, 0, 3)          |         0.0          |
|          (1, 0, 2)          |         0.0          |
|          (1, 0, 4)          |         0.0          |
+-----------------------------+----------------------+
INFO:root:Le probabilita' marginali PDI corrispondono.
INFO:root:Le probabilita' marginali FRR corrispondono.
INFO:root:Le probabilita' marginali TFR corrispondono.
INFO:root:

 INIZIO



INFO:root:Dataset originale:
      TFR   FRR    PDI
0    0.25   3.0  0.327
1    1.00   3.0  0.403
2    0.25  50.0  0.531
3    1.00   3.0  0.238
4    1.00  50.0  0.597
..    ...   ...    ...
270  1.75   3.0  0.112
271  1.00  10.0  0.109
272  2.00   7.0  0.152
273  1.40   4.7  0.205
274  1.00   3.0  0.239

[275 rows x 3 columns]

INFO:root:Dataset dopo eliminazione righe con NaN:
      TFR   FRR    PDI
0    0.25   3.0  0.327
1    1.00   3.0  0.403
2    0.25  50.0  0.531
3    1.00   3.0  0.238
4    1.00  50.0  0.597
..    ...   ...    ...
270  1.75   3.0  0.112
271  1.00  10.0  0.109
272  2.00   7.0  0.152
273  1.40   4.7  0.205
274  1.00   3.0  0.239

[272 rows x 3 columns]

INFO:FRR:Numero di bin per 'FRR': 3
INFO:FRR:Conteggio degli elementi in ciascun bin di 'FRR_CAT':
INFO:FRR:FRR_CAT
0    233
2     27
1     12
Name: count, dtype: int64
INFO:FRR:Bin 0: da 1.0000 a 17.3333
INFO:FRR:Bin 1: da 17.3333 a 33.6667
INFO:FRR:Bin 2: da 33.6667 a 50.0000
INFO:TFR:
Numero di bin per 'TFR': 5

INFO:TFR:
Conteggio degli elementi in ciascun bin di 'TFR_CAT':

INFO:TFR:TFR_CAT
0     50
1     50
3     26
2    108
4     38
Name: count, dtype: int64

INFO:TFR:
Intervalli dei bin TFR:

INFO:TFR:Bin 0: da 0.2500 a 0.7000

INFO:TFR:Bin 1: da 0.7000 a 1.1500

INFO:TFR:Bin 2: da 1.1500 a 1.6000

INFO:TFR:Bin 3: da 1.6000 a 2.0500

INFO:TFR:Bin 4: da 2.0500 a 2.5000

INFO:PDI:Numero di bin per 'PDI_CAT': 4
INFO:PDI:Conteggio degli elementi in ciascun bin di 'PDI_CAT':
INFO:PDI:PDI_CAT
2    71
3    58
1    58
0    85
Name: count, dtype: int64
INFO:PDI:Bin 0: 0.0270 - 0.1351
INFO:PDI:Bin 1: 0.1351 - 0.2432
INFO:PDI:Bin 2: 0.2432 - 0.3513
INFO:PDI:Bin 3: 0.3513 - 0.4594
INFO:root:Dataset con variabili categorizzate:
     FRR_CAT  TFR_CAT  PDI_CAT
0          0        0        2
1          0        1        3
2          2        0        3
3          0        1        1
4          2        1        3
..       ...      ...      ...
270        0        3        0
271        0        1        0
272        0        3        1
273        0        2        1
274        0        1        1

[272 rows x 3 columns]

INFO:root:
Matrice P(FRR_CAT, PDI_CAT)
INFO:root:+-------------------+--------+--------+--------+--------+--------------+
| FRR_CAT / PDI_CAT |   0    |   1    |   2    |   3    | P(FRR_CAT=i) |
+-------------------+--------+--------+--------+--------+--------------+
|         0         | 0.3051 | 0.1985 | 0.2169 | 0.136  |    0.8565    |
|         1         |  0.0   | 0.0037 | 0.0221 | 0.0184 |    0.0442    |
|         2         | 0.0074 | 0.011  | 0.0221 | 0.0588 |    0.0993    |
|   P(PDI_CAT=j)    | 0.3125 | 0.2132 | 0.2611 | 0.2132 |    1.0000    |
+-------------------+--------+--------+--------+--------+--------------+
INFO:root:
Matrice P(TFR_CAT, PDI_CAT)
INFO:root:+-------------------+--------+--------+--------+--------+--------------+
| TFR_CAT / PDI_CAT |   0    |   1    |   2    |   3    | P(TFR_CAT=i) |
+-------------------+--------+--------+--------+--------+--------------+
|         0         | 0.0331 | 0.0257 | 0.0625 | 0.0625 |    0.1838    |
|         1         | 0.0404 | 0.0294 | 0.0257 | 0.0882 |    0.1837    |
|         2         | 0.1507 | 0.0882 | 0.114  | 0.0441 |    0.3970    |
|         3         | 0.0257 | 0.0257 | 0.0257 | 0.0184 |    0.0955    |
|         4         | 0.0625 | 0.0441 | 0.0331 |  0.0   |    0.1397    |
|   P(PDI_CAT=j)    | 0.3124 | 0.2131 | 0.2610 | 0.2132 |    0.9997    |
+-------------------+--------+--------+--------+--------+--------------+
INFO:root:
Matrice P(FRR_CAT, TFR_CAT)
INFO:root:+-------------------+--------+--------+--------+--------+--------+--------------+
| FRR_CAT / TFR_CAT |   0    |   1    |   2    |   3    |   4    | P(FRR_CAT=i) |
+-------------------+--------+--------+--------+--------+--------+--------------+
|         0         | 0.1397 | 0.1176 | 0.386  | 0.0735 | 0.1397 |    0.8565    |
|         1         |  0.0   | 0.0221 |  0.0   | 0.0221 |  0.0   |    0.0442    |
|         2         | 0.0441 | 0.0441 | 0.011  |  0.0   |  0.0   |    0.0992    |
|   P(TFR_CAT=j)    | 0.1838 | 0.1838 | 0.3970 | 0.0956 | 0.1397 |    0.9999    |
+-------------------+--------+--------+--------+--------+--------+--------------+
INFO:root:
P(FRR_CAT, PDI_CAT, TFR_CAT):
INFO:root:+-----------------------------+----------------------+
| (FRR_CAT, PDI_CAT, TFR_CAT) |     Probabilità      |
+-----------------------------+----------------------+
|          (0, 2, 0)          | 0.051470588235294115 |
|          (0, 2, 1)          | 0.011029411764705883 |
|          (0, 2, 3)          | 0.011029411764705883 |
|          (0, 2, 2)          | 0.11029411764705882  |
|          (0, 2, 4)          | 0.03308823529411765  |
|          (0, 3, 0)          | 0.03676470588235294  |
|          (0, 3, 1)          | 0.051470588235294115 |
|          (0, 3, 3)          | 0.011029411764705883 |
|          (0, 3, 2)          | 0.03676470588235294  |
|          (0, 3, 4)          |         0.0          |
|          (0, 1, 0)          | 0.01838235294117647  |
|          (0, 1, 1)          | 0.022058823529411766 |
|          (0, 1, 3)          | 0.025735294117647058 |
|          (0, 1, 2)          | 0.08823529411764706  |
|          (0, 1, 4)          | 0.04411764705882353  |
|          (0, 0, 0)          | 0.03308823529411765  |
|          (0, 0, 1)          | 0.03308823529411765  |
|          (0, 0, 3)          | 0.025735294117647058 |
|          (0, 0, 2)          | 0.15073529411764705  |
|          (0, 0, 4)          |        0.0625        |
|          (2, 2, 0)          | 0.011029411764705883 |
|          (2, 2, 1)          | 0.007352941176470588 |
|          (2, 2, 3)          |         0.0          |
|          (2, 2, 2)          | 0.003676470588235294 |
|          (2, 2, 4)          |         0.0          |
|          (2, 3, 0)          | 0.025735294117647058 |
|          (2, 3, 1)          | 0.025735294117647058 |
|          (2, 3, 3)          |         0.0          |
|          (2, 3, 2)          | 0.007352941176470588 |
|          (2, 3, 4)          |         0.0          |
|          (2, 1, 0)          | 0.007352941176470588 |
|          (2, 1, 1)          | 0.003676470588235294 |
|          (2, 1, 3)          |         0.0          |
|          (2, 1, 2)          |         0.0          |
|          (2, 1, 4)          |         0.0          |
|          (2, 0, 0)          |         0.0          |
|          (2, 0, 1)          | 0.007352941176470588 |
|          (2, 0, 3)          |         0.0          |
|          (2, 0, 2)          |         0.0          |
|          (2, 0, 4)          |         0.0          |
|          (1, 2, 0)          |         0.0          |
|          (1, 2, 1)          | 0.007352941176470588 |
|          (1, 2, 3)          | 0.014705882352941176 |
|          (1, 2, 2)          |         0.0          |
|          (1, 2, 4)          |         0.0          |
|          (1, 3, 0)          |         0.0          |
|          (1, 3, 1)          | 0.011029411764705883 |
|          (1, 3, 3)          | 0.007352941176470588 |
|          (1, 3, 2)          |         0.0          |
|          (1, 3, 4)          |         0.0          |
|          (1, 1, 0)          |         0.0          |
|          (1, 1, 1)          | 0.003676470588235294 |
|          (1, 1, 3)          |         0.0          |
|          (1, 1, 2)          |         0.0          |
|          (1, 1, 4)          |         0.0          |
|          (1, 0, 0)          |         0.0          |
|          (1, 0, 1)          |         0.0          |
|          (1, 0, 3)          |         0.0          |
|          (1, 0, 2)          |         0.0          |
|          (1, 0, 4)          |         0.0          |
+-----------------------------+----------------------+
INFO:root:Le probabilita' marginali PDI corrispondono.
INFO:root:Le probabilita' marginali FRR corrispondono.
INFO:root:Le probabilita' marginali TFR corrispondono.
INFO:root:

 INIZIO



INFO:root:Dataset originale:
      TFR   FRR    PDI
0    0.25   3.0  0.327
1    1.00   3.0  0.403
2    0.25  50.0  0.531
3    1.00   3.0  0.238
4    1.00  50.0  0.597
..    ...   ...    ...
270  1.75   3.0  0.112
271  1.00  10.0  0.109
272  2.00   7.0  0.152
273  1.40   4.7  0.205
274  1.00   3.0  0.239

[275 rows x 3 columns]

INFO:root:Dataset dopo eliminazione righe con NaN:
      TFR   FRR    PDI
0    0.25   3.0  0.327
1    1.00   3.0  0.403
2    0.25  50.0  0.531
3    1.00   3.0  0.238
4    1.00  50.0  0.597
..    ...   ...    ...
270  1.75   3.0  0.112
271  1.00  10.0  0.109
272  2.00   7.0  0.152
273  1.40   4.7  0.205
274  1.00   3.0  0.239

[272 rows x 3 columns]

INFO:FRR:Numero di bin per 'FRR': 3
INFO:FRR:Conteggio degli elementi in ciascun bin di 'FRR_CAT':
INFO:FRR:FRR_CAT
0    233
2     27
1     12
Name: count, dtype: int64
INFO:FRR:Bin 0: da 1.0000 a 17.3333
INFO:FRR:Bin 1: da 17.3333 a 33.6667
INFO:FRR:Bin 2: da 33.6667 a 50.0000
INFO:TFR:
Numero di bin per 'TFR': 5

INFO:TFR:
Conteggio degli elementi in ciascun bin di 'TFR_CAT':

INFO:TFR:TFR_CAT
0     50
1     50
3     26
2    108
4     38
Name: count, dtype: int64

INFO:TFR:
Intervalli dei bin TFR:

INFO:TFR:Bin 0: da 0.2500 a 0.7000

INFO:TFR:Bin 1: da 0.7000 a 1.1500

INFO:TFR:Bin 2: da 1.1500 a 1.6000

INFO:TFR:Bin 3: da 1.6000 a 2.0500

INFO:TFR:Bin 4: da 2.0500 a 2.5000

INFO:PDI:Numero di bin per 'PDI_CAT': 4
INFO:PDI:Conteggio degli elementi in ciascun bin di 'PDI_CAT':
INFO:PDI:PDI_CAT
2    71
3    58
1    58
0    85
Name: count, dtype: int64
INFO:PDI:Bin 0: 0.0270 - 0.1351
INFO:PDI:Bin 1: 0.1351 - 0.2432
INFO:PDI:Bin 2: 0.2432 - 0.3513
INFO:PDI:Bin 3: 0.3513 - 0.4594
INFO:root:Dataset con variabili categorizzate:
     FRR_CAT  TFR_CAT  PDI_CAT
0          0        0        2
1          0        1        3
2          2        0        3
3          0        1        1
4          2        1        3
..       ...      ...      ...
270        0        3        0
271        0        1        0
272        0        3        1
273        0        2        1
274        0        1        1

[272 rows x 3 columns]

INFO:root:
Matrice P(FRR_CAT, PDI_CAT)
INFO:root:+-------------------+--------+--------+--------+--------+--------------+
| FRR_CAT / PDI_CAT |   0    |   1    |   2    |   3    | P(FRR_CAT=i) |
+-------------------+--------+--------+--------+--------+--------------+
|         0         | 0.3051 | 0.1985 | 0.2169 | 0.136  |    0.8565    |
|         1         |  0.0   | 0.0037 | 0.0221 | 0.0184 |    0.0442    |
|         2         | 0.0074 | 0.011  | 0.0221 | 0.0588 |    0.0993    |
|   P(PDI_CAT=j)    | 0.3125 | 0.2132 | 0.2611 | 0.2132 |    1.0000    |
+-------------------+--------+--------+--------+--------+--------------+
INFO:root:
Matrice P(TFR_CAT, PDI_CAT)
INFO:root:+-------------------+--------+--------+--------+--------+--------------+
| TFR_CAT / PDI_CAT |   0    |   1    |   2    |   3    | P(TFR_CAT=i) |
+-------------------+--------+--------+--------+--------+--------------+
|         0         | 0.0331 | 0.0257 | 0.0625 | 0.0625 |    0.1838    |
|         1         | 0.0404 | 0.0294 | 0.0257 | 0.0882 |    0.1837    |
|         2         | 0.1507 | 0.0882 | 0.114  | 0.0441 |    0.3970    |
|         3         | 0.0257 | 0.0257 | 0.0257 | 0.0184 |    0.0955    |
|         4         | 0.0625 | 0.0441 | 0.0331 |  0.0   |    0.1397    |
|   P(PDI_CAT=j)    | 0.3124 | 0.2131 | 0.2610 | 0.2132 |    0.9997    |
+-------------------+--------+--------+--------+--------+--------------+
INFO:root:
Matrice P(FRR_CAT, TFR_CAT)
INFO:root:+-------------------+--------+--------+--------+--------+--------+--------------+
| FRR_CAT / TFR_CAT |   0    |   1    |   2    |   3    |   4    | P(FRR_CAT=i) |
+-------------------+--------+--------+--------+--------+--------+--------------+
|         0         | 0.1397 | 0.1176 | 0.386  | 0.0735 | 0.1397 |    0.8565    |
|         1         |  0.0   | 0.0221 |  0.0   | 0.0221 |  0.0   |    0.0442    |
|         2         | 0.0441 | 0.0441 | 0.011  |  0.0   |  0.0   |    0.0992    |
|   P(TFR_CAT=j)    | 0.1838 | 0.1838 | 0.3970 | 0.0956 | 0.1397 |    0.9999    |
+-------------------+--------+--------+--------+--------+--------+--------------+
INFO:root:
P(FRR_CAT, PDI_CAT, TFR_CAT):
INFO:root:+-----------------------------+----------------------+
| (FRR_CAT, PDI_CAT, TFR_CAT) |     Probabilità      |
+-----------------------------+----------------------+
|          (0, 2, 0)          | 0.051470588235294115 |
|          (0, 2, 1)          | 0.011029411764705883 |
|          (0, 2, 3)          | 0.011029411764705883 |
|          (0, 2, 2)          | 0.11029411764705882  |
|          (0, 2, 4)          | 0.03308823529411765  |
|          (0, 3, 0)          | 0.03676470588235294  |
|          (0, 3, 1)          | 0.051470588235294115 |
|          (0, 3, 3)          | 0.011029411764705883 |
|          (0, 3, 2)          | 0.03676470588235294  |
|          (0, 3, 4)          |         0.0          |
|          (0, 1, 0)          | 0.01838235294117647  |
|          (0, 1, 1)          | 0.022058823529411766 |
|          (0, 1, 3)          | 0.025735294117647058 |
|          (0, 1, 2)          | 0.08823529411764706  |
|          (0, 1, 4)          | 0.04411764705882353  |
|          (0, 0, 0)          | 0.03308823529411765  |
|          (0, 0, 1)          | 0.03308823529411765  |
|          (0, 0, 3)          | 0.025735294117647058 |
|          (0, 0, 2)          | 0.15073529411764705  |
|          (0, 0, 4)          |        0.0625        |
|          (2, 2, 0)          | 0.011029411764705883 |
|          (2, 2, 1)          | 0.007352941176470588 |
|          (2, 2, 3)          |         0.0          |
|          (2, 2, 2)          | 0.003676470588235294 |
|          (2, 2, 4)          |         0.0          |
|          (2, 3, 0)          | 0.025735294117647058 |
|          (2, 3, 1)          | 0.025735294117647058 |
|          (2, 3, 3)          |         0.0          |
|          (2, 3, 2)          | 0.007352941176470588 |
|          (2, 3, 4)          |         0.0          |
|          (2, 1, 0)          | 0.007352941176470588 |
|          (2, 1, 1)          | 0.003676470588235294 |
|          (2, 1, 3)          |         0.0          |
|          (2, 1, 2)          |         0.0          |
|          (2, 1, 4)          |         0.0          |
|          (2, 0, 0)          |         0.0          |
|          (2, 0, 1)          | 0.007352941176470588 |
|          (2, 0, 3)          |         0.0          |
|          (2, 0, 2)          |         0.0          |
|          (2, 0, 4)          |         0.0          |
|          (1, 2, 0)          |         0.0          |
|          (1, 2, 1)          | 0.007352941176470588 |
|          (1, 2, 3)          | 0.014705882352941176 |
|          (1, 2, 2)          |         0.0          |
|          (1, 2, 4)          |         0.0          |
|          (1, 3, 0)          |         0.0          |
|          (1, 3, 1)          | 0.011029411764705883 |
|          (1, 3, 3)          | 0.007352941176470588 |
|          (1, 3, 2)          |         0.0          |
|          (1, 3, 4)          |         0.0          |
|          (1, 1, 0)          |         0.0          |
|          (1, 1, 1)          | 0.003676470588235294 |
|          (1, 1, 3)          |         0.0          |
|          (1, 1, 2)          |         0.0          |
|          (1, 1, 4)          |         0.0          |
|          (1, 0, 0)          |         0.0          |
|          (1, 0, 1)          |         0.0          |
|          (1, 0, 3)          |         0.0          |
|          (1, 0, 2)          |         0.0          |
|          (1, 0, 4)          |         0.0          |
+-----------------------------+----------------------+
INFO:root:Le probabilita' marginali PDI corrispondono.
INFO:root:Le probabilita' marginali FRR corrispondono.
INFO:root:Le probabilita' marginali TFR corrispondono.
