INFO:root:

 INIZIO



INFO:root:Dataset originale:
      FRR     SIZE    PDI
0     3.0  117.567  0.327
1     3.0  124.403  0.403
2    50.0  169.247  0.531
3     3.0   73.088  0.238
4    50.0  141.591  0.597
..    ...      ...    ...
270   3.0   81.000  0.112
271  10.0   79.000  0.109
272   7.0   98.000  0.152
273   4.7  118.000  0.205
274   3.0  160.000  0.239

[275 rows x 3 columns]

INFO:root:Dataset dopo eliminazione righe con NaN:
      FRR     SIZE    PDI
0     3.0  117.567  0.327
1     3.0  124.403  0.403
2    50.0  169.247  0.531
3     3.0   73.088  0.238
4    50.0  141.591  0.597
..    ...      ...    ...
270   3.0   81.000  0.112
271  10.0   79.000  0.109
272   7.0   98.000  0.152
273   4.7  118.000  0.205
274   3.0  160.000  0.239

[270 rows x 3 columns]

INFO:FRR:
Numero di bin per 'FRR': 3

INFO:FRR:
Conteggio degli elementi in ciascun bin di 'FRR_CAT':

INFO:FRR:FRR_CAT
0    231
2     27
1     12
Name: count, dtype: int64

INFO:FRR:
Intervalli dei bin FRR:

INFO:FRR:Bin 0: da 1.0000 a 17.3333

INFO:FRR:Bin 1: da 17.3333 a 33.6667

INFO:FRR:Bin 2: da 33.6667 a 50.0000

INFO:SIZE:
Numero di bin per 'SIZE': 4

INFO:SIZE:
Conteggio degli elementi in ciascun bin di 'SIZE_CAT':

INFO:SIZE:SIZE_CAT
1     80
2     50
0    104
3     36
Name: count, dtype: int64

INFO:SIZE:
Intervalli dei bin SIZE:

INFO:SIZE:Bin 0: da 0.0000 a 100.0000

INFO:SIZE:Bin 1: da 100.0000 a 150.0000

INFO:SIZE:Bin 2: da 150.0000 a 200.0000

INFO:SIZE:Bin 3: da 200.0000 a 8974.7340

INFO:PDI:
Numero di bin per 'PDI_CAT': 4

INFO:PDI:
Conteggio degli elementi in ciascun bin di 'PDI_CAT':

INFO:PDI:PDI_CAT
2    71
3    56
1    58
0    85
Name: count, dtype: int64

INFO:PDI:
Intervalli dei bin 'PDI_CAT':

INFO:PDI:Bin 0: [0.027]
INFO:PDI:Bin 1: [0.13511111]
INFO:PDI:Bin 2: [0.24322222]
INFO:PDI:Bin 3: [0.35133333]
INFO:root:Dataset con size e pdi categorizzati:
     FRR_CAT  SIZE_CAT  PDI_CAT
0          0         1        2
1          0         1        3
2          2         2        3
3          0         0        1
4          2         1        3
..       ...       ...      ...
270        0         0        0
271        0         0        0
272        0         0        1
273        0         1        1
274        0         2        1

[270 rows x 3 columns]

INFO:root:
Matrice P(FRR_CAT, SIZE_CAT)
INFO:root:+--------------------+--------+--------+--------+--------+--------------+
| FRR_CAT / SIZE_CAT |   0    |   1    |   2    |   3    | P(FRR_CAT=i) |
+--------------------+--------+--------+--------+--------+--------------+
|         0          | 0.3222 | 0.2444 | 0.1778 | 0.1111 |    0.8555    |
|         1          | 0.0333 | 0.0111 |  0.0   |  0.0   |    0.0444    |
|         2          | 0.0296 | 0.0407 | 0.0074 | 0.0222 |    0.0999    |
|   P(SIZE_CAT=j)    | 0.3851 | 0.2962 | 0.1852 | 0.1333 |    0.9998    |
+--------------------+--------+--------+--------+--------+--------------+
INFO:root:
Matrice P(PDI_CAT, SIZE_CAT)
INFO:root:+--------------------+--------+--------+--------+--------+--------------+
| PDI_CAT / SIZE_CAT |   0    |   1    |   2    |   3    | P(PDI_CAT=i) |
+--------------------+--------+--------+--------+--------+--------------+
|         0          | 0.0593 | 0.1444 | 0.1111 |  0.0   |    0.3148    |
|         1          | 0.1407 | 0.0296 | 0.0444 |  0.0   |    0.2147    |
|         2          | 0.163  | 0.0593 | 0.0111 | 0.0296 |    0.2630    |
|         3          | 0.0222 | 0.063  | 0.0185 | 0.1037 |    0.2074    |
|   P(SIZE_CAT=j)    | 0.3852 | 0.2963 | 0.1851 | 0.1333 |    0.9999    |
+--------------------+--------+--------+--------+--------+--------------+
INFO:root:
Matrice P(FRR_CAT, PDI_CAT)
INFO:root:+-------------------+--------+--------+--------+--------+--------------+
| FRR_CAT / PDI_CAT |   0    |   1    |   2    |   3    | P(FRR_CAT=i) |
+-------------------+--------+--------+--------+--------+--------------+
|         0         | 0.3074 |  0.2   | 0.2185 | 0.1296 |    0.8555    |
|         1         |  0.0   | 0.0037 | 0.0222 | 0.0185 |    0.0444    |
|         2         | 0.0074 | 0.0111 | 0.0222 | 0.0593 |    0.1000    |
|   P(PDI_CAT=j)    | 0.3148 | 0.2148 | 0.2629 | 0.2074 |    0.9999    |
+-------------------+--------+--------+--------+--------+--------------+
INFO:root:
P(FRR_CAT, SIZE_CAT, PDI_CAT):
INFO:root:+------------------------------+----------------------+
| (FRR_CAT, SIZE_CAT, PDI_CAT) |     Probabilità      |
+------------------------------+----------------------+
|          (0, 1, 2)           | 0.044444444444444446 |
|          (0, 1, 3)           | 0.03333333333333333  |
|          (0, 1, 1)           | 0.022222222222222223 |
|          (0, 1, 0)           | 0.14444444444444443  |
|          (0, 2, 2)           | 0.011111111111111112 |
|          (0, 2, 3)           | 0.011111111111111112 |
|          (0, 2, 1)           | 0.044444444444444446 |
|          (0, 2, 0)           |  0.1111111111111111  |
|          (0, 0, 2)           | 0.13333333333333333  |
|          (0, 0, 3)           | 0.003703703703703704 |
|          (0, 0, 1)           | 0.13333333333333333  |
|          (0, 0, 0)           | 0.05185185185185185  |
|          (0, 3, 2)           | 0.02962962962962963  |
|          (0, 3, 3)           | 0.08148148148148149  |
|          (0, 3, 1)           |         0.0          |
|          (0, 3, 0)           |         0.0          |
|          (2, 1, 2)           | 0.014814814814814815 |
|          (2, 1, 3)           | 0.018518518518518517 |
|          (2, 1, 1)           | 0.007407407407407408 |
|          (2, 1, 0)           |         0.0          |
|          (2, 2, 2)           |         0.0          |
|          (2, 2, 3)           | 0.007407407407407408 |
|          (2, 2, 1)           |         0.0          |
|          (2, 2, 0)           |         0.0          |
|          (2, 0, 2)           | 0.007407407407407408 |
|          (2, 0, 3)           | 0.011111111111111112 |
|          (2, 0, 1)           | 0.003703703703703704 |
|          (2, 0, 0)           | 0.007407407407407408 |
|          (2, 3, 2)           |         0.0          |
|          (2, 3, 3)           | 0.022222222222222223 |
|          (2, 3, 1)           |         0.0          |
|          (2, 3, 0)           |         0.0          |
|          (1, 1, 2)           |         0.0          |
|          (1, 1, 3)           | 0.011111111111111112 |
|          (1, 1, 1)           |         0.0          |
|          (1, 1, 0)           |         0.0          |
|          (1, 2, 2)           |         0.0          |
|          (1, 2, 3)           |         0.0          |
|          (1, 2, 1)           |         0.0          |
|          (1, 2, 0)           |         0.0          |
|          (1, 0, 2)           | 0.022222222222222223 |
|          (1, 0, 3)           | 0.007407407407407408 |
|          (1, 0, 1)           | 0.003703703703703704 |
|          (1, 0, 0)           |         0.0          |
|          (1, 3, 2)           |         0.0          |
|          (1, 3, 3)           |         0.0          |
|          (1, 3, 1)           |         0.0          |
|          (1, 3, 0)           |         0.0          |
+------------------------------+----------------------+
INFO:root:Le probabilita' marginali SIZE corrispondono.
INFO:root:Le probabilita' marginali FRR corrispondono.
INFO:root:Le probabilita' marginali PDI corrispondono.
INFO:root:

 INIZIO



INFO:root:Dataset originale:
      FRR     SIZE    PDI
0     3.0  117.567  0.327
1     3.0  124.403  0.403
2    50.0  169.247  0.531
3     3.0   73.088  0.238
4    50.0  141.591  0.597
..    ...      ...    ...
270   3.0   81.000  0.112
271  10.0   79.000  0.109
272   7.0   98.000  0.152
273   4.7  118.000  0.205
274   3.0  160.000  0.239

[275 rows x 3 columns]

INFO:root:Dataset dopo eliminazione righe con NaN:
      FRR     SIZE    PDI
0     3.0  117.567  0.327
1     3.0  124.403  0.403
2    50.0  169.247  0.531
3     3.0   73.088  0.238
4    50.0  141.591  0.597
..    ...      ...    ...
270   3.0   81.000  0.112
271  10.0   79.000  0.109
272   7.0   98.000  0.152
273   4.7  118.000  0.205
274   3.0  160.000  0.239

[270 rows x 3 columns]

INFO:FRR:
Numero di bin per 'FRR': 3

INFO:FRR:
Conteggio degli elementi in ciascun bin di 'FRR_CAT':

INFO:FRR:FRR_CAT
0    231
2     27
1     12
Name: count, dtype: int64

INFO:FRR:
Intervalli dei bin FRR:

INFO:FRR:Bin 0: da 1.0000 a 17.3333

INFO:FRR:Bin 1: da 17.3333 a 33.6667

INFO:FRR:Bin 2: da 33.6667 a 50.0000

INFO:SIZE:
Numero di bin per 'SIZE': 4

INFO:SIZE:
Conteggio degli elementi in ciascun bin di 'SIZE_CAT':

INFO:SIZE:SIZE_CAT
1     80
2     50
0    104
3     36
Name: count, dtype: int64

INFO:SIZE:
Intervalli dei bin SIZE:

INFO:SIZE:Bin 0: da 0.0000 a 100.0000

INFO:SIZE:Bin 1: da 100.0000 a 150.0000

INFO:SIZE:Bin 2: da 150.0000 a 200.0000

INFO:SIZE:Bin 3: da 200.0000 a 8974.7340

INFO:PDI:
Numero di bin per 'PDI_CAT': 4

INFO:PDI:
Conteggio degli elementi in ciascun bin di 'PDI_CAT':

INFO:PDI:PDI_CAT
2    71
3    56
1    58
0    85
Name: count, dtype: int64

INFO:PDI:
Intervalli dei bin 'PDI_CAT':

INFO:PDI:Bin 0: [0.027]
INFO:PDI:Bin 1: [0.13511111]
INFO:PDI:Bin 2: [0.24322222]
INFO:PDI:Bin 3: [0.35133333]
INFO:root:Dataset con size e pdi categorizzati:
     FRR_CAT  SIZE_CAT  PDI_CAT
0          0         1        2
1          0         1        3
2          2         2        3
3          0         0        1
4          2         1        3
..       ...       ...      ...
270        0         0        0
271        0         0        0
272        0         0        1
273        0         1        1
274        0         2        1

[270 rows x 3 columns]

INFO:root:
Matrice P(FRR_CAT, SIZE_CAT)
INFO:root:+--------------------+--------+--------+--------+--------+--------------+
| FRR_CAT / SIZE_CAT |   0    |   1    |   2    |   3    | P(FRR_CAT=i) |
+--------------------+--------+--------+--------+--------+--------------+
|         0          | 0.3222 | 0.2444 | 0.1778 | 0.1111 |    0.8555    |
|         1          | 0.0333 | 0.0111 |  0.0   |  0.0   |    0.0444    |
|         2          | 0.0296 | 0.0407 | 0.0074 | 0.0222 |    0.0999    |
|   P(SIZE_CAT=j)    | 0.3851 | 0.2962 | 0.1852 | 0.1333 |    0.9998    |
+--------------------+--------+--------+--------+--------+--------------+
INFO:root:
Matrice P(PDI_CAT, SIZE_CAT)
INFO:root:+--------------------+--------+--------+--------+--------+--------------+
| PDI_CAT / SIZE_CAT |   0    |   1    |   2    |   3    | P(PDI_CAT=i) |
+--------------------+--------+--------+--------+--------+--------------+
|         0          | 0.0593 | 0.1444 | 0.1111 |  0.0   |    0.3148    |
|         1          | 0.1407 | 0.0296 | 0.0444 |  0.0   |    0.2147    |
|         2          | 0.163  | 0.0593 | 0.0111 | 0.0296 |    0.2630    |
|         3          | 0.0222 | 0.063  | 0.0185 | 0.1037 |    0.2074    |
|   P(SIZE_CAT=j)    | 0.3852 | 0.2963 | 0.1851 | 0.1333 |    0.9999    |
+--------------------+--------+--------+--------+--------+--------------+
INFO:root:
Matrice P(FRR_CAT, PDI_CAT)
INFO:root:+-------------------+--------+--------+--------+--------+--------------+
| FRR_CAT / PDI_CAT |   0    |   1    |   2    |   3    | P(FRR_CAT=i) |
+-------------------+--------+--------+--------+--------+--------------+
|         0         | 0.3074 |  0.2   | 0.2185 | 0.1296 |    0.8555    |
|         1         |  0.0   | 0.0037 | 0.0222 | 0.0185 |    0.0444    |
|         2         | 0.0074 | 0.0111 | 0.0222 | 0.0593 |    0.1000    |
|   P(PDI_CAT=j)    | 0.3148 | 0.2148 | 0.2629 | 0.2074 |    0.9999    |
+-------------------+--------+--------+--------+--------+--------------+
INFO:root:
P(FRR_CAT, SIZE_CAT, PDI_CAT):
INFO:root:+------------------------------+----------------------+
| (FRR_CAT, SIZE_CAT, PDI_CAT) |     Probabilità      |
+------------------------------+----------------------+
|          (0, 1, 2)           | 0.044444444444444446 |
|          (0, 1, 3)           | 0.03333333333333333  |
|          (0, 1, 1)           | 0.022222222222222223 |
|          (0, 1, 0)           | 0.14444444444444443  |
|          (0, 2, 2)           | 0.011111111111111112 |
|          (0, 2, 3)           | 0.011111111111111112 |
|          (0, 2, 1)           | 0.044444444444444446 |
|          (0, 2, 0)           |  0.1111111111111111  |
|          (0, 0, 2)           | 0.13333333333333333  |
|          (0, 0, 3)           | 0.003703703703703704 |
|          (0, 0, 1)           | 0.13333333333333333  |
|          (0, 0, 0)           | 0.05185185185185185  |
|          (0, 3, 2)           | 0.02962962962962963  |
|          (0, 3, 3)           | 0.08148148148148149  |
|          (0, 3, 1)           |         0.0          |
|          (0, 3, 0)           |         0.0          |
|          (2, 1, 2)           | 0.014814814814814815 |
|          (2, 1, 3)           | 0.018518518518518517 |
|          (2, 1, 1)           | 0.007407407407407408 |
|          (2, 1, 0)           |         0.0          |
|          (2, 2, 2)           |         0.0          |
|          (2, 2, 3)           | 0.007407407407407408 |
|          (2, 2, 1)           |         0.0          |
|          (2, 2, 0)           |         0.0          |
|          (2, 0, 2)           | 0.007407407407407408 |
|          (2, 0, 3)           | 0.011111111111111112 |
|          (2, 0, 1)           | 0.003703703703703704 |
|          (2, 0, 0)           | 0.007407407407407408 |
|          (2, 3, 2)           |         0.0          |
|          (2, 3, 3)           | 0.022222222222222223 |
|          (2, 3, 1)           |         0.0          |
|          (2, 3, 0)           |         0.0          |
|          (1, 1, 2)           |         0.0          |
|          (1, 1, 3)           | 0.011111111111111112 |
|          (1, 1, 1)           |         0.0          |
|          (1, 1, 0)           |         0.0          |
|          (1, 2, 2)           |         0.0          |
|          (1, 2, 3)           |         0.0          |
|          (1, 2, 1)           |         0.0          |
|          (1, 2, 0)           |         0.0          |
|          (1, 0, 2)           | 0.022222222222222223 |
|          (1, 0, 3)           | 0.007407407407407408 |
|          (1, 0, 1)           | 0.003703703703703704 |
|          (1, 0, 0)           |         0.0          |
|          (1, 3, 2)           |         0.0          |
|          (1, 3, 3)           |         0.0          |
|          (1, 3, 1)           |         0.0          |
|          (1, 3, 0)           |         0.0          |
+------------------------------+----------------------+
INFO:root:Le probabilita' marginali SIZE corrispondono.
INFO:root:Le probabilita' marginali FRR corrispondono.
INFO:root:Le probabilita' marginali PDI corrispondono.
INFO:root:

 INIZIO



INFO:root:Dataset originale:
      FRR     SIZE    PDI
0     3.0  117.567  0.327
1     3.0  124.403  0.403
2    50.0  169.247  0.531
3     3.0   73.088  0.238
4    50.0  141.591  0.597
..    ...      ...    ...
270   3.0   81.000  0.112
271  10.0   79.000  0.109
272   7.0   98.000  0.152
273   4.7  118.000  0.205
274   3.0  160.000  0.239

[275 rows x 3 columns]

INFO:root:Dataset dopo eliminazione righe con NaN:
      FRR     SIZE    PDI
0     3.0  117.567  0.327
1     3.0  124.403  0.403
2    50.0  169.247  0.531
3     3.0   73.088  0.238
4    50.0  141.591  0.597
..    ...      ...    ...
270   3.0   81.000  0.112
271  10.0   79.000  0.109
272   7.0   98.000  0.152
273   4.7  118.000  0.205
274   3.0  160.000  0.239

[270 rows x 3 columns]

INFO:FRR:
Numero di bin per 'FRR': 3

INFO:FRR:
Conteggio degli elementi in ciascun bin di 'FRR_CAT':

INFO:FRR:FRR_CAT
0    231
2     27
1     12
Name: count, dtype: int64

INFO:FRR:
Intervalli dei bin FRR:

INFO:FRR:Bin 0: da 1.0000 a 17.3333

INFO:FRR:Bin 1: da 17.3333 a 33.6667

INFO:FRR:Bin 2: da 33.6667 a 50.0000

INFO:SIZE:
Numero di bin per 'SIZE': 4

INFO:SIZE:
Conteggio degli elementi in ciascun bin di 'SIZE_CAT':

INFO:SIZE:SIZE_CAT
1     80
2     50
0    104
3     36
Name: count, dtype: int64

INFO:SIZE:
Intervalli dei bin SIZE:

INFO:SIZE:Bin 0: da 0.0000 a 100.0000

INFO:SIZE:Bin 1: da 100.0000 a 150.0000

INFO:SIZE:Bin 2: da 150.0000 a 200.0000

INFO:SIZE:Bin 3: da 200.0000 a 8974.7340

INFO:PDI:
Numero di bin per 'PDI_CAT': 4

INFO:PDI:
Conteggio degli elementi in ciascun bin di 'PDI_CAT':

INFO:PDI:PDI_CAT
2    71
3    56
1    58
0    85
Name: count, dtype: int64

INFO:PDI:
Intervalli dei bin 'PDI_CAT':

INFO:PDI:Bin 0: [0.027]
INFO:PDI:Bin 1: [0.13511111]
INFO:PDI:Bin 2: [0.24322222]
INFO:PDI:Bin 3: [0.35133333]
INFO:root:Dataset con size e pdi categorizzati:
     FRR_CAT  SIZE_CAT  PDI_CAT
0          0         1        2
1          0         1        3
2          2         2        3
3          0         0        1
4          2         1        3
..       ...       ...      ...
270        0         0        0
271        0         0        0
272        0         0        1
273        0         1        1
274        0         2        1

[270 rows x 3 columns]

INFO:root:
Matrice P(FRR_CAT, SIZE_CAT)
INFO:root:+--------------------+--------+--------+--------+--------+--------------+
| FRR_CAT / SIZE_CAT |   0    |   1    |   2    |   3    | P(FRR_CAT=i) |
+--------------------+--------+--------+--------+--------+--------------+
|         0          | 0.3222 | 0.2444 | 0.1778 | 0.1111 |    0.8555    |
|         1          | 0.0333 | 0.0111 |  0.0   |  0.0   |    0.0444    |
|         2          | 0.0296 | 0.0407 | 0.0074 | 0.0222 |    0.0999    |
|   P(SIZE_CAT=j)    | 0.3851 | 0.2962 | 0.1852 | 0.1333 |    0.9998    |
+--------------------+--------+--------+--------+--------+--------------+
INFO:root:
Matrice P(PDI_CAT, SIZE_CAT)
INFO:root:+--------------------+--------+--------+--------+--------+--------------+
| PDI_CAT / SIZE_CAT |   0    |   1    |   2    |   3    | P(PDI_CAT=i) |
+--------------------+--------+--------+--------+--------+--------------+
|         0          | 0.0593 | 0.1444 | 0.1111 |  0.0   |    0.3148    |
|         1          | 0.1407 | 0.0296 | 0.0444 |  0.0   |    0.2147    |
|         2          | 0.163  | 0.0593 | 0.0111 | 0.0296 |    0.2630    |
|         3          | 0.0222 | 0.063  | 0.0185 | 0.1037 |    0.2074    |
|   P(SIZE_CAT=j)    | 0.3852 | 0.2963 | 0.1851 | 0.1333 |    0.9999    |
+--------------------+--------+--------+--------+--------+--------------+
INFO:root:
Matrice P(FRR_CAT, PDI_CAT)
INFO:root:+-------------------+--------+--------+--------+--------+--------------+
| FRR_CAT / PDI_CAT |   0    |   1    |   2    |   3    | P(FRR_CAT=i) |
+-------------------+--------+--------+--------+--------+--------------+
|         0         | 0.3074 |  0.2   | 0.2185 | 0.1296 |    0.8555    |
|         1         |  0.0   | 0.0037 | 0.0222 | 0.0185 |    0.0444    |
|         2         | 0.0074 | 0.0111 | 0.0222 | 0.0593 |    0.1000    |
|   P(PDI_CAT=j)    | 0.3148 | 0.2148 | 0.2629 | 0.2074 |    0.9999    |
+-------------------+--------+--------+--------+--------+--------------+
INFO:root:
P(FRR_CAT, SIZE_CAT, PDI_CAT):
INFO:root:+------------------------------+----------------------+
| (FRR_CAT, SIZE_CAT, PDI_CAT) |     Probabilità      |
+------------------------------+----------------------+
|          (0, 1, 2)           | 0.044444444444444446 |
|          (0, 1, 3)           | 0.03333333333333333  |
|          (0, 1, 1)           | 0.022222222222222223 |
|          (0, 1, 0)           | 0.14444444444444443  |
|          (0, 2, 2)           | 0.011111111111111112 |
|          (0, 2, 3)           | 0.011111111111111112 |
|          (0, 2, 1)           | 0.044444444444444446 |
|          (0, 2, 0)           |  0.1111111111111111  |
|          (0, 0, 2)           | 0.13333333333333333  |
|          (0, 0, 3)           | 0.003703703703703704 |
|          (0, 0, 1)           | 0.13333333333333333  |
|          (0, 0, 0)           | 0.05185185185185185  |
|          (0, 3, 2)           | 0.02962962962962963  |
|          (0, 3, 3)           | 0.08148148148148149  |
|          (0, 3, 1)           |         0.0          |
|          (0, 3, 0)           |         0.0          |
|          (2, 1, 2)           | 0.014814814814814815 |
|          (2, 1, 3)           | 0.018518518518518517 |
|          (2, 1, 1)           | 0.007407407407407408 |
|          (2, 1, 0)           |         0.0          |
|          (2, 2, 2)           |         0.0          |
|          (2, 2, 3)           | 0.007407407407407408 |
|          (2, 2, 1)           |         0.0          |
|          (2, 2, 0)           |         0.0          |
|          (2, 0, 2)           | 0.007407407407407408 |
|          (2, 0, 3)           | 0.011111111111111112 |
|          (2, 0, 1)           | 0.003703703703703704 |
|          (2, 0, 0)           | 0.007407407407407408 |
|          (2, 3, 2)           |         0.0          |
|          (2, 3, 3)           | 0.022222222222222223 |
|          (2, 3, 1)           |         0.0          |
|          (2, 3, 0)           |         0.0          |
|          (1, 1, 2)           |         0.0          |
|          (1, 1, 3)           | 0.011111111111111112 |
|          (1, 1, 1)           |         0.0          |
|          (1, 1, 0)           |         0.0          |
|          (1, 2, 2)           |         0.0          |
|          (1, 2, 3)           |         0.0          |
|          (1, 2, 1)           |         0.0          |
|          (1, 2, 0)           |         0.0          |
|          (1, 0, 2)           | 0.022222222222222223 |
|          (1, 0, 3)           | 0.007407407407407408 |
|          (1, 0, 1)           | 0.003703703703703704 |
|          (1, 0, 0)           |         0.0          |
|          (1, 3, 2)           |         0.0          |
|          (1, 3, 3)           |         0.0          |
|          (1, 3, 1)           |         0.0          |
|          (1, 3, 0)           |         0.0          |
+------------------------------+----------------------+
INFO:root:Le probabilita' marginali SIZE corrispondono.
INFO:root:Le probabilita' marginali FRR corrispondono.
INFO:root:Le probabilita' marginali PDI corrispondono.
INFO:root:

 INIZIO



INFO:root:Dataset originale:
      FRR     SIZE    PDI
0     3.0  117.567  0.327
1     3.0  124.403  0.403
2    50.0  169.247  0.531
3     3.0   73.088  0.238
4    50.0  141.591  0.597
..    ...      ...    ...
270   3.0   81.000  0.112
271  10.0   79.000  0.109
272   7.0   98.000  0.152
273   4.7  118.000  0.205
274   3.0  160.000  0.239

[275 rows x 3 columns]

INFO:root:Dataset dopo eliminazione righe con NaN:
      FRR     SIZE    PDI
0     3.0  117.567  0.327
1     3.0  124.403  0.403
2    50.0  169.247  0.531
3     3.0   73.088  0.238
4    50.0  141.591  0.597
..    ...      ...    ...
270   3.0   81.000  0.112
271  10.0   79.000  0.109
272   7.0   98.000  0.152
273   4.7  118.000  0.205
274   3.0  160.000  0.239

[270 rows x 3 columns]

INFO:FRR:
Numero di bin per 'FRR': 3

INFO:FRR:
Conteggio degli elementi in ciascun bin di 'FRR_CAT':

INFO:FRR:FRR_CAT
0    231
2     27
1     12
Name: count, dtype: int64

INFO:FRR:
Intervalli dei bin FRR:

INFO:FRR:Bin 0: da 1.0000 a 17.3333

INFO:FRR:Bin 1: da 17.3333 a 33.6667

INFO:FRR:Bin 2: da 33.6667 a 50.0000

INFO:SIZE:
Numero di bin per 'SIZE': 4

INFO:SIZE:
Conteggio degli elementi in ciascun bin di 'SIZE_CAT':

INFO:SIZE:SIZE_CAT
1     80
2     50
0    104
3     36
Name: count, dtype: int64

INFO:SIZE:
Intervalli dei bin SIZE:

INFO:SIZE:Bin 0: da 0.0000 a 100.0000

INFO:SIZE:Bin 1: da 100.0000 a 150.0000

INFO:SIZE:Bin 2: da 150.0000 a 200.0000

INFO:SIZE:Bin 3: da 200.0000 a 8974.7340

INFO:PDI:
Numero di bin per 'PDI_CAT': 4

INFO:PDI:
Conteggio degli elementi in ciascun bin di 'PDI_CAT':

INFO:PDI:PDI_CAT
2    71
3    56
1    58
0    85
Name: count, dtype: int64

INFO:PDI:
Intervalli dei bin 'PDI_CAT':

INFO:PDI:Bin 0: [0.027]
INFO:PDI:Bin 1: [0.13511111]
INFO:PDI:Bin 2: [0.24322222]
INFO:PDI:Bin 3: [0.35133333]
INFO:root:Dataset con size e pdi categorizzati:
     FRR_CAT  SIZE_CAT  PDI_CAT
0          0         1        2
1          0         1        3
2          2         2        3
3          0         0        1
4          2         1        3
..       ...       ...      ...
270        0         0        0
271        0         0        0
272        0         0        1
273        0         1        1
274        0         2        1

[270 rows x 3 columns]

INFO:root:
Matrice P(FRR_CAT, SIZE_CAT)
INFO:root:+--------------------+--------+--------+--------+--------+--------------+
| FRR_CAT / SIZE_CAT |   0    |   1    |   2    |   3    | P(FRR_CAT=i) |
+--------------------+--------+--------+--------+--------+--------------+
|         0          | 0.3222 | 0.2444 | 0.1778 | 0.1111 |    0.8555    |
|         1          | 0.0333 | 0.0111 |  0.0   |  0.0   |    0.0444    |
|         2          | 0.0296 | 0.0407 | 0.0074 | 0.0222 |    0.0999    |
|   P(SIZE_CAT=j)    | 0.3851 | 0.2962 | 0.1852 | 0.1333 |    0.9998    |
+--------------------+--------+--------+--------+--------+--------------+
INFO:root:
Matrice P(PDI_CAT, SIZE_CAT)
INFO:root:+--------------------+--------+--------+--------+--------+--------------+
| PDI_CAT / SIZE_CAT |   0    |   1    |   2    |   3    | P(PDI_CAT=i) |
+--------------------+--------+--------+--------+--------+--------------+
|         0          | 0.0593 | 0.1444 | 0.1111 |  0.0   |    0.3148    |
|         1          | 0.1407 | 0.0296 | 0.0444 |  0.0   |    0.2147    |
|         2          | 0.163  | 0.0593 | 0.0111 | 0.0296 |    0.2630    |
|         3          | 0.0222 | 0.063  | 0.0185 | 0.1037 |    0.2074    |
|   P(SIZE_CAT=j)    | 0.3852 | 0.2963 | 0.1851 | 0.1333 |    0.9999    |
+--------------------+--------+--------+--------+--------+--------------+
INFO:root:
Matrice P(FRR_CAT, PDI_CAT)
INFO:root:+-------------------+--------+--------+--------+--------+--------------+
| FRR_CAT / PDI_CAT |   0    |   1    |   2    |   3    | P(FRR_CAT=i) |
+-------------------+--------+--------+--------+--------+--------------+
|         0         | 0.3074 |  0.2   | 0.2185 | 0.1296 |    0.8555    |
|         1         |  0.0   | 0.0037 | 0.0222 | 0.0185 |    0.0444    |
|         2         | 0.0074 | 0.0111 | 0.0222 | 0.0593 |    0.1000    |
|   P(PDI_CAT=j)    | 0.3148 | 0.2148 | 0.2629 | 0.2074 |    0.9999    |
+-------------------+--------+--------+--------+--------+--------------+
INFO:root:
P(FRR_CAT, SIZE_CAT, PDI_CAT):
INFO:root:+------------------------------+----------------------+
| (FRR_CAT, SIZE_CAT, PDI_CAT) |     Probabilità      |
+------------------------------+----------------------+
|          (0, 1, 2)           | 0.044444444444444446 |
|          (0, 1, 3)           | 0.03333333333333333  |
|          (0, 1, 1)           | 0.022222222222222223 |
|          (0, 1, 0)           | 0.14444444444444443  |
|          (0, 2, 2)           | 0.011111111111111112 |
|          (0, 2, 3)           | 0.011111111111111112 |
|          (0, 2, 1)           | 0.044444444444444446 |
|          (0, 2, 0)           |  0.1111111111111111  |
|          (0, 0, 2)           | 0.13333333333333333  |
|          (0, 0, 3)           | 0.003703703703703704 |
|          (0, 0, 1)           | 0.13333333333333333  |
|          (0, 0, 0)           | 0.05185185185185185  |
|          (0, 3, 2)           | 0.02962962962962963  |
|          (0, 3, 3)           | 0.08148148148148149  |
|          (0, 3, 1)           |         0.0          |
|          (0, 3, 0)           |         0.0          |
|          (2, 1, 2)           | 0.014814814814814815 |
|          (2, 1, 3)           | 0.018518518518518517 |
|          (2, 1, 1)           | 0.007407407407407408 |
|          (2, 1, 0)           |         0.0          |
|          (2, 2, 2)           |         0.0          |
|          (2, 2, 3)           | 0.007407407407407408 |
|          (2, 2, 1)           |         0.0          |
|          (2, 2, 0)           |         0.0          |
|          (2, 0, 2)           | 0.007407407407407408 |
|          (2, 0, 3)           | 0.011111111111111112 |
|          (2, 0, 1)           | 0.003703703703703704 |
|          (2, 0, 0)           | 0.007407407407407408 |
|          (2, 3, 2)           |         0.0          |
|          (2, 3, 3)           | 0.022222222222222223 |
|          (2, 3, 1)           |         0.0          |
|          (2, 3, 0)           |         0.0          |
|          (1, 1, 2)           |         0.0          |
|          (1, 1, 3)           | 0.011111111111111112 |
|          (1, 1, 1)           |         0.0          |
|          (1, 1, 0)           |         0.0          |
|          (1, 2, 2)           |         0.0          |
|          (1, 2, 3)           |         0.0          |
|          (1, 2, 1)           |         0.0          |
|          (1, 2, 0)           |         0.0          |
|          (1, 0, 2)           | 0.022222222222222223 |
|          (1, 0, 3)           | 0.007407407407407408 |
|          (1, 0, 1)           | 0.003703703703703704 |
|          (1, 0, 0)           |         0.0          |
|          (1, 3, 2)           |         0.0          |
|          (1, 3, 3)           |         0.0          |
|          (1, 3, 1)           |         0.0          |
|          (1, 3, 0)           |         0.0          |
+------------------------------+----------------------+
INFO:root:Le probabilita' marginali SIZE corrispondono.
INFO:root:Le probabilita' marginali FRR corrispondono.
INFO:root:Le probabilita' marginali PDI corrispondono.
INFO:root:

 INIZIO



INFO:root:Dataset originale:
      FRR     SIZE    PDI
0     3.0  117.567  0.327
1     3.0  124.403  0.403
2    50.0  169.247  0.531
3     3.0   73.088  0.238
4    50.0  141.591  0.597
..    ...      ...    ...
270   3.0   81.000  0.112
271  10.0   79.000  0.109
272   7.0   98.000  0.152
273   4.7  118.000  0.205
274   3.0  160.000  0.239

[275 rows x 3 columns]

INFO:root:Dataset dopo eliminazione righe con NaN:
      FRR     SIZE    PDI
0     3.0  117.567  0.327
1     3.0  124.403  0.403
2    50.0  169.247  0.531
3     3.0   73.088  0.238
4    50.0  141.591  0.597
..    ...      ...    ...
270   3.0   81.000  0.112
271  10.0   79.000  0.109
272   7.0   98.000  0.152
273   4.7  118.000  0.205
274   3.0  160.000  0.239

[270 rows x 3 columns]

INFO:FRR:
Numero di bin per 'FRR': 3

INFO:FRR:
Conteggio degli elementi in ciascun bin di 'FRR_CAT':

INFO:FRR:FRR_CAT
0    231
2     27
1     12
Name: count, dtype: int64

INFO:FRR:
Intervalli dei bin FRR:

INFO:FRR:Bin 0: da 1.0000 a 17.3333

INFO:FRR:Bin 1: da 17.3333 a 33.6667

INFO:FRR:Bin 2: da 33.6667 a 50.0000

INFO:SIZE:
Numero di bin per 'SIZE': 4

INFO:SIZE:
Conteggio degli elementi in ciascun bin di 'SIZE_CAT':

INFO:SIZE:SIZE_CAT
1     80
2     50
0    104
3     36
Name: count, dtype: int64

INFO:SIZE:
Intervalli dei bin SIZE:

INFO:SIZE:Bin 0: da 0.0000 a 100.0000

INFO:SIZE:Bin 1: da 100.0000 a 150.0000

INFO:SIZE:Bin 2: da 150.0000 a 200.0000

INFO:SIZE:Bin 3: da 200.0000 a 8974.7340

INFO:PDI:
Numero di bin per 'PDI_CAT': 4

INFO:PDI:
Conteggio degli elementi in ciascun bin di 'PDI_CAT':

INFO:PDI:PDI_CAT
2    71
3    56
1    58
0    85
Name: count, dtype: int64

INFO:PDI:
Intervalli dei bin 'PDI_CAT':

INFO:PDI:Bin 0: [0.027]
INFO:PDI:Bin 1: [0.13511111]
INFO:PDI:Bin 2: [0.24322222]
INFO:PDI:Bin 3: [0.35133333]
INFO:root:Dataset con size e pdi categorizzati:
     FRR_CAT  SIZE_CAT  PDI_CAT
0          0         1        2
1          0         1        3
2          2         2        3
3          0         0        1
4          2         1        3
..       ...       ...      ...
270        0         0        0
271        0         0        0
272        0         0        1
273        0         1        1
274        0         2        1

[270 rows x 3 columns]

INFO:root:
Matrice P(FRR_CAT, SIZE_CAT)
INFO:root:+--------------------+--------+--------+--------+--------+--------------+
| FRR_CAT / SIZE_CAT |   0    |   1    |   2    |   3    | P(FRR_CAT=i) |
+--------------------+--------+--------+--------+--------+--------------+
|         0          | 0.3222 | 0.2444 | 0.1778 | 0.1111 |    0.8555    |
|         1          | 0.0333 | 0.0111 |  0.0   |  0.0   |    0.0444    |
|         2          | 0.0296 | 0.0407 | 0.0074 | 0.0222 |    0.0999    |
|   P(SIZE_CAT=j)    | 0.3851 | 0.2962 | 0.1852 | 0.1333 |    0.9998    |
+--------------------+--------+--------+--------+--------+--------------+
INFO:root:
Matrice P(PDI_CAT, SIZE_CAT)
INFO:root:+--------------------+--------+--------+--------+--------+--------------+
| PDI_CAT / SIZE_CAT |   0    |   1    |   2    |   3    | P(PDI_CAT=i) |
+--------------------+--------+--------+--------+--------+--------------+
|         0          | 0.0593 | 0.1444 | 0.1111 |  0.0   |    0.3148    |
|         1          | 0.1407 | 0.0296 | 0.0444 |  0.0   |    0.2147    |
|         2          | 0.163  | 0.0593 | 0.0111 | 0.0296 |    0.2630    |
|         3          | 0.0222 | 0.063  | 0.0185 | 0.1037 |    0.2074    |
|   P(SIZE_CAT=j)    | 0.3852 | 0.2963 | 0.1851 | 0.1333 |    0.9999    |
+--------------------+--------+--------+--------+--------+--------------+
INFO:root:
Matrice P(FRR_CAT, PDI_CAT)
INFO:root:+-------------------+--------+--------+--------+--------+--------------+
| FRR_CAT / PDI_CAT |   0    |   1    |   2    |   3    | P(FRR_CAT=i) |
+-------------------+--------+--------+--------+--------+--------------+
|         0         | 0.3074 |  0.2   | 0.2185 | 0.1296 |    0.8555    |
|         1         |  0.0   | 0.0037 | 0.0222 | 0.0185 |    0.0444    |
|         2         | 0.0074 | 0.0111 | 0.0222 | 0.0593 |    0.1000    |
|   P(PDI_CAT=j)    | 0.3148 | 0.2148 | 0.2629 | 0.2074 |    0.9999    |
+-------------------+--------+--------+--------+--------+--------------+
INFO:root:
P(FRR_CAT, SIZE_CAT, PDI_CAT):
INFO:root:+------------------------------+----------------------+
| (FRR_CAT, SIZE_CAT, PDI_CAT) |     Probabilità      |
+------------------------------+----------------------+
|          (0, 1, 2)           | 0.044444444444444446 |
|          (0, 1, 3)           | 0.03333333333333333  |
|          (0, 1, 1)           | 0.022222222222222223 |
|          (0, 1, 0)           | 0.14444444444444443  |
|          (0, 2, 2)           | 0.011111111111111112 |
|          (0, 2, 3)           | 0.011111111111111112 |
|          (0, 2, 1)           | 0.044444444444444446 |
|          (0, 2, 0)           |  0.1111111111111111  |
|          (0, 0, 2)           | 0.13333333333333333  |
|          (0, 0, 3)           | 0.003703703703703704 |
|          (0, 0, 1)           | 0.13333333333333333  |
|          (0, 0, 0)           | 0.05185185185185185  |
|          (0, 3, 2)           | 0.02962962962962963  |
|          (0, 3, 3)           | 0.08148148148148149  |
|          (0, 3, 1)           |         0.0          |
|          (0, 3, 0)           |         0.0          |
|          (2, 1, 2)           | 0.014814814814814815 |
|          (2, 1, 3)           | 0.018518518518518517 |
|          (2, 1, 1)           | 0.007407407407407408 |
|          (2, 1, 0)           |         0.0          |
|          (2, 2, 2)           |         0.0          |
|          (2, 2, 3)           | 0.007407407407407408 |
|          (2, 2, 1)           |         0.0          |
|          (2, 2, 0)           |         0.0          |
|          (2, 0, 2)           | 0.007407407407407408 |
|          (2, 0, 3)           | 0.011111111111111112 |
|          (2, 0, 1)           | 0.003703703703703704 |
|          (2, 0, 0)           | 0.007407407407407408 |
|          (2, 3, 2)           |         0.0          |
|          (2, 3, 3)           | 0.022222222222222223 |
|          (2, 3, 1)           |         0.0          |
|          (2, 3, 0)           |         0.0          |
|          (1, 1, 2)           |         0.0          |
|          (1, 1, 3)           | 0.011111111111111112 |
|          (1, 1, 1)           |         0.0          |
|          (1, 1, 0)           |         0.0          |
|          (1, 2, 2)           |         0.0          |
|          (1, 2, 3)           |         0.0          |
|          (1, 2, 1)           |         0.0          |
|          (1, 2, 0)           |         0.0          |
|          (1, 0, 2)           | 0.022222222222222223 |
|          (1, 0, 3)           | 0.007407407407407408 |
|          (1, 0, 1)           | 0.003703703703703704 |
|          (1, 0, 0)           |         0.0          |
|          (1, 3, 2)           |         0.0          |
|          (1, 3, 3)           |         0.0          |
|          (1, 3, 1)           |         0.0          |
|          (1, 3, 0)           |         0.0          |
+------------------------------+----------------------+
INFO:root:Le probabilita' marginali SIZE corrispondono.
INFO:root:Le probabilita' marginali FRR corrispondono.
INFO:root:Le probabilita' marginali PDI corrispondono.
INFO:root:

 INIZIO



INFO:root:Dataset originale:
      FRR     SIZE    PDI
0     3.0  117.567  0.327
1     3.0  124.403  0.403
2    50.0  169.247  0.531
3     3.0   73.088  0.238
4    50.0  141.591  0.597
..    ...      ...    ...
270   3.0   81.000  0.112
271  10.0   79.000  0.109
272   7.0   98.000  0.152
273   4.7  118.000  0.205
274   3.0  160.000  0.239

[275 rows x 3 columns]

INFO:root:Dataset dopo eliminazione righe con NaN:
      FRR     SIZE    PDI
0     3.0  117.567  0.327
1     3.0  124.403  0.403
2    50.0  169.247  0.531
3     3.0   73.088  0.238
4    50.0  141.591  0.597
..    ...      ...    ...
270   3.0   81.000  0.112
271  10.0   79.000  0.109
272   7.0   98.000  0.152
273   4.7  118.000  0.205
274   3.0  160.000  0.239

[270 rows x 3 columns]

INFO:FRR:
Numero di bin per 'FRR': 3

INFO:FRR:
Conteggio degli elementi in ciascun bin di 'FRR_CAT':

INFO:FRR:FRR_CAT
0    231
2     27
1     12
Name: count, dtype: int64

INFO:FRR:
Intervalli dei bin FRR:

INFO:FRR:Bin 0: da 1.0000 a 17.3333

INFO:FRR:Bin 1: da 17.3333 a 33.6667

INFO:FRR:Bin 2: da 33.6667 a 50.0000

INFO:SIZE:
Numero di bin per 'SIZE': 4

INFO:SIZE:
Conteggio degli elementi in ciascun bin di 'SIZE_CAT':

INFO:SIZE:SIZE_CAT
1     80
2     50
0    104
3     36
Name: count, dtype: int64

INFO:SIZE:
Intervalli dei bin SIZE:

INFO:SIZE:Bin 0: da 0.0000 a 100.0000

INFO:SIZE:Bin 1: da 100.0000 a 150.0000

INFO:SIZE:Bin 2: da 150.0000 a 200.0000

INFO:SIZE:Bin 3: da 200.0000 a 8974.7340

INFO:PDI:
Numero di bin per 'PDI_CAT': 4

INFO:PDI:
Conteggio degli elementi in ciascun bin di 'PDI_CAT':

INFO:PDI:PDI_CAT
2    71
3    56
1    58
0    85
Name: count, dtype: int64

INFO:PDI:
Intervalli dei bin 'PDI_CAT':

INFO:PDI:Bin 0: [0.027]
INFO:PDI:Bin 1: [0.13511111]
INFO:PDI:Bin 2: [0.24322222]
INFO:PDI:Bin 3: [0.35133333]
INFO:root:Dataset con size e pdi categorizzati:
     FRR_CAT  SIZE_CAT  PDI_CAT
0          0         1        2
1          0         1        3
2          2         2        3
3          0         0        1
4          2         1        3
..       ...       ...      ...
270        0         0        0
271        0         0        0
272        0         0        1
273        0         1        1
274        0         2        1

[270 rows x 3 columns]

INFO:root:
Matrice P(FRR_CAT, SIZE_CAT)
INFO:root:+--------------------+--------+--------+--------+--------+--------------+
| FRR_CAT / SIZE_CAT |   0    |   1    |   2    |   3    | P(FRR_CAT=i) |
+--------------------+--------+--------+--------+--------+--------------+
|         0          | 0.3222 | 0.2444 | 0.1778 | 0.1111 |    0.8555    |
|         1          | 0.0333 | 0.0111 |  0.0   |  0.0   |    0.0444    |
|         2          | 0.0296 | 0.0407 | 0.0074 | 0.0222 |    0.0999    |
|   P(SIZE_CAT=j)    | 0.3851 | 0.2962 | 0.1852 | 0.1333 |    0.9998    |
+--------------------+--------+--------+--------+--------+--------------+
INFO:root:
Matrice P(PDI_CAT, SIZE_CAT)
INFO:root:+--------------------+--------+--------+--------+--------+--------------+
| PDI_CAT / SIZE_CAT |   0    |   1    |   2    |   3    | P(PDI_CAT=i) |
+--------------------+--------+--------+--------+--------+--------------+
|         0          | 0.0593 | 0.1444 | 0.1111 |  0.0   |    0.3148    |
|         1          | 0.1407 | 0.0296 | 0.0444 |  0.0   |    0.2147    |
|         2          | 0.163  | 0.0593 | 0.0111 | 0.0296 |    0.2630    |
|         3          | 0.0222 | 0.063  | 0.0185 | 0.1037 |    0.2074    |
|   P(SIZE_CAT=j)    | 0.3852 | 0.2963 | 0.1851 | 0.1333 |    0.9999    |
+--------------------+--------+--------+--------+--------+--------------+
INFO:root:
Matrice P(FRR_CAT, PDI_CAT)
INFO:root:+-------------------+--------+--------+--------+--------+--------------+
| FRR_CAT / PDI_CAT |   0    |   1    |   2    |   3    | P(FRR_CAT=i) |
+-------------------+--------+--------+--------+--------+--------------+
|         0         | 0.3074 |  0.2   | 0.2185 | 0.1296 |    0.8555    |
|         1         |  0.0   | 0.0037 | 0.0222 | 0.0185 |    0.0444    |
|         2         | 0.0074 | 0.0111 | 0.0222 | 0.0593 |    0.1000    |
|   P(PDI_CAT=j)    | 0.3148 | 0.2148 | 0.2629 | 0.2074 |    0.9999    |
+-------------------+--------+--------+--------+--------+--------------+
INFO:root:
P(FRR_CAT, SIZE_CAT, PDI_CAT):
INFO:root:+------------------------------+----------------------+
| (FRR_CAT, SIZE_CAT, PDI_CAT) |     Probabilità      |
+------------------------------+----------------------+
|          (0, 1, 2)           | 0.044444444444444446 |
|          (0, 1, 3)           | 0.03333333333333333  |
|          (0, 1, 1)           | 0.022222222222222223 |
|          (0, 1, 0)           | 0.14444444444444443  |
|          (0, 2, 2)           | 0.011111111111111112 |
|          (0, 2, 3)           | 0.011111111111111112 |
|          (0, 2, 1)           | 0.044444444444444446 |
|          (0, 2, 0)           |  0.1111111111111111  |
|          (0, 0, 2)           | 0.13333333333333333  |
|          (0, 0, 3)           | 0.003703703703703704 |
|          (0, 0, 1)           | 0.13333333333333333  |
|          (0, 0, 0)           | 0.05185185185185185  |
|          (0, 3, 2)           | 0.02962962962962963  |
|          (0, 3, 3)           | 0.08148148148148149  |
|          (0, 3, 1)           |         0.0          |
|          (0, 3, 0)           |         0.0          |
|          (2, 1, 2)           | 0.014814814814814815 |
|          (2, 1, 3)           | 0.018518518518518517 |
|          (2, 1, 1)           | 0.007407407407407408 |
|          (2, 1, 0)           |         0.0          |
|          (2, 2, 2)           |         0.0          |
|          (2, 2, 3)           | 0.007407407407407408 |
|          (2, 2, 1)           |         0.0          |
|          (2, 2, 0)           |         0.0          |
|          (2, 0, 2)           | 0.007407407407407408 |
|          (2, 0, 3)           | 0.011111111111111112 |
|          (2, 0, 1)           | 0.003703703703703704 |
|          (2, 0, 0)           | 0.007407407407407408 |
|          (2, 3, 2)           |         0.0          |
|          (2, 3, 3)           | 0.022222222222222223 |
|          (2, 3, 1)           |         0.0          |
|          (2, 3, 0)           |         0.0          |
|          (1, 1, 2)           |         0.0          |
|          (1, 1, 3)           | 0.011111111111111112 |
|          (1, 1, 1)           |         0.0          |
|          (1, 1, 0)           |         0.0          |
|          (1, 2, 2)           |         0.0          |
|          (1, 2, 3)           |         0.0          |
|          (1, 2, 1)           |         0.0          |
|          (1, 2, 0)           |         0.0          |
|          (1, 0, 2)           | 0.022222222222222223 |
|          (1, 0, 3)           | 0.007407407407407408 |
|          (1, 0, 1)           | 0.003703703703703704 |
|          (1, 0, 0)           |         0.0          |
|          (1, 3, 2)           |         0.0          |
|          (1, 3, 3)           |         0.0          |
|          (1, 3, 1)           |         0.0          |
|          (1, 3, 0)           |         0.0          |
+------------------------------+----------------------+
INFO:root:Le probabilita' marginali SIZE corrispondono.
INFO:root:Le probabilita' marginali FRR corrispondono.
INFO:root:Le probabilita' marginali PDI corrispondono.
INFO:root:

 INIZIO



INFO:root:Dataset originale:
      FRR     SIZE    PDI
0     3.0  117.567  0.327
1     3.0  124.403  0.403
2    50.0  169.247  0.531
3     3.0   73.088  0.238
4    50.0  141.591  0.597
..    ...      ...    ...
270   3.0   81.000  0.112
271  10.0   79.000  0.109
272   7.0   98.000  0.152
273   4.7  118.000  0.205
274   3.0  160.000  0.239

[275 rows x 3 columns]

INFO:root:Dataset dopo eliminazione righe con NaN:
      FRR     SIZE    PDI
0     3.0  117.567  0.327
1     3.0  124.403  0.403
2    50.0  169.247  0.531
3     3.0   73.088  0.238
4    50.0  141.591  0.597
..    ...      ...    ...
270   3.0   81.000  0.112
271  10.0   79.000  0.109
272   7.0   98.000  0.152
273   4.7  118.000  0.205
274   3.0  160.000  0.239

[270 rows x 3 columns]

INFO:FRR:Numero di bin per 'FRR': 3
INFO:FRR:Conteggio degli elementi in ciascun bin di 'FRR_CAT':
INFO:FRR:FRR_CAT
0    231
2     27
1     12
Name: count, dtype: int64
INFO:FRR:Bin 0: da 1.0000 a 17.3333
INFO:FRR:Bin 1: da 17.3333 a 33.6667
INFO:FRR:Bin 2: da 33.6667 a 50.0000
INFO:SIZE:Numero di bin per 'SIZE': 4
INFO:SIZE:Conteggio degli elementi in ciascun bin di 'SIZE_CAT':
INFO:SIZE:SIZE_CAT
1     80
2     50
0    104
3     36
Name: count, dtype: int64
INFO:SIZE:Bin 0: da 0.0000 a 100.0000
INFO:SIZE:Bin 1: da 100.0000 a 150.0000
INFO:SIZE:Bin 2: da 150.0000 a 200.0000
INFO:SIZE:Bin 3: da 200.0000 a 8974.7340
INFO:PDI:Numero di bin per 'PDI_CAT': 4
INFO:PDI:Conteggio degli elementi in ciascun bin di 'PDI_CAT':
INFO:PDI:PDI_CAT
2    71
3    56
1    58
0    85
Name: count, dtype: int64
INFO:PDI:Bin 0: 0.0270 - 0.1351
INFO:PDI:Bin 1: 0.1351 - 0.2432
INFO:PDI:Bin 2: 0.2432 - 0.3513
INFO:PDI:Bin 3: 0.3513 - 0.4594
INFO:root:Dataset con size e pdi categorizzati:
     FRR_CAT  SIZE_CAT  PDI_CAT
0          0         1        2
1          0         1        3
2          2         2        3
3          0         0        1
4          2         1        3
..       ...       ...      ...
270        0         0        0
271        0         0        0
272        0         0        1
273        0         1        1
274        0         2        1

[270 rows x 3 columns]

INFO:root:
Matrice P(FRR_CAT, SIZE_CAT)
INFO:root:+--------------------+--------+--------+--------+--------+--------------+
| FRR_CAT / SIZE_CAT |   0    |   1    |   2    |   3    | P(FRR_CAT=i) |
+--------------------+--------+--------+--------+--------+--------------+
|         0          | 0.3222 | 0.2444 | 0.1778 | 0.1111 |    0.8555    |
|         1          | 0.0333 | 0.0111 |  0.0   |  0.0   |    0.0444    |
|         2          | 0.0296 | 0.0407 | 0.0074 | 0.0222 |    0.0999    |
|   P(SIZE_CAT=j)    | 0.3851 | 0.2962 | 0.1852 | 0.1333 |    0.9998    |
+--------------------+--------+--------+--------+--------+--------------+
INFO:root:
Matrice P(PDI_CAT, SIZE_CAT)
INFO:root:+--------------------+--------+--------+--------+--------+--------------+
| PDI_CAT / SIZE_CAT |   0    |   1    |   2    |   3    | P(PDI_CAT=i) |
+--------------------+--------+--------+--------+--------+--------------+
|         0          | 0.0593 | 0.1444 | 0.1111 |  0.0   |    0.3148    |
|         1          | 0.1407 | 0.0296 | 0.0444 |  0.0   |    0.2147    |
|         2          | 0.163  | 0.0593 | 0.0111 | 0.0296 |    0.2630    |
|         3          | 0.0222 | 0.063  | 0.0185 | 0.1037 |    0.2074    |
|   P(SIZE_CAT=j)    | 0.3852 | 0.2963 | 0.1851 | 0.1333 |    0.9999    |
+--------------------+--------+--------+--------+--------+--------------+
INFO:root:
Matrice P(FRR_CAT, PDI_CAT)
INFO:root:+-------------------+--------+--------+--------+--------+--------------+
| FRR_CAT / PDI_CAT |   0    |   1    |   2    |   3    | P(FRR_CAT=i) |
+-------------------+--------+--------+--------+--------+--------------+
|         0         | 0.3074 |  0.2   | 0.2185 | 0.1296 |    0.8555    |
|         1         |  0.0   | 0.0037 | 0.0222 | 0.0185 |    0.0444    |
|         2         | 0.0074 | 0.0111 | 0.0222 | 0.0593 |    0.1000    |
|   P(PDI_CAT=j)    | 0.3148 | 0.2148 | 0.2629 | 0.2074 |    0.9999    |
+-------------------+--------+--------+--------+--------+--------------+
INFO:root:
P(FRR_CAT, SIZE_CAT, PDI_CAT):
INFO:root:+------------------------------+----------------------+
| (FRR_CAT, SIZE_CAT, PDI_CAT) |     Probabilità      |
+------------------------------+----------------------+
|          (0, 1, 2)           | 0.044444444444444446 |
|          (0, 1, 3)           | 0.03333333333333333  |
|          (0, 1, 1)           | 0.022222222222222223 |
|          (0, 1, 0)           | 0.14444444444444443  |
|          (0, 2, 2)           | 0.011111111111111112 |
|          (0, 2, 3)           | 0.011111111111111112 |
|          (0, 2, 1)           | 0.044444444444444446 |
|          (0, 2, 0)           |  0.1111111111111111  |
|          (0, 0, 2)           | 0.13333333333333333  |
|          (0, 0, 3)           | 0.003703703703703704 |
|          (0, 0, 1)           | 0.13333333333333333  |
|          (0, 0, 0)           | 0.05185185185185185  |
|          (0, 3, 2)           | 0.02962962962962963  |
|          (0, 3, 3)           | 0.08148148148148149  |
|          (0, 3, 1)           |         0.0          |
|          (0, 3, 0)           |         0.0          |
|          (2, 1, 2)           | 0.014814814814814815 |
|          (2, 1, 3)           | 0.018518518518518517 |
|          (2, 1, 1)           | 0.007407407407407408 |
|          (2, 1, 0)           |         0.0          |
|          (2, 2, 2)           |         0.0          |
|          (2, 2, 3)           | 0.007407407407407408 |
|          (2, 2, 1)           |         0.0          |
|          (2, 2, 0)           |         0.0          |
|          (2, 0, 2)           | 0.007407407407407408 |
|          (2, 0, 3)           | 0.011111111111111112 |
|          (2, 0, 1)           | 0.003703703703703704 |
|          (2, 0, 0)           | 0.007407407407407408 |
|          (2, 3, 2)           |         0.0          |
|          (2, 3, 3)           | 0.022222222222222223 |
|          (2, 3, 1)           |         0.0          |
|          (2, 3, 0)           |         0.0          |
|          (1, 1, 2)           |         0.0          |
|          (1, 1, 3)           | 0.011111111111111112 |
|          (1, 1, 1)           |         0.0          |
|          (1, 1, 0)           |         0.0          |
|          (1, 2, 2)           |         0.0          |
|          (1, 2, 3)           |         0.0          |
|          (1, 2, 1)           |         0.0          |
|          (1, 2, 0)           |         0.0          |
|          (1, 0, 2)           | 0.022222222222222223 |
|          (1, 0, 3)           | 0.007407407407407408 |
|          (1, 0, 1)           | 0.003703703703703704 |
|          (1, 0, 0)           |         0.0          |
|          (1, 3, 2)           |         0.0          |
|          (1, 3, 3)           |         0.0          |
|          (1, 3, 1)           |         0.0          |
|          (1, 3, 0)           |         0.0          |
+------------------------------+----------------------+
INFO:root:Le probabilita' marginali SIZE corrispondono.
INFO:root:Le probabilita' marginali FRR corrispondono.
INFO:root:Le probabilita' marginali PDI corrispondono.
INFO:root:

 INIZIO



INFO:root:Dataset originale:
      FRR     SIZE    PDI
0     3.0  117.567  0.327
1     3.0  124.403  0.403
2    50.0  169.247  0.531
3     3.0   73.088  0.238
4    50.0  141.591  0.597
..    ...      ...    ...
270   3.0   81.000  0.112
271  10.0   79.000  0.109
272   7.0   98.000  0.152
273   4.7  118.000  0.205
274   3.0  160.000  0.239

[275 rows x 3 columns]

INFO:root:Dataset dopo eliminazione righe con NaN:
      FRR     SIZE    PDI
0     3.0  117.567  0.327
1     3.0  124.403  0.403
2    50.0  169.247  0.531
3     3.0   73.088  0.238
4    50.0  141.591  0.597
..    ...      ...    ...
270   3.0   81.000  0.112
271  10.0   79.000  0.109
272   7.0   98.000  0.152
273   4.7  118.000  0.205
274   3.0  160.000  0.239

[270 rows x 3 columns]

INFO:FRR:Numero di bin per 'FRR': 3
INFO:FRR:Conteggio degli elementi in ciascun bin di 'FRR_CAT':
INFO:FRR:FRR_CAT
0    231
2     27
1     12
Name: count, dtype: int64
INFO:FRR:Bin 0: da 1.0000 a 17.3333
INFO:FRR:Bin 1: da 17.3333 a 33.6667
INFO:FRR:Bin 2: da 33.6667 a 50.0000
INFO:SIZE:Numero di bin per 'SIZE': 4
INFO:SIZE:Conteggio degli elementi in ciascun bin di 'SIZE_CAT':
INFO:SIZE:SIZE_CAT
1     80
2     50
0    104
3     36
Name: count, dtype: int64
INFO:SIZE:Bin 0: da 0.0000 a 100.0000
INFO:SIZE:Bin 1: da 100.0000 a 150.0000
INFO:SIZE:Bin 2: da 150.0000 a 200.0000
INFO:SIZE:Bin 3: da 200.0000 a 8974.7340
INFO:PDI:Numero di bin per 'PDI_CAT': 4
INFO:PDI:Conteggio degli elementi in ciascun bin di 'PDI_CAT':
INFO:PDI:PDI_CAT
2    71
3    56
1    58
0    85
Name: count, dtype: int64
INFO:PDI:Bin 0: 0.0270 - 0.1351
INFO:PDI:Bin 1: 0.1351 - 0.2432
INFO:PDI:Bin 2: 0.2432 - 0.3513
INFO:PDI:Bin 3: 0.3513 - 0.4594
INFO:root:Dataset con size e pdi categorizzati:
     FRR_CAT  SIZE_CAT  PDI_CAT
0          0         1        2
1          0         1        3
2          2         2        3
3          0         0        1
4          2         1        3
..       ...       ...      ...
270        0         0        0
271        0         0        0
272        0         0        1
273        0         1        1
274        0         2        1

[270 rows x 3 columns]

INFO:root:
Matrice P(FRR_CAT, SIZE_CAT)
INFO:root:+--------------------+--------+--------+--------+--------+--------------+
| FRR_CAT / SIZE_CAT |   0    |   1    |   2    |   3    | P(FRR_CAT=i) |
+--------------------+--------+--------+--------+--------+--------------+
|         0          | 0.3222 | 0.2444 | 0.1778 | 0.1111 |    0.8555    |
|         1          | 0.0333 | 0.0111 |  0.0   |  0.0   |    0.0444    |
|         2          | 0.0296 | 0.0407 | 0.0074 | 0.0222 |    0.0999    |
|   P(SIZE_CAT=j)    | 0.3851 | 0.2962 | 0.1852 | 0.1333 |    0.9998    |
+--------------------+--------+--------+--------+--------+--------------+
INFO:root:
Matrice P(PDI_CAT, SIZE_CAT)
INFO:root:+--------------------+--------+--------+--------+--------+--------------+
| PDI_CAT / SIZE_CAT |   0    |   1    |   2    |   3    | P(PDI_CAT=i) |
+--------------------+--------+--------+--------+--------+--------------+
|         0          | 0.0593 | 0.1444 | 0.1111 |  0.0   |    0.3148    |
|         1          | 0.1407 | 0.0296 | 0.0444 |  0.0   |    0.2147    |
|         2          | 0.163  | 0.0593 | 0.0111 | 0.0296 |    0.2630    |
|         3          | 0.0222 | 0.063  | 0.0185 | 0.1037 |    0.2074    |
|   P(SIZE_CAT=j)    | 0.3852 | 0.2963 | 0.1851 | 0.1333 |    0.9999    |
+--------------------+--------+--------+--------+--------+--------------+
INFO:root:
Matrice P(FRR_CAT, PDI_CAT)
INFO:root:+-------------------+--------+--------+--------+--------+--------------+
| FRR_CAT / PDI_CAT |   0    |   1    |   2    |   3    | P(FRR_CAT=i) |
+-------------------+--------+--------+--------+--------+--------------+
|         0         | 0.3074 |  0.2   | 0.2185 | 0.1296 |    0.8555    |
|         1         |  0.0   | 0.0037 | 0.0222 | 0.0185 |    0.0444    |
|         2         | 0.0074 | 0.0111 | 0.0222 | 0.0593 |    0.1000    |
|   P(PDI_CAT=j)    | 0.3148 | 0.2148 | 0.2629 | 0.2074 |    0.9999    |
+-------------------+--------+--------+--------+--------+--------------+
INFO:root:
P(FRR_CAT, SIZE_CAT, PDI_CAT):
INFO:root:+------------------------------+----------------------+
| (FRR_CAT, SIZE_CAT, PDI_CAT) |     Probabilità      |
+------------------------------+----------------------+
|          (0, 1, 2)           | 0.044444444444444446 |
|          (0, 1, 3)           | 0.03333333333333333  |
|          (0, 1, 1)           | 0.022222222222222223 |
|          (0, 1, 0)           | 0.14444444444444443  |
|          (0, 2, 2)           | 0.011111111111111112 |
|          (0, 2, 3)           | 0.011111111111111112 |
|          (0, 2, 1)           | 0.044444444444444446 |
|          (0, 2, 0)           |  0.1111111111111111  |
|          (0, 0, 2)           | 0.13333333333333333  |
|          (0, 0, 3)           | 0.003703703703703704 |
|          (0, 0, 1)           | 0.13333333333333333  |
|          (0, 0, 0)           | 0.05185185185185185  |
|          (0, 3, 2)           | 0.02962962962962963  |
|          (0, 3, 3)           | 0.08148148148148149  |
|          (0, 3, 1)           |         0.0          |
|          (0, 3, 0)           |         0.0          |
|          (2, 1, 2)           | 0.014814814814814815 |
|          (2, 1, 3)           | 0.018518518518518517 |
|          (2, 1, 1)           | 0.007407407407407408 |
|          (2, 1, 0)           |         0.0          |
|          (2, 2, 2)           |         0.0          |
|          (2, 2, 3)           | 0.007407407407407408 |
|          (2, 2, 1)           |         0.0          |
|          (2, 2, 0)           |         0.0          |
|          (2, 0, 2)           | 0.007407407407407408 |
|          (2, 0, 3)           | 0.011111111111111112 |
|          (2, 0, 1)           | 0.003703703703703704 |
|          (2, 0, 0)           | 0.007407407407407408 |
|          (2, 3, 2)           |         0.0          |
|          (2, 3, 3)           | 0.022222222222222223 |
|          (2, 3, 1)           |         0.0          |
|          (2, 3, 0)           |         0.0          |
|          (1, 1, 2)           |         0.0          |
|          (1, 1, 3)           | 0.011111111111111112 |
|          (1, 1, 1)           |         0.0          |
|          (1, 1, 0)           |         0.0          |
|          (1, 2, 2)           |         0.0          |
|          (1, 2, 3)           |         0.0          |
|          (1, 2, 1)           |         0.0          |
|          (1, 2, 0)           |         0.0          |
|          (1, 0, 2)           | 0.022222222222222223 |
|          (1, 0, 3)           | 0.007407407407407408 |
|          (1, 0, 1)           | 0.003703703703703704 |
|          (1, 0, 0)           |         0.0          |
|          (1, 3, 2)           |         0.0          |
|          (1, 3, 3)           |         0.0          |
|          (1, 3, 1)           |         0.0          |
|          (1, 3, 0)           |         0.0          |
+------------------------------+----------------------+
INFO:root:Le probabilita' marginali SIZE corrispondono.
INFO:root:Le probabilita' marginali FRR corrispondono.
INFO:root:Le probabilita' marginali PDI corrispondono.
INFO:root:

 INIZIO



INFO:root:Dataset originale:
      FRR     SIZE    PDI
0     3.0  117.567  0.327
1     3.0  124.403  0.403
2    50.0  169.247  0.531
3     3.0   73.088  0.238
4    50.0  141.591  0.597
..    ...      ...    ...
270   3.0   81.000  0.112
271  10.0   79.000  0.109
272   7.0   98.000  0.152
273   4.7  118.000  0.205
274   3.0  160.000  0.239

[275 rows x 3 columns]

INFO:root:Dataset dopo eliminazione righe con NaN:
      FRR     SIZE    PDI
0     3.0  117.567  0.327
1     3.0  124.403  0.403
2    50.0  169.247  0.531
3     3.0   73.088  0.238
4    50.0  141.591  0.597
..    ...      ...    ...
270   3.0   81.000  0.112
271  10.0   79.000  0.109
272   7.0   98.000  0.152
273   4.7  118.000  0.205
274   3.0  160.000  0.239

[270 rows x 3 columns]

INFO:FRR:Numero di bin per 'FRR': 3
INFO:FRR:Conteggio degli elementi in ciascun bin di 'FRR_CAT':
INFO:FRR:FRR_CAT
0    231
2     27
1     12
Name: count, dtype: int64
INFO:FRR:Bin 0: da 1.0000 a 17.3333
INFO:FRR:Bin 1: da 17.3333 a 33.6667
INFO:FRR:Bin 2: da 33.6667 a 50.0000
INFO:SIZE:Numero di bin per 'SIZE': 4
INFO:SIZE:Conteggio degli elementi in ciascun bin di 'SIZE_CAT':
INFO:SIZE:SIZE_CAT
1     80
2     50
0    104
3     36
Name: count, dtype: int64
INFO:SIZE:Bin 0: da 0.0000 a 100.0000
INFO:SIZE:Bin 1: da 100.0000 a 150.0000
INFO:SIZE:Bin 2: da 150.0000 a 200.0000
INFO:SIZE:Bin 3: da 200.0000 a 8974.7340
INFO:PDI:Numero di bin per 'PDI_CAT': 4
INFO:PDI:Conteggio degli elementi in ciascun bin di 'PDI_CAT':
INFO:PDI:PDI_CAT
2    71
3    56
1    58
0    85
Name: count, dtype: int64
INFO:PDI:Bin 0: 0.0270 - 0.1351
INFO:PDI:Bin 1: 0.1351 - 0.2432
INFO:PDI:Bin 2: 0.2432 - 0.3513
INFO:PDI:Bin 3: 0.3513 - 0.4594
INFO:root:Dataset con size e pdi categorizzati:
     FRR_CAT  SIZE_CAT  PDI_CAT
0          0         1        2
1          0         1        3
2          2         2        3
3          0         0        1
4          2         1        3
..       ...       ...      ...
270        0         0        0
271        0         0        0
272        0         0        1
273        0         1        1
274        0         2        1

[270 rows x 3 columns]

INFO:root:
Matrice P(FRR_CAT, SIZE_CAT)
INFO:root:+--------------------+--------+--------+--------+--------+--------------+
| FRR_CAT / SIZE_CAT |   0    |   1    |   2    |   3    | P(FRR_CAT=i) |
+--------------------+--------+--------+--------+--------+--------------+
|         0          | 0.3222 | 0.2444 | 0.1778 | 0.1111 |    0.8555    |
|         1          | 0.0333 | 0.0111 |  0.0   |  0.0   |    0.0444    |
|         2          | 0.0296 | 0.0407 | 0.0074 | 0.0222 |    0.0999    |
|   P(SIZE_CAT=j)    | 0.3851 | 0.2962 | 0.1852 | 0.1333 |    0.9998    |
+--------------------+--------+--------+--------+--------+--------------+
INFO:root:
Matrice P(PDI_CAT, SIZE_CAT)
INFO:root:+--------------------+--------+--------+--------+--------+--------------+
| PDI_CAT / SIZE_CAT |   0    |   1    |   2    |   3    | P(PDI_CAT=i) |
+--------------------+--------+--------+--------+--------+--------------+
|         0          | 0.0593 | 0.1444 | 0.1111 |  0.0   |    0.3148    |
|         1          | 0.1407 | 0.0296 | 0.0444 |  0.0   |    0.2147    |
|         2          | 0.163  | 0.0593 | 0.0111 | 0.0296 |    0.2630    |
|         3          | 0.0222 | 0.063  | 0.0185 | 0.1037 |    0.2074    |
|   P(SIZE_CAT=j)    | 0.3852 | 0.2963 | 0.1851 | 0.1333 |    0.9999    |
+--------------------+--------+--------+--------+--------+--------------+
INFO:root:
Matrice P(FRR_CAT, PDI_CAT)
INFO:root:+-------------------+--------+--------+--------+--------+--------------+
| FRR_CAT / PDI_CAT |   0    |   1    |   2    |   3    | P(FRR_CAT=i) |
+-------------------+--------+--------+--------+--------+--------------+
|         0         | 0.3074 |  0.2   | 0.2185 | 0.1296 |    0.8555    |
|         1         |  0.0   | 0.0037 | 0.0222 | 0.0185 |    0.0444    |
|         2         | 0.0074 | 0.0111 | 0.0222 | 0.0593 |    0.1000    |
|   P(PDI_CAT=j)    | 0.3148 | 0.2148 | 0.2629 | 0.2074 |    0.9999    |
+-------------------+--------+--------+--------+--------+--------------+
INFO:root:
P(FRR_CAT, SIZE_CAT, PDI_CAT):
INFO:root:+------------------------------+----------------------+
| (FRR_CAT, SIZE_CAT, PDI_CAT) |     Probabilità      |
+------------------------------+----------------------+
|          (0, 1, 2)           | 0.044444444444444446 |
|          (0, 1, 3)           | 0.03333333333333333  |
|          (0, 1, 1)           | 0.022222222222222223 |
|          (0, 1, 0)           | 0.14444444444444443  |
|          (0, 2, 2)           | 0.011111111111111112 |
|          (0, 2, 3)           | 0.011111111111111112 |
|          (0, 2, 1)           | 0.044444444444444446 |
|          (0, 2, 0)           |  0.1111111111111111  |
|          (0, 0, 2)           | 0.13333333333333333  |
|          (0, 0, 3)           | 0.003703703703703704 |
|          (0, 0, 1)           | 0.13333333333333333  |
|          (0, 0, 0)           | 0.05185185185185185  |
|          (0, 3, 2)           | 0.02962962962962963  |
|          (0, 3, 3)           | 0.08148148148148149  |
|          (0, 3, 1)           |         0.0          |
|          (0, 3, 0)           |         0.0          |
|          (2, 1, 2)           | 0.014814814814814815 |
|          (2, 1, 3)           | 0.018518518518518517 |
|          (2, 1, 1)           | 0.007407407407407408 |
|          (2, 1, 0)           |         0.0          |
|          (2, 2, 2)           |         0.0          |
|          (2, 2, 3)           | 0.007407407407407408 |
|          (2, 2, 1)           |         0.0          |
|          (2, 2, 0)           |         0.0          |
|          (2, 0, 2)           | 0.007407407407407408 |
|          (2, 0, 3)           | 0.011111111111111112 |
|          (2, 0, 1)           | 0.003703703703703704 |
|          (2, 0, 0)           | 0.007407407407407408 |
|          (2, 3, 2)           |         0.0          |
|          (2, 3, 3)           | 0.022222222222222223 |
|          (2, 3, 1)           |         0.0          |
|          (2, 3, 0)           |         0.0          |
|          (1, 1, 2)           |         0.0          |
|          (1, 1, 3)           | 0.011111111111111112 |
|          (1, 1, 1)           |         0.0          |
|          (1, 1, 0)           |         0.0          |
|          (1, 2, 2)           |         0.0          |
|          (1, 2, 3)           |         0.0          |
|          (1, 2, 1)           |         0.0          |
|          (1, 2, 0)           |         0.0          |
|          (1, 0, 2)           | 0.022222222222222223 |
|          (1, 0, 3)           | 0.007407407407407408 |
|          (1, 0, 1)           | 0.003703703703703704 |
|          (1, 0, 0)           |         0.0          |
|          (1, 3, 2)           |         0.0          |
|          (1, 3, 3)           |         0.0          |
|          (1, 3, 1)           |         0.0          |
|          (1, 3, 0)           |         0.0          |
+------------------------------+----------------------+
INFO:root:Le probabilita' marginali SIZE corrispondono.
INFO:root:Le probabilita' marginali FRR corrispondono.
INFO:root:Le probabilita' marginali PDI corrispondono.
