2025-09-16 18:32:26 - INFO - Starting the Random Forest model training and evaluation process...
2025-09-16 18:32:37 - INFO - Model training completed successfully for seed 42.
2025-09-16 18:32:37 - INFO - Training R-squared: 0.9064370698979569, Validation R-squared: 0.6509117336859906
2025-09-16 18:32:37 - INFO - Training Mean Squared Error: 71963.03562021533, Validation Mean Squared Error: 308165.3549154024
2025-09-16 18:32:37 - INFO - Training Mean Absolute Error: 47.336149427588204, Validation Mean Absolute Error: 126.50181727096162
2025-09-16 18:32:37 - INFO - ---> Loading validation dataset from _Data\validation.csv
2025-09-16 18:32:37 - INFO - Validation R-squared for seed 42: -2.8098918812864087
2025-09-16 18:32:37 - INFO - Validation Mean Squared Error for seed 42: 897430.5560680056
2025-09-16 18:32:37 - INFO - Validation Mean Absolute Error for seed 42: 286.46431022646186
2025-09-16 18:32:37 - INFO - New best model found for seed 42 with Validation R-squared: 0.6509117336859906
2025-09-16 18:32:37 - INFO - ...DONE!


2025-09-16 18:32:37 - INFO - Starting the Random Forest model training and evaluation process...
2025-09-16 18:32:47 - INFO - Model training completed successfully for seed 279.
2025-09-16 18:32:47 - INFO - Training R-squared: 0.9195114275654499, Validation R-squared: 0.6623097206828462
2025-09-16 18:32:47 - INFO - Training Mean Squared Error: 72575.56504369642, Validation Mean Squared Error: 251078.87075670002
2025-09-16 18:32:47 - INFO - Training Mean Absolute Error: 49.39332063801631, Validation Mean Absolute Error: 100.56193111755866
2025-09-16 18:32:47 - INFO - ---> Loading validation dataset from _Data\validation.csv
2025-09-16 18:32:47 - INFO - Validation R-squared for seed 279: -3.4421521431696425
2025-09-16 18:32:47 - INFO - Validation Mean Squared Error for seed 279: 1059573.2373327636
2025-09-16 18:32:47 - INFO - Validation Mean Absolute Error for seed 279: 293.4404158891044
2025-09-16 18:32:47 - INFO - ...DONE!


2025-09-16 18:32:47 - INFO - Starting the Random Forest model training and evaluation process...
2025-09-16 18:32:53 - INFO - Model training completed successfully for seed 897.
2025-09-16 18:32:53 - INFO - Training R-squared: 0.9054849926764079, Validation R-squared: 0.4501630549692576
2025-09-16 18:32:53 - INFO - Training Mean Squared Error: 80118.46258310266, Validation Mean Squared Error: 238780.71117962824
2025-09-16 18:32:53 - INFO - Training Mean Absolute Error: 54.74726262568709, Validation Mean Absolute Error: 92.05473690535737
2025-09-16 18:32:53 - INFO - ---> Loading validation dataset from _Data\validation.csv
2025-09-16 18:32:53 - INFO - Validation R-squared for seed 897: -2.04376002197753
2025-09-16 18:32:53 - INFO - Validation Mean Squared Error for seed 897: 688411.0107492048
2025-09-16 18:32:53 - INFO - Validation Mean Absolute Error for seed 897: 265.4333457017325
2025-09-16 18:32:53 - INFO - ...DONE!


2025-09-16 18:32:53 - INFO - Starting the Random Forest model training and evaluation process...
2025-09-16 18:32:59 - INFO - Model training completed successfully for seed 103.
2025-09-16 18:32:59 - INFO - Training R-squared: 0.8628188486722501, Validation R-squared: 0.6971423428688418
2025-09-16 18:32:59 - INFO - Training Mean Squared Error: 86938.37265806935, Validation Mean Squared Error: 575747.1533592907
2025-09-16 18:32:59 - INFO - Training Mean Absolute Error: 53.38353157435708, Validation Mean Absolute Error: 154.53475466810036
2025-09-16 18:32:59 - INFO - ---> Loading validation dataset from _Data\validation.csv
2025-09-16 18:32:59 - INFO - Validation R-squared for seed 103: -2.599369194493562
2025-09-16 18:32:59 - INFO - Validation Mean Squared Error for seed 103: 859835.8131561651
2025-09-16 18:32:59 - INFO - Validation Mean Absolute Error for seed 103: 298.3116200214291
2025-09-16 18:32:59 - INFO - ...DONE!


2025-09-16 18:32:59 - INFO - Starting the Random Forest model training and evaluation process...
2025-09-16 18:33:06 - INFO - Model training completed successfully for seed 432.
2025-09-16 18:33:06 - INFO - Training R-squared: 0.9052649307233865, Validation R-squared: 0.3518780399151739
2025-09-16 18:33:06 - INFO - Training Mean Squared Error: 72778.29666108712, Validation Mean Squared Error: 615235.188232188
2025-09-16 18:33:06 - INFO - Training Mean Absolute Error: 48.390383506837374, Validation Mean Absolute Error: 129.49342285834766
2025-09-16 18:33:06 - INFO - ---> Loading validation dataset from _Data\validation.csv
2025-09-16 18:33:06 - INFO - Validation R-squared for seed 432: 0.4142375415617998
2025-09-16 18:33:06 - INFO - Validation Mean Squared Error for seed 432: 96944.82910860129
2025-09-16 18:33:06 - INFO - Validation Mean Absolute Error for seed 432: 103.25338838055816
2025-09-16 18:33:06 - INFO - ...DONE!


2025-09-16 18:33:06 - INFO - Starting the Random Forest model training and evaluation process...
2025-09-16 18:33:12 - INFO - Model training completed successfully for seed 780.
2025-09-16 18:33:12 - INFO - Training R-squared: 0.8864148636762847, Validation R-squared: 0.7992345546231999
2025-09-16 18:33:12 - INFO - Training Mean Squared Error: 100394.31546209982, Validation Mean Squared Error: 63693.80309296752
2025-09-16 18:33:12 - INFO - Training Mean Absolute Error: 62.828640727044274, Validation Mean Absolute Error: 48.84829791358163
2025-09-16 18:33:12 - INFO - ---> Loading validation dataset from _Data\validation.csv
2025-09-16 18:33:12 - INFO - Validation R-squared for seed 780: -1.6824686606201296
2025-09-16 18:33:12 - INFO - Validation Mean Squared Error for seed 780: 616374.1367152531
2025-09-16 18:33:12 - INFO - Validation Mean Absolute Error for seed 780: 236.58565318605162
2025-09-16 18:33:12 - INFO - ...DONE!


2025-09-16 18:33:12 - INFO - Starting the Random Forest model training and evaluation process...
2025-09-16 18:33:18 - INFO - Model training completed successfully for seed 562.
2025-09-16 18:33:18 - INFO - Training R-squared: 0.9239572133364438, Validation R-squared: 0.36959313398982185
2025-09-16 18:33:18 - INFO - Training Mean Squared Error: 75711.97483741185, Validation Mean Squared Error: 197287.7372615746
2025-09-16 18:33:18 - INFO - Training Mean Absolute Error: 51.31879496117147, Validation Mean Absolute Error: 71.03686660400956
2025-09-16 18:33:18 - INFO - ---> Loading validation dataset from _Data\validation.csv
2025-09-16 18:33:18 - INFO - Validation R-squared for seed 562: -2.6022083364358526
2025-09-16 18:33:18 - INFO - Validation Mean Squared Error for seed 562: 856547.381472648
2025-09-16 18:33:18 - INFO - Validation Mean Absolute Error for seed 562: 274.46622504479615
2025-09-16 18:33:18 - INFO - New best model found for seed 562 with Validation R-squared: 0.36959313398982185
2025-09-16 18:33:18 - INFO - ...DONE!


2025-09-16 18:33:18 - INFO - Starting the Random Forest model training and evaluation process...
2025-09-16 18:33:25 - INFO - Model training completed successfully for seed 951.
2025-09-16 18:33:25 - INFO - Training R-squared: 0.8646721890904767, Validation R-squared: 0.7833409570898029
2025-09-16 18:33:25 - INFO - Training Mean Squared Error: 91167.02914150439, Validation Mean Squared Error: 372758.5492945428
2025-09-16 18:33:25 - INFO - Training Mean Absolute Error: 62.6278704514018, Validation Mean Absolute Error: 105.87472851233807
2025-09-16 18:33:25 - INFO - ---> Loading validation dataset from _Data\validation.csv
2025-09-16 18:33:25 - INFO - Validation R-squared for seed 951: -1.8405987035262508
2025-09-16 18:33:25 - INFO - Validation Mean Squared Error for seed 951: 665378.1745641256
2025-09-16 18:33:25 - INFO - Validation Mean Absolute Error for seed 951: 236.38886640191302
2025-09-16 18:33:25 - INFO - ...DONE!


2025-09-16 18:33:25 - INFO - Starting the Random Forest model training and evaluation process...
2025-09-16 18:33:31 - INFO - Model training completed successfully for seed 233.
2025-09-16 18:33:31 - INFO - Training R-squared: 0.9206175845538458, Validation R-squared: 0.7101597757355373
2025-09-16 18:33:31 - INFO - Training Mean Squared Error: 53220.57117362599, Validation Mean Squared Error: 502276.5248109051
2025-09-16 18:33:31 - INFO - Training Mean Absolute Error: 37.67397136017194, Validation Mean Absolute Error: 132.9011910655513
2025-09-16 18:33:31 - INFO - ---> Loading validation dataset from _Data\validation.csv
2025-09-16 18:33:31 - INFO - Validation R-squared for seed 233: -3.471532968465888
2025-09-16 18:33:31 - INFO - Validation Mean Squared Error for seed 233: 1079354.769677262
2025-09-16 18:33:31 - INFO - Validation Mean Absolute Error for seed 233: 319.85923779642684
2025-09-16 18:33:31 - INFO - ...DONE!


2025-09-16 18:33:31 - INFO - Starting the Random Forest model training and evaluation process...
2025-09-16 18:33:37 - INFO - Model training completed successfully for seed 682.
2025-09-16 18:33:37 - INFO - Training R-squared: 0.9057149728362277, Validation R-squared: 0.6329111886836243
2025-09-16 18:33:37 - INFO - Training Mean Squared Error: 76633.21326760059, Validation Mean Squared Error: 244241.81328319214
2025-09-16 18:33:37 - INFO - Training Mean Absolute Error: 51.704556025769044, Validation Mean Absolute Error: 94.27711304288458
2025-09-16 18:33:37 - INFO - ---> Loading validation dataset from _Data\validation.csv
2025-09-16 18:33:37 - INFO - Validation R-squared for seed 682: -3.0420373139319503
2025-09-16 18:33:37 - INFO - Validation Mean Squared Error for seed 682: 967902.0938037451
2025-09-16 18:33:37 - INFO - Validation Mean Absolute Error for seed 682: 319.2886812682922
2025-09-16 18:33:37 - INFO - ...DONE!


2025-09-16 18:33:37 - INFO - Best model saved to _Model\best_random_forest_size_pdi_data_1.pkl
2025-09-16 18:33:37 - INFO - Training complete for all seeds.
2025-09-16 18:33:37 - INFO - Best model is from seed 562 with Validation R-squared: -2.6022083364358526
2025-09-16 18:33:46 - INFO - Starting the Random Forest model training and evaluation process...
2025-09-16 18:33:56 - INFO - Model training completed successfully for seed 42.
2025-09-16 18:33:56 - INFO - Training R-squared: 0.9064370698979569, Validation R-squared: 0.6509117336859906
2025-09-16 18:33:56 - INFO - Training Mean Squared Error: 71963.03562021533, Validation Mean Squared Error: 308165.3549154024
2025-09-16 18:33:56 - INFO - Training Mean Absolute Error: 47.336149427588204, Validation Mean Absolute Error: 126.50181727096162
2025-09-16 18:33:56 - INFO - ---> Loading validation dataset from _Data\validation.csv
2025-09-16 18:33:56 - INFO - Validation R-squared for seed 42: -2.8098918812864087
2025-09-16 18:33:56 - INFO - Validation Mean Squared Error for seed 42: 897430.5560680056
2025-09-16 18:33:56 - INFO - Validation Mean Absolute Error for seed 42: 286.46431022646186
2025-09-16 18:33:56 - INFO - New best model found for seed 42 with Validation R-squared: 0.6509117336859906
2025-09-16 18:33:56 - INFO - ...DONE!


2025-09-16 18:33:56 - INFO - Starting the Random Forest model training and evaluation process...
2025-09-16 18:34:06 - INFO - Model training completed successfully for seed 279.
2025-09-16 18:34:06 - INFO - Training R-squared: 0.9195114275654499, Validation R-squared: 0.6623097206828462
2025-09-16 18:34:06 - INFO - Training Mean Squared Error: 72575.56504369642, Validation Mean Squared Error: 251078.87075670002
2025-09-16 18:34:06 - INFO - Training Mean Absolute Error: 49.39332063801631, Validation Mean Absolute Error: 100.56193111755866
2025-09-16 18:34:06 - INFO - ---> Loading validation dataset from _Data\validation.csv
2025-09-16 18:34:06 - INFO - Validation R-squared for seed 279: -3.4421521431696425
2025-09-16 18:34:06 - INFO - Validation Mean Squared Error for seed 279: 1059573.2373327636
2025-09-16 18:34:06 - INFO - Validation Mean Absolute Error for seed 279: 293.4404158891044
2025-09-16 18:34:06 - INFO - ...DONE!


2025-09-16 18:34:06 - INFO - Starting the Random Forest model training and evaluation process...
2025-09-16 18:34:14 - INFO - Model training completed successfully for seed 897.
2025-09-16 18:34:14 - INFO - Training R-squared: 0.9054849926764079, Validation R-squared: 0.4501630549692576
2025-09-16 18:34:14 - INFO - Training Mean Squared Error: 80118.46258310266, Validation Mean Squared Error: 238780.71117962824
2025-09-16 18:34:14 - INFO - Training Mean Absolute Error: 54.74726262568709, Validation Mean Absolute Error: 92.05473690535737
2025-09-16 18:34:14 - INFO - ---> Loading validation dataset from _Data\validation.csv
2025-09-16 18:34:14 - INFO - Validation R-squared for seed 897: -2.04376002197753
2025-09-16 18:34:14 - INFO - Validation Mean Squared Error for seed 897: 688411.0107492048
2025-09-16 18:34:14 - INFO - Validation Mean Absolute Error for seed 897: 265.4333457017325
2025-09-16 18:34:14 - INFO - ...DONE!


2025-09-16 18:34:14 - INFO - Starting the Random Forest model training and evaluation process...
2025-09-16 18:34:20 - INFO - Model training completed successfully for seed 103.
2025-09-16 18:34:20 - INFO - Training R-squared: 0.8628188486722501, Validation R-squared: 0.6971423428688418
2025-09-16 18:34:20 - INFO - Training Mean Squared Error: 86938.37265806935, Validation Mean Squared Error: 575747.1533592907
2025-09-16 18:34:20 - INFO - Training Mean Absolute Error: 53.38353157435708, Validation Mean Absolute Error: 154.53475466810036
2025-09-16 18:34:20 - INFO - ---> Loading validation dataset from _Data\validation.csv
2025-09-16 18:34:20 - INFO - Validation R-squared for seed 103: -2.599369194493562
2025-09-16 18:34:20 - INFO - Validation Mean Squared Error for seed 103: 859835.8131561651
2025-09-16 18:34:20 - INFO - Validation Mean Absolute Error for seed 103: 298.3116200214291
2025-09-16 18:34:20 - INFO - ...DONE!


2025-09-16 18:34:20 - INFO - Starting the Random Forest model training and evaluation process...
2025-09-16 18:34:27 - INFO - Model training completed successfully for seed 432.
2025-09-16 18:34:27 - INFO - Training R-squared: 0.9052649307233865, Validation R-squared: 0.3518780399151739
2025-09-16 18:34:27 - INFO - Training Mean Squared Error: 72778.29666108712, Validation Mean Squared Error: 615235.188232188
2025-09-16 18:34:27 - INFO - Training Mean Absolute Error: 48.390383506837374, Validation Mean Absolute Error: 129.49342285834766
2025-09-16 18:34:27 - INFO - ---> Loading validation dataset from _Data\validation.csv
2025-09-16 18:34:27 - INFO - Validation R-squared for seed 432: 0.4142375415617998
2025-09-16 18:34:27 - INFO - Validation Mean Squared Error for seed 432: 96944.82910860129
2025-09-16 18:34:27 - INFO - Validation Mean Absolute Error for seed 432: 103.25338838055816
2025-09-16 18:34:27 - INFO - ...DONE!


2025-09-16 18:34:27 - INFO - Starting the Random Forest model training and evaluation process...
2025-09-16 18:34:34 - INFO - Model training completed successfully for seed 780.
2025-09-16 18:34:34 - INFO - Training R-squared: 0.8864148636762847, Validation R-squared: 0.7992345546231999
2025-09-16 18:34:34 - INFO - Training Mean Squared Error: 100394.31546209982, Validation Mean Squared Error: 63693.80309296752
2025-09-16 18:34:34 - INFO - Training Mean Absolute Error: 62.828640727044274, Validation Mean Absolute Error: 48.84829791358163
2025-09-16 18:34:34 - INFO - ---> Loading validation dataset from _Data\validation.csv
2025-09-16 18:34:34 - INFO - Validation R-squared for seed 780: -1.6824686606201296
2025-09-16 18:34:34 - INFO - Validation Mean Squared Error for seed 780: 616374.1367152531
2025-09-16 18:34:34 - INFO - Validation Mean Absolute Error for seed 780: 236.58565318605162
2025-09-16 18:34:34 - INFO - ...DONE!


2025-09-16 18:34:34 - INFO - Starting the Random Forest model training and evaluation process...
2025-09-16 18:34:41 - INFO - Model training completed successfully for seed 562.
2025-09-16 18:34:41 - INFO - Training R-squared: 0.9239572133364438, Validation R-squared: 0.36959313398982185
2025-09-16 18:34:41 - INFO - Training Mean Squared Error: 75711.97483741185, Validation Mean Squared Error: 197287.7372615746
2025-09-16 18:34:41 - INFO - Training Mean Absolute Error: 51.31879496117147, Validation Mean Absolute Error: 71.03686660400956
2025-09-16 18:34:41 - INFO - ---> Loading validation dataset from _Data\validation.csv
2025-09-16 18:34:41 - INFO - Validation R-squared for seed 562: -2.6022083364358526
2025-09-16 18:34:41 - INFO - Validation Mean Squared Error for seed 562: 856547.381472648
2025-09-16 18:34:41 - INFO - Validation Mean Absolute Error for seed 562: 274.46622504479615
2025-09-16 18:34:41 - INFO - New best model found for seed 562 with Validation R-squared: 0.36959313398982185
2025-09-16 18:34:41 - INFO - ...DONE!


2025-09-16 18:34:41 - INFO - Starting the Random Forest model training and evaluation process...
2025-09-16 18:34:47 - INFO - Model training completed successfully for seed 951.
2025-09-16 18:34:47 - INFO - Training R-squared: 0.8646721890904767, Validation R-squared: 0.7833409570898029
2025-09-16 18:34:47 - INFO - Training Mean Squared Error: 91167.02914150439, Validation Mean Squared Error: 372758.5492945428
2025-09-16 18:34:47 - INFO - Training Mean Absolute Error: 62.6278704514018, Validation Mean Absolute Error: 105.87472851233807
2025-09-16 18:34:47 - INFO - ---> Loading validation dataset from _Data\validation.csv
2025-09-16 18:34:47 - INFO - Validation R-squared for seed 951: -1.8405987035262508
2025-09-16 18:34:47 - INFO - Validation Mean Squared Error for seed 951: 665378.1745641256
2025-09-16 18:34:47 - INFO - Validation Mean Absolute Error for seed 951: 236.38886640191302
2025-09-16 18:34:47 - INFO - ...DONE!


2025-09-16 18:34:47 - INFO - Starting the Random Forest model training and evaluation process...
2025-09-16 18:34:55 - INFO - Model training completed successfully for seed 233.
2025-09-16 18:34:55 - INFO - Training R-squared: 0.9206175845538458, Validation R-squared: 0.7101597757355373
2025-09-16 18:34:55 - INFO - Training Mean Squared Error: 53220.57117362599, Validation Mean Squared Error: 502276.5248109051
2025-09-16 18:34:55 - INFO - Training Mean Absolute Error: 37.67397136017194, Validation Mean Absolute Error: 132.9011910655513
2025-09-16 18:34:55 - INFO - ---> Loading validation dataset from _Data\validation.csv
2025-09-16 18:34:55 - INFO - Validation R-squared for seed 233: -3.471532968465888
2025-09-16 18:34:55 - INFO - Validation Mean Squared Error for seed 233: 1079354.769677262
2025-09-16 18:34:55 - INFO - Validation Mean Absolute Error for seed 233: 319.85923779642684
2025-09-16 18:34:55 - INFO - ...DONE!


2025-09-16 18:34:55 - INFO - Starting the Random Forest model training and evaluation process...
2025-09-16 18:35:02 - INFO - Model training completed successfully for seed 682.
2025-09-16 18:35:02 - INFO - Training R-squared: 0.9057149728362277, Validation R-squared: 0.6329111886836243
2025-09-16 18:35:02 - INFO - Training Mean Squared Error: 76633.21326760059, Validation Mean Squared Error: 244241.81328319214
2025-09-16 18:35:02 - INFO - Training Mean Absolute Error: 51.704556025769044, Validation Mean Absolute Error: 94.27711304288458
2025-09-16 18:35:02 - INFO - ---> Loading validation dataset from _Data\validation.csv
2025-09-16 18:35:02 - INFO - Validation R-squared for seed 682: -3.0420373139319503
2025-09-16 18:35:02 - INFO - Validation Mean Squared Error for seed 682: 967902.0938037451
2025-09-16 18:35:02 - INFO - Validation Mean Absolute Error for seed 682: 319.2886812682922
2025-09-16 18:35:02 - INFO - ...DONE!


2025-09-16 18:35:02 - INFO - Best model saved to _Model\best_random_forest_size_pdi_data_1.pkl
2025-09-16 18:35:02 - INFO - Training complete for all seeds.
2025-09-16 18:35:02 - INFO - Best model is from seed 562 with Validation R-squared: -2.6022083364358526
2025-09-16 18:36:12 - INFO - Starting the Random Forest model training and evaluation process...
2025-09-16 18:36:20 - INFO - Model training completed successfully for seed 42.
2025-09-16 18:36:20 - INFO - Training R-squared: 0.9064370698979569, Validation R-squared: 0.6509117336859906
2025-09-16 18:36:20 - INFO - Training Mean Squared Error: 71963.03562021533, Validation Mean Squared Error: 308165.3549154024
2025-09-16 18:36:20 - INFO - Training Mean Absolute Error: 47.336149427588204, Validation Mean Absolute Error: 126.50181727096162
2025-09-16 18:36:20 - INFO - ---> Loading validation dataset from _Data\validation.csv
2025-09-16 18:36:20 - INFO - Validation R-squared for seed 42: -2.8098918812864087
2025-09-16 18:36:20 - INFO - Validation Mean Squared Error for seed 42: 897430.5560680056
2025-09-16 18:36:20 - INFO - Validation Mean Absolute Error for seed 42: 286.46431022646186
2025-09-16 18:36:20 - INFO - New best model found for seed 42 with Validation R-squared: 0.6509117336859906
2025-09-16 18:36:20 - INFO - ...DONE!


2025-09-16 18:36:20 - INFO - Starting the Random Forest model training and evaluation process...
2025-09-16 18:36:26 - INFO - Model training completed successfully for seed 279.
2025-09-16 18:36:26 - INFO - Training R-squared: 0.9195114275654499, Validation R-squared: 0.6623097206828462
2025-09-16 18:36:26 - INFO - Training Mean Squared Error: 72575.56504369642, Validation Mean Squared Error: 251078.87075670002
2025-09-16 18:36:26 - INFO - Training Mean Absolute Error: 49.39332063801631, Validation Mean Absolute Error: 100.56193111755866
2025-09-16 18:36:26 - INFO - ---> Loading validation dataset from _Data\validation.csv
2025-09-16 18:36:26 - INFO - Validation R-squared for seed 279: -3.4421521431696425
2025-09-16 18:36:26 - INFO - Validation Mean Squared Error for seed 279: 1059573.2373327636
2025-09-16 18:36:26 - INFO - Validation Mean Absolute Error for seed 279: 293.4404158891044
2025-09-16 18:36:26 - INFO - ...DONE!


2025-09-16 18:36:26 - INFO - Starting the Random Forest model training and evaluation process...
2025-09-16 18:36:33 - INFO - Model training completed successfully for seed 897.
2025-09-16 18:36:33 - INFO - Training R-squared: 0.9054849926764079, Validation R-squared: 0.4501630549692576
2025-09-16 18:36:33 - INFO - Training Mean Squared Error: 80118.46258310266, Validation Mean Squared Error: 238780.71117962824
2025-09-16 18:36:33 - INFO - Training Mean Absolute Error: 54.74726262568709, Validation Mean Absolute Error: 92.05473690535737
2025-09-16 18:36:33 - INFO - ---> Loading validation dataset from _Data\validation.csv
2025-09-16 18:36:33 - INFO - Validation R-squared for seed 897: -2.04376002197753
2025-09-16 18:36:33 - INFO - Validation Mean Squared Error for seed 897: 688411.0107492048
2025-09-16 18:36:33 - INFO - Validation Mean Absolute Error for seed 897: 265.4333457017325
2025-09-16 18:36:33 - INFO - ...DONE!


2025-09-16 18:36:33 - INFO - Starting the Random Forest model training and evaluation process...
2025-09-16 18:36:39 - INFO - Model training completed successfully for seed 103.
2025-09-16 18:36:39 - INFO - Training R-squared: 0.8628188486722501, Validation R-squared: 0.6971423428688418
2025-09-16 18:36:39 - INFO - Training Mean Squared Error: 86938.37265806935, Validation Mean Squared Error: 575747.1533592907
2025-09-16 18:36:39 - INFO - Training Mean Absolute Error: 53.38353157435708, Validation Mean Absolute Error: 154.53475466810036
2025-09-16 18:36:39 - INFO - ---> Loading validation dataset from _Data\validation.csv
2025-09-16 18:36:39 - INFO - Validation R-squared for seed 103: -2.599369194493562
2025-09-16 18:36:39 - INFO - Validation Mean Squared Error for seed 103: 859835.8131561651
2025-09-16 18:36:39 - INFO - Validation Mean Absolute Error for seed 103: 298.3116200214291
2025-09-16 18:36:39 - INFO - ...DONE!


2025-09-16 18:36:39 - INFO - Starting the Random Forest model training and evaluation process...
2025-09-16 18:36:45 - INFO - Model training completed successfully for seed 432.
2025-09-16 18:36:45 - INFO - Training R-squared: 0.9052649307233865, Validation R-squared: 0.3518780399151739
2025-09-16 18:36:45 - INFO - Training Mean Squared Error: 72778.29666108712, Validation Mean Squared Error: 615235.188232188
2025-09-16 18:36:45 - INFO - Training Mean Absolute Error: 48.390383506837374, Validation Mean Absolute Error: 129.49342285834766
2025-09-16 18:36:45 - INFO - ---> Loading validation dataset from _Data\validation.csv
2025-09-16 18:36:45 - INFO - Validation R-squared for seed 432: 0.4142375415617998
2025-09-16 18:36:45 - INFO - Validation Mean Squared Error for seed 432: 96944.82910860129
2025-09-16 18:36:45 - INFO - Validation Mean Absolute Error for seed 432: 103.25338838055816
2025-09-16 18:36:45 - INFO - ...DONE!


2025-09-16 18:36:45 - INFO - Starting the Random Forest model training and evaluation process...
2025-09-16 18:36:50 - INFO - Model training completed successfully for seed 780.
2025-09-16 18:36:50 - INFO - Training R-squared: 0.8864148636762847, Validation R-squared: 0.7992345546231999
2025-09-16 18:36:50 - INFO - Training Mean Squared Error: 100394.31546209982, Validation Mean Squared Error: 63693.80309296752
2025-09-16 18:36:50 - INFO - Training Mean Absolute Error: 62.828640727044274, Validation Mean Absolute Error: 48.84829791358163
2025-09-16 18:36:50 - INFO - ---> Loading validation dataset from _Data\validation.csv
2025-09-16 18:36:50 - INFO - Validation R-squared for seed 780: -1.6824686606201296
2025-09-16 18:36:50 - INFO - Validation Mean Squared Error for seed 780: 616374.1367152531
2025-09-16 18:36:50 - INFO - Validation Mean Absolute Error for seed 780: 236.58565318605162
2025-09-16 18:36:50 - INFO - ...DONE!


2025-09-16 18:36:50 - INFO - Starting the Random Forest model training and evaluation process...
2025-09-16 18:36:57 - INFO - Model training completed successfully for seed 562.
2025-09-16 18:36:57 - INFO - Training R-squared: 0.9239572133364438, Validation R-squared: 0.36959313398982185
2025-09-16 18:36:57 - INFO - Training Mean Squared Error: 75711.97483741185, Validation Mean Squared Error: 197287.7372615746
2025-09-16 18:36:57 - INFO - Training Mean Absolute Error: 51.31879496117147, Validation Mean Absolute Error: 71.03686660400956
2025-09-16 18:36:57 - INFO - ---> Loading validation dataset from _Data\validation.csv
2025-09-16 18:36:57 - INFO - Validation R-squared for seed 562: -2.6022083364358526
2025-09-16 18:36:57 - INFO - Validation Mean Squared Error for seed 562: 856547.381472648
2025-09-16 18:36:57 - INFO - Validation Mean Absolute Error for seed 562: 274.46622504479615
2025-09-16 18:36:57 - INFO - New best model found for seed 562 with Validation R-squared: 0.36959313398982185
2025-09-16 18:36:57 - INFO - ...DONE!


2025-09-16 18:36:57 - INFO - Starting the Random Forest model training and evaluation process...
2025-09-16 18:37:03 - INFO - Model training completed successfully for seed 951.
2025-09-16 18:37:03 - INFO - Training R-squared: 0.8646721890904767, Validation R-squared: 0.7833409570898029
2025-09-16 18:37:03 - INFO - Training Mean Squared Error: 91167.02914150439, Validation Mean Squared Error: 372758.5492945428
2025-09-16 18:37:03 - INFO - Training Mean Absolute Error: 62.6278704514018, Validation Mean Absolute Error: 105.87472851233807
2025-09-16 18:37:03 - INFO - ---> Loading validation dataset from _Data\validation.csv
2025-09-16 18:37:03 - INFO - Validation R-squared for seed 951: -1.8405987035262508
2025-09-16 18:37:03 - INFO - Validation Mean Squared Error for seed 951: 665378.1745641256
2025-09-16 18:37:03 - INFO - Validation Mean Absolute Error for seed 951: 236.38886640191302
2025-09-16 18:37:03 - INFO - ...DONE!


2025-09-16 18:37:03 - INFO - Starting the Random Forest model training and evaluation process...
2025-09-16 18:37:10 - INFO - Model training completed successfully for seed 233.
2025-09-16 18:37:10 - INFO - Training R-squared: 0.9206175845538458, Validation R-squared: 0.7101597757355373
2025-09-16 18:37:10 - INFO - Training Mean Squared Error: 53220.57117362599, Validation Mean Squared Error: 502276.5248109051
2025-09-16 18:37:10 - INFO - Training Mean Absolute Error: 37.67397136017194, Validation Mean Absolute Error: 132.9011910655513
2025-09-16 18:37:10 - INFO - ---> Loading validation dataset from _Data\validation.csv
2025-09-16 18:37:10 - INFO - Validation R-squared for seed 233: -3.471532968465888
2025-09-16 18:37:10 - INFO - Validation Mean Squared Error for seed 233: 1079354.769677262
2025-09-16 18:37:10 - INFO - Validation Mean Absolute Error for seed 233: 319.85923779642684
2025-09-16 18:37:10 - INFO - ...DONE!


2025-09-16 18:37:10 - INFO - Starting the Random Forest model training and evaluation process...
2025-09-16 18:37:16 - INFO - Model training completed successfully for seed 682.
2025-09-16 18:37:16 - INFO - Training R-squared: 0.9057149728362277, Validation R-squared: 0.6329111886836243
2025-09-16 18:37:16 - INFO - Training Mean Squared Error: 76633.21326760059, Validation Mean Squared Error: 244241.81328319214
2025-09-16 18:37:16 - INFO - Training Mean Absolute Error: 51.704556025769044, Validation Mean Absolute Error: 94.27711304288458
2025-09-16 18:37:16 - INFO - ---> Loading validation dataset from _Data\validation.csv
2025-09-16 18:37:16 - INFO - Validation R-squared for seed 682: -3.0420373139319503
2025-09-16 18:37:16 - INFO - Validation Mean Squared Error for seed 682: 967902.0938037451
2025-09-16 18:37:16 - INFO - Validation Mean Absolute Error for seed 682: 319.2886812682922
2025-09-16 18:37:16 - INFO - ...DONE!


2025-09-16 18:37:16 - INFO - Best model saved to _Model\best_random_forest_size_pdi_data_1.pkl
2025-09-16 18:37:16 - INFO - Training complete for all seeds.
2025-09-16 18:37:16 - INFO - Best model is from seed 562 with Validation R-squared: -2.6022083364358526
2025-09-16 18:37:38 - INFO - Starting the Random Forest model training and evaluation process...
2025-09-16 18:37:45 - INFO - Model training completed successfully for seed 42.
2025-09-16 18:37:45 - INFO - Training R-squared: 0.9064370698979569, Validation R-squared: 0.6509117336859906
2025-09-16 18:37:45 - INFO - Training Mean Squared Error: 71963.03562021533, Validation Mean Squared Error: 308165.3549154024
2025-09-16 18:37:45 - INFO - Training Mean Absolute Error: 47.336149427588204, Validation Mean Absolute Error: 126.50181727096162
2025-09-16 18:37:45 - INFO - ---> Loading validation dataset from _Data\validation.csv
2025-09-16 18:37:45 - INFO - Validation R-squared for seed 42: -2.8098918812864087
2025-09-16 18:37:45 - INFO - Validation Mean Squared Error for seed 42: 897430.5560680056
2025-09-16 18:37:45 - INFO - Validation Mean Absolute Error for seed 42: 286.46431022646186
2025-09-16 18:37:45 - INFO - New best model found for seed 42 with Validation R-squared: 0.6509117336859906
2025-09-16 18:37:45 - INFO - ...DONE!


2025-09-16 18:37:45 - INFO - Starting the Random Forest model training and evaluation process...
2025-09-16 18:37:50 - INFO - Model training completed successfully for seed 279.
2025-09-16 18:37:50 - INFO - Training R-squared: 0.9195114275654499, Validation R-squared: 0.6623097206828462
2025-09-16 18:37:50 - INFO - Training Mean Squared Error: 72575.56504369642, Validation Mean Squared Error: 251078.87075670002
2025-09-16 18:37:50 - INFO - Training Mean Absolute Error: 49.39332063801631, Validation Mean Absolute Error: 100.56193111755866
2025-09-16 18:37:50 - INFO - ---> Loading validation dataset from _Data\validation.csv
2025-09-16 18:37:50 - INFO - Validation R-squared for seed 279: -3.4421521431696425
2025-09-16 18:37:50 - INFO - Validation Mean Squared Error for seed 279: 1059573.2373327636
2025-09-16 18:37:50 - INFO - Validation Mean Absolute Error for seed 279: 293.4404158891044
2025-09-16 18:37:50 - INFO - ...DONE!


2025-09-16 18:37:50 - INFO - Starting the Random Forest model training and evaluation process...
2025-09-16 18:37:55 - INFO - Model training completed successfully for seed 897.
2025-09-16 18:37:55 - INFO - Training R-squared: 0.9054849926764079, Validation R-squared: 0.4501630549692576
2025-09-16 18:37:55 - INFO - Training Mean Squared Error: 80118.46258310266, Validation Mean Squared Error: 238780.71117962824
2025-09-16 18:37:55 - INFO - Training Mean Absolute Error: 54.74726262568709, Validation Mean Absolute Error: 92.05473690535737
2025-09-16 18:37:55 - INFO - ---> Loading validation dataset from _Data\validation.csv
2025-09-16 18:37:56 - INFO - Validation R-squared for seed 897: -2.04376002197753
2025-09-16 18:37:56 - INFO - Validation Mean Squared Error for seed 897: 688411.0107492048
2025-09-16 18:37:56 - INFO - Validation Mean Absolute Error for seed 897: 265.4333457017325
2025-09-16 18:37:56 - INFO - ...DONE!


2025-09-16 18:37:56 - INFO - Starting the Random Forest model training and evaluation process...
2025-09-16 18:38:01 - INFO - Model training completed successfully for seed 103.
2025-09-16 18:38:01 - INFO - Training R-squared: 0.8628188486722501, Validation R-squared: 0.6971423428688418
2025-09-16 18:38:01 - INFO - Training Mean Squared Error: 86938.37265806935, Validation Mean Squared Error: 575747.1533592907
2025-09-16 18:38:01 - INFO - Training Mean Absolute Error: 53.38353157435708, Validation Mean Absolute Error: 154.53475466810036
2025-09-16 18:38:01 - INFO - ---> Loading validation dataset from _Data\validation.csv
2025-09-16 18:38:02 - INFO - Validation R-squared for seed 103: -2.599369194493562
2025-09-16 18:38:02 - INFO - Validation Mean Squared Error for seed 103: 859835.8131561651
2025-09-16 18:38:02 - INFO - Validation Mean Absolute Error for seed 103: 298.3116200214291
2025-09-16 18:38:02 - INFO - ...DONE!


2025-09-16 18:38:02 - INFO - Starting the Random Forest model training and evaluation process...
2025-09-16 18:38:07 - INFO - Model training completed successfully for seed 432.
2025-09-16 18:38:07 - INFO - Training R-squared: 0.9052649307233865, Validation R-squared: 0.3518780399151739
2025-09-16 18:38:07 - INFO - Training Mean Squared Error: 72778.29666108712, Validation Mean Squared Error: 615235.188232188
2025-09-16 18:38:07 - INFO - Training Mean Absolute Error: 48.390383506837374, Validation Mean Absolute Error: 129.49342285834766
2025-09-16 18:38:07 - INFO - ---> Loading validation dataset from _Data\validation.csv
2025-09-16 18:38:07 - INFO - Validation R-squared for seed 432: 0.4142375415617998
2025-09-16 18:38:07 - INFO - Validation Mean Squared Error for seed 432: 96944.82910860129
2025-09-16 18:38:07 - INFO - Validation Mean Absolute Error for seed 432: 103.25338838055816
2025-09-16 18:38:07 - INFO - ...DONE!


2025-09-16 18:38:07 - INFO - Starting the Random Forest model training and evaluation process...
2025-09-16 18:38:13 - INFO - Model training completed successfully for seed 780.
2025-09-16 18:38:13 - INFO - Training R-squared: 0.8864148636762847, Validation R-squared: 0.7992345546231999
2025-09-16 18:38:13 - INFO - Training Mean Squared Error: 100394.31546209982, Validation Mean Squared Error: 63693.80309296752
2025-09-16 18:38:13 - INFO - Training Mean Absolute Error: 62.828640727044274, Validation Mean Absolute Error: 48.84829791358163
2025-09-16 18:38:13 - INFO - ---> Loading validation dataset from _Data\validation.csv
2025-09-16 18:38:13 - INFO - Validation R-squared for seed 780: -1.6824686606201296
2025-09-16 18:38:13 - INFO - Validation Mean Squared Error for seed 780: 616374.1367152531
2025-09-16 18:38:13 - INFO - Validation Mean Absolute Error for seed 780: 236.58565318605162
2025-09-16 18:38:13 - INFO - ...DONE!


2025-09-16 18:38:13 - INFO - Starting the Random Forest model training and evaluation process...
2025-09-16 18:38:20 - INFO - Model training completed successfully for seed 562.
2025-09-16 18:38:20 - INFO - Training R-squared: 0.9239572133364438, Validation R-squared: 0.36959313398982185
2025-09-16 18:38:20 - INFO - Training Mean Squared Error: 75711.97483741185, Validation Mean Squared Error: 197287.7372615746
2025-09-16 18:38:20 - INFO - Training Mean Absolute Error: 51.31879496117147, Validation Mean Absolute Error: 71.03686660400956
2025-09-16 18:38:20 - INFO - ---> Loading validation dataset from _Data\validation.csv
2025-09-16 18:38:20 - INFO - Validation R-squared for seed 562: -2.6022083364358526
2025-09-16 18:38:20 - INFO - Validation Mean Squared Error for seed 562: 856547.381472648
2025-09-16 18:38:20 - INFO - Validation Mean Absolute Error for seed 562: 274.46622504479615
2025-09-16 18:38:20 - INFO - New best model found for seed 562 with Validation R-squared: 0.36959313398982185
2025-09-16 18:38:20 - INFO - ...DONE!


2025-09-16 18:38:20 - INFO - Starting the Random Forest model training and evaluation process...
2025-09-16 18:38:25 - INFO - Model training completed successfully for seed 951.
2025-09-16 18:38:25 - INFO - Training R-squared: 0.8646721890904767, Validation R-squared: 0.7833409570898029
2025-09-16 18:38:25 - INFO - Training Mean Squared Error: 91167.02914150439, Validation Mean Squared Error: 372758.5492945428
2025-09-16 18:38:25 - INFO - Training Mean Absolute Error: 62.6278704514018, Validation Mean Absolute Error: 105.87472851233807
2025-09-16 18:38:25 - INFO - ---> Loading validation dataset from _Data\validation.csv
2025-09-16 18:38:25 - INFO - Validation R-squared for seed 951: -1.8405987035262508
2025-09-16 18:38:25 - INFO - Validation Mean Squared Error for seed 951: 665378.1745641256
2025-09-16 18:38:25 - INFO - Validation Mean Absolute Error for seed 951: 236.38886640191302
2025-09-16 18:38:25 - INFO - ...DONE!


2025-09-16 18:38:25 - INFO - Starting the Random Forest model training and evaluation process...
2025-09-16 18:38:32 - INFO - Model training completed successfully for seed 233.
2025-09-16 18:38:32 - INFO - Training R-squared: 0.9206175845538458, Validation R-squared: 0.7101597757355373
2025-09-16 18:38:32 - INFO - Training Mean Squared Error: 53220.57117362599, Validation Mean Squared Error: 502276.5248109051
2025-09-16 18:38:32 - INFO - Training Mean Absolute Error: 37.67397136017194, Validation Mean Absolute Error: 132.9011910655513
2025-09-16 18:38:32 - INFO - ---> Loading validation dataset from _Data\validation.csv
2025-09-16 18:38:32 - INFO - Validation R-squared for seed 233: -3.471532968465888
2025-09-16 18:38:32 - INFO - Validation Mean Squared Error for seed 233: 1079354.769677262
2025-09-16 18:38:32 - INFO - Validation Mean Absolute Error for seed 233: 319.85923779642684
2025-09-16 18:38:32 - INFO - ...DONE!


2025-09-16 18:38:32 - INFO - Starting the Random Forest model training and evaluation process...
2025-09-16 18:38:39 - INFO - Model training completed successfully for seed 682.
2025-09-16 18:38:39 - INFO - Training R-squared: 0.9057149728362277, Validation R-squared: 0.6329111886836243
2025-09-16 18:38:39 - INFO - Training Mean Squared Error: 76633.21326760059, Validation Mean Squared Error: 244241.81328319214
2025-09-16 18:38:39 - INFO - Training Mean Absolute Error: 51.704556025769044, Validation Mean Absolute Error: 94.27711304288458
2025-09-16 18:38:39 - INFO - ---> Loading validation dataset from _Data\validation.csv
2025-09-16 18:38:39 - INFO - Validation R-squared for seed 682: -3.0420373139319503
2025-09-16 18:38:39 - INFO - Validation Mean Squared Error for seed 682: 967902.0938037451
2025-09-16 18:38:39 - INFO - Validation Mean Absolute Error for seed 682: 319.2886812682922
2025-09-16 18:38:39 - INFO - ...DONE!


2025-09-16 18:38:39 - INFO - Best model saved to _Model\best_random_forest_size_pdi_data_1.pkl
2025-09-16 18:38:39 - INFO - Training complete for all seeds.
2025-09-16 18:38:39 - INFO - Best model is from seed 562 with Validation R-squared: -2.6022083364358526
