2025-09-16 18:35:02 - INFO - STARTING THE XGBOOST MODEL TRAINING PROCESS FOR PREDICTING PDI...
2025-09-16 18:35:02 - INFO - ---> Loading dataset from _Data/data_1.csv
2025-09-16 18:35:08 - INFO - Model training completed successfully for seed 42.
2025-09-16 18:35:08 - INFO - Training R-squared: 0.9916329383850098, Validation R-squared: 0.8920974135398865
2025-09-16 18:35:08 - INFO - Training Mean Squared Error: 0.0002678768942132592, Validation Mean Squared Error: 0.003400208428502083
2025-09-16 18:35:08 - INFO - Training Mean Absolute Error: 0.01212930865585804, Validation Mean Absolute Error: 0.03808189183473587
2025-09-16 18:35:08 - INFO - ---> Loading validation dataset from _Data/validation.csv
2025-09-16 18:35:08 - INFO - Validation R-squared for seed 42: 0.8798931241035461
2025-09-16 18:35:08 - INFO - Validation Mean Squared Error for seed 42: 0.005721099209040403
2025-09-16 18:35:08 - INFO - Validation Mean Absolute Error for seed 42: 0.05292287841439247
2025-09-16 18:35:08 - INFO - New best model found for seed 42 with Training R-squared: 0.9916329383850098 and Validation R-squared: 0.8798931241035461
2025-09-16 18:35:08 - INFO - ...DONE!


2025-09-16 18:35:08 - INFO - Best model saved to _Model/best_xgboost_model__data_1_pdi.pkl
2025-09-16 18:35:08 - INFO - STARTING THE XGBOOST MODEL TRAINING PROCESS FOR PREDICTING PDI...
2025-09-16 18:35:08 - INFO - ---> Loading dataset from _Data/data_1.csv
2025-09-16 18:35:13 - INFO - Model training completed successfully for seed 279.
2025-09-16 18:35:13 - INFO - Training R-squared: 0.9480714797973633, Validation R-squared: 0.7374683618545532
2025-09-16 18:35:13 - INFO - Training Mean Squared Error: 0.0014664343325421214, Validation Mean Squared Error: 0.012228692881762981
2025-09-16 18:35:13 - INFO - Training Mean Absolute Error: 0.025766806676983833, Validation Mean Absolute Error: 0.058645401149988174
2025-09-16 18:35:13 - INFO - ---> Loading validation dataset from _Data/validation.csv
2025-09-16 18:35:13 - INFO - Validation R-squared for seed 279: 0.6509490013122559
2025-09-16 18:35:13 - INFO - Validation Mean Squared Error for seed 279: 0.01662648841738701
2025-09-16 18:35:13 - INFO - Validation Mean Absolute Error for seed 279: 0.08522483706474304
2025-09-16 18:35:13 - INFO - ...DONE!


2025-09-16 18:35:14 - INFO - Best model saved to _Model/best_xgboost_model__data_1_pdi.pkl
2025-09-16 18:35:14 - INFO - STARTING THE XGBOOST MODEL TRAINING PROCESS FOR PREDICTING PDI...
2025-09-16 18:35:14 - INFO - ---> Loading dataset from _Data/data_1.csv
2025-09-16 18:35:19 - INFO - Model training completed successfully for seed 897.
2025-09-16 18:35:19 - INFO - Training R-squared: 0.9916430115699768, Validation R-squared: 0.9245975017547607
2025-09-16 18:35:19 - INFO - Training Mean Squared Error: 0.00029066464048810303, Validation Mean Squared Error: 0.0015375202056020498
2025-09-16 18:35:19 - INFO - Training Mean Absolute Error: 0.013245400041341782, Validation Mean Absolute Error: 0.02938517928123474
2025-09-16 18:35:19 - INFO - ---> Loading validation dataset from _Data/validation.csv
2025-09-16 18:35:19 - INFO - Validation R-squared for seed 897: 0.9082199335098267
2025-09-16 18:35:19 - INFO - Validation Mean Squared Error for seed 897: 0.0043717967346310616
2025-09-16 18:35:19 - INFO - Validation Mean Absolute Error for seed 897: 0.04289105162024498
2025-09-16 18:35:19 - INFO - New best model found for seed 897 with Training R-squared: 0.9916430115699768 and Validation R-squared: 0.9082199335098267
2025-09-16 18:35:19 - INFO - ...DONE!


2025-09-16 18:35:19 - INFO - Best model saved to _Model/best_xgboost_model__data_1_pdi.pkl
2025-09-16 18:35:19 - INFO - STARTING THE XGBOOST MODEL TRAINING PROCESS FOR PREDICTING PDI...
2025-09-16 18:35:19 - INFO - ---> Loading dataset from _Data/data_1.csv
2025-09-16 18:35:25 - INFO - Model training completed successfully for seed 103.
2025-09-16 18:35:25 - INFO - Training R-squared: 0.9499720335006714, Validation R-squared: 0.9090055823326111
2025-09-16 18:35:25 - INFO - Training Mean Squared Error: 0.0015944482292979956, Validation Mean Squared Error: 0.0029211645014584064
2025-09-16 18:35:25 - INFO - Training Mean Absolute Error: 0.02715647593140602, Validation Mean Absolute Error: 0.04140828549861908
2025-09-16 18:35:25 - INFO - ---> Loading validation dataset from _Data/validation.csv
2025-09-16 18:35:25 - INFO - Validation R-squared for seed 103: 0.7085859775543213
2025-09-16 18:35:25 - INFO - Validation Mean Squared Error for seed 103: 0.01388104259967804
2025-09-16 18:35:25 - INFO - Validation Mean Absolute Error for seed 103: 0.08033885806798935
2025-09-16 18:35:25 - INFO - ...DONE!


2025-09-16 18:35:25 - INFO - Best model saved to _Model/best_xgboost_model__data_1_pdi.pkl
2025-09-16 18:35:25 - INFO - STARTING THE XGBOOST MODEL TRAINING PROCESS FOR PREDICTING PDI...
2025-09-16 18:35:25 - INFO - ---> Loading dataset from _Data/data_1.csv
2025-09-16 18:35:30 - INFO - Model training completed successfully for seed 432.
2025-09-16 18:35:30 - INFO - Training R-squared: 0.9854304790496826, Validation R-squared: 0.8364414572715759
2025-09-16 18:35:30 - INFO - Training Mean Squared Error: 0.0005062096752226353, Validation Mean Squared Error: 0.003361350856721401
2025-09-16 18:35:30 - INFO - Training Mean Absolute Error: 0.0170737411826849, Validation Mean Absolute Error: 0.03884897381067276
2025-09-16 18:35:30 - INFO - ---> Loading validation dataset from _Data/validation.csv
2025-09-16 18:35:30 - INFO - Validation R-squared for seed 432: 0.8302506804466248
2025-09-16 18:35:30 - INFO - Validation Mean Squared Error for seed 432: 0.008085738867521286
2025-09-16 18:35:30 - INFO - Validation Mean Absolute Error for seed 432: 0.05884212255477905
2025-09-16 18:35:30 - INFO - ...DONE!


2025-09-16 18:35:30 - INFO - Best model saved to _Model/best_xgboost_model__data_1_pdi.pkl
2025-09-16 18:35:30 - INFO - STARTING THE XGBOOST MODEL TRAINING PROCESS FOR PREDICTING PDI...
2025-09-16 18:35:30 - INFO - ---> Loading dataset from _Data/data_1.csv
2025-09-16 18:35:36 - INFO - Model training completed successfully for seed 780.
2025-09-16 18:35:36 - INFO - Training R-squared: 0.9956990480422974, Validation R-squared: 0.9086219668388367
2025-09-16 18:35:36 - INFO - Training Mean Squared Error: 0.00014014178304933012, Validation Mean Squared Error: 0.002621225081384182
2025-09-16 18:35:36 - INFO - Training Mean Absolute Error: 0.009050755761563778, Validation Mean Absolute Error: 0.03786507248878479
2025-09-16 18:35:36 - INFO - ---> Loading validation dataset from _Data/validation.csv
2025-09-16 18:35:36 - INFO - Validation R-squared for seed 780: 0.8147335052490234
2025-09-16 18:35:36 - INFO - Validation Mean Squared Error for seed 780: 0.008824874646961689
2025-09-16 18:35:36 - INFO - Validation Mean Absolute Error for seed 780: 0.06334621459245682
2025-09-16 18:35:36 - INFO - ...DONE!


2025-09-16 18:35:36 - INFO - Best model saved to _Model/best_xgboost_model__data_1_pdi.pkl
2025-09-16 18:35:36 - INFO - STARTING THE XGBOOST MODEL TRAINING PROCESS FOR PREDICTING PDI...
2025-09-16 18:35:36 - INFO - ---> Loading dataset from _Data/data_1.csv
2025-09-16 18:35:41 - INFO - Model training completed successfully for seed 562.
2025-09-16 18:35:41 - INFO - Training R-squared: 0.9916192889213562, Validation R-squared: 0.9566537141799927
2025-09-16 18:35:41 - INFO - Training Mean Squared Error: 0.0002821245288942009, Validation Mean Squared Error: 0.0010690937051549554
2025-09-16 18:35:41 - INFO - Training Mean Absolute Error: 0.012657985091209412, Validation Mean Absolute Error: 0.026082690805196762
2025-09-16 18:35:41 - INFO - ---> Loading validation dataset from _Data/validation.csv
2025-09-16 18:35:41 - INFO - Validation R-squared for seed 562: 0.883332371711731
2025-09-16 18:35:41 - INFO - Validation Mean Squared Error for seed 562: 0.0055572763085365295
2025-09-16 18:35:41 - INFO - Validation Mean Absolute Error for seed 562: 0.04840324446558952
2025-09-16 18:35:41 - INFO - ...DONE!


2025-09-16 18:35:41 - INFO - Best model saved to _Model/best_xgboost_model__data_1_pdi.pkl
2025-09-16 18:35:41 - INFO - STARTING THE XGBOOST MODEL TRAINING PROCESS FOR PREDICTING PDI...
2025-09-16 18:35:41 - INFO - ---> Loading dataset from _Data/data_1.csv
2025-09-16 18:35:46 - INFO - Model training completed successfully for seed 951.
2025-09-16 18:35:46 - INFO - Training R-squared: 0.9843358993530273, Validation R-squared: 0.928921639919281
2025-09-16 18:35:46 - INFO - Training Mean Squared Error: 0.0005107063916511834, Validation Mean Squared Error: 0.0020808721892535686
2025-09-16 18:35:46 - INFO - Training Mean Absolute Error: 0.01733025163412094, Validation Mean Absolute Error: 0.03326602280139923
2025-09-16 18:35:46 - INFO - ---> Loading validation dataset from _Data/validation.csv
2025-09-16 18:35:46 - INFO - Validation R-squared for seed 951: 0.8616644144058228
2025-09-16 18:35:46 - INFO - Validation Mean Squared Error for seed 951: 0.006589397322386503
2025-09-16 18:35:46 - INFO - Validation Mean Absolute Error for seed 951: 0.05826152488589287
2025-09-16 18:35:46 - INFO - ...DONE!


2025-09-16 18:35:46 - INFO - Best model saved to _Model/best_xgboost_model__data_1_pdi.pkl
2025-09-16 18:35:46 - INFO - STARTING THE XGBOOST MODEL TRAINING PROCESS FOR PREDICTING PDI...
2025-09-16 18:35:46 - INFO - ---> Loading dataset from _Data/data_1.csv
2025-09-16 18:35:51 - INFO - Model training completed successfully for seed 233.
2025-09-16 18:35:51 - INFO - Training R-squared: 0.9989020824432373, Validation R-squared: 0.9461916089057922
2025-09-16 18:35:51 - INFO - Training Mean Squared Error: 3.317887967568822e-05, Validation Mean Squared Error: 0.002083658706396818
2025-09-16 18:35:51 - INFO - Training Mean Absolute Error: 0.004298860672861338, Validation Mean Absolute Error: 0.0338614322245121
2025-09-16 18:35:51 - INFO - ---> Loading validation dataset from _Data/validation.csv
2025-09-16 18:35:51 - INFO - Validation R-squared for seed 233: 0.7528868317604065
2025-09-16 18:35:51 - INFO - Validation Mean Squared Error for seed 233: 0.011770843528211117
2025-09-16 18:35:51 - INFO - Validation Mean Absolute Error for seed 233: 0.06817147880792618
2025-09-16 18:35:51 - INFO - ...DONE!


2025-09-16 18:35:51 - INFO - Best model saved to _Model/best_xgboost_model__data_1_pdi.pkl
2025-09-16 18:35:51 - INFO - STARTING THE XGBOOST MODEL TRAINING PROCESS FOR PREDICTING PDI...
2025-09-16 18:35:51 - INFO - ---> Loading dataset from _Data/data_1.csv
2025-09-16 18:35:57 - INFO - Model training completed successfully for seed 682.
2025-09-16 18:35:57 - INFO - Training R-squared: 0.9868789911270142, Validation R-squared: 0.8565278053283691
2025-09-16 18:35:57 - INFO - Training Mean Squared Error: 0.00040484240162186325, Validation Mean Squared Error: 0.005188977345824242
2025-09-16 18:35:57 - INFO - Training Mean Absolute Error: 0.015606374479830265, Validation Mean Absolute Error: 0.036851827055215836
2025-09-16 18:35:57 - INFO - ---> Loading validation dataset from _Data/validation.csv
2025-09-16 18:35:57 - INFO - Validation R-squared for seed 682: 0.8277543783187866
2025-09-16 18:35:57 - INFO - Validation Mean Squared Error for seed 682: 0.008204647339880466
2025-09-16 18:35:57 - INFO - Validation Mean Absolute Error for seed 682: 0.06434907764196396
2025-09-16 18:35:57 - INFO - ...DONE!


2025-09-16 18:35:57 - INFO - Best model saved to _Model/best_xgboost_model__data_1_pdi.pkl
2025-09-16 18:35:57 - INFO - Training complete for all seeds.
2025-09-16 18:35:57 - INFO - Best model is from seed 897 with Training R-squared: 0.9916430115699768 and Validation R-squared: 0.9082199335098267
