2025-09-16 18:38:39 - INFO - STARTING THE XGBOOST MODEL TRAINING PROCESS FOR PREDICTING SIZE...
2025-09-16 18:38:39 - INFO - ---> Loading dataset from _Data/data_1.csv
2025-09-16 18:39:25 - INFO - Model training completed successfully for seed 42.
2025-09-16 18:39:25 - INFO - Training R-squared: 0.9887089729309082, Validation R-squared: 0.6758326292037964
2025-09-16 18:39:25 - INFO - Training Mean Squared Error: 13157.88671875, Validation Mean Squared Error: 399612.28125
2025-09-16 18:39:25 - INFO - Training Mean Absolute Error: 15.951692581176758, Validation Mean Absolute Error: 169.24249267578125
2025-09-16 18:39:25 - INFO - ---> Loading validation dataset from _Data/validation.csv
2025-09-16 18:39:25 - INFO - Validation R-squared for seed 42: 0.3952696919441223
2025-09-16 18:39:25 - INFO - Validation Mean Squared Error for seed 42: 151960.328125
2025-09-16 18:39:25 - INFO - Validation Mean Absolute Error for seed 42: 187.4141082763672
2025-09-16 18:39:25 - INFO - New best model found for seed 42 with Training R-squared: 0.9887089729309082 and Validation R-squared: 0.3952696919441223
2025-09-16 18:39:25 - INFO - ...DONE!


2025-09-16 18:39:25 - INFO - Best model saved to _Model/best_xgboost_model__data_1_size.pkl
2025-09-16 18:39:25 - INFO - STARTING THE XGBOOST MODEL TRAINING PROCESS FOR PREDICTING SIZE...
2025-09-16 18:39:25 - INFO - ---> Loading dataset from _Data/data_1.csv
2025-09-16 18:40:14 - INFO - Model training completed successfully for seed 279.
2025-09-16 18:40:14 - INFO - Training R-squared: 0.9884438514709473, Validation R-squared: 0.6829193830490112
2025-09-16 18:40:14 - INFO - Training Mean Squared Error: 13786.8623046875, Validation Mean Squared Error: 356310.1875
2025-09-16 18:40:14 - INFO - Training Mean Absolute Error: 11.212508201599121, Validation Mean Absolute Error: 132.31927490234375
2025-09-16 18:40:14 - INFO - ---> Loading validation dataset from _Data/validation.csv
2025-09-16 18:40:14 - INFO - Validation R-squared for seed 279: 0.16429352760314941
2025-09-16 18:40:14 - INFO - Validation Mean Squared Error for seed 279: 210001.4375
2025-09-16 18:40:14 - INFO - Validation Mean Absolute Error for seed 279: 169.53269958496094
2025-09-16 18:40:14 - INFO - ...DONE!


2025-09-16 18:40:14 - INFO - Best model saved to _Model/best_xgboost_model__data_1_size.pkl
2025-09-16 18:40:14 - INFO - STARTING THE XGBOOST MODEL TRAINING PROCESS FOR PREDICTING SIZE...
2025-09-16 18:40:14 - INFO - ---> Loading dataset from _Data/data_1.csv
2025-09-16 18:41:05 - INFO - Model training completed successfully for seed 897.
2025-09-16 18:41:05 - INFO - Training R-squared: 0.9900990724563599, Validation R-squared: 0.112973153591156
2025-09-16 18:41:05 - INFO - Training Mean Squared Error: 13212.3251953125, Validation Mean Squared Error: 488828.96875
2025-09-16 18:41:05 - INFO - Training Mean Absolute Error: 18.81903076171875, Validation Mean Absolute Error: 146.9501190185547
2025-09-16 18:41:05 - INFO - ---> Loading validation dataset from _Data/validation.csv
2025-09-16 18:41:05 - INFO - Validation R-squared for seed 897: 0.5589519739151001
2025-09-16 18:41:05 - INFO - Validation Mean Squared Error for seed 897: 110829.2578125
2025-09-16 18:41:05 - INFO - Validation Mean Absolute Error for seed 897: 144.31198120117188
2025-09-16 18:41:05 - INFO - New best model found for seed 897 with Training R-squared: 0.9900990724563599 and Validation R-squared: 0.5589519739151001
2025-09-16 18:41:05 - INFO - ...DONE!


2025-09-16 18:41:05 - INFO - Best model saved to _Model/best_xgboost_model__data_1_size.pkl
2025-09-16 18:41:05 - INFO - STARTING THE XGBOOST MODEL TRAINING PROCESS FOR PREDICTING SIZE...
2025-09-16 18:41:05 - INFO - ---> Loading dataset from _Data/data_1.csv
2025-09-16 18:41:57 - INFO - Model training completed successfully for seed 103.
2025-09-16 18:41:57 - INFO - Training R-squared: 0.9994157552719116, Validation R-squared: 0.6511656641960144
2025-09-16 18:41:57 - INFO - Training Mean Squared Error: 488.80712890625, Validation Mean Squared Error: 876455.125
2025-09-16 18:41:57 - INFO - Training Mean Absolute Error: 9.924214363098145, Validation Mean Absolute Error: 240.24099731445312
2025-09-16 18:41:57 - INFO - ---> Loading validation dataset from _Data/validation.csv
2025-09-16 18:41:57 - INFO - Validation R-squared for seed 103: -0.4787752628326416
2025-09-16 18:41:57 - INFO - Validation Mean Squared Error for seed 103: 371595.71875
2025-09-16 18:41:57 - INFO - Validation Mean Absolute Error for seed 103: 297.0566101074219
2025-09-16 18:41:57 - INFO - ...DONE!


2025-09-16 18:41:57 - INFO - Best model saved to _Model/best_xgboost_model__data_1_size.pkl
2025-09-16 18:41:57 - INFO - STARTING THE XGBOOST MODEL TRAINING PROCESS FOR PREDICTING SIZE...
2025-09-16 18:41:57 - INFO - ---> Loading dataset from _Data/data_1.csv
2025-09-16 18:42:45 - INFO - Model training completed successfully for seed 432.
2025-09-16 18:42:45 - INFO - Training R-squared: 0.9879583716392517, Validation R-squared: 0.16477680206298828
2025-09-16 18:42:45 - INFO - Training Mean Squared Error: 14088.2294921875, Validation Mean Squared Error: 1014814.0625
2025-09-16 18:42:45 - INFO - Training Mean Absolute Error: 22.214378356933594, Validation Mean Absolute Error: 223.6649627685547
2025-09-16 18:42:45 - INFO - ---> Loading validation dataset from _Data/validation.csv
2025-09-16 18:42:45 - INFO - Validation R-squared for seed 432: 0.9819625616073608
2025-09-16 18:42:45 - INFO - Validation Mean Squared Error for seed 432: 4532.5615234375
2025-09-16 18:42:45 - INFO - Validation Mean Absolute Error for seed 432: 41.278255462646484
2025-09-16 18:42:45 - INFO - ...DONE!


2025-09-16 18:42:45 - INFO - Best model saved to _Model/best_xgboost_model__data_1_size.pkl
2025-09-16 18:42:46 - INFO - STARTING THE XGBOOST MODEL TRAINING PROCESS FOR PREDICTING SIZE...
2025-09-16 18:42:46 - INFO - ---> Loading dataset from _Data/data_1.csv
2025-09-16 18:43:32 - INFO - Model training completed successfully for seed 780.
2025-09-16 18:43:32 - INFO - Training R-squared: 0.9905614256858826, Validation R-squared: 0.3925146460533142
2025-09-16 18:43:32 - INFO - Training Mean Squared Error: 12758.8076171875, Validation Mean Squared Error: 292965.1875
2025-09-16 18:43:32 - INFO - Training Mean Absolute Error: 10.618343353271484, Validation Mean Absolute Error: 106.22457122802734
2025-09-16 18:43:32 - INFO - ---> Loading validation dataset from _Data/validation.csv
2025-09-16 18:43:32 - INFO - Validation R-squared for seed 780: 0.7899619340896606
2025-09-16 18:43:32 - INFO - Validation Mean Squared Error for seed 780: 52779.64453125
2025-09-16 18:43:32 - INFO - Validation Mean Absolute Error for seed 780: 99.67633056640625
2025-09-16 18:43:32 - INFO - New best model found for seed 780 with Training R-squared: 0.9905614256858826 and Validation R-squared: 0.7899619340896606
2025-09-16 18:43:32 - INFO - ...DONE!


2025-09-16 18:43:32 - INFO - Best model saved to _Model/best_xgboost_model__data_1_size.pkl
2025-09-16 18:43:32 - INFO - STARTING THE XGBOOST MODEL TRAINING PROCESS FOR PREDICTING SIZE...
2025-09-16 18:43:32 - INFO - ---> Loading dataset from _Data/data_1.csv
2025-09-16 18:44:19 - INFO - Model training completed successfully for seed 562.
2025-09-16 18:44:19 - INFO - Training R-squared: 0.9998437166213989, Validation R-squared: 0.43461906909942627
2025-09-16 18:44:19 - INFO - Training Mean Squared Error: 215.67144775390625, Validation Mean Squared Error: 201908.03125
2025-09-16 18:44:19 - INFO - Training Mean Absolute Error: 1.8524696826934814, Validation Mean Absolute Error: 112.75174713134766
2025-09-16 18:44:19 - INFO - ---> Loading validation dataset from _Data/validation.csv
2025-09-16 18:44:19 - INFO - Validation R-squared for seed 562: 0.34094834327697754
2025-09-16 18:44:19 - INFO - Validation Mean Squared Error for seed 562: 165610.546875
2025-09-16 18:44:19 - INFO - Validation Mean Absolute Error for seed 562: 176.64239501953125
2025-09-16 18:44:19 - INFO - ...DONE!


2025-09-16 18:44:19 - INFO - Best model saved to _Model/best_xgboost_model__data_1_size.pkl
2025-09-16 18:44:19 - INFO - STARTING THE XGBOOST MODEL TRAINING PROCESS FOR PREDICTING SIZE...
2025-09-16 18:44:19 - INFO - ---> Loading dataset from _Data/data_1.csv
2025-09-16 18:45:17 - INFO - Model training completed successfully for seed 951.
2025-09-16 18:45:17 - INFO - Training R-squared: 0.9896804094314575, Validation R-squared: 0.6523920297622681
2025-09-16 18:45:17 - INFO - Training Mean Squared Error: 9869.5458984375, Validation Mean Squared Error: 715228.5625
2025-09-16 18:45:17 - INFO - Training Mean Absolute Error: 43.13876724243164, Validation Mean Absolute Error: 191.29627990722656
2025-09-16 18:45:17 - INFO - ---> Loading validation dataset from _Data/validation.csv
2025-09-16 18:45:17 - INFO - Validation R-squared for seed 951: 0.6372060775756836
2025-09-16 18:45:17 - INFO - Validation Mean Squared Error for seed 951: 91165.0703125
2025-09-16 18:45:17 - INFO - Validation Mean Absolute Error for seed 951: 163.11328125
2025-09-16 18:45:17 - INFO - ...DONE!


2025-09-16 18:45:17 - INFO - Best model saved to _Model/best_xgboost_model__data_1_size.pkl
2025-09-16 18:45:17 - INFO - STARTING THE XGBOOST MODEL TRAINING PROCESS FOR PREDICTING SIZE...
2025-09-16 18:45:17 - INFO - ---> Loading dataset from _Data/data_1.csv
2025-09-16 18:46:13 - INFO - Model training completed successfully for seed 233.
2025-09-16 18:46:13 - INFO - Training R-squared: 0.9856891632080078, Validation R-squared: 0.5909725427627563
2025-09-16 18:46:13 - INFO - Training Mean Squared Error: 13868.2822265625, Validation Mean Squared Error: 814677.0625
2025-09-16 18:46:13 - INFO - Training Mean Absolute Error: 16.032930374145508, Validation Mean Absolute Error: 221.74232482910156
2025-09-16 18:46:13 - INFO - ---> Loading validation dataset from _Data/validation.csv
2025-09-16 18:46:13 - INFO - Validation R-squared for seed 233: 0.5884256362915039
2025-09-16 18:46:13 - INFO - Validation Mean Squared Error for seed 233: 103422.9140625
2025-09-16 18:46:13 - INFO - Validation Mean Absolute Error for seed 233: 116.54653930664062
2025-09-16 18:46:13 - INFO - ...DONE!


2025-09-16 18:46:13 - INFO - Best model saved to _Model/best_xgboost_model__data_1_size.pkl
2025-09-16 18:46:13 - INFO - STARTING THE XGBOOST MODEL TRAINING PROCESS FOR PREDICTING SIZE...
2025-09-16 18:46:13 - INFO - ---> Loading dataset from _Data/data_1.csv
2025-09-16 18:47:09 - INFO - Model training completed successfully for seed 682.
2025-09-16 18:47:09 - INFO - Training R-squared: 0.9888436794281006, Validation R-squared: 0.47753894329071045
2025-09-16 18:47:09 - INFO - Training Mean Squared Error: 13116.7275390625, Validation Mean Squared Error: 620151.375
2025-09-16 18:47:09 - INFO - Training Mean Absolute Error: 17.274316787719727, Validation Mean Absolute Error: 204.6026611328125
2025-09-16 18:47:09 - INFO - ---> Loading validation dataset from _Data/validation.csv
2025-09-16 18:47:09 - INFO - Validation R-squared for seed 682: 0.1278054118156433
2025-09-16 18:47:09 - INFO - Validation Mean Squared Error for seed 682: 219170.390625
2025-09-16 18:47:09 - INFO - Validation Mean Absolute Error for seed 682: 211.8193817138672
2025-09-16 18:47:09 - INFO - ...DONE!


2025-09-16 18:47:09 - INFO - Best model saved to _Model/best_xgboost_model__data_1_size.pkl
2025-09-16 18:47:09 - INFO - Training complete for all seeds.
2025-09-16 18:47:09 - INFO - Best model is from seed 780 with Training R-squared: 0.9905614256858826 and Validation R-squared: 0.7899619340896606
2025-09-23 12:12:14 - INFO - STARTING THE XGBOOST MODEL TRAINING PROCESS FOR PREDICTING SIZE...
2025-09-23 12:12:14 - INFO - ---> Loading dataset from _Data/data_1.csv
2025-09-23 12:55:42 - INFO - STARTING THE XGBOOST MODEL TRAINING PROCESS FOR PREDICTING SIZE...
2025-09-23 12:55:42 - INFO - ---> Loading dataset from _Data/data_1.csv
2025-09-23 12:55:45 - INFO - Model training completed successfully for seed 42.
2025-09-23 12:55:45 - INFO - Training R-squared: 0.988223135471344, Validation R-squared: 0.7873703241348267
2025-09-23 12:55:45 - INFO - Training Mean Squared Error: 13724.015625, Validation Mean Squared Error: 262115.96875
2025-09-23 12:55:45 - INFO - Training Mean Absolute Error: 22.80975914001465, Validation Mean Absolute Error: 139.59359741210938
2025-09-23 12:55:45 - INFO - ---> Loading validation dataset from _Data/validation.csv
2025-09-23 12:55:45 - INFO - Validation R-squared for seed 42: -0.9404044151306152
2025-09-23 12:55:45 - INFO - Validation Mean Squared Error for seed 42: 487596.71875
2025-09-23 12:55:45 - INFO - Validation Mean Absolute Error for seed 42: 330.2294006347656
2025-09-23 12:55:45 - INFO - New best model found for seed 42 with Training R-squared: 0.988223135471344 and Validation R-squared: -0.9404044151306152
2025-09-23 12:55:45 - INFO - ...DONE!


2025-09-23 12:55:45 - INFO - Best model saved to _Model/best_xgboost_model__data_1_size.pkl
2025-09-23 12:55:45 - INFO - STARTING THE XGBOOST MODEL TRAINING PROCESS FOR PREDICTING SIZE...
2025-09-23 12:55:45 - INFO - ---> Loading dataset from _Data/data_1.csv
2025-09-23 12:55:47 - INFO - Model training completed successfully for seed 279.
2025-09-23 12:55:47 - INFO - Training R-squared: 0.9546768665313721, Validation R-squared: 0.6850802302360535
2025-09-23 12:55:47 - INFO - Training Mean Squared Error: 54071.8359375, Validation Mean Squared Error: 353882.0
2025-09-23 12:55:47 - INFO - Training Mean Absolute Error: 76.32801055908203, Validation Mean Absolute Error: 163.73797607421875
2025-09-23 12:55:47 - INFO - ---> Loading validation dataset from _Data/validation.csv
2025-09-23 12:55:47 - INFO - Validation R-squared for seed 279: -0.7821413278579712
2025-09-23 12:55:47 - INFO - Validation Mean Squared Error for seed 279: 447827.375
2025-09-23 12:55:47 - INFO - Validation Mean Absolute Error for seed 279: 321.7079162597656
2025-09-23 12:55:47 - INFO - ...DONE!


2025-09-23 12:55:47 - INFO - Best model saved to _Model/best_xgboost_model__data_1_size.pkl
2025-09-23 12:55:47 - INFO - STARTING THE XGBOOST MODEL TRAINING PROCESS FOR PREDICTING SIZE...
2025-09-23 12:55:47 - INFO - ---> Loading dataset from _Data/data_1.csv
2025-09-23 12:55:49 - INFO - Model training completed successfully for seed 897.
2025-09-23 12:55:49 - INFO - Training R-squared: 0.9844233989715576, Validation R-squared: 0.07648050785064697
2025-09-23 12:55:49 - INFO - Training Mean Squared Error: 20786.2109375, Validation Mean Squared Error: 508939.59375
2025-09-23 12:55:49 - INFO - Training Mean Absolute Error: 49.93186569213867, Validation Mean Absolute Error: 164.9902801513672
2025-09-23 12:55:49 - INFO - ---> Loading validation dataset from _Data/validation.csv
2025-09-23 12:55:49 - INFO - Validation R-squared for seed 897: 0.3252415657043457
2025-09-23 12:55:49 - INFO - Validation Mean Squared Error for seed 897: 169557.421875
2025-09-23 12:55:49 - INFO - Validation Mean Absolute Error for seed 897: 246.39573669433594
2025-09-23 12:55:49 - INFO - ...DONE!


2025-09-23 12:55:49 - INFO - Best model saved to _Model/best_xgboost_model__data_1_size.pkl
2025-09-23 12:55:49 - INFO - STARTING THE XGBOOST MODEL TRAINING PROCESS FOR PREDICTING SIZE...
2025-09-23 12:55:49 - INFO - ---> Loading dataset from _Data/data_1.csv
2025-09-23 12:55:52 - INFO - Model training completed successfully for seed 103.
2025-09-23 12:55:52 - INFO - Training R-squared: 0.9891790151596069, Validation R-squared: 0.6291123628616333
2025-09-23 12:55:52 - INFO - Training Mean Squared Error: 9053.10546875, Validation Mean Squared Error: 931864.625
2025-09-23 12:55:52 - INFO - Training Mean Absolute Error: 25.96733856201172, Validation Mean Absolute Error: 236.41087341308594
2025-09-23 12:55:52 - INFO - ---> Loading validation dataset from _Data/validation.csv
2025-09-23 12:55:52 - INFO - Validation R-squared for seed 103: 0.1243060827255249
2025-09-23 12:55:52 - INFO - Validation Mean Squared Error for seed 103: 220049.734375
2025-09-23 12:55:52 - INFO - Validation Mean Absolute Error for seed 103: 236.23095703125
2025-09-23 12:55:52 - INFO - New best model found for seed 103 with Training R-squared: 0.9891790151596069 and Validation R-squared: 0.1243060827255249
2025-09-23 12:55:52 - INFO - ...DONE!


2025-09-23 12:55:52 - INFO - Best model saved to _Model/best_xgboost_model__data_1_size.pkl
2025-09-23 12:55:52 - INFO - STARTING THE XGBOOST MODEL TRAINING PROCESS FOR PREDICTING SIZE...
2025-09-23 12:55:52 - INFO - ---> Loading dataset from _Data/data_1.csv
2025-09-23 12:55:54 - INFO - Model training completed successfully for seed 432.
2025-09-23 12:55:54 - INFO - Training R-squared: 0.9825787544250488, Validation R-squared: 0.22576433420181274
2025-09-23 12:55:54 - INFO - Training Mean Squared Error: 20382.169921875, Validation Mean Squared Error: 940712.875
2025-09-23 12:55:54 - INFO - Training Mean Absolute Error: 49.04966354370117, Validation Mean Absolute Error: 256.0537109375
2025-09-23 12:55:54 - INFO - ---> Loading validation dataset from _Data/validation.csv
2025-09-23 12:55:54 - INFO - Validation R-squared for seed 432: 0.8711149096488953
2025-09-23 12:55:54 - INFO - Validation Mean Squared Error for seed 432: 32387.03125
2025-09-23 12:55:54 - INFO - Validation Mean Absolute Error for seed 432: 113.75808715820312
2025-09-23 12:55:54 - INFO - ...DONE!


2025-09-23 12:55:54 - INFO - Best model saved to _Model/best_xgboost_model__data_1_size.pkl
2025-09-23 12:55:54 - INFO - STARTING THE XGBOOST MODEL TRAINING PROCESS FOR PREDICTING SIZE...
2025-09-23 12:55:54 - INFO - ---> Loading dataset from _Data/data_1.csv
2025-09-23 12:55:56 - INFO - Model training completed successfully for seed 780.
2025-09-23 12:55:56 - INFO - Training R-squared: 0.989490807056427, Validation R-squared: 0.6686229705810547
2025-09-23 12:55:56 - INFO - Training Mean Squared Error: 14206.0400390625, Validation Mean Squared Error: 159809.484375
2025-09-23 12:55:56 - INFO - Training Mean Absolute Error: 25.691938400268555, Validation Mean Absolute Error: 81.29228973388672
2025-09-23 12:55:56 - INFO - ---> Loading validation dataset from _Data/validation.csv
2025-09-23 12:55:56 - INFO - Validation R-squared for seed 780: 0.7893410921096802
2025-09-23 12:55:56 - INFO - Validation Mean Squared Error for seed 780: 52935.65625
2025-09-23 12:55:56 - INFO - Validation Mean Absolute Error for seed 780: 126.0892333984375
2025-09-23 12:55:56 - INFO - New best model found for seed 780 with Training R-squared: 0.989490807056427 and Validation R-squared: 0.7893410921096802
2025-09-23 12:55:56 - INFO - ...DONE!


2025-09-23 12:55:56 - INFO - Best model saved to _Model/best_xgboost_model__data_1_size.pkl
2025-09-23 12:55:56 - INFO - STARTING THE XGBOOST MODEL TRAINING PROCESS FOR PREDICTING SIZE...
2025-09-23 12:55:56 - INFO - ---> Loading dataset from _Data/data_1.csv
2025-09-23 12:55:58 - INFO - Model training completed successfully for seed 562.
2025-09-23 12:55:58 - INFO - Training R-squared: 0.9998074173927307, Validation R-squared: 0.562507688999176
2025-09-23 12:55:58 - INFO - Training Mean Squared Error: 265.76959228515625, Validation Mean Squared Error: 156236.625
2025-09-23 12:55:58 - INFO - Training Mean Absolute Error: 6.930903434753418, Validation Mean Absolute Error: 95.8609848022461
2025-09-23 12:55:58 - INFO - ---> Loading validation dataset from _Data/validation.csv
2025-09-23 12:55:58 - INFO - Validation R-squared for seed 562: 0.4120877981185913
2025-09-23 12:55:58 - INFO - Validation Mean Squared Error for seed 562: 147734.171875
2025-09-23 12:55:58 - INFO - Validation Mean Absolute Error for seed 562: 186.1143341064453
2025-09-23 12:55:58 - INFO - ...DONE!


2025-09-23 12:55:58 - INFO - Best model saved to _Model/best_xgboost_model__data_1_size.pkl
2025-09-23 12:55:58 - INFO - STARTING THE XGBOOST MODEL TRAINING PROCESS FOR PREDICTING SIZE...
2025-09-23 12:55:58 - INFO - ---> Loading dataset from _Data/data_1.csv
2025-09-23 12:56:01 - INFO - Model training completed successfully for seed 951.
2025-09-23 12:56:01 - INFO - Training R-squared: 0.9990636110305786, Validation R-squared: 0.6967315673828125
2025-09-23 12:56:01 - INFO - Training Mean Squared Error: 895.5557861328125, Validation Mean Squared Error: 623996.625
2025-09-23 12:56:01 - INFO - Training Mean Absolute Error: 14.339912414550781, Validation Mean Absolute Error: 181.9580535888672
2025-09-23 12:56:01 - INFO - ---> Loading validation dataset from _Data/validation.csv
2025-09-23 12:56:01 - INFO - Validation R-squared for seed 951: -0.057525038719177246
2025-09-23 12:56:01 - INFO - Validation Mean Squared Error for seed 951: 265741.34375
2025-09-23 12:56:01 - INFO - Validation Mean Absolute Error for seed 951: 202.7470245361328
2025-09-23 12:56:01 - INFO - ...DONE!


2025-09-23 12:56:01 - INFO - Best model saved to _Model/best_xgboost_model__data_1_size.pkl
2025-09-23 12:56:01 - INFO - STARTING THE XGBOOST MODEL TRAINING PROCESS FOR PREDICTING SIZE...
2025-09-23 12:56:01 - INFO - ---> Loading dataset from _Data/data_1.csv
2025-09-23 12:56:03 - INFO - Model training completed successfully for seed 233.
2025-09-23 12:56:03 - INFO - Training R-squared: 0.9776314496994019, Validation R-squared: 0.4806816577911377
2025-09-23 12:56:03 - INFO - Training Mean Squared Error: 21676.814453125, Validation Mean Squared Error: 1034348.125
2025-09-23 12:56:03 - INFO - Training Mean Absolute Error: 45.26060485839844, Validation Mean Absolute Error: 248.32171630859375
2025-09-23 12:56:03 - INFO - ---> Loading validation dataset from _Data/validation.csv
2025-09-23 12:56:03 - INFO - Validation R-squared for seed 233: 0.23527789115905762
2025-09-23 12:56:03 - INFO - Validation Mean Squared Error for seed 233: 192164.0625
2025-09-23 12:56:03 - INFO - Validation Mean Absolute Error for seed 233: 226.2380828857422
2025-09-23 12:56:03 - INFO - ...DONE!


2025-09-23 12:56:03 - INFO - Best model saved to _Model/best_xgboost_model__data_1_size.pkl
2025-09-23 12:56:03 - INFO - STARTING THE XGBOOST MODEL TRAINING PROCESS FOR PREDICTING SIZE...
2025-09-23 12:56:03 - INFO - ---> Loading dataset from _Data/data_1.csv
2025-09-23 12:56:05 - INFO - Model training completed successfully for seed 682.
2025-09-23 12:56:05 - INFO - Training R-squared: 0.9880678057670593, Validation R-squared: 0.5928876399993896
2025-09-23 12:56:05 - INFO - Training Mean Squared Error: 14028.970703125, Validation Mean Squared Error: 483234.65625
2025-09-23 12:56:05 - INFO - Training Mean Absolute Error: 26.201927185058594, Validation Mean Absolute Error: 171.51437377929688
2025-09-23 12:56:05 - INFO - ---> Loading validation dataset from _Data/validation.csv
2025-09-23 12:56:05 - INFO - Validation R-squared for seed 682: -0.08831095695495605
2025-09-23 12:56:05 - INFO - Validation Mean Squared Error for seed 682: 273477.4375
2025-09-23 12:56:05 - INFO - Validation Mean Absolute Error for seed 682: 255.79779052734375
2025-09-23 12:56:05 - INFO - ...DONE!


2025-09-23 12:56:05 - INFO - Best model saved to _Model/best_xgboost_model__data_1_size.pkl
2025-09-23 12:56:05 - INFO - Training complete for all seeds.
2025-09-23 12:56:05 - INFO - Best model is from seed 780 with Training R-squared: 0.989490807056427 and Validation R-squared: 0.7893410921096802
2025-09-23 13:14:31 - INFO - STARTING THE XGBOOST MODEL TRAINING PROCESS FOR PREDICTING SIZE...
2025-09-23 13:14:31 - INFO - ---> Loading dataset from _Data/data_1.csv
2025-09-23 13:14:35 - INFO - Model training completed successfully for seed 42.
2025-09-23 13:14:35 - INFO - Training R-squared: 0.98348069190979, Validation R-squared: 0.7010617256164551
2025-09-23 13:14:35 - INFO - Training Mean Squared Error: 19250.548828125, Validation Mean Squared Error: 368511.53125
2025-09-23 13:14:35 - INFO - Training Mean Absolute Error: 47.05622100830078, Validation Mean Absolute Error: 165.12344360351562
2025-09-23 13:14:35 - INFO - ---> Loading validation dataset from _Data/validation.csv
2025-09-23 13:14:35 - INFO - Validation R-squared for seed 42: 0.5065078735351562
2025-09-23 13:14:35 - INFO - Validation Mean Squared Error for seed 42: 124007.7265625
2025-09-23 13:14:35 - INFO - Validation Mean Absolute Error for seed 42: 173.7998809814453
2025-09-23 13:14:35 - INFO - New best model found for seed 42 with Training R-squared: 0.98348069190979 and Validation R-squared: 0.5065078735351562
2025-09-23 13:14:35 - INFO - ...DONE!


2025-09-23 13:14:35 - INFO - Best model saved to _Model/best_xgboost_model__data_1_size.pkl
2025-09-23 13:14:35 - INFO - STARTING THE XGBOOST MODEL TRAINING PROCESS FOR PREDICTING SIZE...
2025-09-23 13:14:35 - INFO - ---> Loading dataset from _Data/data_1.csv
2025-09-23 13:14:39 - INFO - Model training completed successfully for seed 279.
2025-09-23 13:14:39 - INFO - Training R-squared: 0.9891538023948669, Validation R-squared: 0.749508798122406
2025-09-23 13:14:39 - INFO - Training Mean Squared Error: 12939.8388671875, Validation Mean Squared Error: 281482.25
2025-09-23 13:14:39 - INFO - Training Mean Absolute Error: 11.061033248901367, Validation Mean Absolute Error: 124.10192108154297
2025-09-23 13:14:39 - INFO - ---> Loading validation dataset from _Data/validation.csv
2025-09-23 13:14:39 - INFO - Validation R-squared for seed 279: 0.1764553189277649
2025-09-23 13:14:39 - INFO - Validation Mean Squared Error for seed 279: 206945.359375
2025-09-23 13:14:39 - INFO - Validation Mean Absolute Error for seed 279: 162.7219696044922
2025-09-23 13:14:39 - INFO - ...DONE!


2025-09-23 13:14:39 - INFO - Best model saved to _Model/best_xgboost_model__data_1_size.pkl
2025-09-23 13:14:39 - INFO - STARTING THE XGBOOST MODEL TRAINING PROCESS FOR PREDICTING SIZE...
2025-09-23 13:14:39 - INFO - ---> Loading dataset from _Data/data_1.csv
2025-09-23 13:14:43 - INFO - Model training completed successfully for seed 897.
2025-09-23 13:14:43 - INFO - Training R-squared: 0.9834403991699219, Validation R-squared: 0.3365136384963989
2025-09-23 13:14:43 - INFO - Training Mean Squared Error: 22098.015625, Validation Mean Squared Error: 365638.71875
2025-09-23 13:14:43 - INFO - Training Mean Absolute Error: 41.53099060058594, Validation Mean Absolute Error: 125.1910171508789
2025-09-23 13:14:43 - INFO - ---> Loading validation dataset from _Data/validation.csv
2025-09-23 13:14:43 - INFO - Validation R-squared for seed 897: 0.5363678932189941
2025-09-23 13:14:43 - INFO - Validation Mean Squared Error for seed 897: 116504.3203125
2025-09-23 13:14:43 - INFO - Validation Mean Absolute Error for seed 897: 149.7522430419922
2025-09-23 13:14:43 - INFO - ...DONE!


2025-09-23 13:14:43 - INFO - Best model saved to _Model/best_xgboost_model__data_1_size.pkl
2025-09-23 13:14:43 - INFO - STARTING THE XGBOOST MODEL TRAINING PROCESS FOR PREDICTING SIZE...
2025-09-23 13:14:43 - INFO - ---> Loading dataset from _Data/data_1.csv
2025-09-23 13:14:47 - INFO - Model training completed successfully for seed 103.
2025-09-23 13:14:47 - INFO - Training R-squared: 0.999019980430603, Validation R-squared: 0.5995579957962036
2025-09-23 13:14:47 - INFO - Training Mean Squared Error: 819.9158325195312, Validation Mean Squared Error: 1006120.75
2025-09-23 13:14:47 - INFO - Training Mean Absolute Error: 13.70857048034668, Validation Mean Absolute Error: 256.4878234863281
2025-09-23 13:14:47 - INFO - ---> Loading validation dataset from _Data/validation.csv
2025-09-23 13:14:47 - INFO - Validation R-squared for seed 103: -0.5032737255096436
2025-09-23 13:14:47 - INFO - Validation Mean Squared Error for seed 103: 377751.84375
2025-09-23 13:14:47 - INFO - Validation Mean Absolute Error for seed 103: 324.6441955566406
2025-09-23 13:14:47 - INFO - ...DONE!


2025-09-23 13:14:47 - INFO - Best model saved to _Model/best_xgboost_model__data_1_size.pkl
2025-09-23 13:14:47 - INFO - STARTING THE XGBOOST MODEL TRAINING PROCESS FOR PREDICTING SIZE...
2025-09-23 13:14:47 - INFO - ---> Loading dataset from _Data/data_1.csv
2025-09-23 13:14:50 - INFO - Model training completed successfully for seed 432.
2025-09-23 13:14:50 - INFO - Training R-squared: 0.988926112651825, Validation R-squared: -0.014094948768615723
2025-09-23 13:14:50 - INFO - Training Mean Squared Error: 12956.0302734375, Validation Mean Squared Error: 1232147.0
2025-09-23 13:14:50 - INFO - Training Mean Absolute Error: 12.211063385009766, Validation Mean Absolute Error: 221.1575164794922
2025-09-23 13:14:50 - INFO - ---> Loading validation dataset from _Data/validation.csv
2025-09-23 13:14:50 - INFO - Validation R-squared for seed 432: 0.8544730544090271
2025-09-23 13:14:50 - INFO - Validation Mean Squared Error for seed 432: 36568.90234375
2025-09-23 13:14:50 - INFO - Validation Mean Absolute Error for seed 432: 84.28997039794922
2025-09-23 13:14:50 - INFO - New best model found for seed 432 with Training R-squared: 0.988926112651825 and Validation R-squared: 0.8544730544090271
2025-09-23 13:14:50 - INFO - ...DONE!


2025-09-23 13:14:50 - INFO - Best model saved to _Model/best_xgboost_model__data_1_size.pkl
2025-09-23 13:14:50 - INFO - STARTING THE XGBOOST MODEL TRAINING PROCESS FOR PREDICTING SIZE...
2025-09-23 13:14:50 - INFO - ---> Loading dataset from _Data/data_1.csv
2025-09-23 13:14:54 - INFO - Model training completed successfully for seed 780.
2025-09-23 13:14:54 - INFO - Training R-squared: 0.9905559420585632, Validation R-squared: 0.5229471325874329
2025-09-23 13:14:54 - INFO - Training Mean Squared Error: 12766.2353515625, Validation Mean Squared Error: 230062.953125
2025-09-23 13:14:54 - INFO - Training Mean Absolute Error: 12.54378604888916, Validation Mean Absolute Error: 99.25548553466797
2025-09-23 13:14:54 - INFO - ---> Loading validation dataset from _Data/validation.csv
2025-09-23 13:14:54 - INFO - Validation R-squared for seed 780: 0.41538363695144653
2025-09-23 13:14:54 - INFO - Validation Mean Squared Error for seed 780: 146905.984375
2025-09-23 13:14:54 - INFO - Validation Mean Absolute Error for seed 780: 154.97645568847656
2025-09-23 13:14:54 - INFO - ...DONE!


2025-09-23 13:14:54 - INFO - Best model saved to _Model/best_xgboost_model__data_1_size.pkl
2025-09-23 13:14:54 - INFO - STARTING THE XGBOOST MODEL TRAINING PROCESS FOR PREDICTING SIZE...
2025-09-23 13:14:54 - INFO - ---> Loading dataset from _Data/data_1.csv
2025-09-23 13:14:58 - INFO - Model training completed successfully for seed 562.
2025-09-23 13:14:58 - INFO - Training R-squared: 0.9990498423576355, Validation R-squared: 0.6197093725204468
2025-09-23 13:14:58 - INFO - Training Mean Squared Error: 1311.3646240234375, Validation Mean Squared Error: 135808.84375
2025-09-23 13:14:58 - INFO - Training Mean Absolute Error: 18.879152297973633, Validation Mean Absolute Error: 106.3077392578125
2025-09-23 13:14:58 - INFO - ---> Loading validation dataset from _Data/validation.csv
2025-09-23 13:14:58 - INFO - Validation R-squared for seed 562: 0.572651743888855
2025-09-23 13:14:58 - INFO - Validation Mean Squared Error for seed 562: 107386.6875
2025-09-23 13:14:58 - INFO - Validation Mean Absolute Error for seed 562: 196.94207763671875
2025-09-23 13:14:58 - INFO - ...DONE!


2025-09-23 13:14:58 - INFO - Best model saved to _Model/best_xgboost_model__data_1_size.pkl
2025-09-23 13:14:58 - INFO - STARTING THE XGBOOST MODEL TRAINING PROCESS FOR PREDICTING SIZE...
2025-09-23 13:14:58 - INFO - ---> Loading dataset from _Data/data_1.csv
2025-09-23 13:15:02 - INFO - Model training completed successfully for seed 951.
2025-09-23 13:15:02 - INFO - Training R-squared: 0.9990519285202026, Validation R-squared: 0.6273156404495239
2025-09-23 13:15:02 - INFO - Training Mean Squared Error: 906.6992797851562, Validation Mean Squared Error: 766825.0625
2025-09-23 13:15:02 - INFO - Training Mean Absolute Error: 14.437150955200195, Validation Mean Absolute Error: 196.7766876220703
2025-09-23 13:15:02 - INFO - ---> Loading validation dataset from _Data/validation.csv
2025-09-23 13:15:02 - INFO - Validation R-squared for seed 951: 0.8313713669776917
2025-09-23 13:15:02 - INFO - Validation Mean Squared Error for seed 951: 42374.0390625
2025-09-23 13:15:02 - INFO - Validation Mean Absolute Error for seed 951: 85.78937530517578
2025-09-23 13:15:02 - INFO - ...DONE!


2025-09-23 13:15:02 - INFO - Best model saved to _Model/best_xgboost_model__data_1_size.pkl
2025-09-23 13:15:02 - INFO - STARTING THE XGBOOST MODEL TRAINING PROCESS FOR PREDICTING SIZE...
2025-09-23 13:15:02 - INFO - ---> Loading dataset from _Data/data_1.csv
2025-09-23 13:15:05 - INFO - Model training completed successfully for seed 233.
2025-09-23 13:15:05 - INFO - Training R-squared: 0.9856891632080078, Validation R-squared: 0.5909725427627563
2025-09-23 13:15:05 - INFO - Training Mean Squared Error: 13868.2822265625, Validation Mean Squared Error: 814677.0625
2025-09-23 13:15:05 - INFO - Training Mean Absolute Error: 16.032930374145508, Validation Mean Absolute Error: 221.74232482910156
2025-09-23 13:15:05 - INFO - ---> Loading validation dataset from _Data/validation.csv
2025-09-23 13:15:05 - INFO - Validation R-squared for seed 233: 0.5884256362915039
2025-09-23 13:15:05 - INFO - Validation Mean Squared Error for seed 233: 103422.9140625
2025-09-23 13:15:05 - INFO - Validation Mean Absolute Error for seed 233: 116.54653930664062
2025-09-23 13:15:05 - INFO - ...DONE!


2025-09-23 13:15:05 - INFO - Best model saved to _Model/best_xgboost_model__data_1_size.pkl
2025-09-23 13:15:05 - INFO - STARTING THE XGBOOST MODEL TRAINING PROCESS FOR PREDICTING SIZE...
2025-09-23 13:15:05 - INFO - ---> Loading dataset from _Data/data_1.csv
2025-09-23 13:15:09 - INFO - Model training completed successfully for seed 682.
2025-09-23 13:15:09 - INFO - Training R-squared: 0.9888436794281006, Validation R-squared: 0.47753894329071045
2025-09-23 13:15:09 - INFO - Training Mean Squared Error: 13116.7275390625, Validation Mean Squared Error: 620151.375
2025-09-23 13:15:09 - INFO - Training Mean Absolute Error: 17.274316787719727, Validation Mean Absolute Error: 204.6026611328125
2025-09-23 13:15:09 - INFO - ---> Loading validation dataset from _Data/validation.csv
2025-09-23 13:15:09 - INFO - Validation R-squared for seed 682: 0.1278054118156433
2025-09-23 13:15:09 - INFO - Validation Mean Squared Error for seed 682: 219170.390625
2025-09-23 13:15:09 - INFO - Validation Mean Absolute Error for seed 682: 211.8193817138672
2025-09-23 13:15:09 - INFO - ...DONE!


2025-09-23 13:15:09 - INFO - Best model saved to _Model/best_xgboost_model__data_1_size.pkl
2025-09-23 13:15:09 - INFO - Training complete for all seeds.
2025-09-23 13:15:09 - INFO - Best model is from seed 432 with Training R-squared: 0.988926112651825 and Validation R-squared: 0.8544730544090271
2025-09-23 13:26:48 - INFO - STARTING THE XGBOOST MODEL TRAINING PROCESS FOR PREDICTING SIZE...
2025-09-23 13:26:48 - INFO - ---> Loading dataset from _Data/data_1.csv
2025-09-23 13:26:51 - INFO - Model training completed successfully for seed 42.
2025-09-23 13:26:51 - INFO - Training R-squared: 0.98348069190979, Validation R-squared: 0.7010617256164551
2025-09-23 13:26:51 - INFO - Training Mean Squared Error: 19250.548828125, Validation Mean Squared Error: 368511.53125
2025-09-23 13:26:51 - INFO - Training Mean Absolute Error: 47.05622100830078, Validation Mean Absolute Error: 165.12344360351562
2025-09-23 13:26:51 - INFO - ---> Loading validation dataset from _Data/validation.csv
2025-09-23 13:26:51 - INFO - Validation R-squared for seed 42: 0.5065078735351562
2025-09-23 13:26:51 - INFO - Validation Mean Squared Error for seed 42: 124007.7265625
2025-09-23 13:26:51 - INFO - Validation Mean Absolute Error for seed 42: 173.7998809814453
2025-09-23 13:26:51 - INFO - New best model found for seed 42 with Training R-squared: 0.98348069190979 and Validation R-squared: 0.5065078735351562
2025-09-23 13:26:51 - INFO - ...DONE!


2025-09-23 13:26:51 - INFO - Best model saved to _Model/best_xgboost_model__data_1_size.pkl
2025-09-23 13:26:51 - INFO - STARTING THE XGBOOST MODEL TRAINING PROCESS FOR PREDICTING SIZE...
2025-09-23 13:26:51 - INFO - ---> Loading dataset from _Data/data_1.csv
2025-09-23 13:26:55 - INFO - Model training completed successfully for seed 279.
2025-09-23 13:26:55 - INFO - Training R-squared: 0.9887165427207947, Validation R-squared: 0.7391010522842407
2025-09-23 13:26:55 - INFO - Training Mean Squared Error: 13461.505859375, Validation Mean Squared Error: 293177.625
2025-09-23 13:26:55 - INFO - Training Mean Absolute Error: 25.2785701751709, Validation Mean Absolute Error: 125.18708038330078
2025-09-23 13:26:55 - INFO - ---> Loading validation dataset from _Data/validation.csv
2025-09-23 13:26:55 - INFO - Validation R-squared for seed 279: 0.2634619474411011
2025-09-23 13:26:55 - INFO - Validation Mean Squared Error for seed 279: 185081.796875
2025-09-23 13:26:55 - INFO - Validation Mean Absolute Error for seed 279: 166.8840789794922
2025-09-23 13:26:55 - INFO - ...DONE!


2025-09-23 13:26:55 - INFO - Best model saved to _Model/best_xgboost_model__data_1_size.pkl
2025-09-23 13:26:55 - INFO - STARTING THE XGBOOST MODEL TRAINING PROCESS FOR PREDICTING SIZE...
2025-09-23 13:26:55 - INFO - ---> Loading dataset from _Data/data_1.csv
2025-09-23 13:26:59 - INFO - Model training completed successfully for seed 897.
2025-09-23 13:26:59 - INFO - Training R-squared: 0.9834403991699219, Validation R-squared: 0.3365136384963989
2025-09-23 13:26:59 - INFO - Training Mean Squared Error: 22098.015625, Validation Mean Squared Error: 365638.71875
2025-09-23 13:26:59 - INFO - Training Mean Absolute Error: 41.53099060058594, Validation Mean Absolute Error: 125.1910171508789
2025-09-23 13:26:59 - INFO - ---> Loading validation dataset from _Data/validation.csv
2025-09-23 13:26:59 - INFO - Validation R-squared for seed 897: 0.5363678932189941
2025-09-23 13:26:59 - INFO - Validation Mean Squared Error for seed 897: 116504.3203125
2025-09-23 13:26:59 - INFO - Validation Mean Absolute Error for seed 897: 149.7522430419922
2025-09-23 13:26:59 - INFO - ...DONE!


2025-09-23 13:26:59 - INFO - Best model saved to _Model/best_xgboost_model__data_1_size.pkl
2025-09-23 13:26:59 - INFO - STARTING THE XGBOOST MODEL TRAINING PROCESS FOR PREDICTING SIZE...
2025-09-23 13:26:59 - INFO - ---> Loading dataset from _Data/data_1.csv
2025-09-23 13:27:02 - INFO - Model training completed successfully for seed 103.
2025-09-23 13:27:02 - INFO - Training R-squared: 0.999019980430603, Validation R-squared: 0.5995579957962036
2025-09-23 13:27:02 - INFO - Training Mean Squared Error: 819.9158325195312, Validation Mean Squared Error: 1006120.75
2025-09-23 13:27:02 - INFO - Training Mean Absolute Error: 13.70857048034668, Validation Mean Absolute Error: 256.4878234863281
2025-09-23 13:27:02 - INFO - ---> Loading validation dataset from _Data/validation.csv
2025-09-23 13:27:02 - INFO - Validation R-squared for seed 103: -0.5032737255096436
2025-09-23 13:27:02 - INFO - Validation Mean Squared Error for seed 103: 377751.84375
2025-09-23 13:27:02 - INFO - Validation Mean Absolute Error for seed 103: 324.6441955566406
2025-09-23 13:27:02 - INFO - ...DONE!


2025-09-23 13:27:02 - INFO - Best model saved to _Model/best_xgboost_model__data_1_size.pkl
2025-09-23 13:27:02 - INFO - STARTING THE XGBOOST MODEL TRAINING PROCESS FOR PREDICTING SIZE...
2025-09-23 13:27:02 - INFO - ---> Loading dataset from _Data/data_1.csv
2025-09-23 13:27:06 - INFO - Model training completed successfully for seed 432.
2025-09-23 13:27:06 - INFO - Training R-squared: 0.9871146082878113, Validation R-squared: 0.073250412940979
2025-09-23 13:27:06 - INFO - Training Mean Squared Error: 15075.3994140625, Validation Mean Squared Error: 1126020.625
2025-09-23 13:27:06 - INFO - Training Mean Absolute Error: 33.36369705200195, Validation Mean Absolute Error: 227.28790283203125
2025-09-23 13:27:06 - INFO - ---> Loading validation dataset from _Data/validation.csv
2025-09-23 13:27:06 - INFO - Validation R-squared for seed 432: 0.9842013716697693
2025-09-23 13:27:06 - INFO - Validation Mean Squared Error for seed 432: 3969.98046875
2025-09-23 13:27:06 - INFO - Validation Mean Absolute Error for seed 432: 35.22017288208008
2025-09-23 13:27:06 - INFO - New best model found for seed 432 with Training R-squared: 0.9871146082878113 and Validation R-squared: 0.9842013716697693
2025-09-23 13:27:06 - INFO - ...DONE!


2025-09-23 13:27:06 - INFO - Best model saved to _Model/best_xgboost_model__data_1_size.pkl
2025-09-23 13:27:06 - INFO - STARTING THE XGBOOST MODEL TRAINING PROCESS FOR PREDICTING SIZE...
2025-09-23 13:27:06 - INFO - ---> Loading dataset from _Data/data_1.csv
2025-09-23 13:27:10 - INFO - Model training completed successfully for seed 780.
2025-09-23 13:27:10 - INFO - Training R-squared: 0.9905559420585632, Validation R-squared: 0.5229471325874329
2025-09-23 13:27:10 - INFO - Training Mean Squared Error: 12766.2353515625, Validation Mean Squared Error: 230062.953125
2025-09-23 13:27:10 - INFO - Training Mean Absolute Error: 12.54378604888916, Validation Mean Absolute Error: 99.25548553466797
2025-09-23 13:27:10 - INFO - ---> Loading validation dataset from _Data/validation.csv
2025-09-23 13:27:10 - INFO - Validation R-squared for seed 780: 0.41538363695144653
2025-09-23 13:27:10 - INFO - Validation Mean Squared Error for seed 780: 146905.984375
2025-09-23 13:27:10 - INFO - Validation Mean Absolute Error for seed 780: 154.97645568847656
2025-09-23 13:27:10 - INFO - ...DONE!


2025-09-23 13:27:10 - INFO - Best model saved to _Model/best_xgboost_model__data_1_size.pkl
2025-09-23 13:27:10 - INFO - STARTING THE XGBOOST MODEL TRAINING PROCESS FOR PREDICTING SIZE...
2025-09-23 13:27:10 - INFO - ---> Loading dataset from _Data/data_1.csv
2025-09-23 13:27:14 - INFO - Model training completed successfully for seed 562.
2025-09-23 13:27:14 - INFO - Training R-squared: 0.9990498423576355, Validation R-squared: 0.6197093725204468
2025-09-23 13:27:14 - INFO - Training Mean Squared Error: 1311.3646240234375, Validation Mean Squared Error: 135808.84375
2025-09-23 13:27:14 - INFO - Training Mean Absolute Error: 18.879152297973633, Validation Mean Absolute Error: 106.3077392578125
2025-09-23 13:27:14 - INFO - ---> Loading validation dataset from _Data/validation.csv
2025-09-23 13:27:14 - INFO - Validation R-squared for seed 562: 0.572651743888855
2025-09-23 13:27:14 - INFO - Validation Mean Squared Error for seed 562: 107386.6875
2025-09-23 13:27:14 - INFO - Validation Mean Absolute Error for seed 562: 196.94207763671875
2025-09-23 13:27:14 - INFO - ...DONE!


2025-09-23 13:27:14 - INFO - Best model saved to _Model/best_xgboost_model__data_1_size.pkl
2025-09-23 13:27:14 - INFO - STARTING THE XGBOOST MODEL TRAINING PROCESS FOR PREDICTING SIZE...
2025-09-23 13:27:14 - INFO - ---> Loading dataset from _Data/data_1.csv
2025-09-23 13:27:18 - INFO - Model training completed successfully for seed 951.
2025-09-23 13:27:18 - INFO - Training R-squared: 0.9984650611877441, Validation R-squared: 0.6536286473274231
2025-09-23 13:27:18 - INFO - Training Mean Squared Error: 1467.985107421875, Validation Mean Squared Error: 712684.125
2025-09-23 13:27:18 - INFO - Training Mean Absolute Error: 19.913368225097656, Validation Mean Absolute Error: 205.9021453857422
2025-09-23 13:27:18 - INFO - ---> Loading validation dataset from _Data/validation.csv
2025-09-23 13:27:18 - INFO - Validation R-squared for seed 951: 0.7492910027503967
2025-09-23 13:27:18 - INFO - Validation Mean Squared Error for seed 951: 62999.69140625
2025-09-23 13:27:18 - INFO - Validation Mean Absolute Error for seed 951: 131.3899383544922
2025-09-23 13:27:18 - INFO - ...DONE!


2025-09-23 13:27:18 - INFO - Best model saved to _Model/best_xgboost_model__data_1_size.pkl
2025-09-23 13:27:18 - INFO - STARTING THE XGBOOST MODEL TRAINING PROCESS FOR PREDICTING SIZE...
2025-09-23 13:27:18 - INFO - ---> Loading dataset from _Data/data_1.csv
2025-09-23 13:27:21 - INFO - Model training completed successfully for seed 233.
2025-09-23 13:27:21 - INFO - Training R-squared: 0.9853062629699707, Validation R-squared: 0.5583332777023315
2025-09-23 13:27:21 - INFO - Training Mean Squared Error: 14239.3212890625, Validation Mean Squared Error: 879686.1875
2025-09-23 13:27:21 - INFO - Training Mean Absolute Error: 23.42681312561035, Validation Mean Absolute Error: 232.4437255859375
2025-09-23 13:27:21 - INFO - ---> Loading validation dataset from _Data/validation.csv
2025-09-23 13:27:21 - INFO - Validation R-squared for seed 233: 0.4857723116874695
2025-09-23 13:27:21 - INFO - Validation Mean Squared Error for seed 233: 129218.28125
2025-09-23 13:27:21 - INFO - Validation Mean Absolute Error for seed 233: 128.8508758544922
2025-09-23 13:27:21 - INFO - ...DONE!


2025-09-23 13:27:21 - INFO - Best model saved to _Model/best_xgboost_model__data_1_size.pkl
2025-09-23 13:27:21 - INFO - STARTING THE XGBOOST MODEL TRAINING PROCESS FOR PREDICTING SIZE...
2025-09-23 13:27:21 - INFO - ---> Loading dataset from _Data/data_1.csv
2025-09-23 13:27:26 - INFO - Model training completed successfully for seed 682.
2025-09-23 13:27:26 - INFO - Training R-squared: 0.988570511341095, Validation R-squared: 0.46857309341430664
2025-09-23 13:27:26 - INFO - Training Mean Squared Error: 13437.9560546875, Validation Mean Squared Error: 630793.625
2025-09-23 13:27:26 - INFO - Training Mean Absolute Error: 22.298505783081055, Validation Mean Absolute Error: 206.4527130126953
2025-09-23 13:27:26 - INFO - ---> Loading validation dataset from _Data/validation.csv
2025-09-23 13:27:26 - INFO - Validation R-squared for seed 682: 0.2038722038269043
2025-09-23 13:27:26 - INFO - Validation Mean Squared Error for seed 682: 200055.875
2025-09-23 13:27:26 - INFO - Validation Mean Absolute Error for seed 682: 204.5483856201172
2025-09-23 13:27:26 - INFO - ...DONE!


2025-09-23 13:27:26 - INFO - Best model saved to _Model/best_xgboost_model__data_1_size.pkl
2025-09-23 13:27:26 - INFO - Training complete for all seeds.
2025-09-23 13:27:26 - INFO - Best model is from seed 432 with Training R-squared: 0.9871146082878113 and Validation R-squared: 0.9842013716697693
