
Genitori diretti di ML: ['ESM', 'HSPC']

--- Calcolo P(ML | do(ESM)) e ACE generale ---
Formula: P(ML=0 | do(ESM=0)) = P(ML=0 | ESM=0)
Valore: 0.9645390070921985
Formula: P(ML=1 | do(ESM=0)) = P(ML=1 | ESM=0)
Valore: 0.03546099290780142
Formula: P(ML=0 | do(ESM=1)) = P(ML=0 | ESM=1)
Valore: 0.0
Formula: P(ML=1 | do(ESM=1)) = P(ML=1 | ESM=1)
Valore: 1.0
Formula: P(ML=0 | do(ESM=4)) = P(ML=0 | ESM=4)
Valore: 0.0
Formula: P(ML=1 | do(ESM=4)) = P(ML=1 | ESM=4)
Valore: 1.0
Formula: P(ML=0 | do(ESM=2)) = P(ML=0 | ESM=2)
Valore: 0.0
Formula: P(ML=1 | do(ESM=2)) = P(ML=1 | ESM=2)
Valore: 1.0
Formula: P(ML=0 | do(ESM=3)) = P(ML=0 | ESM=3)
Valore: 0.0
Formula: P(ML=1 | do(ESM=3)) = P(ML=1 | ESM=3)
Valore: 1.0

ACE generale(ESM -> ML) con riferimento = 0.9645390070921985

--- Calcolo P(ML | do(HSPC)) e ACE generale ---
Formula: P(ML=0 | do(HSPC=0)) = P(ML=0 | HSPC=0, PEG=1) * P(PEG=1) + P(ML=0 | HSPC=0, PEG=0) * P(PEG=0)
Valore: 0.044444444444444446
Formula: P(ML=1 | do(HSPC=0)) = P(ML=1 | HSPC=0, PEG=1) * P(PEG=1) + P(ML=1 | HSPC=0, PEG=0) * P(PEG=0)
Valore: 0.4962962962962963
Formula: P(ML=0 | do(HSPC=2)) = P(ML=0 | HSPC=2, PEG=4) * P(PEG=4) + P(ML=0 | HSPC=2, PEG=3) * P(PEG=3)
Valore: 0.43333333333333335
Formula: P(ML=1 | do(HSPC=2)) = P(ML=1 | HSPC=2, PEG=4) * P(PEG=4) + P(ML=1 | HSPC=2, PEG=3) * P(PEG=3)
Valore: 0.0
Formula: P(ML=0 | do(HSPC=1)) = P(ML=0 | HSPC=1, PEG=2) * P(PEG=2)
Valore: 0.025925925925925925
Formula: P(ML=1 | do(HSPC=1)) = P(ML=1 | HSPC=1, PEG=2) * P(PEG=2)
Valore: 0.0

ACE generale(HSPC -> ML) con riferimento = -0.4962962962962963

Genitori diretti di HSPC: ['PEG']

--- Calcolo P(HSPC | do(PEG)) e ACE generale ---
Formula: P(HSPC=0 | do(PEG=1)) = P(HSPC=0 | PEG=1, CHOL=0) * P(CHOL=0)
Valore: 0.2222222222222222
Formula: P(HSPC=2 | do(PEG=1)) = P(HSPC=2 | PEG=1, CHOL=0) * P(CHOL=0)
Valore: 0.0
Formula: P(HSPC=1 | do(PEG=1)) = P(HSPC=1 | PEG=1, CHOL=0) * P(CHOL=0)
Valore: 0.0
Formula: P(HSPC=0 | do(PEG=4)) = P(HSPC=0 | PEG=4, CHOL=0) * P(CHOL=0)
Valore: 0.0
Formula: P(HSPC=2 | do(PEG=4)) = P(HSPC=2 | PEG=4, CHOL=0) * P(CHOL=0)
Valore: 0.2222222222222222
Formula: P(HSPC=1 | do(PEG=4)) = P(HSPC=1 | PEG=4, CHOL=0) * P(CHOL=0)
Valore: 0.0
Formula: P(HSPC=0 | do(PEG=3)) = P(HSPC=0 | PEG=3, CHOL=1) * P(CHOL=1) + P(HSPC=0 | PEG=3, CHOL=2) * P(CHOL=2)
Valore: 0.0
Formula: P(HSPC=2 | do(PEG=3)) = P(HSPC=2 | PEG=3, CHOL=1) * P(CHOL=1) + P(HSPC=2 | PEG=3, CHOL=2) * P(CHOL=2)
Valore: 0.4888888888888889
Formula: P(HSPC=1 | do(PEG=3)) = P(HSPC=1 | PEG=3, CHOL=1) * P(CHOL=1) + P(HSPC=1 | PEG=3, CHOL=2) * P(CHOL=2)
Valore: 0.0
Formula: P(HSPC=0 | do(PEG=0)) = P(HSPC=0 | PEG=0, CHOL=0) * P(CHOL=0) + P(HSPC=0 | PEG=0, CHOL=1) * P(CHOL=1) + P(HSPC=0 | PEG=0, CHOL=2) * P(CHOL=2) + P(HSPC=0 | PEG=0, CHOL=3) * P(CHOL=3) + P(HSPC=0 | PEG=0, CHOL=4) * P(CHOL=4)
Valore: 0.9999999999999999
Formula: P(HSPC=2 | do(PEG=0)) = P(HSPC=2 | PEG=0, CHOL=0) * P(CHOL=0) + P(HSPC=2 | PEG=0, CHOL=1) * P(CHOL=1) + P(HSPC=2 | PEG=0, CHOL=2) * P(CHOL=2) + P(HSPC=2 | PEG=0, CHOL=3) * P(CHOL=3) + P(HSPC=2 | PEG=0, CHOL=4) * P(CHOL=4)
Valore: 0.0
Formula: P(HSPC=1 | do(PEG=0)) = P(HSPC=1 | PEG=0, CHOL=0) * P(CHOL=0) + P(HSPC=1 | PEG=0, CHOL=1) * P(CHOL=1) + P(HSPC=1 | PEG=0, CHOL=2) * P(CHOL=2) + P(HSPC=1 | PEG=0, CHOL=3) * P(CHOL=3) + P(HSPC=1 | PEG=0, CHOL=4) * P(CHOL=4)
Valore: 0.0
Formula: P(HSPC=0 | do(PEG=2)) = P(HSPC=0 | PEG=2, CHOL=3) * P(CHOL=3)
Valore: 0.0
Formula: P(HSPC=2 | do(PEG=2)) = P(HSPC=2 | PEG=2, CHOL=3) * P(CHOL=3)
Valore: 0.0
Formula: P(HSPC=1 | do(PEG=2)) = P(HSPC=1 | PEG=2, CHOL=3) * P(CHOL=3)
Valore: 0.10740740740740741

ACE generale(PEG -> HSPC) con riferimento = 0.3824074074074074

Genitori diretti di PEG: ['CHOL']

--- Calcolo P(PEG | do(CHOL)) e ACE generale ---
Formula: P(PEG=1 | do(CHOL=0)) = P(PEG=1 | CHOL=0)
Valore: 0.2
Formula: P(PEG=4 | do(CHOL=0)) = P(PEG=4 | CHOL=0)
Valore: 0.35
Formula: P(PEG=3 | do(CHOL=0)) = P(PEG=3 | CHOL=0)
Valore: 0.0
Formula: P(PEG=0 | do(CHOL=0)) = P(PEG=0 | CHOL=0)
Valore: 0.45
Formula: P(PEG=2 | do(CHOL=0)) = P(PEG=2 | CHOL=0)
Valore: 0.0
Formula: P(PEG=1 | do(CHOL=1)) = P(PEG=1 | CHOL=1)
Valore: 0.0
Formula: P(PEG=4 | do(CHOL=1)) = P(PEG=4 | CHOL=1)
Valore: 0.0
Formula: P(PEG=3 | do(CHOL=1)) = P(PEG=3 | CHOL=1)
Valore: 0.9629629629629629
Formula: P(PEG=0 | do(CHOL=1)) = P(PEG=0 | CHOL=1)
Valore: 0.037037037037037035
Formula: P(PEG=2 | do(CHOL=1)) = P(PEG=2 | CHOL=1)
Valore: 0.0
Formula: P(PEG=1 | do(CHOL=2)) = P(PEG=1 | CHOL=2)
Valore: 0.0
Formula: P(PEG=4 | do(CHOL=2)) = P(PEG=4 | CHOL=2)
Valore: 0.0
Formula: P(PEG=3 | do(CHOL=2)) = P(PEG=3 | CHOL=2)
Valore: 0.35294117647058826
Formula: P(PEG=0 | do(CHOL=2)) = P(PEG=0 | CHOL=2)
Valore: 0.6470588235294118
Formula: P(PEG=2 | do(CHOL=2)) = P(PEG=2 | CHOL=2)
Valore: 0.0
Formula: P(PEG=1 | do(CHOL=3)) = P(PEG=1 | CHOL=3)
Valore: 0.0
Formula: P(PEG=4 | do(CHOL=3)) = P(PEG=4 | CHOL=3)
Valore: 0.0
Formula: P(PEG=3 | do(CHOL=3)) = P(PEG=3 | CHOL=3)
Valore: 0.0
Formula: P(PEG=0 | do(CHOL=3)) = P(PEG=0 | CHOL=3)
Valore: 0.7586206896551724
Formula: P(PEG=2 | do(CHOL=3)) = P(PEG=2 | CHOL=3)
Valore: 0.2413793103448276
Formula: P(PEG=1 | do(CHOL=4)) = P(PEG=1 | CHOL=4)
Valore: 0.0
Formula: P(PEG=4 | do(CHOL=4)) = P(PEG=4 | CHOL=4)
Valore: 0.0
Formula: P(PEG=3 | do(CHOL=4)) = P(PEG=3 | CHOL=4)
Valore: 0.0
Formula: P(PEG=0 | do(CHOL=4)) = P(PEG=0 | CHOL=4)
Valore: 1.0
Formula: P(PEG=2 | do(CHOL=4)) = P(PEG=2 | CHOL=4)
Valore: 0.0

ACE generale(CHOL -> PEG) con riferimento = -0.49238224025242266

Genitori diretti di PDI: ['CHOL', 'ML', 'CHIP']

--- Calcolo P(PDI | do(CHOL)) e ACE generale ---
Formula: P(PDI=2 | do(CHOL=0)) = P(PDI=2 | CHOL=0)
Valore: 0.21666666666666667
Formula: P(PDI=3 | do(CHOL=0)) = P(PDI=3 | CHOL=0)
Valore: 0.65
Formula: P(PDI=1 | do(CHOL=0)) = P(PDI=1 | CHOL=0)
Valore: 0.1
Formula: P(PDI=0 | do(CHOL=0)) = P(PDI=0 | CHOL=0)
Valore: 0.03333333333333333
Formula: P(PDI=2 | do(CHOL=1)) = P(PDI=2 | CHOL=1)
Valore: 0.48148148148148145
Formula: P(PDI=3 | do(CHOL=1)) = P(PDI=3 | CHOL=1)
Valore: 0.19753086419753085
Formula: P(PDI=1 | do(CHOL=1)) = P(PDI=1 | CHOL=1)
Valore: 0.32098765432098764
Formula: P(PDI=0 | do(CHOL=1)) = P(PDI=0 | CHOL=1)
Valore: 0.0
Formula: P(PDI=2 | do(CHOL=2)) = P(PDI=2 | CHOL=2)
Valore: 0.1568627450980392
Formula: P(PDI=3 | do(CHOL=2)) = P(PDI=3 | CHOL=2)
Valore: 0.0196078431372549
Formula: P(PDI=1 | do(CHOL=2)) = P(PDI=1 | CHOL=2)
Valore: 0.3333333333333333
Formula: P(PDI=0 | do(CHOL=2)) = P(PDI=0 | CHOL=2)
Valore: 0.49019607843137253
Formula: P(PDI=2 | do(CHOL=3)) = P(PDI=2 | CHOL=3)
Valore: 0.10344827586206896
Formula: P(PDI=3 | do(CHOL=3)) = P(PDI=3 | CHOL=3)
Valore: 0.0
Formula: P(PDI=1 | do(CHOL=3)) = P(PDI=1 | CHOL=3)
Valore: 0.2413793103448276
Formula: P(PDI=0 | do(CHOL=3)) = P(PDI=0 | CHOL=3)
Valore: 0.6551724137931034
Formula: P(PDI=2 | do(CHOL=4)) = P(PDI=2 | CHOL=4)
Valore: 0.16326530612244897
Formula: P(PDI=3 | do(CHOL=4)) = P(PDI=3 | CHOL=4)
Valore: 0.0
Formula: P(PDI=1 | do(CHOL=4)) = P(PDI=1 | CHOL=4)
Valore: 0.04081632653061224
Formula: P(PDI=0 | do(CHOL=4)) = P(PDI=0 | CHOL=4)
Valore: 0.7959183673469388

ACE generale(CHOL -> PDI) con riferimento = -1.6338212424177851

--- Calcolo P(PDI | do(ML)) e ACE generale ---
Formula: P(PDI=2 | do(ML=0)) = P(PDI=2 | ML=0, ESM=0, HSPC=0) * P(ESM=0, HSPC=0) + P(PDI=2 | ML=0, ESM=0, HSPC=2) * P(ESM=0, HSPC=2) + P(PDI=2 | ML=0, ESM=0, HSPC=1) * P(ESM=0, HSPC=1)
Valore: 0.22314814814814818
Formula: P(PDI=3 | do(ML=0)) = P(PDI=3 | ML=0, ESM=0, HSPC=0) * P(ESM=0, HSPC=0) + P(PDI=3 | ML=0, ESM=0, HSPC=2) * P(ESM=0, HSPC=2) + P(PDI=3 | ML=0, ESM=0, HSPC=1) * P(ESM=0, HSPC=1)
Valore: 0.1367283950617284
Formula: P(PDI=1 | do(ML=0)) = P(PDI=1 | ML=0, ESM=0, HSPC=0) * P(ESM=0, HSPC=0) + P(PDI=1 | ML=0, ESM=0, HSPC=2) * P(ESM=0, HSPC=2) + P(PDI=1 | ML=0, ESM=0, HSPC=1) * P(ESM=0, HSPC=1)
Valore: 0.15493827160493825
Formula: P(PDI=0 | do(ML=0)) = P(PDI=0 | ML=0, ESM=0, HSPC=0) * P(ESM=0, HSPC=0) + P(PDI=0 | ML=0, ESM=0, HSPC=2) * P(ESM=0, HSPC=2) + P(PDI=0 | ML=0, ESM=0, HSPC=1) * P(ESM=0, HSPC=1)
Valore: 0.007407407407407408
Formula: P(PDI=2 | do(ML=1)) = P(PDI=2 | ML=1, ESM=0, HSPC=0) * P(ESM=0, HSPC=0) + P(PDI=2 | ML=1, ESM=1, HSPC=0) * P(ESM=1, HSPC=0) + P(PDI=2 | ML=1, ESM=4, HSPC=0) * P(ESM=4, HSPC=0) + P(PDI=2 | ML=1, ESM=2, HSPC=0) * P(ESM=2, HSPC=0) + P(PDI=2 | ML=1, ESM=3, HSPC=0) * P(ESM=3, HSPC=0)
Valore: 0.044444444444444446
Formula: P(PDI=3 | do(ML=1)) = P(PDI=3 | ML=1, ESM=0, HSPC=0) * P(ESM=0, HSPC=0) + P(PDI=3 | ML=1, ESM=1, HSPC=0) * P(ESM=1, HSPC=0) + P(PDI=3 | ML=1, ESM=4, HSPC=0) * P(ESM=4, HSPC=0) + P(PDI=3 | ML=1, ESM=2, HSPC=0) * P(ESM=2, HSPC=0) + P(PDI=3 | ML=1, ESM=3, HSPC=0) * P(ESM=3, HSPC=0)
Valore: 0.08148148148148149
Formula: P(PDI=1 | do(ML=1)) = P(PDI=1 | ML=1, ESM=0, HSPC=0) * P(ESM=0, HSPC=0) + P(PDI=1 | ML=1, ESM=1, HSPC=0) * P(ESM=1, HSPC=0) + P(PDI=1 | ML=1, ESM=4, HSPC=0) * P(ESM=4, HSPC=0) + P(PDI=1 | ML=1, ESM=2, HSPC=0) * P(ESM=2, HSPC=0) + P(PDI=1 | ML=1, ESM=3, HSPC=0) * P(ESM=3, HSPC=0)
Valore: 0.08962962962962961
Formula: P(PDI=0 | do(ML=1)) = P(PDI=0 | ML=1, ESM=0, HSPC=0) * P(ESM=0, HSPC=0) + P(PDI=0 | ML=1, ESM=1, HSPC=0) * P(ESM=1, HSPC=0) + P(PDI=0 | ML=1, ESM=4, HSPC=0) * P(ESM=4, HSPC=0) + P(PDI=0 | ML=1, ESM=2, HSPC=0) * P(ESM=2, HSPC=0) + P(PDI=0 | ML=1, ESM=3, HSPC=0) * P(ESM=3, HSPC=0)
Valore: 0.3251851851851852

ACE generale(ML -> PDI) con riferimento = -0.588456790123457

--- Calcolo P(PDI | do(CHIP)) e ACE generale ---
Formula: P(PDI=2 | do(CHIP=0)) = P(PDI=2 | CHIP=0, FRR=0, AQUEOUS=0) * P(FRR=0, AQUEOUS=0) + P(PDI=2 | CHIP=0, FRR=0, AQUEOUS=1) * P(FRR=0, AQUEOUS=1) + P(PDI=2 | CHIP=0, FRR=2, AQUEOUS=0) * P(FRR=2, AQUEOUS=0) + P(PDI=2 | CHIP=0, FRR=2, AQUEOUS=1) * P(FRR=2, AQUEOUS=1) + P(PDI=2 | CHIP=0, FRR=1, AQUEOUS=0) * P(FRR=1, AQUEOUS=0)
Valore: 0.2616931216931217
Formula: P(PDI=3 | do(CHIP=0)) = P(PDI=3 | CHIP=0, FRR=0, AQUEOUS=0) * P(FRR=0, AQUEOUS=0) + P(PDI=3 | CHIP=0, FRR=0, AQUEOUS=1) * P(FRR=0, AQUEOUS=1) + P(PDI=3 | CHIP=0, FRR=2, AQUEOUS=0) * P(FRR=2, AQUEOUS=0) + P(PDI=3 | CHIP=0, FRR=2, AQUEOUS=1) * P(FRR=2, AQUEOUS=1) + P(PDI=3 | CHIP=0, FRR=1, AQUEOUS=0) * P(FRR=1, AQUEOUS=0)
Valore: 0.18134038800705468
Formula: P(PDI=1 | do(CHIP=0)) = P(PDI=1 | CHIP=0, FRR=0, AQUEOUS=0) * P(FRR=0, AQUEOUS=0) + P(PDI=1 | CHIP=0, FRR=0, AQUEOUS=1) * P(FRR=0, AQUEOUS=1) + P(PDI=1 | CHIP=0, FRR=2, AQUEOUS=0) * P(FRR=2, AQUEOUS=0) + P(PDI=1 | CHIP=0, FRR=2, AQUEOUS=1) * P(FRR=2, AQUEOUS=1) + P(PDI=1 | CHIP=0, FRR=1, AQUEOUS=0) * P(FRR=1, AQUEOUS=0)
Valore: 0.2360493827160494
Formula: P(PDI=0 | do(CHIP=0)) = P(PDI=0 | CHIP=0, FRR=0, AQUEOUS=0) * P(FRR=0, AQUEOUS=0) + P(PDI=0 | CHIP=0, FRR=0, AQUEOUS=1) * P(FRR=0, AQUEOUS=1) + P(PDI=0 | CHIP=0, FRR=2, AQUEOUS=0) * P(FRR=2, AQUEOUS=0) + P(PDI=0 | CHIP=0, FRR=2, AQUEOUS=1) * P(FRR=2, AQUEOUS=1) + P(PDI=0 | CHIP=0, FRR=1, AQUEOUS=0) * P(FRR=1, AQUEOUS=0)
Valore: 0.32091710758377434
Formula: P(PDI=2 | do(CHIP=1)) = P(PDI=2 | CHIP=1, FRR=0, AQUEOUS=0) * P(FRR=0, AQUEOUS=0) + P(PDI=2 | CHIP=1, FRR=0, AQUEOUS=1) * P(FRR=0, AQUEOUS=1) + P(PDI=2 | CHIP=1, FRR=2, AQUEOUS=0) * P(FRR=2, AQUEOUS=0) + P(PDI=2 | CHIP=1, FRR=2, AQUEOUS=1) * P(FRR=2, AQUEOUS=1)
Valore: 0.031481481481481485
Formula: P(PDI=3 | do(CHIP=1)) = P(PDI=3 | CHIP=1, FRR=0, AQUEOUS=0) * P(FRR=0, AQUEOUS=0) + P(PDI=3 | CHIP=1, FRR=0, AQUEOUS=1) * P(FRR=0, AQUEOUS=1) + P(PDI=3 | CHIP=1, FRR=2, AQUEOUS=0) * P(FRR=2, AQUEOUS=0) + P(PDI=3 | CHIP=1, FRR=2, AQUEOUS=1) * P(FRR=2, AQUEOUS=1)
Valore: 0.7722222222222223
Formula: P(PDI=1 | do(CHIP=1)) = P(PDI=1 | CHIP=1, FRR=0, AQUEOUS=0) * P(FRR=0, AQUEOUS=0) + P(PDI=1 | CHIP=1, FRR=0, AQUEOUS=1) * P(FRR=0, AQUEOUS=1) + P(PDI=1 | CHIP=1, FRR=2, AQUEOUS=0) * P(FRR=2, AQUEOUS=0) + P(PDI=1 | CHIP=1, FRR=2, AQUEOUS=1) * P(FRR=2, AQUEOUS=1)
Valore: 0.009259259259259259
Formula: P(PDI=0 | do(CHIP=1)) = P(PDI=0 | CHIP=1, FRR=0, AQUEOUS=0) * P(FRR=0, AQUEOUS=0) + P(PDI=0 | CHIP=1, FRR=0, AQUEOUS=1) * P(FRR=0, AQUEOUS=1) + P(PDI=0 | CHIP=1, FRR=2, AQUEOUS=0) * P(FRR=2, AQUEOUS=0) + P(PDI=0 | CHIP=1, FRR=2, AQUEOUS=1) * P(FRR=2, AQUEOUS=1)
Valore: 0.1425925925925926

ACE generale(CHIP -> PDI) con riferimento = 1.0854320987654318

Genitori diretti di SIZE: ['ML', 'CHIP']

--- Calcolo P(SIZE | do(ML)) e ACE generale ---
Formula: P(SIZE=1 | do(ML=0)) = P(SIZE=1 | ML=0, ESM=0, HSPC=0) * P(ESM=0, HSPC=0) + P(SIZE=1 | ML=0, ESM=0, HSPC=2) * P(ESM=0, HSPC=2) + P(SIZE=1 | ML=0, ESM=0, HSPC=1) * P(ESM=0, HSPC=1)
Valore: 0.1447530864197531
Formula: P(SIZE=2 | do(ML=0)) = P(SIZE=2 | ML=0, ESM=0, HSPC=0) * P(ESM=0, HSPC=0) + P(SIZE=2 | ML=0, ESM=0, HSPC=2) * P(ESM=0, HSPC=2) + P(SIZE=2 | ML=0, ESM=0, HSPC=1) * P(ESM=0, HSPC=1)
Valore: 0.023765432098765433
Formula: P(SIZE=0 | do(ML=0)) = P(SIZE=0 | ML=0, ESM=0, HSPC=0) * P(ESM=0, HSPC=0) + P(SIZE=0 | ML=0, ESM=0, HSPC=2) * P(ESM=0, HSPC=2) + P(SIZE=0 | ML=0, ESM=0, HSPC=1) * P(ESM=0, HSPC=1)
Valore: 0.32685185185185184
Formula: P(SIZE=3 | do(ML=0)) = P(SIZE=3 | ML=0, ESM=0, HSPC=0) * P(ESM=0, HSPC=0) + P(SIZE=3 | ML=0, ESM=0, HSPC=2) * P(ESM=0, HSPC=2) + P(SIZE=3 | ML=0, ESM=0, HSPC=1) * P(ESM=0, HSPC=1)
Valore: 0.02685185185185185
Formula: P(SIZE=1 | do(ML=1)) = P(SIZE=1 | ML=1, ESM=0, HSPC=0) * P(ESM=0, HSPC=0) + P(SIZE=1 | ML=1, ESM=1, HSPC=0) * P(ESM=1, HSPC=0) + P(SIZE=1 | ML=1, ESM=4, HSPC=0) * P(ESM=4, HSPC=0) + P(SIZE=1 | ML=1, ESM=2, HSPC=0) * P(ESM=2, HSPC=0) + P(SIZE=1 | ML=1, ESM=3, HSPC=0) * P(ESM=3, HSPC=0)
Valore: 0.16814814814814813
Formula: P(SIZE=2 | do(ML=1)) = P(SIZE=2 | ML=1, ESM=0, HSPC=0) * P(ESM=0, HSPC=0) + P(SIZE=2 | ML=1, ESM=1, HSPC=0) * P(ESM=1, HSPC=0) + P(SIZE=2 | ML=1, ESM=4, HSPC=0) * P(ESM=4, HSPC=0) + P(SIZE=2 | ML=1, ESM=2, HSPC=0) * P(ESM=2, HSPC=0) + P(SIZE=2 | ML=1, ESM=3, HSPC=0) * P(ESM=3, HSPC=0)
Valore: 0.17185185185185187
Formula: P(SIZE=0 | do(ML=1)) = P(SIZE=0 | ML=1, ESM=0, HSPC=0) * P(ESM=0, HSPC=0) + P(SIZE=0 | ML=1, ESM=1, HSPC=0) * P(ESM=1, HSPC=0) + P(SIZE=0 | ML=1, ESM=4, HSPC=0) * P(ESM=4, HSPC=0) + P(SIZE=0 | ML=1, ESM=2, HSPC=0) * P(ESM=2, HSPC=0) + P(SIZE=0 | ML=1, ESM=3, HSPC=0) * P(ESM=3, HSPC=0)
Valore: 0.08962962962962961
Formula: P(SIZE=3 | do(ML=1)) = P(SIZE=3 | ML=1, ESM=0, HSPC=0) * P(ESM=0, HSPC=0) + P(SIZE=3 | ML=1, ESM=1, HSPC=0) * P(ESM=1, HSPC=0) + P(SIZE=3 | ML=1, ESM=4, HSPC=0) * P(ESM=4, HSPC=0) + P(SIZE=3 | ML=1, ESM=2, HSPC=0) * P(ESM=2, HSPC=0) + P(SIZE=3 | ML=1, ESM=3, HSPC=0) * P(ESM=3, HSPC=0)
Valore: 0.1111111111111111

ACE generale(ML -> SIZE) con riferimento = 0.5723456790123458

--- Calcolo P(SIZE | do(CHIP)) e ACE generale ---
Formula: P(SIZE=1 | do(CHIP=0)) = P(SIZE=1 | CHIP=0, FRR=0, AQUEOUS=0) * P(FRR=0, AQUEOUS=0) + P(SIZE=1 | CHIP=0, FRR=0, AQUEOUS=1) * P(FRR=0, AQUEOUS=1) + P(SIZE=1 | CHIP=0, FRR=2, AQUEOUS=0) * P(FRR=2, AQUEOUS=0) + P(SIZE=1 | CHIP=0, FRR=2, AQUEOUS=1) * P(FRR=2, AQUEOUS=1) + P(SIZE=1 | CHIP=0, FRR=1, AQUEOUS=0) * P(FRR=1, AQUEOUS=0)
Valore: 0.31160493827160496
Formula: P(SIZE=2 | do(CHIP=0)) = P(SIZE=2 | CHIP=0, FRR=0, AQUEOUS=0) * P(FRR=0, AQUEOUS=0) + P(SIZE=2 | CHIP=0, FRR=0, AQUEOUS=1) * P(FRR=0, AQUEOUS=1) + P(SIZE=2 | CHIP=0, FRR=2, AQUEOUS=0) * P(FRR=2, AQUEOUS=0) + P(SIZE=2 | CHIP=0, FRR=2, AQUEOUS=1) * P(FRR=2, AQUEOUS=1) + P(SIZE=2 | CHIP=0, FRR=1, AQUEOUS=0) * P(FRR=1, AQUEOUS=0)
Valore: 0.17760141093474427
Formula: P(SIZE=0 | do(CHIP=0)) = P(SIZE=0 | CHIP=0, FRR=0, AQUEOUS=0) * P(FRR=0, AQUEOUS=0) + P(SIZE=0 | CHIP=0, FRR=0, AQUEOUS=1) * P(FRR=0, AQUEOUS=1) + P(SIZE=0 | CHIP=0, FRR=2, AQUEOUS=0) * P(FRR=2, AQUEOUS=0) + P(SIZE=0 | CHIP=0, FRR=2, AQUEOUS=1) * P(FRR=2, AQUEOUS=1) + P(SIZE=0 | CHIP=0, FRR=1, AQUEOUS=0) * P(FRR=1, AQUEOUS=0)
Valore: 0.40631393298059965
Formula: P(SIZE=3 | do(CHIP=0)) = P(SIZE=3 | CHIP=0, FRR=0, AQUEOUS=0) * P(FRR=0, AQUEOUS=0) + P(SIZE=3 | CHIP=0, FRR=0, AQUEOUS=1) * P(FRR=0, AQUEOUS=1) + P(SIZE=3 | CHIP=0, FRR=2, AQUEOUS=0) * P(FRR=2, AQUEOUS=0) + P(SIZE=3 | CHIP=0, FRR=2, AQUEOUS=1) * P(FRR=2, AQUEOUS=1) + P(SIZE=3 | CHIP=0, FRR=1, AQUEOUS=0) * P(FRR=1, AQUEOUS=0)
Valore: 0.10447971781305114
Formula: P(SIZE=1 | do(CHIP=1)) = P(SIZE=1 | CHIP=1, FRR=0, AQUEOUS=0) * P(FRR=0, AQUEOUS=0) + P(SIZE=1 | CHIP=1, FRR=0, AQUEOUS=1) * P(FRR=0, AQUEOUS=1) + P(SIZE=1 | CHIP=1, FRR=2, AQUEOUS=0) * P(FRR=2, AQUEOUS=0) + P(SIZE=1 | CHIP=1, FRR=2, AQUEOUS=1) * P(FRR=2, AQUEOUS=1)
Valore: 0.29074074074074074
Formula: P(SIZE=2 | do(CHIP=1)) = P(SIZE=2 | CHIP=1, FRR=0, AQUEOUS=0) * P(FRR=0, AQUEOUS=0) + P(SIZE=2 | CHIP=1, FRR=0, AQUEOUS=1) * P(FRR=0, AQUEOUS=1) + P(SIZE=2 | CHIP=1, FRR=2, AQUEOUS=0) * P(FRR=2, AQUEOUS=0) + P(SIZE=2 | CHIP=1, FRR=2, AQUEOUS=1) * P(FRR=2, AQUEOUS=1)
Valore: 0.16111111111111112
Formula: P(SIZE=0 | do(CHIP=1)) = P(SIZE=0 | CHIP=1, FRR=0, AQUEOUS=0) * P(FRR=0, AQUEOUS=0) + P(SIZE=0 | CHIP=1, FRR=0, AQUEOUS=1) * P(FRR=0, AQUEOUS=1) + P(SIZE=0 | CHIP=1, FRR=2, AQUEOUS=0) * P(FRR=2, AQUEOUS=0) + P(SIZE=0 | CHIP=1, FRR=2, AQUEOUS=1) * P(FRR=2, AQUEOUS=1)
Valore: 0.025925925925925925
Formula: P(SIZE=3 | do(CHIP=1)) = P(SIZE=3 | CHIP=1, FRR=0, AQUEOUS=0) * P(FRR=0, AQUEOUS=0) + P(SIZE=3 | CHIP=1, FRR=0, AQUEOUS=1) * P(FRR=0, AQUEOUS=1) + P(SIZE=3 | CHIP=1, FRR=2, AQUEOUS=0) * P(FRR=2, AQUEOUS=0) + P(SIZE=3 | CHIP=1, FRR=2, AQUEOUS=1) * P(FRR=2, AQUEOUS=1)
Valore: 0.47777777777777775

ACE generale(CHIP -> SIZE) con riferimento = 1.0660493827160489

Genitori diretti di CHIP: ['FRR', 'AQUEOUS']

--- Calcolo P(CHIP | do(FRR)) e ACE generale ---
Formula: P(CHIP=0 | do(FRR=0)) = P(CHIP=0 | FRR=0, TFR=0) * P(TFR=0) + P(CHIP=0 | FRR=0, TFR=1) * P(TFR=1) + P(CHIP=0 | FRR=0, TFR=3) * P(TFR=3) + P(CHIP=0 | FRR=0, TFR=2) * P(TFR=2) + P(CHIP=0 | FRR=0, TFR=4) * P(TFR=4)
Valore: 0.9352046783625731
Formula: P(CHIP=1 | do(FRR=0)) = P(CHIP=1 | FRR=0, TFR=0) * P(TFR=0) + P(CHIP=1 | FRR=0, TFR=1) * P(TFR=1) + P(CHIP=1 | FRR=0, TFR=3) * P(TFR=3) + P(CHIP=1 | FRR=0, TFR=2) * P(TFR=2) + P(CHIP=1 | FRR=0, TFR=4) * P(TFR=4)
Valore: 0.0647953216374269
Formula: P(CHIP=0 | do(FRR=2)) = P(CHIP=0 | FRR=2, TFR=0) * P(TFR=0) + P(CHIP=0 | FRR=2, TFR=1) * P(TFR=1) + P(CHIP=0 | FRR=2, TFR=2) * P(TFR=2)
Valore: 0.5814814814814815
Formula: P(CHIP=1 | do(FRR=2)) = P(CHIP=1 | FRR=2, TFR=0) * P(TFR=0) + P(CHIP=1 | FRR=2, TFR=1) * P(TFR=1) + P(CHIP=1 | FRR=2, TFR=2) * P(TFR=2)
Valore: 0.18148148148148147
Formula: P(CHIP=0 | do(FRR=1)) = P(CHIP=0 | FRR=1, TFR=1) * P(TFR=1) + P(CHIP=0 | FRR=1, TFR=3) * P(TFR=3)
Valore: 0.2740740740740741
Formula: P(CHIP=1 | do(FRR=1)) = P(CHIP=1 | FRR=1, TFR=1) * P(TFR=1) + P(CHIP=1 | FRR=1, TFR=3) * P(TFR=3)
Valore: 0.0

ACE generale(FRR -> CHIP) con riferimento = 0.025945419103313827

--- Calcolo P(CHIP | do(AQUEOUS)) e ACE generale ---
Formula: P(CHIP=0 | do(AQUEOUS=0)) = P(CHIP=0 | AQUEOUS=0)
Valore: 0.9506172839506173
Formula: P(CHIP=1 | do(AQUEOUS=0)) = P(CHIP=1 | AQUEOUS=0)
Valore: 0.04938271604938271
Formula: P(CHIP=0 | do(AQUEOUS=1)) = P(CHIP=0 | AQUEOUS=1)
Valore: 0.5555555555555556
Formula: P(CHIP=1 | do(AQUEOUS=1)) = P(CHIP=1 | AQUEOUS=1)
Valore: 0.4444444444444444

ACE generale(AQUEOUS -> CHIP) con riferimento = 0.3950617283950617

Genitori diretti di TFR: ['AQUEOUS']

--- Calcolo P(TFR | do(AQUEOUS)) e ACE generale ---
Formula: P(TFR=0 | do(AQUEOUS=0)) = P(TFR=0 | AQUEOUS=0)
Valore: 0.15637860082304528
Formula: P(TFR=1 | do(AQUEOUS=0)) = P(TFR=1 | AQUEOUS=0)
Valore: 0.1440329218106996
Formula: P(TFR=3 | do(AQUEOUS=0)) = P(TFR=3 | AQUEOUS=0)
Valore: 0.102880658436214
Formula: P(TFR=2 | do(AQUEOUS=0)) = P(TFR=2 | AQUEOUS=0)
Valore: 0.4403292181069959
Formula: P(TFR=4 | do(AQUEOUS=0)) = P(TFR=4 | AQUEOUS=0)
Valore: 0.15637860082304528
Formula: P(TFR=0 | do(AQUEOUS=1)) = P(TFR=0 | AQUEOUS=1)
Valore: 0.4444444444444444
Formula: P(TFR=1 | do(AQUEOUS=1)) = P(TFR=1 | AQUEOUS=1)
Valore: 0.48148148148148145
Formula: P(TFR=3 | do(AQUEOUS=1)) = P(TFR=3 | AQUEOUS=1)
Valore: 0.037037037037037035
Formula: P(TFR=2 | do(AQUEOUS=1)) = P(TFR=2 | AQUEOUS=1)
Valore: 0.037037037037037035
Formula: P(TFR=4 | do(AQUEOUS=1)) = P(TFR=4 | AQUEOUS=1)
Valore: 0.0

ACE generale(AQUEOUS -> TFR) con riferimento = -1.2921810699588478

Genitori diretti di FRR: ['TFR']

--- Calcolo P(FRR | do(TFR)) e ACE generale ---
Formula: P(FRR=0 | do(TFR=0)) = P(FRR=0 | TFR=0, AQUEOUS=0) * P(AQUEOUS=0) + P(FRR=0 | TFR=0, AQUEOUS=1) * P(AQUEOUS=1)
Valore: 0.8078947368421053
Formula: P(FRR=2 | do(TFR=0)) = P(FRR=2 | TFR=0, AQUEOUS=0) * P(AQUEOUS=0) + P(FRR=2 | TFR=0, AQUEOUS=1) * P(AQUEOUS=1)
Valore: 0.19210526315789472
Formula: P(FRR=1 | do(TFR=0)) = P(FRR=1 | TFR=0, AQUEOUS=0) * P(AQUEOUS=0) + P(FRR=1 | TFR=0, AQUEOUS=1) * P(AQUEOUS=1)
Valore: 0.0
Formula: P(FRR=0 | do(TFR=1)) = P(FRR=0 | TFR=1, AQUEOUS=0) * P(AQUEOUS=0) + P(FRR=0 | TFR=1, AQUEOUS=1) * P(AQUEOUS=1)
Valore: 0.6452747252747253
Formula: P(FRR=2 | do(TFR=1)) = P(FRR=2 | TFR=1, AQUEOUS=0) * P(AQUEOUS=0) + P(FRR=2 | TFR=1, AQUEOUS=1) * P(AQUEOUS=1)
Valore: 0.20043956043956046
Formula: P(FRR=1 | do(TFR=1)) = P(FRR=1 | TFR=1, AQUEOUS=0) * P(AQUEOUS=0) + P(FRR=1 | TFR=1, AQUEOUS=1) * P(AQUEOUS=1)
Valore: 0.1542857142857143
Formula: P(FRR=0 | do(TFR=3)) = P(FRR=0 | TFR=3, AQUEOUS=0) * P(AQUEOUS=0) + P(FRR=0 | TFR=3, AQUEOUS=1) * P(AQUEOUS=1)
Valore: 0.784
Formula: P(FRR=2 | do(TFR=3)) = P(FRR=2 | TFR=3, AQUEOUS=0) * P(AQUEOUS=0) + P(FRR=2 | TFR=3, AQUEOUS=1) * P(AQUEOUS=1)
Valore: 0.0
Formula: P(FRR=1 | do(TFR=3)) = P(FRR=1 | TFR=3, AQUEOUS=0) * P(AQUEOUS=0) + P(FRR=1 | TFR=3, AQUEOUS=1) * P(AQUEOUS=1)
Valore: 0.216
Formula: P(FRR=0 | do(TFR=2)) = P(FRR=0 | TFR=2, AQUEOUS=0) * P(AQUEOUS=0) + P(FRR=0 | TFR=2, AQUEOUS=1) * P(AQUEOUS=1)
Valore: 0.974766355140187
Formula: P(FRR=2 | do(TFR=2)) = P(FRR=2 | TFR=2, AQUEOUS=0) * P(AQUEOUS=0) + P(FRR=2 | TFR=2, AQUEOUS=1) * P(AQUEOUS=1)
Valore: 0.025233644859813085
Formula: P(FRR=1 | do(TFR=2)) = P(FRR=1 | TFR=2, AQUEOUS=0) * P(AQUEOUS=0) + P(FRR=1 | TFR=2, AQUEOUS=1) * P(AQUEOUS=1)
Valore: 0.0
Formula: P(FRR=0 | do(TFR=4)) = P(FRR=0 | TFR=4, AQUEOUS=0) * P(AQUEOUS=0)
Valore: 0.9
Formula: P(FRR=2 | do(TFR=4)) = P(FRR=2 | TFR=4, AQUEOUS=0) * P(AQUEOUS=0)
Valore: 0.0
Formula: P(FRR=1 | do(TFR=4)) = P(FRR=1 | TFR=4, AQUEOUS=0) * P(AQUEOUS=0)
Valore: 0.0

ACE generale(TFR -> FRR) con riferimento = -0.17880249509467408
