
Genitori diretti di PEG: ['CHOL']

--- Calcolo P(PEG | do(CHOL)) e ACE generale ---
Formula: P(PEG=0 | do(CHOL=0)) = P(PEG=0 | CHOL=0)
Valore: 0.5238095238095238
Formula: P(PEG=1 | do(CHOL=0)) = P(PEG=1 | CHOL=0)
Valore: 0.09523809523809523
Formula: P(PEG=4 | do(CHOL=0)) = P(PEG=4 | CHOL=0)
Valore: 0.06349206349206349
Formula: P(PEG=2 | do(CHOL=0)) = P(PEG=2 | CHOL=0)
Valore: 0.31746031746031744
Formula: P(PEG=8 | do(CHOL=0)) = P(PEG=8 | CHOL=0)
Valore: 0.0
Formula: P(PEG=0 | do(CHOL=1)) = P(PEG=0 | CHOL=1)
Valore: 0.22916666666666666
Formula: P(PEG=1 | do(CHOL=1)) = P(PEG=1 | CHOL=1)
Valore: 0.0
Formula: P(PEG=4 | do(CHOL=1)) = P(PEG=4 | CHOL=1)
Valore: 0.013888888888888888
Formula: P(PEG=2 | do(CHOL=1)) = P(PEG=2 | CHOL=1)
Valore: 0.6736111111111112
Formula: P(PEG=8 | do(CHOL=1)) = P(PEG=8 | CHOL=1)
Valore: 0.08333333333333333
Formula: P(PEG=0 | do(CHOL=3)) = P(PEG=0 | CHOL=3)
Valore: 0.8032786885245902
Formula: P(PEG=1 | do(CHOL=3)) = P(PEG=1 | CHOL=3)
Valore: 0.0
Formula: P(PEG=4 | do(CHOL=3)) = P(PEG=4 | CHOL=3)
Valore: 0.0
Formula: P(PEG=2 | do(CHOL=3)) = P(PEG=2 | CHOL=3)
Valore: 0.0
Formula: P(PEG=8 | do(CHOL=3)) = P(PEG=8 | CHOL=3)
Valore: 0.19672131147540983
Formula: P(PEG=0 | do(CHOL=2)) = P(PEG=0 | CHOL=2)
Valore: 0.5
Formula: P(PEG=1 | do(CHOL=2)) = P(PEG=1 | CHOL=2)
Valore: 0.21875
Formula: P(PEG=4 | do(CHOL=2)) = P(PEG=4 | CHOL=2)
Valore: 0.0
Formula: P(PEG=2 | do(CHOL=2)) = P(PEG=2 | CHOL=2)
Valore: 0.0
Formula: P(PEG=8 | do(CHOL=2)) = P(PEG=8 | CHOL=2)
Valore: 0.28125
Formula: P(PEG=0 | do(CHOL=6)) = P(PEG=0 | CHOL=6)
Valore: 1.0
Formula: P(PEG=1 | do(CHOL=6)) = P(PEG=1 | CHOL=6)
Valore: 0.0
Formula: P(PEG=4 | do(CHOL=6)) = P(PEG=4 | CHOL=6)
Valore: 0.0
Formula: P(PEG=2 | do(CHOL=6)) = P(PEG=2 | CHOL=6)
Valore: 0.0
Formula: P(PEG=8 | do(CHOL=6)) = P(PEG=8 | CHOL=6)
Valore: 0.0

ACE generale(CHOL -> PEG) con riferimento = 0.5438642499349466

Genitori diretti di AQUEOUS: ['PEG']

--- Calcolo P(AQUEOUS | do(PEG)) e ACE generale ---
Formula: P(AQUEOUS=0 | do(PEG=0)) = P(AQUEOUS=0 | PEG=0, CHOL=0) * P(CHOL=0) + P(AQUEOUS=0 | PEG=0, CHOL=1) * P(CHOL=1) + P(AQUEOUS=0 | PEG=0, CHOL=3) * P(CHOL=3) + P(AQUEOUS=0 | PEG=0, CHOL=2) * P(CHOL=2) + P(AQUEOUS=0 | PEG=0, CHOL=6) * P(CHOL=6)
Valore: 0.1398139813981398
Formula: P(AQUEOUS=1 | do(PEG=0)) = P(AQUEOUS=1 | PEG=0, CHOL=0) * P(CHOL=0) + P(AQUEOUS=1 | PEG=0, CHOL=1) * P(CHOL=1) + P(AQUEOUS=1 | PEG=0, CHOL=3) * P(CHOL=3) + P(AQUEOUS=1 | PEG=0, CHOL=2) * P(CHOL=2) + P(AQUEOUS=1 | PEG=0, CHOL=6) * P(CHOL=6)
Valore: 0.8601860186018603
Formula: P(AQUEOUS=0 | do(PEG=1)) = P(AQUEOUS=0 | PEG=1, CHOL=0) * P(CHOL=0) + P(AQUEOUS=0 | PEG=1, CHOL=2) * P(CHOL=2)
Valore: 0.2079207920792079
Formula: P(AQUEOUS=1 | do(PEG=1)) = P(AQUEOUS=1 | PEG=1, CHOL=0) * P(CHOL=0) + P(AQUEOUS=1 | PEG=1, CHOL=2) * P(CHOL=2)
Valore: 0.10561056105610561
Formula: P(AQUEOUS=0 | do(PEG=4)) = P(AQUEOUS=0 | PEG=4, CHOL=0) * P(CHOL=0) + P(AQUEOUS=0 | PEG=4, CHOL=1) * P(CHOL=1)
Valore: 0.6831683168316831
Formula: P(AQUEOUS=1 | do(PEG=4)) = P(AQUEOUS=1 | PEG=4, CHOL=0) * P(CHOL=0) + P(AQUEOUS=1 | PEG=4, CHOL=1) * P(CHOL=1)
Valore: 0.0
Formula: P(AQUEOUS=0 | do(PEG=2)) = P(AQUEOUS=0 | PEG=2, CHOL=0) * P(CHOL=0) + P(AQUEOUS=0 | PEG=2, CHOL=1) * P(CHOL=1)
Valore: 0.06058487292028171
Formula: P(AQUEOUS=1 | do(PEG=2)) = P(AQUEOUS=1 | PEG=2, CHOL=0) * P(CHOL=0) + P(AQUEOUS=1 | PEG=2, CHOL=1) * P(CHOL=1)
Valore: 0.6225834439114014
Formula: P(AQUEOUS=0 | do(PEG=8)) = P(AQUEOUS=0 | PEG=8, CHOL=1) * P(CHOL=1) + P(AQUEOUS=0 | PEG=8, CHOL=3) * P(CHOL=3) + P(AQUEOUS=0 | PEG=8, CHOL=2) * P(CHOL=2)
Valore: 0.7821782178217822
Formula: P(AQUEOUS=1 | do(PEG=8)) = P(AQUEOUS=1 | PEG=8, CHOL=1) * P(CHOL=1) + P(AQUEOUS=1 | PEG=8, CHOL=3) * P(CHOL=3) + P(AQUEOUS=1 | PEG=8, CHOL=2) * P(CHOL=2)
Valore: 0.0

ACE generale(PEG -> AQUEOUS) con riferimento = -0.6781375173599835

Genitori diretti di FRR: ['AQUEOUS']

--- Calcolo P(FRR | do(AQUEOUS)) e ACE generale ---
Formula: P(FRR=0 | do(AQUEOUS=0)) = P(FRR=0 | AQUEOUS=0, PEG=0) * P(PEG=0) + P(FRR=0 | AQUEOUS=0, PEG=1) * P(PEG=1) + P(FRR=0 | AQUEOUS=0, PEG=4) * P(PEG=4) + P(FRR=0 | AQUEOUS=0, PEG=2) * P(PEG=2) + P(FRR=0 | AQUEOUS=0, PEG=8) * P(PEG=8)
Valore: 0.8159149248258161
Formula: P(FRR=3 | do(AQUEOUS=0)) = P(FRR=3 | AQUEOUS=0, PEG=0) * P(PEG=0) + P(FRR=3 | AQUEOUS=0, PEG=1) * P(PEG=1) + P(FRR=3 | AQUEOUS=0, PEG=4) * P(PEG=4) + P(FRR=3 | AQUEOUS=0, PEG=2) * P(PEG=2) + P(FRR=3 | AQUEOUS=0, PEG=8) * P(PEG=8)
Valore: 0.1840850751741841
Formula: P(FRR=1 | do(AQUEOUS=0)) = P(FRR=1 | AQUEOUS=0, PEG=0) * P(PEG=0) + P(FRR=1 | AQUEOUS=0, PEG=1) * P(PEG=1) + P(FRR=1 | AQUEOUS=0, PEG=4) * P(PEG=4) + P(FRR=1 | AQUEOUS=0, PEG=2) * P(PEG=2) + P(FRR=1 | AQUEOUS=0, PEG=8) * P(PEG=8)
Valore: 0.0
Formula: P(FRR=0 | do(AQUEOUS=1)) = P(FRR=0 | AQUEOUS=1, PEG=0) * P(PEG=0) + P(FRR=0 | AQUEOUS=1, PEG=1) * P(PEG=1) + P(FRR=0 | AQUEOUS=1, PEG=2) * P(PEG=2)
Valore: 0.7950191570881227
Formula: P(FRR=3 | do(AQUEOUS=1)) = P(FRR=3 | AQUEOUS=1, PEG=0) * P(PEG=0) + P(FRR=3 | AQUEOUS=1, PEG=1) * P(PEG=1) + P(FRR=3 | AQUEOUS=1, PEG=2) * P(PEG=2)
Valore: 0.03336368119570578
Formula: P(FRR=1 | do(AQUEOUS=1)) = P(FRR=1 | AQUEOUS=1, PEG=0) * P(PEG=0) + P(FRR=1 | AQUEOUS=1, PEG=1) * P(PEG=1) + P(FRR=1 | AQUEOUS=1, PEG=2) * P(PEG=2)
Valore: 0.0429042904290429

ACE generale(AQUEOUS -> FRR) con riferimento = -0.4092598915063921

Genitori diretti di ESM: ['CHOL']

--- Calcolo P(ESM | do(CHOL)) e ACE generale ---
Formula: P(ESM=0 | do(CHOL=0)) = P(ESM=0 | CHOL=0)
Valore: 0.6507936507936508
Formula: P(ESM=2 | do(CHOL=0)) = P(ESM=2 | CHOL=0)
Valore: 0.047619047619047616
Formula: P(ESM=1 | do(CHOL=0)) = P(ESM=1 | CHOL=0)
Valore: 0.047619047619047616
Formula: P(ESM=3 | do(CHOL=0)) = P(ESM=3 | CHOL=0)
Valore: 0.15873015873015872
Formula: P(ESM=4 | do(CHOL=0)) = P(ESM=4 | CHOL=0)
Valore: 0.09523809523809523
Formula: P(ESM=0 | do(CHOL=1)) = P(ESM=0 | CHOL=1)
Valore: 0.7291666666666666
Formula: P(ESM=2 | do(CHOL=1)) = P(ESM=2 | CHOL=1)
Valore: 0.0
Formula: P(ESM=1 | do(CHOL=1)) = P(ESM=1 | CHOL=1)
Valore: 0.041666666666666664
Formula: P(ESM=3 | do(CHOL=1)) = P(ESM=3 | CHOL=1)
Valore: 0.22916666666666666
Formula: P(ESM=4 | do(CHOL=1)) = P(ESM=4 | CHOL=1)
Valore: 0.0
Formula: P(ESM=0 | do(CHOL=3)) = P(ESM=0 | CHOL=3)
Valore: 0.09836065573770492
Formula: P(ESM=2 | do(CHOL=3)) = P(ESM=2 | CHOL=3)
Valore: 0.21311475409836064
Formula: P(ESM=1 | do(CHOL=3)) = P(ESM=1 | CHOL=3)
Valore: 0.0
Formula: P(ESM=3 | do(CHOL=3)) = P(ESM=3 | CHOL=3)
Valore: 0.0
Formula: P(ESM=4 | do(CHOL=3)) = P(ESM=4 | CHOL=3)
Valore: 0.6885245901639344
Formula: P(ESM=0 | do(CHOL=2)) = P(ESM=0 | CHOL=2)
Valore: 0.40625
Formula: P(ESM=2 | do(CHOL=2)) = P(ESM=2 | CHOL=2)
Valore: 0.5
Formula: P(ESM=1 | do(CHOL=2)) = P(ESM=1 | CHOL=2)
Valore: 0.0
Formula: P(ESM=3 | do(CHOL=2)) = P(ESM=3 | CHOL=2)
Valore: 0.09375
Formula: P(ESM=4 | do(CHOL=2)) = P(ESM=4 | CHOL=2)
Valore: 0.0
Formula: P(ESM=0 | do(CHOL=6)) = P(ESM=0 | CHOL=6)
Valore: 0.0
Formula: P(ESM=2 | do(CHOL=6)) = P(ESM=2 | CHOL=6)
Valore: 0.0
Formula: P(ESM=1 | do(CHOL=6)) = P(ESM=1 | CHOL=6)
Valore: 0.0
Formula: P(ESM=3 | do(CHOL=6)) = P(ESM=3 | CHOL=6)
Valore: 0.0
Formula: P(ESM=4 | do(CHOL=6)) = P(ESM=4 | CHOL=6)
Valore: 1.0

ACE generale(CHOL -> ESM) con riferimento = 1.2976861338797814

Genitori diretti di HSPC: ['ESM']

--- Calcolo P(HSPC | do(ESM)) e ACE generale ---
Formula: P(HSPC=0 | do(ESM=0)) = P(HSPC=0 | ESM=0, CHOL=0) * P(CHOL=0) + P(HSPC=0 | ESM=0, CHOL=1) * P(CHOL=1) + P(HSPC=0 | ESM=0, CHOL=3) * P(CHOL=3) + P(HSPC=0 | ESM=0, CHOL=2) * P(CHOL=2)
Valore: 0.0693621278504157
Formula: P(HSPC=3 | do(ESM=0)) = P(HSPC=3 | ESM=0, CHOL=0) * P(CHOL=0) + P(HSPC=3 | ESM=0, CHOL=1) * P(CHOL=1) + P(HSPC=3 | ESM=0, CHOL=3) * P(CHOL=3) + P(HSPC=3 | ESM=0, CHOL=2) * P(CHOL=2)
Valore: 0.430744816641943
Formula: P(HSPC=2 | do(ESM=0)) = P(HSPC=2 | ESM=0, CHOL=0) * P(CHOL=0) + P(HSPC=2 | ESM=0, CHOL=1) * P(CHOL=1) + P(HSPC=2 | ESM=0, CHOL=3) * P(CHOL=3) + P(HSPC=2 | ESM=0, CHOL=2) * P(CHOL=2)
Valore: 0.15191673013455192
Formula: P(HSPC=1 | do(ESM=0)) = P(HSPC=1 | ESM=0, CHOL=0) * P(CHOL=0) + P(HSPC=1 | ESM=0, CHOL=1) * P(CHOL=1) + P(HSPC=1 | ESM=0, CHOL=3) * P(CHOL=3) + P(HSPC=1 | ESM=0, CHOL=2) * P(CHOL=2)
Valore: 0.04564114948080174
Formula: P(HSPC=6 | do(ESM=0)) = P(HSPC=6 | ESM=0, CHOL=0) * P(CHOL=0) + P(HSPC=6 | ESM=0, CHOL=1) * P(CHOL=1) + P(HSPC=6 | ESM=0, CHOL=3) * P(CHOL=3) + P(HSPC=6 | ESM=0, CHOL=2) * P(CHOL=2)
Valore: 0.027157001414427156
Formula: P(HSPC=4 | do(ESM=0)) = P(HSPC=4 | ESM=0, CHOL=0) * P(CHOL=0) + P(HSPC=4 | ESM=0, CHOL=1) * P(CHOL=1) + P(HSPC=4 | ESM=0, CHOL=3) * P(CHOL=3) + P(HSPC=4 | ESM=0, CHOL=2) * P(CHOL=2)
Valore: 0.21653384850680188
Formula: P(HSPC=5 | do(ESM=0)) = P(HSPC=5 | ESM=0, CHOL=0) * P(CHOL=0) + P(HSPC=5 | ESM=0, CHOL=1) * P(CHOL=1) + P(HSPC=5 | ESM=0, CHOL=3) * P(CHOL=3) + P(HSPC=5 | ESM=0, CHOL=2) * P(CHOL=2)
Valore: 0.048743335872048744
Formula: P(HSPC=0 | do(ESM=2)) = P(HSPC=0 | ESM=2, CHOL=0) * P(CHOL=0) + P(HSPC=0 | ESM=2, CHOL=3) * P(CHOL=3) + P(HSPC=0 | ESM=2, CHOL=2) * P(CHOL=2)
Valore: 0.5148514851485149
Formula: P(HSPC=3 | do(ESM=2)) = P(HSPC=3 | ESM=2, CHOL=0) * P(CHOL=0) + P(HSPC=3 | ESM=2, CHOL=3) * P(CHOL=3) + P(HSPC=3 | ESM=2, CHOL=2) * P(CHOL=2)
Valore: 0.0
Formula: P(HSPC=2 | do(ESM=2)) = P(HSPC=2 | ESM=2, CHOL=0) * P(CHOL=0) + P(HSPC=2 | ESM=2, CHOL=3) * P(CHOL=3) + P(HSPC=2 | ESM=2, CHOL=2) * P(CHOL=2)
Valore: 0.0
Formula: P(HSPC=1 | do(ESM=2)) = P(HSPC=1 | ESM=2, CHOL=0) * P(CHOL=0) + P(HSPC=1 | ESM=2, CHOL=3) * P(CHOL=3) + P(HSPC=1 | ESM=2, CHOL=2) * P(CHOL=2)
Valore: 0.0
Formula: P(HSPC=6 | do(ESM=2)) = P(HSPC=6 | ESM=2, CHOL=0) * P(CHOL=0) + P(HSPC=6 | ESM=2, CHOL=3) * P(CHOL=3) + P(HSPC=6 | ESM=2, CHOL=2) * P(CHOL=2)
Valore: 0.0
Formula: P(HSPC=4 | do(ESM=2)) = P(HSPC=4 | ESM=2, CHOL=0) * P(CHOL=0) + P(HSPC=4 | ESM=2, CHOL=3) * P(CHOL=3) + P(HSPC=4 | ESM=2, CHOL=2) * P(CHOL=2)
Valore: 0.0
Formula: P(HSPC=5 | do(ESM=2)) = P(HSPC=5 | ESM=2, CHOL=0) * P(CHOL=0) + P(HSPC=5 | ESM=2, CHOL=3) * P(CHOL=3) + P(HSPC=5 | ESM=2, CHOL=2) * P(CHOL=2)
Valore: 0.0
Formula: P(HSPC=0 | do(ESM=1)) = P(HSPC=0 | ESM=1, CHOL=0) * P(CHOL=0) + P(HSPC=0 | ESM=1, CHOL=1) * P(CHOL=1)
Valore: 0.6831683168316831
Formula: P(HSPC=3 | do(ESM=1)) = P(HSPC=3 | ESM=1, CHOL=0) * P(CHOL=0) + P(HSPC=3 | ESM=1, CHOL=1) * P(CHOL=1)
Valore: 0.0
Formula: P(HSPC=2 | do(ESM=1)) = P(HSPC=2 | ESM=1, CHOL=0) * P(CHOL=0) + P(HSPC=2 | ESM=1, CHOL=1) * P(CHOL=1)
Valore: 0.0
Formula: P(HSPC=1 | do(ESM=1)) = P(HSPC=1 | ESM=1, CHOL=0) * P(CHOL=0) + P(HSPC=1 | ESM=1, CHOL=1) * P(CHOL=1)
Valore: 0.0
Formula: P(HSPC=6 | do(ESM=1)) = P(HSPC=6 | ESM=1, CHOL=0) * P(CHOL=0) + P(HSPC=6 | ESM=1, CHOL=1) * P(CHOL=1)
Valore: 0.0
Formula: P(HSPC=4 | do(ESM=1)) = P(HSPC=4 | ESM=1, CHOL=0) * P(CHOL=0) + P(HSPC=4 | ESM=1, CHOL=1) * P(CHOL=1)
Valore: 0.0
Formula: P(HSPC=5 | do(ESM=1)) = P(HSPC=5 | ESM=1, CHOL=0) * P(CHOL=0) + P(HSPC=5 | ESM=1, CHOL=1) * P(CHOL=1)
Valore: 0.0
Formula: P(HSPC=0 | do(ESM=3)) = P(HSPC=0 | ESM=3, CHOL=0) * P(CHOL=0) + P(HSPC=0 | ESM=3, CHOL=1) * P(CHOL=1) + P(HSPC=0 | ESM=3, CHOL=2) * P(CHOL=2)
Valore: 0.7887788778877887
Formula: P(HSPC=3 | do(ESM=3)) = P(HSPC=3 | ESM=3, CHOL=0) * P(CHOL=0) + P(HSPC=3 | ESM=3, CHOL=1) * P(CHOL=1) + P(HSPC=3 | ESM=3, CHOL=2) * P(CHOL=2)
Valore: 0.0
Formula: P(HSPC=2 | do(ESM=3)) = P(HSPC=2 | ESM=3, CHOL=0) * P(CHOL=0) + P(HSPC=2 | ESM=3, CHOL=1) * P(CHOL=1) + P(HSPC=2 | ESM=3, CHOL=2) * P(CHOL=2)
Valore: 0.0
Formula: P(HSPC=1 | do(ESM=3)) = P(HSPC=1 | ESM=3, CHOL=0) * P(CHOL=0) + P(HSPC=1 | ESM=3, CHOL=1) * P(CHOL=1) + P(HSPC=1 | ESM=3, CHOL=2) * P(CHOL=2)
Valore: 0.0
Formula: P(HSPC=6 | do(ESM=3)) = P(HSPC=6 | ESM=3, CHOL=0) * P(CHOL=0) + P(HSPC=6 | ESM=3, CHOL=1) * P(CHOL=1) + P(HSPC=6 | ESM=3, CHOL=2) * P(CHOL=2)
Valore: 0.0
Formula: P(HSPC=4 | do(ESM=3)) = P(HSPC=4 | ESM=3, CHOL=0) * P(CHOL=0) + P(HSPC=4 | ESM=3, CHOL=1) * P(CHOL=1) + P(HSPC=4 | ESM=3, CHOL=2) * P(CHOL=2)
Valore: 0.0
Formula: P(HSPC=5 | do(ESM=3)) = P(HSPC=5 | ESM=3, CHOL=0) * P(CHOL=0) + P(HSPC=5 | ESM=3, CHOL=1) * P(CHOL=1) + P(HSPC=5 | ESM=3, CHOL=2) * P(CHOL=2)
Valore: 0.0
Formula: P(HSPC=0 | do(ESM=4)) = P(HSPC=0 | ESM=4, CHOL=0) * P(CHOL=0) + P(HSPC=0 | ESM=4, CHOL=3) * P(CHOL=3) + P(HSPC=0 | ESM=4, CHOL=6) * P(CHOL=6)
Valore: 0.4191419141914191
Formula: P(HSPC=3 | do(ESM=4)) = P(HSPC=3 | ESM=4, CHOL=0) * P(CHOL=0) + P(HSPC=3 | ESM=4, CHOL=3) * P(CHOL=3) + P(HSPC=3 | ESM=4, CHOL=6) * P(CHOL=6)
Valore: 0.0
Formula: P(HSPC=2 | do(ESM=4)) = P(HSPC=2 | ESM=4, CHOL=0) * P(CHOL=0) + P(HSPC=2 | ESM=4, CHOL=3) * P(CHOL=3) + P(HSPC=2 | ESM=4, CHOL=6) * P(CHOL=6)
Valore: 0.0
Formula: P(HSPC=1 | do(ESM=4)) = P(HSPC=1 | ESM=4, CHOL=0) * P(CHOL=0) + P(HSPC=1 | ESM=4, CHOL=3) * P(CHOL=3) + P(HSPC=1 | ESM=4, CHOL=6) * P(CHOL=6)
Valore: 0.0
Formula: P(HSPC=6 | do(ESM=4)) = P(HSPC=6 | ESM=4, CHOL=0) * P(CHOL=0) + P(HSPC=6 | ESM=4, CHOL=3) * P(CHOL=3) + P(HSPC=6 | ESM=4, CHOL=6) * P(CHOL=6)
Valore: 0.0
Formula: P(HSPC=4 | do(ESM=4)) = P(HSPC=4 | ESM=4, CHOL=0) * P(CHOL=0) + P(HSPC=4 | ESM=4, CHOL=3) * P(CHOL=3) + P(HSPC=4 | ESM=4, CHOL=6) * P(CHOL=6)
Valore: 0.0
Formula: P(HSPC=5 | do(ESM=4)) = P(HSPC=5 | ESM=4, CHOL=0) * P(CHOL=0) + P(HSPC=5 | ESM=4, CHOL=3) * P(CHOL=3) + P(HSPC=5 | ESM=4, CHOL=6) * P(CHOL=6)
Valore: 0.0

ACE generale(ESM -> HSPC) con riferimento = -2.9145031415497487

Genitori diretti di TFR: ['AQUEOUS']

--- Calcolo P(TFR | do(AQUEOUS)) e ACE generale ---
Formula: P(TFR=6 | do(AQUEOUS=0)) = P(TFR=6 | AQUEOUS=0, PEG=0) * P(PEG=0) + P(TFR=6 | AQUEOUS=0, PEG=1) * P(PEG=1) + P(TFR=6 | AQUEOUS=0, PEG=4) * P(PEG=4) + P(TFR=6 | AQUEOUS=0, PEG=2) * P(PEG=2) + P(TFR=6 | AQUEOUS=0, PEG=8) * P(PEG=8)
Valore: 0.36486982031536486
Formula: P(TFR=2 | do(AQUEOUS=0)) = P(TFR=2 | AQUEOUS=0, PEG=0) * P(PEG=0) + P(TFR=2 | AQUEOUS=0, PEG=1) * P(PEG=1) + P(TFR=2 | AQUEOUS=0, PEG=4) * P(PEG=4) + P(TFR=2 | AQUEOUS=0, PEG=2) * P(PEG=2) + P(TFR=2 | AQUEOUS=0, PEG=8) * P(PEG=8)
Valore: 0.40190685735240195
Formula: P(TFR=0 | do(AQUEOUS=0)) = P(TFR=0 | AQUEOUS=0, PEG=0) * P(PEG=0) + P(TFR=0 | AQUEOUS=0, PEG=1) * P(PEG=1) + P(TFR=0 | AQUEOUS=0, PEG=4) * P(PEG=4) + P(TFR=0 | AQUEOUS=0, PEG=2) * P(PEG=2) + P(TFR=0 | AQUEOUS=0, PEG=8) * P(PEG=8)
Valore: 0.1840850751741841
Formula: P(TFR=1 | do(AQUEOUS=0)) = P(TFR=1 | AQUEOUS=0, PEG=0) * P(PEG=0) + P(TFR=1 | AQUEOUS=0, PEG=1) * P(PEG=1) + P(TFR=1 | AQUEOUS=0, PEG=4) * P(PEG=4) + P(TFR=1 | AQUEOUS=0, PEG=2) * P(PEG=2) + P(TFR=1 | AQUEOUS=0, PEG=8) * P(PEG=8)
Valore: 0.0
Formula: P(TFR=5 | do(AQUEOUS=0)) = P(TFR=5 | AQUEOUS=0, PEG=0) * P(PEG=0) + P(TFR=5 | AQUEOUS=0, PEG=1) * P(PEG=1) + P(TFR=5 | AQUEOUS=0, PEG=4) * P(PEG=4) + P(TFR=5 | AQUEOUS=0, PEG=2) * P(PEG=2) + P(TFR=5 | AQUEOUS=0, PEG=8) * P(PEG=8)
Valore: 0.02456912357902457
Formula: P(TFR=3 | do(AQUEOUS=0)) = P(TFR=3 | AQUEOUS=0, PEG=0) * P(PEG=0) + P(TFR=3 | AQUEOUS=0, PEG=1) * P(PEG=1) + P(TFR=3 | AQUEOUS=0, PEG=4) * P(PEG=4) + P(TFR=3 | AQUEOUS=0, PEG=2) * P(PEG=2) + P(TFR=3 | AQUEOUS=0, PEG=8) * P(PEG=8)
Valore: 0.02456912357902457
Formula: P(TFR=4 | do(AQUEOUS=0)) = P(TFR=4 | AQUEOUS=0, PEG=0) * P(PEG=0) + P(TFR=4 | AQUEOUS=0, PEG=1) * P(PEG=1) + P(TFR=4 | AQUEOUS=0, PEG=4) * P(PEG=4) + P(TFR=4 | AQUEOUS=0, PEG=2) * P(PEG=2) + P(TFR=4 | AQUEOUS=0, PEG=8) * P(PEG=8)
Valore: 0.0
Formula: P(TFR=6 | do(AQUEOUS=1)) = P(TFR=6 | AQUEOUS=1, PEG=0) * P(PEG=0) + P(TFR=6 | AQUEOUS=1, PEG=1) * P(PEG=1) + P(TFR=6 | AQUEOUS=1, PEG=2) * P(PEG=2)
Valore: 0.0904230817170387
Formula: P(TFR=2 | do(AQUEOUS=1)) = P(TFR=2 | AQUEOUS=1, PEG=0) * P(PEG=0) + P(TFR=2 | AQUEOUS=1, PEG=1) * P(PEG=1) + P(TFR=2 | AQUEOUS=1, PEG=2) * P(PEG=2)
Valore: 0.026212966124198628
Formula: P(TFR=0 | do(AQUEOUS=1)) = P(TFR=0 | AQUEOUS=1, PEG=0) * P(PEG=0) + P(TFR=0 | AQUEOUS=1, PEG=1) * P(PEG=1) + P(TFR=0 | AQUEOUS=1, PEG=2) * P(PEG=2)
Valore: 0.07411517013770343
Formula: P(TFR=1 | do(AQUEOUS=1)) = P(TFR=1 | AQUEOUS=1, PEG=0) * P(PEG=0) + P(TFR=1 | AQUEOUS=1, PEG=1) * P(PEG=1) + P(TFR=1 | AQUEOUS=1, PEG=2) * P(PEG=2)
Valore: 0.12535563901217708
Formula: P(TFR=5 | do(AQUEOUS=1)) = P(TFR=5 | AQUEOUS=1, PEG=0) * P(PEG=0) + P(TFR=5 | AQUEOUS=1, PEG=1) * P(PEG=1) + P(TFR=5 | AQUEOUS=1, PEG=2) * P(PEG=2)
Valore: 0.1437066120405144
Formula: P(TFR=3 | do(AQUEOUS=1)) = P(TFR=3 | AQUEOUS=1, PEG=0) * P(PEG=0) + P(TFR=3 | AQUEOUS=1, PEG=1) * P(PEG=1) + P(TFR=3 | AQUEOUS=1, PEG=2) * P(PEG=2)
Valore: 0.4076612094707008
Formula: P(TFR=4 | do(AQUEOUS=1)) = P(TFR=4 | AQUEOUS=1, PEG=0) * P(PEG=0) + P(TFR=4 | AQUEOUS=1, PEG=1) * P(PEG=1) + P(TFR=4 | AQUEOUS=1, PEG=2) * P(PEG=2)
Valore: 0.0038124502105382953

ACE generale(AQUEOUS -> TFR) con riferimento = -0.5124990742095554

Genitori diretti di PDI: ['PEG', 'ESM', 'TFR', 'FRR']

--- Calcolo P(PDI | do(PEG)) e ACE generale ---
Formula: P(PDI=1 | do(PEG=0)) = P(PDI=1 | PEG=0, CHOL=0) * P(CHOL=0) + P(PDI=1 | PEG=0, CHOL=1) * P(CHOL=1) + P(PDI=1 | PEG=0, CHOL=3) * P(CHOL=3) + P(PDI=1 | PEG=0, CHOL=2) * P(CHOL=2) + P(PDI=1 | PEG=0, CHOL=6) * P(CHOL=6)
Valore: 0.18853518004861708
Formula: P(PDI=2 | do(PEG=0)) = P(PDI=2 | PEG=0, CHOL=0) * P(CHOL=0) + P(PDI=2 | PEG=0, CHOL=1) * P(CHOL=1) + P(PDI=2 | PEG=0, CHOL=3) * P(CHOL=3) + P(PDI=2 | PEG=0, CHOL=2) * P(CHOL=2) + P(PDI=2 | PEG=0, CHOL=6) * P(CHOL=6)
Valore: 0.07877318344079305
Formula: P(PDI=3 | do(PEG=0)) = P(PDI=3 | PEG=0, CHOL=0) * P(CHOL=0) + P(PDI=3 | PEG=0, CHOL=1) * P(CHOL=1) + P(PDI=3 | PEG=0, CHOL=3) * P(CHOL=3) + P(PDI=3 | PEG=0, CHOL=2) * P(CHOL=2) + P(PDI=3 | PEG=0, CHOL=6) * P(CHOL=6)
Valore: 0.11971197119711971
Formula: P(PDI=0 | do(PEG=0)) = P(PDI=0 | PEG=0, CHOL=0) * P(CHOL=0) + P(PDI=0 | PEG=0, CHOL=1) * P(CHOL=1) + P(PDI=0 | PEG=0, CHOL=3) * P(CHOL=3) + P(PDI=0 | PEG=0, CHOL=2) * P(CHOL=2) + P(PDI=0 | PEG=0, CHOL=6) * P(CHOL=6)
Valore: 0.6129796653134701
Formula: P(PDI=1 | do(PEG=1)) = P(PDI=1 | PEG=1, CHOL=0) * P(CHOL=0) + P(PDI=1 | PEG=1, CHOL=2) * P(CHOL=2)
Valore: 0.1643092880716643
Formula: P(PDI=2 | do(PEG=1)) = P(PDI=2 | PEG=1, CHOL=0) * P(CHOL=0) + P(PDI=2 | PEG=1, CHOL=2) * P(CHOL=2)
Valore: 0.06482791136256483
Formula: P(PDI=3 | do(PEG=1)) = P(PDI=3 | PEG=1, CHOL=0) * P(CHOL=0) + P(PDI=3 | PEG=1, CHOL=2) * P(CHOL=2)
Valore: 0.0693069306930693
Formula: P(PDI=0 | do(PEG=1)) = P(PDI=0 | PEG=1, CHOL=0) * P(CHOL=0) + P(PDI=0 | PEG=1, CHOL=2) * P(CHOL=2)
Valore: 0.015087223008015087
Formula: P(PDI=1 | do(PEG=4)) = P(PDI=1 | PEG=4, CHOL=0) * P(CHOL=0) + P(PDI=1 | PEG=4, CHOL=1) * P(CHOL=1)
Valore: 0.6311881188118812
Formula: P(PDI=2 | do(PEG=4)) = P(PDI=2 | PEG=4, CHOL=0) * P(CHOL=0) + P(PDI=2 | PEG=4, CHOL=1) * P(CHOL=1)
Valore: 0.05198019801980198
Formula: P(PDI=3 | do(PEG=4)) = P(PDI=3 | PEG=4, CHOL=0) * P(CHOL=0) + P(PDI=3 | PEG=4, CHOL=1) * P(CHOL=1)
Valore: 0.0
Formula: P(PDI=0 | do(PEG=4)) = P(PDI=0 | PEG=4, CHOL=0) * P(CHOL=0) + P(PDI=0 | PEG=4, CHOL=1) * P(CHOL=1)
Valore: 0.0
Formula: P(PDI=1 | do(PEG=2)) = P(PDI=1 | PEG=2, CHOL=0) * P(CHOL=0) + P(PDI=1 | PEG=2, CHOL=1) * P(CHOL=1)
Valore: 0.19717260385832397
Formula: P(PDI=2 | do(PEG=2)) = P(PDI=2 | PEG=2, CHOL=0) * P(CHOL=0) + P(PDI=2 | PEG=2, CHOL=1) * P(CHOL=1)
Valore: 0.3085434316627539
Formula: P(PDI=3 | do(PEG=2)) = P(PDI=3 | PEG=2, CHOL=0) * P(CHOL=0) + P(PDI=3 | PEG=2, CHOL=1) * P(CHOL=1)
Valore: 0.16765336327447178
Formula: P(PDI=0 | do(PEG=2)) = P(PDI=0 | PEG=2, CHOL=0) * P(CHOL=0) + P(PDI=0 | PEG=2, CHOL=1) * P(CHOL=1)
Valore: 0.00979891803613351
Formula: P(PDI=1 | do(PEG=8)) = P(PDI=1 | PEG=8, CHOL=1) * P(CHOL=1) + P(PDI=1 | PEG=8, CHOL=3) * P(CHOL=3) + P(PDI=1 | PEG=8, CHOL=2) * P(CHOL=2)
Valore: 0.31142280894756136
Formula: P(PDI=2 | do(PEG=8)) = P(PDI=2 | PEG=8, CHOL=1) * P(CHOL=1) + P(PDI=2 | PEG=8, CHOL=3) * P(CHOL=3) + P(PDI=2 | PEG=8, CHOL=2) * P(CHOL=2)
Valore: 0.3808214154748808
Formula: P(PDI=3 | do(PEG=8)) = P(PDI=3 | PEG=8, CHOL=1) * P(CHOL=1) + P(PDI=3 | PEG=8, CHOL=3) * P(CHOL=3) + P(PDI=3 | PEG=8, CHOL=2) * P(CHOL=2)
Valore: 0.07315731573157315
Formula: P(PDI=0 | do(PEG=8)) = P(PDI=0 | PEG=8, CHOL=1) * P(CHOL=1) + P(PDI=0 | PEG=8, CHOL=3) * P(CHOL=3) + P(PDI=0 | PEG=8, CHOL=2) * P(CHOL=2)
Valore: 0.016776677667766776

ACE generale(PEG -> PDI) con riferimento = 0.2564804299351318

--- Calcolo P(PDI | do(ESM)) e ACE generale ---
Formula: P(PDI=1 | do(ESM=0)) = P(PDI=1 | ESM=0, CHOL=0) * P(CHOL=0) + P(PDI=1 | ESM=0, CHOL=1) * P(CHOL=1) + P(PDI=1 | ESM=0, CHOL=3) * P(CHOL=3) + P(PDI=1 | ESM=0, CHOL=2) * P(CHOL=2)
Valore: 0.3095295887133607
Formula: P(PDI=2 | do(ESM=0)) = P(PDI=2 | ESM=0, CHOL=0) * P(CHOL=0) + P(PDI=2 | ESM=0, CHOL=1) * P(CHOL=1) + P(PDI=2 | ESM=0, CHOL=3) * P(CHOL=3) + P(PDI=2 | ESM=0, CHOL=2) * P(CHOL=2)
Valore: 0.480262445971212
Formula: P(PDI=3 | do(ESM=0)) = P(PDI=3 | ESM=0, CHOL=0) * P(CHOL=0) + P(PDI=3 | ESM=0, CHOL=1) * P(CHOL=1) + P(PDI=3 | ESM=0, CHOL=3) * P(CHOL=3) + P(PDI=3 | ESM=0, CHOL=2) * P(CHOL=2)
Valore: 0.17298827443719983
Formula: P(PDI=0 | do(ESM=0)) = P(PDI=0 | ESM=0, CHOL=0) * P(CHOL=0) + P(PDI=0 | ESM=0, CHOL=1) * P(CHOL=1) + P(PDI=0 | ESM=0, CHOL=3) * P(CHOL=3) + P(PDI=0 | ESM=0, CHOL=2) * P(CHOL=2)
Valore: 0.02731870077921756
Formula: P(PDI=1 | do(ESM=2)) = P(PDI=1 | ESM=2, CHOL=0) * P(CHOL=0) + P(PDI=1 | ESM=2, CHOL=3) * P(CHOL=3) + P(PDI=1 | ESM=2, CHOL=2) * P(CHOL=2)
Valore: 0.16958618938816958
Formula: P(PDI=2 | do(ESM=2)) = P(PDI=2 | ESM=2, CHOL=0) * P(CHOL=0) + P(PDI=2 | ESM=2, CHOL=3) * P(CHOL=3) + P(PDI=2 | ESM=2, CHOL=2) * P(CHOL=2)
Valore: 0.030972328002030973
Formula: P(PDI=3 | do(ESM=2)) = P(PDI=3 | ESM=2, CHOL=0) * P(CHOL=0) + P(PDI=3 | ESM=2, CHOL=3) * P(CHOL=3) + P(PDI=3 | ESM=2, CHOL=2) * P(CHOL=2)
Valore: 0.08479309469408479
Formula: P(PDI=0 | do(ESM=2)) = P(PDI=0 | ESM=2, CHOL=0) * P(CHOL=0) + P(PDI=0 | ESM=2, CHOL=3) * P(CHOL=3) + P(PDI=0 | ESM=2, CHOL=2) * P(CHOL=2)
Valore: 0.2294998730642295
Formula: P(PDI=1 | do(ESM=1)) = P(PDI=1 | ESM=1, CHOL=0) * P(CHOL=0) + P(PDI=1 | ESM=1, CHOL=1) * P(CHOL=1)
Valore: 0.1584158415841584
Formula: P(PDI=2 | do(ESM=1)) = P(PDI=2 | ESM=1, CHOL=0) * P(CHOL=0) + P(PDI=2 | ESM=1, CHOL=1) * P(CHOL=1)
Valore: 0.14851485148514848
Formula: P(PDI=3 | do(ESM=1)) = P(PDI=3 | ESM=1, CHOL=0) * P(CHOL=0) + P(PDI=3 | ESM=1, CHOL=1) * P(CHOL=1)
Valore: 0.1386138613861386
Formula: P(PDI=0 | do(ESM=1)) = P(PDI=0 | ESM=1, CHOL=0) * P(CHOL=0) + P(PDI=0 | ESM=1, CHOL=1) * P(CHOL=1)
Valore: 0.2376237623762376
Formula: P(PDI=1 | do(ESM=3)) = P(PDI=1 | ESM=3, CHOL=0) * P(CHOL=0) + P(PDI=1 | ESM=3, CHOL=1) * P(CHOL=1) + P(PDI=1 | ESM=3, CHOL=2) * P(CHOL=2)
Valore: 0.2351935193519352
Formula: P(PDI=2 | do(ESM=3)) = P(PDI=2 | ESM=3, CHOL=0) * P(CHOL=0) + P(PDI=2 | ESM=3, CHOL=1) * P(CHOL=1) + P(PDI=2 | ESM=3, CHOL=2) * P(CHOL=2)
Valore: 0.12001200120012001
Formula: P(PDI=3 | do(ESM=3)) = P(PDI=3 | ESM=3, CHOL=0) * P(CHOL=0) + P(PDI=3 | ESM=3, CHOL=1) * P(CHOL=1) + P(PDI=3 | ESM=3, CHOL=2) * P(CHOL=2)
Valore: 0.14554455445544554
Formula: P(PDI=0 | do(ESM=3)) = P(PDI=0 | ESM=3, CHOL=0) * P(CHOL=0) + P(PDI=0 | ESM=3, CHOL=1) * P(CHOL=1) + P(PDI=0 | ESM=3, CHOL=2) * P(CHOL=2)
Valore: 0.28802880288028804
Formula: P(PDI=1 | do(ESM=4)) = P(PDI=1 | ESM=4, CHOL=0) * P(CHOL=0) + P(PDI=1 | ESM=4, CHOL=3) * P(CHOL=3) + P(PDI=1 | ESM=4, CHOL=6) * P(CHOL=6)
Valore: 0.016187333019016186
Formula: P(PDI=2 | do(ESM=4)) = P(PDI=2 | ESM=4, CHOL=0) * P(CHOL=0) + P(PDI=2 | ESM=4, CHOL=3) * P(CHOL=3) + P(PDI=2 | ESM=4, CHOL=6) * P(CHOL=6)
Valore: 0.03834669181203834
Formula: P(PDI=3 | do(ESM=4)) = P(PDI=3 | ESM=4, CHOL=0) * P(CHOL=0) + P(PDI=3 | ESM=4, CHOL=3) * P(CHOL=3) + P(PDI=3 | ESM=4, CHOL=6) * P(CHOL=6)
Valore: 0.2079207920792079
Formula: P(PDI=0 | do(ESM=4)) = P(PDI=0 | ESM=4, CHOL=0) * P(CHOL=0) + P(PDI=0 | ESM=4, CHOL=3) * P(CHOL=3) + P(PDI=0 | ESM=4, CHOL=6) * P(CHOL=6)
Valore: 0.15668709728115668

ACE generale(ESM -> PDI) con riferimento = -1.0425964199207378

--- Calcolo P(PDI | do(TFR)) e ACE generale ---
Formula: P(PDI=1 | do(TFR=6)) = P(PDI=1 | TFR=6, AQUEOUS=0) * P(AQUEOUS=0) + P(PDI=1 | TFR=6, AQUEOUS=1) * P(AQUEOUS=1)
Valore: 0.22235614865834408
Formula: P(PDI=2 | do(TFR=6)) = P(PDI=2 | TFR=6, AQUEOUS=0) * P(AQUEOUS=0) + P(PDI=2 | TFR=6, AQUEOUS=1) * P(AQUEOUS=1)
Valore: 0.2713445257569235
Formula: P(PDI=3 | do(TFR=6)) = P(PDI=3 | TFR=6, AQUEOUS=0) * P(AQUEOUS=0) + P(PDI=3 | TFR=6, AQUEOUS=1) * P(AQUEOUS=1)
Valore: 0.031683168316831684
Formula: P(PDI=0 | do(TFR=6)) = P(PDI=0 | TFR=6, AQUEOUS=0) * P(AQUEOUS=0) + P(PDI=0 | TFR=6, AQUEOUS=1) * P(AQUEOUS=1)
Valore: 0.47461615726790074
Formula: P(PDI=1 | do(TFR=2)) = P(PDI=1 | TFR=2, AQUEOUS=0) * P(AQUEOUS=0) + P(PDI=1 | TFR=2, AQUEOUS=1) * P(AQUEOUS=1)
Valore: 0.1375716519020323
Formula: P(PDI=2 | do(TFR=2)) = P(PDI=2 | TFR=2, AQUEOUS=0) * P(AQUEOUS=0) + P(PDI=2 | TFR=2, AQUEOUS=1) * P(AQUEOUS=1)
Valore: 0.1464304325169359
Formula: P(PDI=3 | do(TFR=2)) = P(PDI=3 | TFR=2, AQUEOUS=0) * P(AQUEOUS=0) + P(PDI=3 | TFR=2, AQUEOUS=1) * P(AQUEOUS=1)
Valore: 0.48566961959353827
Formula: P(PDI=0 | do(TFR=2)) = P(PDI=0 | TFR=2, AQUEOUS=0) * P(AQUEOUS=0) + P(PDI=0 | TFR=2, AQUEOUS=1) * P(AQUEOUS=1)
Valore: 0.2303282959874935
Formula: P(PDI=1 | do(TFR=0)) = P(PDI=1 | TFR=0, AQUEOUS=0) * P(AQUEOUS=0) + P(PDI=1 | TFR=0, AQUEOUS=1) * P(AQUEOUS=1)
Valore: 0.15396039603960393
Formula: P(PDI=2 | do(TFR=0)) = P(PDI=2 | TFR=0, AQUEOUS=0) * P(AQUEOUS=0) + P(PDI=2 | TFR=0, AQUEOUS=1) * P(AQUEOUS=1)
Valore: 0.304950495049505
Formula: P(PDI=3 | do(TFR=0)) = P(PDI=3 | TFR=0, AQUEOUS=0) * P(AQUEOUS=0) + P(PDI=3 | TFR=0, AQUEOUS=1) * P(AQUEOUS=1)
Valore: 0.3123762376237624
Formula: P(PDI=0 | do(TFR=0)) = P(PDI=0 | TFR=0, AQUEOUS=0) * P(AQUEOUS=0) + P(PDI=0 | TFR=0, AQUEOUS=1) * P(AQUEOUS=1)
Valore: 0.2287128712871287
Formula: P(PDI=1 | do(TFR=1)) = P(PDI=1 | TFR=1, AQUEOUS=1) * P(AQUEOUS=1)
Valore: 0.13453698311007573
Formula: P(PDI=2 | do(TFR=1)) = P(PDI=2 | TFR=1, AQUEOUS=1) * P(AQUEOUS=1)
Valore: 0.2466511357018055
Formula: P(PDI=3 | do(TFR=1)) = P(PDI=3 | TFR=1, AQUEOUS=1) * P(AQUEOUS=1)
Valore: 0.1793826441467676
Formula: P(PDI=0 | do(TFR=1)) = P(PDI=0 | TFR=1, AQUEOUS=1) * P(AQUEOUS=1)
Valore: 0.2018054746651136
Formula: P(PDI=1 | do(TFR=5)) = P(PDI=1 | TFR=5, AQUEOUS=0) * P(AQUEOUS=0) + P(PDI=1 | TFR=5, AQUEOUS=1) * P(AQUEOUS=1)
Valore: 0.5112972835745113
Formula: P(PDI=2 | do(TFR=5)) = P(PDI=2 | TFR=5, AQUEOUS=0) * P(AQUEOUS=0) + P(PDI=2 | TFR=5, AQUEOUS=1) * P(AQUEOUS=1)
Valore: 0.21502919522721503
Formula: P(PDI=3 | do(TFR=5)) = P(PDI=3 | TFR=5, AQUEOUS=0) * P(AQUEOUS=0) + P(PDI=3 | TFR=5, AQUEOUS=1) * P(AQUEOUS=1)
Valore: 0.09774054328509774
Formula: P(PDI=0 | do(TFR=5)) = P(PDI=0 | TFR=5, AQUEOUS=0) * P(AQUEOUS=0) + P(PDI=0 | TFR=5, AQUEOUS=1) * P(AQUEOUS=1)
Valore: 0.17593297791317594
Formula: P(PDI=1 | do(TFR=3)) = P(PDI=1 | TFR=3, AQUEOUS=0) * P(AQUEOUS=0) + P(PDI=1 | TFR=3, AQUEOUS=1) * P(AQUEOUS=1)
Valore: 0.4014990284075136
Formula: P(PDI=2 | do(TFR=3)) = P(PDI=2 | TFR=3, AQUEOUS=0) * P(AQUEOUS=0) + P(PDI=2 | TFR=3, AQUEOUS=1) * P(AQUEOUS=1)
Valore: 0.22087535856389376
Formula: P(PDI=3 | do(TFR=3)) = P(PDI=3 | TFR=3, AQUEOUS=0) * P(AQUEOUS=0) + P(PDI=3 | TFR=3, AQUEOUS=1) * P(AQUEOUS=1)
Valore: 0.08550013879892662
Formula: P(PDI=0 | do(TFR=3)) = P(PDI=0 | TFR=3, AQUEOUS=0) * P(AQUEOUS=0) + P(PDI=0 | TFR=3, AQUEOUS=1) * P(AQUEOUS=1)
Valore: 0.29212547422966595
Formula: P(PDI=1 | do(TFR=4)) = P(PDI=1 | TFR=4, AQUEOUS=1) * P(AQUEOUS=1)
Valore: 0.0
Formula: P(PDI=2 | do(TFR=4)) = P(PDI=2 | TFR=4, AQUEOUS=1) * P(AQUEOUS=1)
Valore: 0.0
Formula: P(PDI=3 | do(TFR=4)) = P(PDI=3 | TFR=4, AQUEOUS=1) * P(AQUEOUS=1)
Valore: 0.0
Formula: P(PDI=0 | do(TFR=4)) = P(PDI=0 | TFR=4, AQUEOUS=1) * P(AQUEOUS=1)
Valore: 0.7623762376237624

ACE generale(TFR -> PDI) con riferimento = -0.659681643408316

--- Calcolo P(PDI | do(FRR)) e ACE generale ---
Formula: P(PDI=1 | do(FRR=0)) = P(PDI=1 | FRR=0, AQUEOUS=0) * P(AQUEOUS=0) + P(PDI=1 | FRR=0, AQUEOUS=1) * P(AQUEOUS=1)
Valore: 0.2822982298229823
Formula: P(PDI=2 | do(FRR=0)) = P(PDI=2 | FRR=0, AQUEOUS=0) * P(AQUEOUS=0) + P(PDI=2 | FRR=0, AQUEOUS=1) * P(AQUEOUS=1)
Valore: 0.2933693369336934
Formula: P(PDI=3 | do(FRR=0)) = P(PDI=3 | FRR=0, AQUEOUS=0) * P(AQUEOUS=0) + P(PDI=3 | FRR=0, AQUEOUS=1) * P(AQUEOUS=1)
Valore: 0.11947194719471947
Formula: P(PDI=0 | do(FRR=0)) = P(PDI=0 | FRR=0, AQUEOUS=0) * P(AQUEOUS=0) + P(PDI=0 | FRR=0, AQUEOUS=1) * P(AQUEOUS=1)
Valore: 0.3048604860486049
Formula: P(PDI=1 | do(FRR=3)) = P(PDI=1 | FRR=3, AQUEOUS=0) * P(AQUEOUS=0) + P(PDI=1 | FRR=3, AQUEOUS=1) * P(AQUEOUS=1)
Valore: 0.0792079207920792
Formula: P(PDI=2 | do(FRR=3)) = P(PDI=2 | FRR=3, AQUEOUS=0) * P(AQUEOUS=0) + P(PDI=2 | FRR=3, AQUEOUS=1) * P(AQUEOUS=1)
Valore: 0.2541254125412541
Formula: P(PDI=3 | do(FRR=3)) = P(PDI=3 | FRR=3, AQUEOUS=0) * P(AQUEOUS=0) + P(PDI=3 | FRR=3, AQUEOUS=1) * P(AQUEOUS=1)
Valore: 0.581958195819582
Formula: P(PDI=0 | do(FRR=3)) = P(PDI=0 | FRR=3, AQUEOUS=0) * P(AQUEOUS=0) + P(PDI=0 | FRR=3, AQUEOUS=1) * P(AQUEOUS=1)
Valore: 0.0847084708470847
Formula: P(PDI=1 | do(FRR=1)) = P(PDI=1 | FRR=1, AQUEOUS=1) * P(AQUEOUS=1)
Valore: 0.06353135313531352
Formula: P(PDI=2 | do(FRR=1)) = P(PDI=2 | FRR=1, AQUEOUS=1) * P(AQUEOUS=1)
Valore: 0.3811881188118812
Formula: P(PDI=3 | do(FRR=1)) = P(PDI=3 | FRR=1, AQUEOUS=1) * P(AQUEOUS=1)
Valore: 0.3176567656765677
Formula: P(PDI=0 | do(FRR=1)) = P(PDI=0 | FRR=1, AQUEOUS=1) * P(AQUEOUS=1)
Valore: 0.0

ACE generale(FRR -> PDI) con riferimento = 0.8286528652865286

Genitori diretti di SIZE: ['ESM', 'TFR', 'FRR']

--- Calcolo P(SIZE | do(ESM)) e ACE generale ---
Formula: P(SIZE=3 | do(ESM=0)) = P(SIZE=3 | ESM=0, CHOL=0) * P(CHOL=0) + P(SIZE=3 | ESM=0, CHOL=1) * P(CHOL=1) + P(SIZE=3 | ESM=0, CHOL=3) * P(CHOL=3) + P(SIZE=3 | ESM=0, CHOL=2) * P(CHOL=2)
Valore: 0.030427432987201155
Formula: P(SIZE=0 | do(ESM=0)) = P(SIZE=0 | ESM=0, CHOL=0) * P(CHOL=0) + P(SIZE=0 | ESM=0, CHOL=1) * P(CHOL=1) + P(SIZE=0 | ESM=0, CHOL=3) * P(CHOL=3) + P(SIZE=0 | ESM=0, CHOL=2) * P(CHOL=2)
Valore: 0.6973233801536144
Formula: P(SIZE=1 | do(ESM=0)) = P(SIZE=1 | ESM=0, CHOL=0) * P(CHOL=0) + P(SIZE=1 | ESM=0, CHOL=1) * P(CHOL=1) + P(SIZE=1 | ESM=0, CHOL=3) * P(CHOL=3) + P(SIZE=1 | ESM=0, CHOL=2) * P(CHOL=2)
Valore: 0.23917229031935625
Formula: P(SIZE=2 | do(ESM=0)) = P(SIZE=2 | ESM=0, CHOL=0) * P(CHOL=0) + P(SIZE=2 | ESM=0, CHOL=1) * P(CHOL=1) + P(SIZE=2 | ESM=0, CHOL=3) * P(CHOL=3) + P(SIZE=2 | ESM=0, CHOL=2) * P(CHOL=2)
Valore: 0.023175906440818298
Formula: P(SIZE=3 | do(ESM=2)) = P(SIZE=3 | ESM=2, CHOL=0) * P(CHOL=0) + P(SIZE=3 | ESM=2, CHOL=3) * P(CHOL=3) + P(SIZE=3 | ESM=2, CHOL=2) * P(CHOL=2)
Valore: 0.2079207920792079
Formula: P(SIZE=0 | do(ESM=2)) = P(SIZE=0 | ESM=2, CHOL=0) * P(CHOL=0) + P(SIZE=0 | ESM=2, CHOL=3) * P(CHOL=3) + P(SIZE=0 | ESM=2, CHOL=2) * P(CHOL=2)
Valore: 0.17237877633917237
Formula: P(SIZE=1 | do(ESM=2)) = P(SIZE=1 | ESM=2, CHOL=0) * P(CHOL=0) + P(SIZE=1 | ESM=2, CHOL=3) * P(CHOL=3) + P(SIZE=1 | ESM=2, CHOL=2) * P(CHOL=2)
Valore: 0.13455191673013456
Formula: P(SIZE=2 | do(ESM=2)) = P(SIZE=2 | ESM=2, CHOL=0) * P(CHOL=0) + P(SIZE=2 | ESM=2, CHOL=3) * P(CHOL=3) + P(SIZE=2 | ESM=2, CHOL=2) * P(CHOL=2)
Valore: 0.0
Formula: P(SIZE=3 | do(ESM=1)) = P(SIZE=3 | ESM=1, CHOL=0) * P(CHOL=0) + P(SIZE=3 | ESM=1, CHOL=1) * P(CHOL=1)
Valore: 0.1386138613861386
Formula: P(SIZE=0 | do(ESM=1)) = P(SIZE=0 | ESM=1, CHOL=0) * P(CHOL=0) + P(SIZE=0 | ESM=1, CHOL=1) * P(CHOL=1)
Valore: 0.2376237623762376
Formula: P(SIZE=1 | do(ESM=1)) = P(SIZE=1 | ESM=1, CHOL=0) * P(CHOL=0) + P(SIZE=1 | ESM=1, CHOL=1) * P(CHOL=1)
Valore: 0.3069306930693069
Formula: P(SIZE=2 | do(ESM=1)) = P(SIZE=2 | ESM=1, CHOL=0) * P(CHOL=0) + P(SIZE=2 | ESM=1, CHOL=1) * P(CHOL=1)
Valore: 0.0
Formula: P(SIZE=3 | do(ESM=3)) = P(SIZE=3 | ESM=3, CHOL=0) * P(CHOL=0) + P(SIZE=3 | ESM=3, CHOL=1) * P(CHOL=1) + P(SIZE=3 | ESM=3, CHOL=2) * P(CHOL=2)
Valore: 0.14554455445544554
Formula: P(SIZE=0 | do(ESM=3)) = P(SIZE=0 | ESM=3, CHOL=0) * P(CHOL=0) + P(SIZE=0 | ESM=3, CHOL=1) * P(CHOL=1) + P(SIZE=0 | ESM=3, CHOL=2) * P(CHOL=2)
Valore: 0.1568156815681568
Formula: P(SIZE=1 | do(ESM=3)) = P(SIZE=1 | ESM=3, CHOL=0) * P(CHOL=0) + P(SIZE=1 | ESM=3, CHOL=1) * P(CHOL=1) + P(SIZE=1 | ESM=3, CHOL=2) * P(CHOL=2)
Valore: 0.12161216121612162
Formula: P(SIZE=2 | do(ESM=3)) = P(SIZE=2 | ESM=3, CHOL=0) * P(CHOL=0) + P(SIZE=2 | ESM=3, CHOL=1) * P(CHOL=1) + P(SIZE=2 | ESM=3, CHOL=2) * P(CHOL=2)
Valore: 0.3648064806480648
Formula: P(SIZE=3 | do(ESM=4)) = P(SIZE=3 | ESM=4, CHOL=0) * P(CHOL=0) + P(SIZE=3 | ESM=4, CHOL=3) * P(CHOL=3) + P(SIZE=3 | ESM=4, CHOL=6) * P(CHOL=6)
Valore: 0.24626748389124625
Formula: P(SIZE=0 | do(ESM=4)) = P(SIZE=0 | ESM=4, CHOL=0) * P(CHOL=0) + P(SIZE=0 | ESM=4, CHOL=3) * P(CHOL=3) + P(SIZE=0 | ESM=4, CHOL=6) * P(CHOL=6)
Valore: 0.0033003300330033004
Formula: P(SIZE=1 | do(ESM=4)) = P(SIZE=1 | ESM=4, CHOL=0) * P(CHOL=0) + P(SIZE=1 | ESM=4, CHOL=3) * P(CHOL=3) + P(SIZE=1 | ESM=4, CHOL=6) * P(CHOL=6)
Valore: 0.08329404369008328
Formula: P(SIZE=2 | do(ESM=4)) = P(SIZE=2 | ESM=4, CHOL=0) * P(CHOL=0) + P(SIZE=2 | ESM=4, CHOL=3) * P(CHOL=3) + P(SIZE=2 | ESM=4, CHOL=6) * P(CHOL=6)
Valore: 0.08628005657708628

ACE generale(ESM -> SIZE) con riferimento = 0.5640940889854196

--- Calcolo P(SIZE | do(TFR)) e ACE generale ---
Formula: P(SIZE=3 | do(TFR=6)) = P(SIZE=3 | TFR=6, AQUEOUS=0) * P(AQUEOUS=0) + P(SIZE=3 | TFR=6, AQUEOUS=1) * P(AQUEOUS=1)
Valore: 0.021122112211221122
Formula: P(SIZE=0 | do(TFR=6)) = P(SIZE=0 | TFR=6, AQUEOUS=0) * P(AQUEOUS=0) + P(SIZE=0 | TFR=6, AQUEOUS=1) * P(AQUEOUS=1)
Valore: 0.4966279236619314
Formula: P(SIZE=1 | do(TFR=6)) = P(SIZE=1 | TFR=6, AQUEOUS=0) * P(AQUEOUS=0) + P(SIZE=1 | TFR=6, AQUEOUS=1) * P(AQUEOUS=1)
Valore: 0.3828095853063567
Formula: P(SIZE=2 | do(TFR=6)) = P(SIZE=2 | TFR=6, AQUEOUS=0) * P(AQUEOUS=0) + P(SIZE=2 | TFR=6, AQUEOUS=1) * P(AQUEOUS=1)
Valore: 0.09944037882049074
Formula: P(SIZE=3 | do(TFR=2)) = P(SIZE=3 | TFR=2, AQUEOUS=0) * P(AQUEOUS=0) + P(SIZE=3 | TFR=2, AQUEOUS=1) * P(AQUEOUS=1)
Valore: 0.2803543512245961
Formula: P(SIZE=0 | do(TFR=2)) = P(SIZE=0 | TFR=2, AQUEOUS=0) * P(AQUEOUS=0) + P(SIZE=0 | TFR=2, AQUEOUS=1) * P(AQUEOUS=1)
Valore: 0.3178738926524231
Formula: P(SIZE=1 | do(TFR=2)) = P(SIZE=1 | TFR=2, AQUEOUS=0) * P(AQUEOUS=0) + P(SIZE=1 | TFR=2, AQUEOUS=1) * P(AQUEOUS=1)
Valore: 0.3767587285044294
Formula: P(SIZE=2 | do(TFR=2)) = P(SIZE=2 | TFR=2, AQUEOUS=0) * P(AQUEOUS=0) + P(SIZE=2 | TFR=2, AQUEOUS=1) * P(AQUEOUS=1)
Valore: 0.025013027618551325
Formula: P(SIZE=3 | do(TFR=0)) = P(SIZE=3 | TFR=0, AQUEOUS=0) * P(AQUEOUS=0) + P(SIZE=3 | TFR=0, AQUEOUS=1) * P(AQUEOUS=1)
Valore: 0.1188118811881188
Formula: P(SIZE=0 | do(TFR=0)) = P(SIZE=0 | TFR=0, AQUEOUS=0) * P(AQUEOUS=0) + P(SIZE=0 | TFR=0, AQUEOUS=1) * P(AQUEOUS=1)
Valore: 0.0
Formula: P(SIZE=1 | do(TFR=0)) = P(SIZE=1 | TFR=0, AQUEOUS=0) * P(AQUEOUS=0) + P(SIZE=1 | TFR=0, AQUEOUS=1) * P(AQUEOUS=1)
Valore: 0.6524752475247524
Formula: P(SIZE=2 | do(TFR=0)) = P(SIZE=2 | TFR=0, AQUEOUS=0) * P(AQUEOUS=0) + P(SIZE=2 | TFR=0, AQUEOUS=1) * P(AQUEOUS=1)
Valore: 0.2287128712871287
Formula: P(SIZE=3 | do(TFR=1)) = P(SIZE=3 | TFR=1, AQUEOUS=1) * P(AQUEOUS=1)
Valore: 0.13453698311007573
Formula: P(SIZE=0 | do(TFR=1)) = P(SIZE=0 | TFR=1, AQUEOUS=1) * P(AQUEOUS=1)
Valore: 0.1793826441467676
Formula: P(SIZE=1 | do(TFR=1)) = P(SIZE=1 | TFR=1, AQUEOUS=1) * P(AQUEOUS=1)
Valore: 0.3811881188118812
Formula: P(SIZE=2 | do(TFR=1)) = P(SIZE=2 | TFR=1, AQUEOUS=1) * P(AQUEOUS=1)
Valore: 0.06726849155503786
Formula: P(SIZE=3 | do(TFR=5)) = P(SIZE=3 | TFR=5, AQUEOUS=0) * P(AQUEOUS=0) + P(SIZE=3 | TFR=5, AQUEOUS=1) * P(AQUEOUS=1)
Valore: 0.1172886519421173
Formula: P(SIZE=0 | do(TFR=5)) = P(SIZE=0 | TFR=5, AQUEOUS=0) * P(AQUEOUS=0) + P(SIZE=0 | TFR=5, AQUEOUS=1) * P(AQUEOUS=1)
Valore: 0.6676821528306677
Formula: P(SIZE=1 | do(TFR=5)) = P(SIZE=1 | TFR=5, AQUEOUS=0) * P(AQUEOUS=0) + P(SIZE=1 | TFR=5, AQUEOUS=1) * P(AQUEOUS=1)
Valore: 0.15638486925615638
Formula: P(SIZE=2 | do(TFR=5)) = P(SIZE=2 | TFR=5, AQUEOUS=0) * P(AQUEOUS=0) + P(SIZE=2 | TFR=5, AQUEOUS=1) * P(AQUEOUS=1)
Valore: 0.05864432597105865
Formula: P(SIZE=3 | do(TFR=3)) = P(SIZE=3 | TFR=3, AQUEOUS=0) * P(AQUEOUS=0) + P(SIZE=3 | TFR=3, AQUEOUS=1) * P(AQUEOUS=1)
Valore: 0.04275006939946331
Formula: P(SIZE=0 | do(TFR=3)) = P(SIZE=0 | TFR=3, AQUEOUS=0) * P(AQUEOUS=0) + P(SIZE=0 | TFR=3, AQUEOUS=1) * P(AQUEOUS=1)
Valore: 0.37050060146201536
Formula: P(SIZE=1 | do(TFR=3)) = P(SIZE=1 | TFR=3, AQUEOUS=0) * P(AQUEOUS=0) + P(SIZE=1 | TFR=3, AQUEOUS=1) * P(AQUEOUS=1)
Valore: 0.37299898214120475
Formula: P(SIZE=2 | do(TFR=3)) = P(SIZE=2 | TFR=3, AQUEOUS=0) * P(AQUEOUS=0) + P(SIZE=2 | TFR=3, AQUEOUS=1) * P(AQUEOUS=1)
Valore: 0.21375034699731654
Formula: P(SIZE=3 | do(TFR=4)) = P(SIZE=3 | TFR=4, AQUEOUS=1) * P(AQUEOUS=1)
Valore: 0.0
Formula: P(SIZE=0 | do(TFR=4)) = P(SIZE=0 | TFR=4, AQUEOUS=1) * P(AQUEOUS=1)
Valore: 0.7623762376237624
Formula: P(SIZE=1 | do(TFR=4)) = P(SIZE=1 | TFR=4, AQUEOUS=1) * P(AQUEOUS=1)
Valore: 0.0
Formula: P(SIZE=2 | do(TFR=4)) = P(SIZE=2 | TFR=4, AQUEOUS=1) * P(AQUEOUS=1)
Valore: 0.0

ACE generale(TFR -> SIZE) con riferimento = -0.7352483120621397

--- Calcolo P(SIZE | do(FRR)) e ACE generale ---
Formula: P(SIZE=3 | do(FRR=0)) = P(SIZE=3 | FRR=0, AQUEOUS=0) * P(AQUEOUS=0) + P(SIZE=3 | FRR=0, AQUEOUS=1) * P(AQUEOUS=1)
Valore: 0.10858085808580857
Formula: P(SIZE=0 | do(FRR=0)) = P(SIZE=0 | FRR=0, AQUEOUS=0) * P(AQUEOUS=0) + P(SIZE=0 | FRR=0, AQUEOUS=1) * P(AQUEOUS=1)
Valore: 0.4201320132013201
Formula: P(SIZE=1 | do(FRR=0)) = P(SIZE=1 | FRR=0, AQUEOUS=0) * P(AQUEOUS=0) + P(SIZE=1 | FRR=0, AQUEOUS=1) * P(AQUEOUS=1)
Valore: 0.3007200720072007
Formula: P(SIZE=2 | do(FRR=0)) = P(SIZE=2 | FRR=0, AQUEOUS=0) * P(AQUEOUS=0) + P(SIZE=2 | FRR=0, AQUEOUS=1) * P(AQUEOUS=1)
Valore: 0.17056705670567057
Formula: P(SIZE=3 | do(FRR=3)) = P(SIZE=3 | FRR=3, AQUEOUS=0) * P(AQUEOUS=0) + P(SIZE=3 | FRR=3, AQUEOUS=1) * P(AQUEOUS=1)
Valore: 0.1243124312431243
Formula: P(SIZE=0 | do(FRR=3)) = P(SIZE=0 | FRR=3, AQUEOUS=0) * P(AQUEOUS=0) + P(SIZE=0 | FRR=3, AQUEOUS=1) * P(AQUEOUS=1)
Valore: 0.3784378437843784
Formula: P(SIZE=1 | do(FRR=3)) = P(SIZE=1 | FRR=3, AQUEOUS=0) * P(AQUEOUS=0) + P(SIZE=1 | FRR=3, AQUEOUS=1) * P(AQUEOUS=1)
Valore: 0.4972497249724972
Formula: P(SIZE=2 | do(FRR=3)) = P(SIZE=2 | FRR=3, AQUEOUS=0) * P(AQUEOUS=0) + P(SIZE=2 | FRR=3, AQUEOUS=1) * P(AQUEOUS=1)
Valore: 0.0
Formula: P(SIZE=3 | do(FRR=1)) = P(SIZE=3 | FRR=1, AQUEOUS=1) * P(AQUEOUS=1)
Valore: 0.0
Formula: P(SIZE=0 | do(FRR=1)) = P(SIZE=0 | FRR=1, AQUEOUS=1) * P(AQUEOUS=1)
Valore: 0.5717821782178218
Formula: P(SIZE=1 | do(FRR=1)) = P(SIZE=1 | FRR=1, AQUEOUS=1) * P(AQUEOUS=1)
Valore: 0.1905940594059406
Formula: P(SIZE=2 | do(FRR=1)) = P(SIZE=2 | FRR=1, AQUEOUS=1) * P(AQUEOUS=1)
Valore: 0.0

ACE generale(FRR -> SIZE) con riferimento = -0.4372062206220621
Plot salvato: 5_ACE\_plots\DAG3.png
