2025-09-13 12:34:36,799 - INFO - 
Numero di bin per 'TFR': 7

2025-09-13 12:34:36,799 - INFO - 
Conteggio degli elementi in ciascun bin di 'TFR_CAT':

2025-09-13 12:34:36,799 - INFO - TFR_CAT
6     68
2     26
0     26
1     34
5     40
3    108
4      1
Name: count, dtype: int64

2025-09-13 12:34:36,799 - INFO - 
Intervalli dei bin TFR:

2025-09-13 12:34:36,799 - INFO - Bin 0: da 0.2500 a 0.5714

2025-09-13 12:34:36,799 - INFO - Bin 1: da 0.5714 a 0.8929

2025-09-13 12:34:36,799 - INFO - Bin 2: da 0.8929 a 1.2143

2025-09-13 12:34:36,799 - INFO - Bin 3: da 1.2143 a 1.5357

2025-09-13 12:34:36,799 - INFO - Bin 4: da 1.5357 a 1.8571

2025-09-13 12:34:36,799 - INFO - Bin 5: da 1.8571 a 2.1786

2025-09-13 12:34:36,799 - INFO - Bin 6: da 2.1786 a 2.5000

