=== Avvio nuovo run completo ===

ITERAZIONE 1
1 - DAG 310: MAE medio = 0.5779 (SIZE=0.6031, PDI=0.5527)
2 - DAG 1: MAE medio = 0.5911 (SIZE=0.7464, PDI=0.4359)
3 - DAG 3: MAE medio = 0.6727 (SIZE=0.7728, PDI=0.5725)

ITERAZIONE 2
1 - DAG 310: MAE medio = 0.5490 (SIZE=0.6325, PDI=0.4654)
2 - DAG 1: MAE medio = 0.5876 (SIZE=0.8286, PDI=0.3466)
3 - DAG 3810: MAE medio = 0.6544 (SIZE=0.6372, PDI=0.6716)

ITERAZIONE 3
1 - DAG 310: MAE medio = 0.5789 (SIZE=0.6365, PDI=0.5214)
2 - DAG 1: MAE medio = 0.6385 (SIZE=0.7876, PDI=0.4895)
3 - DAG 3: MAE medio = 0.6814 (SIZE=0.7569, PDI=0.6059)

ITERAZIONE 4
1 - DAG 10: MAE medio = 0.5712 (SIZE=0.6530, PDI=0.4894)
2 - DAG 310: MAE medio = 0.5950 (SIZE=0.7056, PDI=0.4845)
3 - DAG 810: MAE medio = 0.6646 (SIZE=0.7081, PDI=0.6211)

ITERAZIONE 5
1 - DAG 10: MAE medio = 0.5381 (SIZE=0.5832, PDI=0.4930)
2 - DAG 3: MAE medio = 0.6224 (SIZE=0.6945, PDI=0.5503)
3 - DAG 3810: MAE medio = 0.6441 (SIZE=0.5914, PDI=0.6967)

ITERAZIONE 6
1 - DAG 810: MAE medio = 0.5328 (SIZE=0.4614, PDI=0.6043)
2 - DAG 10: MAE medio = 0.5637 (SIZE=0.6811, PDI=0.4463)
3 - DAG 310: MAE medio = 0.6312 (SIZE=0.6598, PDI=0.6026)

ITERAZIONE 7
1 - DAG 1: MAE medio = 0.5181 (SIZE=0.5718, PDI=0.4645)
2 - DAG 310: MAE medio = 0.5606 (SIZE=0.6479, PDI=0.4733)
3 - DAG 3810: MAE medio = 0.5768 (SIZE=0.5894, PDI=0.5642)

ITERAZIONE 8
1 - DAG 1: MAE medio = 0.5474 (SIZE=0.6269, PDI=0.4679)
2 - DAG 310: MAE medio = 0.5946 (SIZE=0.7271, PDI=0.4621)
3 - DAG 3: MAE medio = 0.6036 (SIZE=0.7704, PDI=0.4368)

ITERAZIONE 9
1 - DAG 1: MAE medio = 0.4632 (SIZE=0.5276, PDI=0.3988)
2 - DAG 10: MAE medio = 0.5476 (SIZE=0.6221, PDI=0.4731)
3 - DAG 3: MAE medio = 0.5868 (SIZE=0.6404, PDI=0.5332)

ITERAZIONE 10
1 - DAG 310: MAE medio = 0.5114 (SIZE=0.5572, PDI=0.4657)
2 - DAG 1: MAE medio = 0.6222 (SIZE=0.6698, PDI=0.5747)
3 - DAG 810: MAE medio = 0.6339 (SIZE=0.5539, PDI=0.7139)

ITERAZIONE 11
1 - DAG 1: MAE medio = 0.4852 (SIZE=0.4670, PDI=0.5034)
2 - DAG 10: MAE medio = 0.5326 (SIZE=0.7350, PDI=0.3303)
3 - DAG 310: MAE medio = 0.5540 (SIZE=0.6055, PDI=0.5025)

ITERAZIONE 12
1 - DAG 1: MAE medio = 0.4582 (SIZE=0.4739, PDI=0.4424)
2 - DAG 3810: MAE medio = 0.5642 (SIZE=0.5223, PDI=0.6062)
3 - DAG 38: MAE medio = 0.6260 (SIZE=0.6688, PDI=0.5832)

ITERAZIONE 13
1 - DAG 3: MAE medio = 0.5038 (SIZE=0.6163, PDI=0.3914)
2 - DAG 10: MAE medio = 0.5223 (SIZE=0.5207, PDI=0.5239)
3 - DAG 310: MAE medio = 0.5853 (SIZE=0.5510, PDI=0.6197)

ITERAZIONE 14
1 - DAG 10: MAE medio = 0.4109 (SIZE=0.4968, PDI=0.3250)
2 - DAG 3: MAE medio = 0.5846 (SIZE=0.5839, PDI=0.5853)
3 - DAG 8: MAE medio = 0.5918 (SIZE=0.5032, PDI=0.6803)

ITERAZIONE 15
1 - DAG 8: MAE medio = 0.6359 (SIZE=0.6815, PDI=0.5904)
2 - DAG 1: MAE medio = 0.6489 (SIZE=0.9308, PDI=0.3671)
3 - DAG 3810: MAE medio = 0.6601 (SIZE=0.5421, PDI=0.7782)

ITERAZIONE 16
1 - DAG 3: MAE medio = 0.5932 (SIZE=0.5700, PDI=0.6163)
2 - DAG 1: MAE medio = 0.6010 (SIZE=0.8827, PDI=0.3192)
3 - DAG 310: MAE medio = 0.6530 (SIZE=0.5168, PDI=0.7891)

ITERAZIONE 17
1 - DAG 1: MAE medio = 0.6582 (SIZE=0.6966, PDI=0.6198)
2 - DAG 310: MAE medio = 0.6586 (SIZE=0.6871, PDI=0.6300)
3 - DAG 38: MAE medio = 0.6716 (SIZE=0.6015, PDI=0.7417)

ITERAZIONE 18
1 - DAG 1: MAE medio = 0.4629 (SIZE=0.6584, PDI=0.2673)
2 - DAG 10: MAE medio = 0.4732 (SIZE=0.5033, PDI=0.4431)
3 - DAG 3: MAE medio = 0.5720 (SIZE=0.6950, PDI=0.4491)

ITERAZIONE 19
1 - DAG 1: MAE medio = 0.4669 (SIZE=0.5107, PDI=0.4232)
2 - DAG 3810: MAE medio = 0.6008 (SIZE=0.4198, PDI=0.7818)
3 - DAG 310: MAE medio = 0.6102 (SIZE=0.5513, PDI=0.6690)

ITERAZIONE 20
1 - DAG 1: MAE medio = 0.4333 (SIZE=0.5958, PDI=0.2707)
2 - DAG 3: MAE medio = 0.5844 (SIZE=0.6199, PDI=0.5488)
3 - DAG 810: MAE medio = 0.6118 (SIZE=0.7238, PDI=0.4997)

ITERAZIONE 21
1 - DAG 1: MAE medio = 0.5142 (SIZE=0.5650, PDI=0.4634)
2 - DAG 310: MAE medio = 0.5352 (SIZE=0.5785, PDI=0.4919)
3 - DAG 38: MAE medio = 0.6171 (SIZE=0.4369, PDI=0.7973)

ITERAZIONE 22
1 - DAG 3: MAE medio = 0.5609 (SIZE=0.5214, PDI=0.6004)
2 - DAG 1: MAE medio = 0.6757 (SIZE=0.6789, PDI=0.6726)
3 - DAG 8: MAE medio = 0.6995 (SIZE=0.6711, PDI=0.7280)

ITERAZIONE 23
1 - DAG 3: MAE medio = 0.5579 (SIZE=0.6535, PDI=0.4622)
2 - DAG 810: MAE medio = 0.6037 (SIZE=0.5762, PDI=0.6311)
3 - DAG 3810: MAE medio = 0.6427 (SIZE=0.5115, PDI=0.7738)

ITERAZIONE 24
1 - DAG 10: MAE medio = 0.5334 (SIZE=0.5368, PDI=0.5300)
2 - DAG 3810: MAE medio = 0.5906 (SIZE=0.5252, PDI=0.6560)
3 - DAG 3: MAE medio = 0.6357 (SIZE=0.5714, PDI=0.7001)

ITERAZIONE 25
1 - DAG 38: MAE medio = 0.5238 (SIZE=0.3947, PDI=0.6529)
2 - DAG 10: MAE medio = 0.6377 (SIZE=0.6446, PDI=0.6308)
3 - DAG 3: MAE medio = 0.6568 (SIZE=0.7644, PDI=0.5492)

ITERAZIONE 26
1 - DAG 3: MAE medio = 0.6349 (SIZE=0.7529, PDI=0.5168)
2 - DAG 38: MAE medio = 0.6847 (SIZE=0.6820, PDI=0.6874)
3 - DAG 10: MAE medio = 0.6909 (SIZE=0.7334, PDI=0.6484)

ITERAZIONE 27
1 - DAG 1: MAE medio = 0.4702 (SIZE=0.5501, PDI=0.3903)
2 - DAG 810: MAE medio = 0.5615 (SIZE=0.5534, PDI=0.5696)
3 - DAG 3: MAE medio = 0.5851 (SIZE=0.7065, PDI=0.4637)

ITERAZIONE 28
1 - DAG 1: MAE medio = 0.5284 (SIZE=0.6945, PDI=0.3624)
2 - DAG 8: MAE medio = 0.6265 (SIZE=0.5905, PDI=0.6624)
3 - DAG 38: MAE medio = 0.6293 (SIZE=0.6672, PDI=0.5914)

ITERAZIONE 29
1 - DAG 10: MAE medio = 0.4613 (SIZE=0.5257, PDI=0.3969)
2 - DAG 310: MAE medio = 0.6175 (SIZE=0.6495, PDI=0.5854)
3 - DAG 810: MAE medio = 0.6244 (SIZE=0.6776, PDI=0.5712)

ITERAZIONE 30
1 - DAG 1: MAE medio = 0.4811 (SIZE=0.7538, PDI=0.2084)
2 - DAG 3810: MAE medio = 0.5313 (SIZE=0.5417, PDI=0.5209)
3 - DAG 310: MAE medio = 0.5359 (SIZE=0.5879, PDI=0.4839)

ITERAZIONE 31
1 - DAG 310: MAE medio = 0.5456 (SIZE=0.5604, PDI=0.5309)
2 - DAG 8: MAE medio = 0.6502 (SIZE=0.5510, PDI=0.7493)
3 - DAG 3: MAE medio = 0.6694 (SIZE=0.7618, PDI=0.5769)

ITERAZIONE 32
1 - DAG 10: MAE medio = 0.6063 (SIZE=0.5779, PDI=0.6348)
2 - DAG 810: MAE medio = 0.6366 (SIZE=0.5611, PDI=0.7120)
3 - DAG 3: MAE medio = 0.6386 (SIZE=0.8439, PDI=0.4332)

ITERAZIONE 33
1 - DAG 10: MAE medio = 0.5457 (SIZE=0.6202, PDI=0.4713)
2 - DAG 3: MAE medio = 0.5962 (SIZE=0.6796, PDI=0.5129)
3 - DAG 310: MAE medio = 0.7179 (SIZE=0.8088, PDI=0.6270)

ITERAZIONE 34
1 - DAG 1: MAE medio = 0.5673 (SIZE=0.5793, PDI=0.5553)
2 - DAG 3: MAE medio = 0.5685 (SIZE=0.6420, PDI=0.4951)
3 - DAG 310: MAE medio = 0.5695 (SIZE=0.5742, PDI=0.5647)

ITERAZIONE 35
1 - DAG 10: MAE medio = 0.6124 (SIZE=0.6486, PDI=0.5761)
2 - DAG 310: MAE medio = 0.6193 (SIZE=0.6020, PDI=0.6367)
3 - DAG 8: MAE medio = 0.6210 (SIZE=0.7026, PDI=0.5395)

ITERAZIONE 36
1 - DAG 310: MAE medio = 0.5044 (SIZE=0.5309, PDI=0.4779)
2 - DAG 10: MAE medio = 0.6012 (SIZE=0.6582, PDI=0.5443)
3 - DAG 3: MAE medio = 0.6311 (SIZE=0.6909, PDI=0.5712)

ITERAZIONE 37
1 - DAG 10: MAE medio = 0.5253 (SIZE=0.6912, PDI=0.3594)
2 - DAG 810: MAE medio = 0.6041 (SIZE=0.3884, PDI=0.8197)
3 - DAG 3810: MAE medio = 0.6047 (SIZE=0.5861, PDI=0.6233)

ITERAZIONE 38
1 - DAG 810: MAE medio = 0.5942 (SIZE=0.5006, PDI=0.6877)
2 - DAG 3: MAE medio = 0.6189 (SIZE=0.7628, PDI=0.4751)
3 - DAG 10: MAE medio = 0.6560 (SIZE=0.7081, PDI=0.6039)

ITERAZIONE 39
1 - DAG 1: MAE medio = 0.6350 (SIZE=0.7618, PDI=0.5083)
2 - DAG 310: MAE medio = 0.6514 (SIZE=0.7009, PDI=0.6018)
3 - DAG 10: MAE medio = 0.6544 (SIZE=0.7653, PDI=0.5435)

ITERAZIONE 40
1 - DAG 3: MAE medio = 0.5071 (SIZE=0.5847, PDI=0.4294)
2 - DAG 1: MAE medio = 0.5298 (SIZE=0.6607, PDI=0.3990)
3 - DAG 3810: MAE medio = 0.5828 (SIZE=0.4865, PDI=0.6791)

ITERAZIONE 41
1 - DAG 310: MAE medio = 0.5606 (SIZE=0.8017, PDI=0.3195)
2 - DAG 3: MAE medio = 0.6313 (SIZE=0.7286, PDI=0.5339)
3 - DAG 1: MAE medio = 0.6577 (SIZE=0.8121, PDI=0.5033)

ITERAZIONE 42
1 - DAG 3810: MAE medio = 0.5570 (SIZE=0.5708, PDI=0.5432)
2 - DAG 310: MAE medio = 0.6089 (SIZE=0.6643, PDI=0.5534)
3 - DAG 10: MAE medio = 0.6130 (SIZE=0.6361, PDI=0.5899)

ITERAZIONE 43
1 - DAG 3: MAE medio = 0.6105 (SIZE=0.7486, PDI=0.4724)
2 - DAG 1: MAE medio = 0.6740 (SIZE=0.7081, PDI=0.6400)
3 - DAG 10: MAE medio = 0.7032 (SIZE=0.7189, PDI=0.6875)

ITERAZIONE 44
1 - DAG 310: MAE medio = 0.5710 (SIZE=0.6187, PDI=0.5234)
2 - DAG 10: MAE medio = 0.5735 (SIZE=0.6268, PDI=0.5202)
3 - DAG 810: MAE medio = 0.5809 (SIZE=0.4935, PDI=0.6683)

ITERAZIONE 45
1 - DAG 310: MAE medio = 0.4347 (SIZE=0.4149, PDI=0.4545)
2 - DAG 3: MAE medio = 0.6385 (SIZE=0.7880, PDI=0.4889)
3 - DAG 10: MAE medio = 0.7310 (SIZE=0.8511, PDI=0.6108)

ITERAZIONE 46
1 - DAG 10: MAE medio = 0.4989 (SIZE=0.6421, PDI=0.3558)
2 - DAG 310: MAE medio = 0.5221 (SIZE=0.5924, PDI=0.4517)
3 - DAG 1: MAE medio = 0.7032 (SIZE=0.7994, PDI=0.6070)

ITERAZIONE 47
1 - DAG 310: MAE medio = 0.5471 (SIZE=0.7006, PDI=0.3935)
2 - DAG 3: MAE medio = 0.5625 (SIZE=0.6324, PDI=0.4927)
3 - DAG 38: MAE medio = 0.5979 (SIZE=0.6042, PDI=0.5915)

ITERAZIONE 48
1 - DAG 1: MAE medio = 0.5428 (SIZE=0.6984, PDI=0.3873)
2 - DAG 3: MAE medio = 0.5457 (SIZE=0.5516, PDI=0.5398)
3 - DAG 310: MAE medio = 0.6296 (SIZE=0.6769, PDI=0.5822)

ITERAZIONE 49
1 - DAG 310: MAE medio = 0.4366 (SIZE=0.4789, PDI=0.3943)
2 - DAG 1: MAE medio = 0.4890 (SIZE=0.6380, PDI=0.3401)
3 - DAG 8: MAE medio = 0.5411 (SIZE=0.5583, PDI=0.5240)

ITERAZIONE 50
1 - DAG 38: MAE medio = 0.5533 (SIZE=0.5816, PDI=0.5250)
2 - DAG 1: MAE medio = 0.6355 (SIZE=0.7535, PDI=0.5175)
3 - DAG 3: MAE medio = 0.6686 (SIZE=0.8082, PDI=0.5290)

ITERAZIONE 51
1 - DAG 1: MAE medio = 0.4367 (SIZE=0.5419, PDI=0.3316)
2 - DAG 310: MAE medio = 0.6096 (SIZE=0.7594, PDI=0.4598)
3 - DAG 8: MAE medio = 0.6840 (SIZE=0.5817, PDI=0.7862)

ITERAZIONE 52
1 - DAG 1: MAE medio = 0.5957 (SIZE=0.6692, PDI=0.5223)
2 - DAG 3: MAE medio = 0.6293 (SIZE=0.7069, PDI=0.5517)
3 - DAG 310: MAE medio = 0.6402 (SIZE=0.7463, PDI=0.5342)

ITERAZIONE 53
1 - DAG 810: MAE medio = 0.5255 (SIZE=0.6076, PDI=0.4433)
2 - DAG 10: MAE medio = 0.5795 (SIZE=0.6344, PDI=0.5246)
3 - DAG 310: MAE medio = 0.6059 (SIZE=0.5156, PDI=0.6962)

ITERAZIONE 54
1 - DAG 310: MAE medio = 0.6026 (SIZE=0.7211, PDI=0.4841)
2 - DAG 10: MAE medio = 0.6034 (SIZE=0.5952, PDI=0.6115)
3 - DAG 3810: MAE medio = 0.6059 (SIZE=0.5936, PDI=0.6183)

ITERAZIONE 55
1 - DAG 1: MAE medio = 0.5502 (SIZE=0.6052, PDI=0.4953)
2 - DAG 3: MAE medio = 0.5795 (SIZE=0.6608, PDI=0.4982)
3 - DAG 38: MAE medio = 0.6719 (SIZE=0.6251, PDI=0.7186)

ITERAZIONE 56
1 - DAG 10: MAE medio = 0.4670 (SIZE=0.6292, PDI=0.3048)
2 - DAG 310: MAE medio = 0.5798 (SIZE=0.6232, PDI=0.5363)
3 - DAG 1: MAE medio = 0.5901 (SIZE=0.6683, PDI=0.5119)

ITERAZIONE 57
1 - DAG 10: MAE medio = 0.4751 (SIZE=0.5175, PDI=0.4326)
2 - DAG 3: MAE medio = 0.5591 (SIZE=0.5187, PDI=0.5995)
3 - DAG 1: MAE medio = 0.5611 (SIZE=0.7336, PDI=0.3885)

ITERAZIONE 58
1 - DAG 1: MAE medio = 0.5786 (SIZE=0.7032, PDI=0.4541)
2 - DAG 310: MAE medio = 0.6301 (SIZE=0.6957, PDI=0.5646)
3 - DAG 3: MAE medio = 0.7468 (SIZE=0.8546, PDI=0.6390)

ITERAZIONE 59
1 - DAG 10: MAE medio = 0.5066 (SIZE=0.5654, PDI=0.4479)
2 - DAG 310: MAE medio = 0.5414 (SIZE=0.6477, PDI=0.4351)
3 - DAG 1: MAE medio = 0.6664 (SIZE=0.6618, PDI=0.6710)

ITERAZIONE 60
1 - DAG 10: MAE medio = 0.4575 (SIZE=0.4787, PDI=0.4363)
2 - DAG 8: MAE medio = 0.5386 (SIZE=0.5601, PDI=0.5172)
3 - DAG 3: MAE medio = 0.6115 (SIZE=0.7553, PDI=0.4678)

ITERAZIONE 61
1 - DAG 810: MAE medio = 0.5582 (SIZE=0.4981, PDI=0.6182)
2 - DAG 310: MAE medio = 0.5585 (SIZE=0.6220, PDI=0.4949)
3 - DAG 1: MAE medio = 0.5934 (SIZE=0.7860, PDI=0.4008)

ITERAZIONE 62
1 - DAG 3: MAE medio = 0.4509 (SIZE=0.5049, PDI=0.3968)
2 - DAG 310: MAE medio = 0.5244 (SIZE=0.5934, PDI=0.4554)
3 - DAG 8: MAE medio = 0.6275 (SIZE=0.5795, PDI=0.6755)

ITERAZIONE 63
1 - DAG 3: MAE medio = 0.4405 (SIZE=0.5674, PDI=0.3136)
2 - DAG 1: MAE medio = 0.5665 (SIZE=0.8038, PDI=0.3292)
3 - DAG 810: MAE medio = 0.6443 (SIZE=0.5667, PDI=0.7219)

ITERAZIONE 64
1 - DAG 10: MAE medio = 0.5798 (SIZE=0.7343, PDI=0.4254)
2 - DAG 3: MAE medio = 0.6244 (SIZE=0.7338, PDI=0.5151)
3 - DAG 1: MAE medio = 0.6316 (SIZE=0.6879, PDI=0.5752)

ITERAZIONE 65
1 - DAG 10: MAE medio = 0.5316 (SIZE=0.6359, PDI=0.4273)
2 - DAG 310: MAE medio = 0.5653 (SIZE=0.5841, PDI=0.5466)
3 - DAG 1: MAE medio = 0.5786 (SIZE=0.7366, PDI=0.4207)

ITERAZIONE 66
1 - DAG 10: MAE medio = 0.5106 (SIZE=0.5468, PDI=0.4744)
2 - DAG 38: MAE medio = 0.5369 (SIZE=0.5977, PDI=0.4760)
3 - DAG 1: MAE medio = 0.6102 (SIZE=0.5751, PDI=0.6453)

ITERAZIONE 67
1 - DAG 3: MAE medio = 0.5484 (SIZE=0.5933, PDI=0.5035)
2 - DAG 310: MAE medio = 0.6531 (SIZE=0.7892, PDI=0.5170)
3 - DAG 1: MAE medio = 0.7372 (SIZE=0.8852, PDI=0.5891)

ITERAZIONE 68
1 - DAG 310: MAE medio = 0.4429 (SIZE=0.4824, PDI=0.4033)
2 - DAG 3810: MAE medio = 0.5367 (SIZE=0.4191, PDI=0.6544)
3 - DAG 3: MAE medio = 0.6260 (SIZE=0.6652, PDI=0.5868)

ITERAZIONE 69
1 - DAG 1: MAE medio = 0.4573 (SIZE=0.5635, PDI=0.3511)
2 - DAG 10: MAE medio = 0.5331 (SIZE=0.5988, PDI=0.4674)
3 - DAG 8: MAE medio = 0.6561 (SIZE=0.5098, PDI=0.8023)

ITERAZIONE 70
1 - DAG 1: MAE medio = 0.4741 (SIZE=0.5014, PDI=0.4467)
2 - DAG 10: MAE medio = 0.5541 (SIZE=0.6866, PDI=0.4216)
3 - DAG 810: MAE medio = 0.6260 (SIZE=0.5265, PDI=0.7255)

ITERAZIONE 71
1 - DAG 1: MAE medio = 0.5458 (SIZE=0.5410, PDI=0.5507)
2 - DAG 3: MAE medio = 0.6456 (SIZE=0.5889, PDI=0.7023)
3 - DAG 810: MAE medio = 0.6756 (SIZE=0.5595, PDI=0.7918)

ITERAZIONE 72
1 - DAG 1: MAE medio = 0.5559 (SIZE=0.7076, PDI=0.4042)
2 - DAG 3810: MAE medio = 0.6942 (SIZE=0.6094, PDI=0.7790)
3 - DAG 3: MAE medio = 0.7018 (SIZE=0.7089, PDI=0.6946)

ITERAZIONE 73
1 - DAG 310: MAE medio = 0.5689 (SIZE=0.5937, PDI=0.5440)
2 - DAG 3: MAE medio = 0.5844 (SIZE=0.5301, PDI=0.6386)
3 - DAG 38: MAE medio = 0.6771 (SIZE=0.6796, PDI=0.6746)

ITERAZIONE 74
1 - DAG 3: MAE medio = 0.6838 (SIZE=0.8660, PDI=0.5015)
2 - DAG 310: MAE medio = 0.6899 (SIZE=0.7627, PDI=0.6172)
3 - DAG 1: MAE medio = 0.7193 (SIZE=0.7244, PDI=0.7142)

ITERAZIONE 75
1 - DAG 3810: MAE medio = 0.6309 (SIZE=0.6447, PDI=0.6171)
2 - DAG 38: MAE medio = 0.6436 (SIZE=0.5363, PDI=0.7509)
3 - DAG 3: MAE medio = 0.6683 (SIZE=0.7339, PDI=0.6027)

ITERAZIONE 76
1 - DAG 10: MAE medio = 0.6356 (SIZE=0.6804, PDI=0.5907)
2 - DAG 3: MAE medio = 0.6689 (SIZE=0.7585, PDI=0.5792)
3 - DAG 38: MAE medio = 0.7088 (SIZE=0.6519, PDI=0.7657)

ITERAZIONE 77
1 - DAG 38: MAE medio = 0.5431 (SIZE=0.5082, PDI=0.5780)
2 - DAG 310: MAE medio = 0.5627 (SIZE=0.5503, PDI=0.5752)
3 - DAG 3: MAE medio = 0.5815 (SIZE=0.6182, PDI=0.5448)

ITERAZIONE 78
1 - DAG 1: MAE medio = 0.4971 (SIZE=0.6982, PDI=0.2961)
2 - DAG 3: MAE medio = 0.6923 (SIZE=0.8152, PDI=0.5695)
3 - DAG 38: MAE medio = 0.7315 (SIZE=0.6419, PDI=0.8211)

ITERAZIONE 79
1 - DAG 310: MAE medio = 0.5000 (SIZE=0.4754, PDI=0.5246)
2 - DAG 10: MAE medio = 0.5461 (SIZE=0.6063, PDI=0.4859)
3 - DAG 3: MAE medio = 0.6665 (SIZE=0.7342, PDI=0.5987)

ITERAZIONE 80
1 - DAG 310: MAE medio = 0.4548 (SIZE=0.5375, PDI=0.3721)
2 - DAG 1: MAE medio = 0.5001 (SIZE=0.5444, PDI=0.4558)
3 - DAG 8: MAE medio = 0.5015 (SIZE=0.5613, PDI=0.4416)

ITERAZIONE 81
1 - DAG 8: MAE medio = 0.5700 (SIZE=0.5836, PDI=0.5564)
2 - DAG 3: MAE medio = 0.6574 (SIZE=0.7260, PDI=0.5889)
3 - DAG 10: MAE medio = 0.6936 (SIZE=0.7817, PDI=0.6056)

ITERAZIONE 82
1 - DAG 3: MAE medio = 0.4988 (SIZE=0.4726, PDI=0.5251)
2 - DAG 1: MAE medio = 0.5640 (SIZE=0.6398, PDI=0.4883)
3 - DAG 10: MAE medio = 0.5887 (SIZE=0.6406, PDI=0.5368)

ITERAZIONE 83
1 - DAG 810: MAE medio = 0.5545 (SIZE=0.5144, PDI=0.5946)
2 - DAG 310: MAE medio = 0.5708 (SIZE=0.7044, PDI=0.4372)
3 - DAG 10: MAE medio = 0.6026 (SIZE=0.6428, PDI=0.5624)

ITERAZIONE 84
1 - DAG 8: MAE medio = 0.5565 (SIZE=0.6211, PDI=0.4920)
2 - DAG 1: MAE medio = 0.5581 (SIZE=0.6482, PDI=0.4679)
3 - DAG 310: MAE medio = 0.6172 (SIZE=0.5940, PDI=0.6403)

ITERAZIONE 85
1 - DAG 3: MAE medio = 0.4952 (SIZE=0.5961, PDI=0.3943)
2 - DAG 310: MAE medio = 0.5975 (SIZE=0.6556, PDI=0.5394)
3 - DAG 810: MAE medio = 0.6293 (SIZE=0.5687, PDI=0.6899)

ITERAZIONE 86
1 - DAG 38: MAE medio = 0.4970 (SIZE=0.4039, PDI=0.5900)
2 - DAG 1: MAE medio = 0.5734 (SIZE=0.5384, PDI=0.6084)
3 - DAG 810: MAE medio = 0.6169 (SIZE=0.5796, PDI=0.6543)

ITERAZIONE 87
1 - DAG 3: MAE medio = 0.5646 (SIZE=0.5078, PDI=0.6214)
2 - DAG 10: MAE medio = 0.6066 (SIZE=0.7654, PDI=0.4478)
3 - DAG 3810: MAE medio = 0.6636 (SIZE=0.5882, PDI=0.7391)

ITERAZIONE 88
1 - DAG 310: MAE medio = 0.5039 (SIZE=0.5840, PDI=0.4238)
2 - DAG 3: MAE medio = 0.5795 (SIZE=0.6559, PDI=0.5031)
3 - DAG 1: MAE medio = 0.6724 (SIZE=0.7866, PDI=0.5582)

ITERAZIONE 89
1 - DAG 1: MAE medio = 0.5083 (SIZE=0.5775, PDI=0.4391)
2 - DAG 3810: MAE medio = 0.5394 (SIZE=0.5182, PDI=0.5606)
3 - DAG 3: MAE medio = 0.5734 (SIZE=0.6777, PDI=0.4692)

ITERAZIONE 90
1 - DAG 10: MAE medio = 0.6448 (SIZE=0.8165, PDI=0.4731)
2 - DAG 3: MAE medio = 0.6779 (SIZE=0.8735, PDI=0.4823)
3 - DAG 810: MAE medio = 0.6784 (SIZE=0.7047, PDI=0.6520)

ITERAZIONE 91
1 - DAG 3: MAE medio = 0.5677 (SIZE=0.6486, PDI=0.4868)
2 - DAG 10: MAE medio = 0.6138 (SIZE=0.6636, PDI=0.5639)
3 - DAG 310: MAE medio = 0.6824 (SIZE=0.7033, PDI=0.6615)

ITERAZIONE 92
1 - DAG 310: MAE medio = 0.5406 (SIZE=0.6240, PDI=0.4573)
2 - DAG 1: MAE medio = 0.5972 (SIZE=0.6522, PDI=0.5421)
3 - DAG 38: MAE medio = 0.6511 (SIZE=0.5562, PDI=0.7461)

ITERAZIONE 93
1 - DAG 1: MAE medio = 0.6337 (SIZE=0.7734, PDI=0.4941)
2 - DAG 10: MAE medio = 0.6418 (SIZE=0.6316, PDI=0.6519)
3 - DAG 3: MAE medio = 0.6706 (SIZE=0.7275, PDI=0.6138)

ITERAZIONE 94
1 - DAG 310: MAE medio = 0.5253 (SIZE=0.6463, PDI=0.4043)
2 - DAG 3: MAE medio = 0.6123 (SIZE=0.6885, PDI=0.5361)
3 - DAG 10: MAE medio = 0.6266 (SIZE=0.6654, PDI=0.5879)

ITERAZIONE 95
1 - DAG 10: MAE medio = 0.6437 (SIZE=0.8521, PDI=0.4353)
2 - DAG 38: MAE medio = 0.6890 (SIZE=0.6310, PDI=0.7471)
3 - DAG 3810: MAE medio = 0.6909 (SIZE=0.5853, PDI=0.7966)

ITERAZIONE 96
1 - DAG 3: MAE medio = 0.5527 (SIZE=0.6412, PDI=0.4642)
2 - DAG 310: MAE medio = 0.5831 (SIZE=0.7384, PDI=0.4279)
3 - DAG 1: MAE medio = 0.6190 (SIZE=0.7262, PDI=0.5119)

ITERAZIONE 97
1 - DAG 1: MAE medio = 0.4752 (SIZE=0.5842, PDI=0.3662)
2 - DAG 310: MAE medio = 0.5987 (SIZE=0.6362, PDI=0.5612)
3 - DAG 3: MAE medio = 0.6168 (SIZE=0.7324, PDI=0.5012)

ITERAZIONE 98
1 - DAG 1: MAE medio = 0.6075 (SIZE=0.5745, PDI=0.6404)
2 - DAG 3810: MAE medio = 0.6115 (SIZE=0.6169, PDI=0.6061)
3 - DAG 3: MAE medio = 0.6322 (SIZE=0.7298, PDI=0.5345)

ITERAZIONE 99
1 - DAG 1: MAE medio = 0.4991 (SIZE=0.6361, PDI=0.3622)
2 - DAG 10: MAE medio = 0.5314 (SIZE=0.5938, PDI=0.4691)
3 - DAG 810: MAE medio = 0.5318 (SIZE=0.5530, PDI=0.5106)

ITERAZIONE 100
1 - DAG 3: MAE medio = 0.5165 (SIZE=0.5572, PDI=0.4758)
2 - DAG 1: MAE medio = 0.5488 (SIZE=0.6263, PDI=0.4713)
3 - DAG 38: MAE medio = 0.5900 (SIZE=0.6232, PDI=0.5568)


=== I 3 DAG più frequenti nelle top 3 ===
1 - DAG 3: presente 62 volta/e
2 - DAG 1: presente 61 volta/e
3 - DAG 310: presente 56 volta/e
