=== Avvio nuovo run completo ===


ITERAZIONE 1

1 - DAG 310: MAE medio = 0.5263 (SIZE=0.6604, PDI=0.3922)
2 - DAG 311: MAE medio = 0.5658 (SIZE=0.6659, PDI=0.4658)
3 - DAG 3: MAE medio = 0.5926 (SIZE=0.7503, PDI=0.4350)


ITERAZIONE 2

1 - DAG 11: MAE medio = 0.4308 (SIZE=0.5520, PDI=0.3096)
2 - DAG 1: MAE medio = 0.5308 (SIZE=0.4918, PDI=0.5698)
3 - DAG 310: MAE medio = 0.5652 (SIZE=0.7042, PDI=0.4263)


ITERAZIONE 3

1 - DAG 311: MAE medio = 0.5286 (SIZE=0.5167, PDI=0.5405)
2 - DAG 10: MAE medio = 0.5886 (SIZE=0.6437, PDI=0.5336)
3 - DAG 1: MAE medio = 0.6016 (SIZE=0.6938, PDI=0.5094)


ITERAZIONE 4

1 - DAG 3: MAE medio = 0.4154 (SIZE=0.4779, PDI=0.3528)
2 - DAG 10: MAE medio = 0.4485 (SIZE=0.5971, PDI=0.3000)
3 - DAG 311: MAE medio = 0.5133 (SIZE=0.7187, PDI=0.3078)


ITERAZIONE 5

1 - DAG 11: MAE medio = 0.5420 (SIZE=0.6916, PDI=0.3924)
2 - DAG 811: MAE medio = 0.6242 (SIZE=0.4237, PDI=0.8247)
3 - DAG 1: MAE medio = 0.6273 (SIZE=0.7525, PDI=0.5022)


ITERAZIONE 6

1 - DAG 310: MAE medio = 0.5629 (SIZE=0.6246, PDI=0.5012)
2 - DAG 3810: MAE medio = 0.6013 (SIZE=0.5117, PDI=0.6909)
3 - DAG 3811: MAE medio = 0.6120 (SIZE=0.5978, PDI=0.6261)


ITERAZIONE 7

1 - DAG 310: MAE medio = 0.5486 (SIZE=0.6415, PDI=0.4557)
2 - DAG 3: MAE medio = 0.5542 (SIZE=0.5824, PDI=0.5260)
3 - DAG 311: MAE medio = 0.5978 (SIZE=0.6622, PDI=0.5334)


ITERAZIONE 8

1 - DAG 10: MAE medio = 0.4041 (SIZE=0.5039, PDI=0.3042)
2 - DAG 3: MAE medio = 0.5695 (SIZE=0.7555, PDI=0.3835)
3 - DAG 1: MAE medio = 0.5701 (SIZE=0.6739, PDI=0.4663)


ITERAZIONE 9

1 - DAG 8: MAE medio = 0.4967 (SIZE=0.4104, PDI=0.5830)
2 - DAG 11: MAE medio = 0.5072 (SIZE=0.4911, PDI=0.5233)
3 - DAG 1: MAE medio = 0.5850 (SIZE=0.6871, PDI=0.4828)


ITERAZIONE 10

1 - DAG 1: MAE medio = 0.6261 (SIZE=0.6475, PDI=0.6046)
2 - DAG 10: MAE medio = 0.6446 (SIZE=0.9202, PDI=0.3689)
3 - DAG 311: MAE medio = 0.6477 (SIZE=0.6465, PDI=0.6488)


ITERAZIONE 11

1 - DAG 311: MAE medio = 0.5223 (SIZE=0.6223, PDI=0.4224)
2 - DAG 10: MAE medio = 0.5466 (SIZE=0.6487, PDI=0.4445)
3 - DAG 810: MAE medio = 0.5748 (SIZE=0.4746, PDI=0.6749)


ITERAZIONE 12

1 - DAG 310: MAE medio = 0.6412 (SIZE=0.7059, PDI=0.5764)
2 - DAG 3: MAE medio = 0.6452 (SIZE=0.6280, PDI=0.6624)
3 - DAG 3810: MAE medio = 0.6881 (SIZE=0.6025, PDI=0.7738)


ITERAZIONE 13

1 - DAG 10: MAE medio = 0.4317 (SIZE=0.5834, PDI=0.2801)
2 - DAG 11: MAE medio = 0.4666 (SIZE=0.5081, PDI=0.4252)
3 - DAG 310: MAE medio = 0.5912 (SIZE=0.5881, PDI=0.5942)


ITERAZIONE 14

1 - DAG 10: MAE medio = 0.4377 (SIZE=0.4834, PDI=0.3921)
2 - DAG 3: MAE medio = 0.4851 (SIZE=0.5876, PDI=0.3825)
3 - DAG 1: MAE medio = 0.5577 (SIZE=0.6726, PDI=0.4428)


ITERAZIONE 15

1 - DAG 1: MAE medio = 0.6127 (SIZE=0.7231, PDI=0.5024)
2 - DAG 3811: MAE medio = 0.6182 (SIZE=0.4909, PDI=0.7454)
3 - DAG 11: MAE medio = 0.6322 (SIZE=0.6469, PDI=0.6175)


ITERAZIONE 16

1 - DAG 11: MAE medio = 0.5312 (SIZE=0.4607, PDI=0.6016)
2 - DAG 310: MAE medio = 0.5578 (SIZE=0.7252, PDI=0.3904)
3 - DAG 3: MAE medio = 0.6191 (SIZE=0.6495, PDI=0.5886)


ITERAZIONE 17

1 - DAG 1: MAE medio = 0.4806 (SIZE=0.5127, PDI=0.4484)
2 - DAG 11: MAE medio = 0.5004 (SIZE=0.5286, PDI=0.4723)
3 - DAG 310: MAE medio = 0.5206 (SIZE=0.5848, PDI=0.4563)


ITERAZIONE 18

1 - DAG 3811: MAE medio = 0.5109 (SIZE=0.5256, PDI=0.4963)
2 - DAG 3: MAE medio = 0.5563 (SIZE=0.6060, PDI=0.5066)
3 - DAG 311: MAE medio = 0.5647 (SIZE=0.6646, PDI=0.4649)


ITERAZIONE 19

1 - DAG 1: MAE medio = 0.4381 (SIZE=0.5854, PDI=0.2908)
2 - DAG 3: MAE medio = 0.4804 (SIZE=0.5733, PDI=0.3875)
3 - DAG 11: MAE medio = 0.6497 (SIZE=0.7332, PDI=0.5663)


ITERAZIONE 20

1 - DAG 3811: MAE medio = 0.5642 (SIZE=0.6519, PDI=0.4766)
2 - DAG 11: MAE medio = 0.6295 (SIZE=0.6343, PDI=0.6246)
3 - DAG 1: MAE medio = 0.6344 (SIZE=0.7839, PDI=0.4850)


ITERAZIONE 21

1 - DAG 11: MAE medio = 0.5092 (SIZE=0.5367, PDI=0.4817)
2 - DAG 10: MAE medio = 0.5779 (SIZE=0.6846, PDI=0.4711)
3 - DAG 1: MAE medio = 0.6011 (SIZE=0.7282, PDI=0.4739)


ITERAZIONE 22

1 - DAG 810: MAE medio = 0.5229 (SIZE=0.5200, PDI=0.5257)
2 - DAG 311: MAE medio = 0.5256 (SIZE=0.6918, PDI=0.3595)
3 - DAG 1: MAE medio = 0.5781 (SIZE=0.5875, PDI=0.5686)


ITERAZIONE 23

1 - DAG 11: MAE medio = 0.5717 (SIZE=0.6520, PDI=0.4913)
2 - DAG 10: MAE medio = 0.5840 (SIZE=0.6238, PDI=0.5442)
3 - DAG 8: MAE medio = 0.5961 (SIZE=0.7014, PDI=0.4909)


ITERAZIONE 24

1 - DAG 38: MAE medio = 0.4401 (SIZE=0.3402, PDI=0.5401)
2 - DAG 310: MAE medio = 0.5726 (SIZE=0.6175, PDI=0.5278)
3 - DAG 3: MAE medio = 0.5755 (SIZE=0.6907, PDI=0.4602)


ITERAZIONE 25

1 - DAG 3: MAE medio = 0.5161 (SIZE=0.5788, PDI=0.4533)
2 - DAG 11: MAE medio = 0.5185 (SIZE=0.5665, PDI=0.4706)
3 - DAG 310: MAE medio = 0.5280 (SIZE=0.5607, PDI=0.4953)


ITERAZIONE 26

1 - DAG 11: MAE medio = 0.5106 (SIZE=0.6023, PDI=0.4190)
2 - DAG 1: MAE medio = 0.5501 (SIZE=0.5251, PDI=0.5750)
3 - DAG 310: MAE medio = 0.6156 (SIZE=0.6198, PDI=0.6114)


ITERAZIONE 27

1 - DAG 1: MAE medio = 0.4851 (SIZE=0.5857, PDI=0.3845)
2 - DAG 311: MAE medio = 0.5796 (SIZE=0.6784, PDI=0.4808)
3 - DAG 10: MAE medio = 0.5916 (SIZE=0.6137, PDI=0.5695)


ITERAZIONE 28

1 - DAG 10: MAE medio = 0.4627 (SIZE=0.6124, PDI=0.3130)
2 - DAG 11: MAE medio = 0.5594 (SIZE=0.5393, PDI=0.5796)
3 - DAG 310: MAE medio = 0.6289 (SIZE=0.6223, PDI=0.6355)


ITERAZIONE 29

1 - DAG 310: MAE medio = 0.5394 (SIZE=0.6508, PDI=0.4279)
2 - DAG 311: MAE medio = 0.5405 (SIZE=0.6634, PDI=0.4176)
3 - DAG 3811: MAE medio = 0.5796 (SIZE=0.5619, PDI=0.5972)


ITERAZIONE 30

1 - DAG 3811: MAE medio = 0.5794 (SIZE=0.5178, PDI=0.6409)
2 - DAG 311: MAE medio = 0.5865 (SIZE=0.6466, PDI=0.5264)
3 - DAG 11: MAE medio = 0.5919 (SIZE=0.6255, PDI=0.5583)


ITERAZIONE 31

1 - DAG 310: MAE medio = 0.5433 (SIZE=0.6131, PDI=0.4735)
2 - DAG 3: MAE medio = 0.5959 (SIZE=0.7149, PDI=0.4769)
3 - DAG 3810: MAE medio = 0.5981 (SIZE=0.4659, PDI=0.7304)


ITERAZIONE 32

1 - DAG 11: MAE medio = 0.5292 (SIZE=0.5981, PDI=0.4604)
2 - DAG 3: MAE medio = 0.5426 (SIZE=0.4817, PDI=0.6036)
3 - DAG 310: MAE medio = 0.5542 (SIZE=0.6642, PDI=0.4441)


ITERAZIONE 33

1 - DAG 3: MAE medio = 0.5811 (SIZE=0.6400, PDI=0.5222)
2 - DAG 811: MAE medio = 0.6359 (SIZE=0.4764, PDI=0.7954)
3 - DAG 3811: MAE medio = 0.6391 (SIZE=0.5075, PDI=0.7706)


ITERAZIONE 34

1 - DAG 310: MAE medio = 0.5476 (SIZE=0.6171, PDI=0.4781)
2 - DAG 3811: MAE medio = 0.5630 (SIZE=0.5766, PDI=0.5494)
3 - DAG 3: MAE medio = 0.6695 (SIZE=0.6890, PDI=0.6500)


ITERAZIONE 35

1 - DAG 1: MAE medio = 0.4982 (SIZE=0.5061, PDI=0.4902)
2 - DAG 3810: MAE medio = 0.5157 (SIZE=0.4508, PDI=0.5806)
3 - DAG 11: MAE medio = 0.5268 (SIZE=0.7206, PDI=0.3331)


ITERAZIONE 36

1 - DAG 11: MAE medio = 0.5097 (SIZE=0.6048, PDI=0.4146)
2 - DAG 38: MAE medio = 0.5379 (SIZE=0.6359, PDI=0.4399)
3 - DAG 10: MAE medio = 0.6102 (SIZE=0.7352, PDI=0.4853)


ITERAZIONE 37

1 - DAG 311: MAE medio = 0.4318 (SIZE=0.5171, PDI=0.3464)
2 - DAG 1: MAE medio = 0.4805 (SIZE=0.6478, PDI=0.3133)
3 - DAG 3810: MAE medio = 0.6307 (SIZE=0.5719, PDI=0.6895)


ITERAZIONE 38

1 - DAG 1: MAE medio = 0.5122 (SIZE=0.5225, PDI=0.5019)
2 - DAG 310: MAE medio = 0.5450 (SIZE=0.6318, PDI=0.4581)
3 - DAG 3: MAE medio = 0.6004 (SIZE=0.6394, PDI=0.5613)


ITERAZIONE 39

1 - DAG 10: MAE medio = 0.5909 (SIZE=0.6961, PDI=0.4857)
2 - DAG 811: MAE medio = 0.6073 (SIZE=0.4790, PDI=0.7357)
3 - DAG 8: MAE medio = 0.6196 (SIZE=0.5771, PDI=0.6620)


ITERAZIONE 40

1 - DAG 311: MAE medio = 0.5154 (SIZE=0.6355, PDI=0.3954)
2 - DAG 310: MAE medio = 0.5717 (SIZE=0.6149, PDI=0.5285)
3 - DAG 3810: MAE medio = 0.5789 (SIZE=0.4802, PDI=0.6775)


ITERAZIONE 41

1 - DAG 310: MAE medio = 0.5140 (SIZE=0.5119, PDI=0.5162)
2 - DAG 1: MAE medio = 0.5303 (SIZE=0.6690, PDI=0.3916)
3 - DAG 311: MAE medio = 0.5813 (SIZE=0.6644, PDI=0.4983)


ITERAZIONE 42

1 - DAG 3: MAE medio = 0.4755 (SIZE=0.3931, PDI=0.5579)
2 - DAG 11: MAE medio = 0.5354 (SIZE=0.7367, PDI=0.3341)
3 - DAG 1: MAE medio = 0.5373 (SIZE=0.6223, PDI=0.4522)


ITERAZIONE 43

1 - DAG 3: MAE medio = 0.6201 (SIZE=0.6314, PDI=0.6088)
2 - DAG 10: MAE medio = 0.6499 (SIZE=0.7361, PDI=0.5638)
3 - DAG 11: MAE medio = 0.6807 (SIZE=0.6484, PDI=0.7131)


ITERAZIONE 44

1 - DAG 3810: MAE medio = 0.5348 (SIZE=0.4737, PDI=0.5960)
2 - DAG 1: MAE medio = 0.6230 (SIZE=0.6551, PDI=0.5910)
3 - DAG 38: MAE medio = 0.6331 (SIZE=0.5633, PDI=0.7029)


ITERAZIONE 45

1 - DAG 10: MAE medio = 0.5722 (SIZE=0.7280, PDI=0.4165)
2 - DAG 1: MAE medio = 0.6093 (SIZE=0.8012, PDI=0.4174)
3 - DAG 310: MAE medio = 0.6451 (SIZE=0.6925, PDI=0.5978)


ITERAZIONE 46

1 - DAG 11: MAE medio = 0.5118 (SIZE=0.6005, PDI=0.4232)
2 - DAG 10: MAE medio = 0.5498 (SIZE=0.6254, PDI=0.4741)
3 - DAG 311: MAE medio = 0.5666 (SIZE=0.7246, PDI=0.4086)


ITERAZIONE 47

1 - DAG 1: MAE medio = 0.5127 (SIZE=0.5782, PDI=0.4471)
2 - DAG 311: MAE medio = 0.6005 (SIZE=0.6342, PDI=0.5668)
3 - DAG 3810: MAE medio = 0.6133 (SIZE=0.6065, PDI=0.6202)


ITERAZIONE 48

1 - DAG 1: MAE medio = 0.5499 (SIZE=0.6911, PDI=0.4088)
2 - DAG 310: MAE medio = 0.5901 (SIZE=0.6132, PDI=0.5671)
3 - DAG 10: MAE medio = 0.6008 (SIZE=0.7049, PDI=0.4967)


ITERAZIONE 49

1 - DAG 1: MAE medio = 0.5729 (SIZE=0.7674, PDI=0.3784)
2 - DAG 11: MAE medio = 0.6387 (SIZE=0.7494, PDI=0.5279)
3 - DAG 8: MAE medio = 0.6905 (SIZE=0.6020, PDI=0.7789)


ITERAZIONE 50

1 - DAG 311: MAE medio = 0.4841 (SIZE=0.4436, PDI=0.5246)
2 - DAG 3811: MAE medio = 0.6044 (SIZE=0.5119, PDI=0.6969)
3 - DAG 810: MAE medio = 0.6044 (SIZE=0.5802, PDI=0.6287)


ITERAZIONE 51

1 - DAG 1: MAE medio = 0.4109 (SIZE=0.4783, PDI=0.3436)
2 - DAG 311: MAE medio = 0.5388 (SIZE=0.5700, PDI=0.5075)
3 - DAG 3: MAE medio = 0.5600 (SIZE=0.6313, PDI=0.4887)


ITERAZIONE 52

1 - DAG 38: MAE medio = 0.5561 (SIZE=0.5153, PDI=0.5968)
2 - DAG 310: MAE medio = 0.5817 (SIZE=0.7234, PDI=0.4401)
3 - DAG 3: MAE medio = 0.5858 (SIZE=0.7440, PDI=0.4276)


ITERAZIONE 53

1 - DAG 1: MAE medio = 0.5372 (SIZE=0.6971, PDI=0.3773)
2 - DAG 310: MAE medio = 0.6063 (SIZE=0.7041, PDI=0.5085)
3 - DAG 311: MAE medio = 0.6332 (SIZE=0.6453, PDI=0.6212)


ITERAZIONE 54

1 - DAG 1: MAE medio = 0.4524 (SIZE=0.4347, PDI=0.4701)
2 - DAG 3810: MAE medio = 0.6082 (SIZE=0.5722, PDI=0.6442)
3 - DAG 311: MAE medio = 0.6153 (SIZE=0.4983, PDI=0.7324)


ITERAZIONE 55

1 - DAG 11: MAE medio = 0.5526 (SIZE=0.5723, PDI=0.5329)
2 - DAG 3: MAE medio = 0.5816 (SIZE=0.6226, PDI=0.5407)
3 - DAG 311: MAE medio = 0.6236 (SIZE=0.7034, PDI=0.5437)


ITERAZIONE 56

1 - DAG 10: MAE medio = 0.5370 (SIZE=0.7429, PDI=0.3310)
2 - DAG 38: MAE medio = 0.5619 (SIZE=0.4907, PDI=0.6332)
3 - DAG 3: MAE medio = 0.6094 (SIZE=0.6406, PDI=0.5781)


ITERAZIONE 57

1 - DAG 1: MAE medio = 0.4802 (SIZE=0.5613, PDI=0.3992)
2 - DAG 10: MAE medio = 0.5196 (SIZE=0.6380, PDI=0.4011)
3 - DAG 310: MAE medio = 0.5843 (SIZE=0.5560, PDI=0.6127)


ITERAZIONE 58

1 - DAG 811: MAE medio = 0.4896 (SIZE=0.4042, PDI=0.5750)
2 - DAG 1: MAE medio = 0.5366 (SIZE=0.6045, PDI=0.4688)
3 - DAG 3: MAE medio = 0.5529 (SIZE=0.5775, PDI=0.5283)


ITERAZIONE 59

1 - DAG 3: MAE medio = 0.5524 (SIZE=0.5838, PDI=0.5210)
2 - DAG 310: MAE medio = 0.5966 (SIZE=0.6525, PDI=0.5408)
3 - DAG 11: MAE medio = 0.5978 (SIZE=0.9218, PDI=0.2738)


ITERAZIONE 60

1 - DAG 11: MAE medio = 0.5286 (SIZE=0.6615, PDI=0.3957)
2 - DAG 311: MAE medio = 0.5863 (SIZE=0.6651, PDI=0.5075)
3 - DAG 3810: MAE medio = 0.6116 (SIZE=0.5045, PDI=0.7188)


ITERAZIONE 61

1 - DAG 10: MAE medio = 0.4898 (SIZE=0.4570, PDI=0.5227)
2 - DAG 3: MAE medio = 0.5618 (SIZE=0.6448, PDI=0.4788)
3 - DAG 310: MAE medio = 0.5671 (SIZE=0.7162, PDI=0.4180)


ITERAZIONE 62

1 - DAG 1: MAE medio = 0.5083 (SIZE=0.5484, PDI=0.4682)
2 - DAG 311: MAE medio = 0.5484 (SIZE=0.7144, PDI=0.3823)
3 - DAG 10: MAE medio = 0.5625 (SIZE=0.6617, PDI=0.4632)


ITERAZIONE 63

1 - DAG 310: MAE medio = 0.5276 (SIZE=0.6247, PDI=0.4306)
2 - DAG 311: MAE medio = 0.5301 (SIZE=0.6011, PDI=0.4591)
3 - DAG 8: MAE medio = 0.5484 (SIZE=0.5898, PDI=0.5070)


ITERAZIONE 64

1 - DAG 10: MAE medio = 0.4798 (SIZE=0.5258, PDI=0.4338)
2 - DAG 11: MAE medio = 0.5136 (SIZE=0.6184, PDI=0.4088)
3 - DAG 1: MAE medio = 0.5921 (SIZE=0.6299, PDI=0.5544)


ITERAZIONE 65

1 - DAG 310: MAE medio = 0.5473 (SIZE=0.6400, PDI=0.4546)
2 - DAG 3: MAE medio = 0.5866 (SIZE=0.8009, PDI=0.3724)
3 - DAG 38: MAE medio = 0.6138 (SIZE=0.5123, PDI=0.7153)


ITERAZIONE 66

1 - DAG 311: MAE medio = 0.5004 (SIZE=0.5942, PDI=0.4066)
2 - DAG 11: MAE medio = 0.5882 (SIZE=0.6029, PDI=0.5734)
3 - DAG 3: MAE medio = 0.6247 (SIZE=0.8751, PDI=0.3742)


ITERAZIONE 67

1 - DAG 811: MAE medio = 0.4507 (SIZE=0.3368, PDI=0.5647)
2 - DAG 311: MAE medio = 0.5462 (SIZE=0.5678, PDI=0.5245)
3 - DAG 11: MAE medio = 0.6534 (SIZE=0.8423, PDI=0.4646)


ITERAZIONE 68

1 - DAG 1: MAE medio = 0.5244 (SIZE=0.6281, PDI=0.4207)
2 - DAG 11: MAE medio = 0.5373 (SIZE=0.5723, PDI=0.5023)
3 - DAG 311: MAE medio = 0.5767 (SIZE=0.8090, PDI=0.3444)


ITERAZIONE 69

1 - DAG 10: MAE medio = 0.5573 (SIZE=0.5565, PDI=0.5581)
2 - DAG 810: MAE medio = 0.5903 (SIZE=0.5354, PDI=0.6453)
3 - DAG 11: MAE medio = 0.6077 (SIZE=0.7080, PDI=0.5075)


ITERAZIONE 70

1 - DAG 11: MAE medio = 0.5212 (SIZE=0.5526, PDI=0.4897)
2 - DAG 311: MAE medio = 0.5342 (SIZE=0.5755, PDI=0.4928)
3 - DAG 10: MAE medio = 0.5368 (SIZE=0.5927, PDI=0.4808)


ITERAZIONE 71

1 - DAG 310: MAE medio = 0.5856 (SIZE=0.7201, PDI=0.4510)
2 - DAG 3: MAE medio = 0.6443 (SIZE=0.5836, PDI=0.7050)
3 - DAG 11: MAE medio = 0.6518 (SIZE=0.7145, PDI=0.5891)


ITERAZIONE 72

1 - DAG 310: MAE medio = 0.5883 (SIZE=0.7777, PDI=0.3989)
2 - DAG 3: MAE medio = 0.6051 (SIZE=0.6222, PDI=0.5880)
3 - DAG 311: MAE medio = 0.6166 (SIZE=0.7530, PDI=0.4802)


ITERAZIONE 73

1 - DAG 311: MAE medio = 0.4973 (SIZE=0.5616, PDI=0.4331)
2 - DAG 3: MAE medio = 0.5701 (SIZE=0.6503, PDI=0.4899)
3 - DAG 10: MAE medio = 0.6495 (SIZE=0.6829, PDI=0.6161)


ITERAZIONE 74

1 - DAG 3: MAE medio = 0.5504 (SIZE=0.6216, PDI=0.4793)
2 - DAG 310: MAE medio = 0.5939 (SIZE=0.6267, PDI=0.5611)
3 - DAG 10: MAE medio = 0.6410 (SIZE=0.7609, PDI=0.5211)


ITERAZIONE 75

1 - DAG 10: MAE medio = 0.5727 (SIZE=0.6736, PDI=0.4718)
2 - DAG 3: MAE medio = 0.5854 (SIZE=0.6862, PDI=0.4847)
3 - DAG 311: MAE medio = 0.6128 (SIZE=0.7791, PDI=0.4466)


ITERAZIONE 76

1 - DAG 310: MAE medio = 0.5802 (SIZE=0.7126, PDI=0.4479)
2 - DAG 311: MAE medio = 0.6138 (SIZE=0.7266, PDI=0.5009)
3 - DAG 10: MAE medio = 0.6236 (SIZE=0.6911, PDI=0.5561)


ITERAZIONE 77

1 - DAG 311: MAE medio = 0.5745 (SIZE=0.5133, PDI=0.6358)
2 - DAG 3: MAE medio = 0.6305 (SIZE=0.6527, PDI=0.6083)
3 - DAG 11: MAE medio = 0.6373 (SIZE=0.6923, PDI=0.5822)


ITERAZIONE 78

1 - DAG 10: MAE medio = 0.4561 (SIZE=0.4422, PDI=0.4700)
2 - DAG 11: MAE medio = 0.5477 (SIZE=0.6102, PDI=0.4853)
3 - DAG 310: MAE medio = 0.5770 (SIZE=0.6037, PDI=0.5503)


ITERAZIONE 79

1 - DAG 1: MAE medio = 0.5096 (SIZE=0.5673, PDI=0.4519)
2 - DAG 10: MAE medio = 0.5342 (SIZE=0.5152, PDI=0.5532)
3 - DAG 811: MAE medio = 0.6085 (SIZE=0.5946, PDI=0.6224)


ITERAZIONE 80

1 - DAG 11: MAE medio = 0.5520 (SIZE=0.6724, PDI=0.4317)
2 - DAG 311: MAE medio = 0.6304 (SIZE=0.7257, PDI=0.5351)
3 - DAG 3: MAE medio = 0.6636 (SIZE=0.7440, PDI=0.5833)


ITERAZIONE 81

1 - DAG 1: MAE medio = 0.5203 (SIZE=0.6004, PDI=0.4401)
2 - DAG 311: MAE medio = 0.5817 (SIZE=0.7363, PDI=0.4272)
3 - DAG 3811: MAE medio = 0.6098 (SIZE=0.4978, PDI=0.7217)


ITERAZIONE 82

1 - DAG 1: MAE medio = 0.5390 (SIZE=0.7278, PDI=0.3502)
2 - DAG 310: MAE medio = 0.6007 (SIZE=0.7173, PDI=0.4841)
3 - DAG 311: MAE medio = 0.6222 (SIZE=0.6531, PDI=0.5913)


ITERAZIONE 83

1 - DAG 311: MAE medio = 0.4179 (SIZE=0.3989, PDI=0.4370)
2 - DAG 1: MAE medio = 0.4932 (SIZE=0.6305, PDI=0.3559)
3 - DAG 38: MAE medio = 0.5604 (SIZE=0.6710, PDI=0.4497)


ITERAZIONE 84

1 - DAG 10: MAE medio = 0.5041 (SIZE=0.5172, PDI=0.4910)
2 - DAG 811: MAE medio = 0.6613 (SIZE=0.5796, PDI=0.7430)
3 - DAG 11: MAE medio = 0.7056 (SIZE=0.7329, PDI=0.6784)


ITERAZIONE 85

1 - DAG 3: MAE medio = 0.4821 (SIZE=0.6347, PDI=0.3294)
2 - DAG 311: MAE medio = 0.5467 (SIZE=0.6548, PDI=0.4385)
3 - DAG 310: MAE medio = 0.6620 (SIZE=0.7235, PDI=0.6006)


ITERAZIONE 86

1 - DAG 311: MAE medio = 0.5493 (SIZE=0.6200, PDI=0.4786)
2 - DAG 810: MAE medio = 0.5654 (SIZE=0.4844, PDI=0.6464)
3 - DAG 3: MAE medio = 0.6304 (SIZE=0.6499, PDI=0.6109)


ITERAZIONE 87

1 - DAG 11: MAE medio = 0.4886 (SIZE=0.5713, PDI=0.4060)
2 - DAG 311: MAE medio = 0.4955 (SIZE=0.5819, PDI=0.4091)
3 - DAG 310: MAE medio = 0.5496 (SIZE=0.5029, PDI=0.5963)


ITERAZIONE 88

1 - DAG 3810: MAE medio = 0.5824 (SIZE=0.5941, PDI=0.5707)
2 - DAG 310: MAE medio = 0.5843 (SIZE=0.6428, PDI=0.5257)
3 - DAG 811: MAE medio = 0.5878 (SIZE=0.6174, PDI=0.5582)


ITERAZIONE 89

1 - DAG 310: MAE medio = 0.5947 (SIZE=0.6213, PDI=0.5680)
2 - DAG 3: MAE medio = 0.6179 (SIZE=0.7163, PDI=0.5194)
3 - DAG 311: MAE medio = 0.6342 (SIZE=0.7354, PDI=0.5330)


ITERAZIONE 90

1 - DAG 11: MAE medio = 0.4829 (SIZE=0.7048, PDI=0.2610)
2 - DAG 311: MAE medio = 0.5812 (SIZE=0.6229, PDI=0.5396)
3 - DAG 8: MAE medio = 0.6496 (SIZE=0.5663, PDI=0.7330)


ITERAZIONE 91

1 - DAG 3: MAE medio = 0.5433 (SIZE=0.5876, PDI=0.4990)
2 - DAG 310: MAE medio = 0.6259 (SIZE=0.5935, PDI=0.6583)
3 - DAG 1: MAE medio = 0.6331 (SIZE=0.7140, PDI=0.5522)


ITERAZIONE 92

1 - DAG 3: MAE medio = 0.5242 (SIZE=0.6177, PDI=0.4308)
2 - DAG 10: MAE medio = 0.5362 (SIZE=0.5355, PDI=0.5369)
3 - DAG 310: MAE medio = 0.5417 (SIZE=0.6270, PDI=0.4564)


ITERAZIONE 93

1 - DAG 3: MAE medio = 0.5105 (SIZE=0.4864, PDI=0.5345)
2 - DAG 11: MAE medio = 0.5133 (SIZE=0.5871, PDI=0.4395)
3 - DAG 10: MAE medio = 0.5208 (SIZE=0.5567, PDI=0.4850)


ITERAZIONE 94

1 - DAG 811: MAE medio = 0.5813 (SIZE=0.5455, PDI=0.6171)
2 - DAG 1: MAE medio = 0.5902 (SIZE=0.6198, PDI=0.5605)
3 - DAG 310: MAE medio = 0.6030 (SIZE=0.5975, PDI=0.6085)


ITERAZIONE 95

1 - DAG 11: MAE medio = 0.4061 (SIZE=0.5241, PDI=0.2880)
2 - DAG 1: MAE medio = 0.5053 (SIZE=0.6626, PDI=0.3479)
3 - DAG 311: MAE medio = 0.5972 (SIZE=0.6043, PDI=0.5901)


ITERAZIONE 96

1 - DAG 10: MAE medio = 0.4347 (SIZE=0.4531, PDI=0.4162)
2 - DAG 3: MAE medio = 0.5391 (SIZE=0.6844, PDI=0.3938)
3 - DAG 810: MAE medio = 0.6393 (SIZE=0.6362, PDI=0.6425)


ITERAZIONE 97

1 - DAG 1: MAE medio = 0.6303 (SIZE=0.7622, PDI=0.4984)
2 - DAG 310: MAE medio = 0.6459 (SIZE=0.7590, PDI=0.5327)
3 - DAG 3: MAE medio = 0.6553 (SIZE=0.8169, PDI=0.4936)


ITERAZIONE 98

1 - DAG 310: MAE medio = 0.4949 (SIZE=0.6503, PDI=0.3396)
2 - DAG 311: MAE medio = 0.5604 (SIZE=0.5920, PDI=0.5288)
3 - DAG 10: MAE medio = 0.6617 (SIZE=0.6430, PDI=0.6805)


ITERAZIONE 99

1 - DAG 310: MAE medio = 0.5198 (SIZE=0.6967, PDI=0.3428)
2 - DAG 3810: MAE medio = 0.6207 (SIZE=0.5898, PDI=0.6516)
3 - DAG 10: MAE medio = 0.6238 (SIZE=0.6915, PDI=0.5561)


ITERAZIONE 100

1 - DAG 310: MAE medio = 0.5747 (SIZE=0.6132, PDI=0.5362)
2 - DAG 311: MAE medio = 0.6496 (SIZE=0.6365, PDI=0.6628)
3 - DAG 38: MAE medio = 0.6537 (SIZE=0.5681, PDI=0.7393)


=== I 3 DAG più frequenti nelle top 3 ===
1 - DAG 310: presente 45 volta/e
2 - DAG 311: presente 45 volta/e
3 - DAG 3: presente 42 volta/e
