
PDI, do (HSPC= 3.0)
INTERVENTO 1
media predizione PDI baseline ML: 0.263971405869464 media predizione PDI ML: 0.27141943667793467
media PDI baseline dag: 7.646519841269841 media PDI dag do(X): 7.646519841269841
errore medie pre intervento: -7.382548435400377 errore medie post intervento: -7.375100404591906
delta pre-post (dag) 0.0 delta pre-post (ML) 0.007448030808470674
percentuale delta_dag 0.0 percentuale delta_ml 2.821529394041181
differenza tra le percentuali dei delta: 2.821529394041181
criterio decisionale magnitudo: 0.02821529394041181 < 0.0510088698873625
 INTERVENTO 1: Almeno uno dei due è zero
 INTERVENTO 1: Il modello predittivo risponde bene all'intervento causale

SIZE, do (HSPC= 3.0)
INTERVENTO 1
media predizione SIZE baseline ML: 300.5839440934704 media predizione SIZE ML: 278.12148795566964
media SIZE baseline dag: 1618.9817480609906 media SIZE dag do(X): 1618.9817480609906
errore medie pre intervento: -1318.3978039675203 errore medie post intervento: -1340.860260105321
delta pre-post (dag) 0.0 delta pre-post (ML) -22.462456137800757
percentuale delta_dag 0.0 percentuale delta_ml -7.4729394497584245
differenza tra le percentuali dei delta: 7.4729394497584245
criterio decisionale magnitudo: 0.07472939449758424 < 0.06703769231881554
 INTERVENTO 1: Il modello predittivo NON risponde bene all'intervento causale --> Eseguire analisi SHAP
Differenza valori SHAP per SIZE con valutazione:
   Feature  Importance_intervento  Importance_original       Diff          valutazione
4     HSPC              20.057328             4.500238  15.557090  correlazione spuria
3       ML              25.436480            13.095146  12.341334  correlazione spuria
5      PEG              10.177177             4.695935   5.481242  correlazione spuria
1      ESM              69.361998            71.311172  -1.949174                     
7     CHOL               1.036653             7.481076  -6.444423                     
9  AQUEOUS               0.198342            21.072928 -20.874586                     
2      FRR              27.529194            50.014536 -22.485342                     
8     CHIP               0.361420            25.547598 -25.186178                     
6      TFR               9.768422            87.641093 -77.872671                     
0   OUTPUT             277.378980           363.110586 -85.731606                     

PDI, do (HSPC= 11.25)
INTERVENTO 2
media predizione PDI baseline ML: 0.263971405869464 media predizione PDI ML: 0.28003288901110746
media PDI baseline dag: 7.646519841269841 media PDI dag do(X): 7.646519841269841
errore medie pre intervento: -7.382548435400377 errore medie post intervento: -7.366486952258733
delta pre-post (dag) 0.0 delta pre-post (ML) 0.016061483141643462
percentuale delta_dag 0.0 percentuale delta_ml 6.084554154166985
differenza tra le percentuali dei delta: 6.084554154166985
criterio decisionale magnitudo: 0.06084554154166985 < 0.05217560145824802
 INTERVENTO 2: Il modello predittivo NON risponde bene all'intervento causale --> Eseguire analisi SHAP
Differenza valori SHAP per PDI con valutazione:
   Feature  Importance_intervento  Importance_original      Diff          valutazione
1       ML               0.028952             0.016590  0.012362  correlazione spuria
2     HSPC               0.015754             0.008804  0.006950  correlazione spuria
5      PEG               0.012726             0.007404  0.005322  correlazione spuria
0   OUTPUT               0.105507             0.105808 -0.000301                     
9     CHIP               0.000046             0.001827 -0.001781                     
8  AQUEOUS               0.000100             0.002902 -0.002802                     
6      FRR               0.012641             0.016517 -0.003876                     
7      TFR               0.006336             0.013047 -0.006711                     
4     CHOL               0.013958             0.024991 -0.011033                     
3      ESM               0.015058             0.030911 -0.015853                     

SIZE, do (HSPC= 11.25)
INTERVENTO 2
media predizione SIZE baseline ML: 300.5839440934704 media predizione SIZE ML: 277.6517055228221
media SIZE baseline dag: 1618.9817480609906 media SIZE dag do(X): 1618.9817480609906
errore medie pre intervento: -1318.3978039675203 errore medie post intervento: -1341.3300425381685
delta pre-post (dag) 0.0 delta pre-post (ML) -22.93223857064828
percentuale delta_dag 0.0 percentuale delta_ml -7.629229378771213
differenza tra le percentuali dei delta: 7.629229378771213
criterio decisionale magnitudo: 0.07629229378771213 < 0.06739402060716204
 INTERVENTO 2: Il modello predittivo NON risponde bene all'intervento causale --> Eseguire analisi SHAP
Differenza valori SHAP per SIZE con valutazione:
   Feature  Importance_intervento  Importance_original       Diff          valutazione
4     HSPC              20.531602             4.500238  16.031364  correlazione spuria
3       ML              25.509434            13.095146  12.414288  correlazione spuria
5      PEG              10.234334             4.695935   5.538399  correlazione spuria
1      ESM              69.473401            71.311172  -1.837771                     
7     CHOL               1.039176             7.481076  -6.441900                     
9  AQUEOUS               0.200177            21.072928 -20.872751                     
2      FRR              27.590157            50.014536 -22.424379                     
8     CHIP               0.356715            25.547598 -25.190883                     
6      TFR               9.726918            87.641093 -77.914175                     
0   OUTPUT             276.536289           363.110586 -86.574297                     

PDI, do (HSPC= 9.0)
INTERVENTO 3
media predizione PDI baseline ML: 0.263971405869464 media predizione PDI ML: 0.27158846286708055
media PDI baseline dag: 7.646519841269841 media PDI dag do(X): 7.646519841269841
errore medie pre intervento: -7.382548435400377 errore medie post intervento: -7.374931378402761
delta pre-post (dag) 0.0 delta pre-post (ML) 0.007617056997616556
percentuale delta_dag 0.0 percentuale delta_ml 2.885561401064497
differenza tra le percentuali dei delta: 2.885561401064497
criterio decisionale magnitudo: 0.028855614010644973 < 0.051031765258876094
 INTERVENTO 3: Almeno uno dei due è zero
 INTERVENTO 3: Il modello predittivo risponde bene all'intervento causale

SIZE, do (HSPC= 9.0)
INTERVENTO 3
media predizione SIZE baseline ML: 300.5839440934704 media predizione SIZE ML: 277.2368500779104
media SIZE baseline dag: 1618.9817480609906 media SIZE dag do(X): 1618.9817480609906
errore medie pre intervento: -1318.3978039675203 errore medie post intervento: -1341.7448979830801
delta pre-post (dag) 0.0 delta pre-post (ML) -23.347094015560003
percentuale delta_dag 0.0 percentuale delta_ml -7.7672458806715
differenza tra le percentuali dei delta: 7.7672458806715
criterio decisionale magnitudo: 0.077672458806715 < 0.06770868697239957
 INTERVENTO 3: Il modello predittivo NON risponde bene all'intervento causale --> Eseguire analisi SHAP
Differenza valori SHAP per SIZE con valutazione:
   Feature  Importance_intervento  Importance_original       Diff          valutazione
4     HSPC              20.923184             4.500238  16.422946  correlazione spuria
3       ML              25.511148            13.095146  12.416002  correlazione spuria
5      PEG              10.231068             4.695935   5.535133  correlazione spuria
1      ESM              69.588604            71.311172  -1.722568                     
7     CHOL               1.041290             7.481076  -6.439786                     
9  AQUEOUS               0.199411            21.072928 -20.873517                     
2      FRR              27.556375            50.014536 -22.458161                     
8     CHIP               0.355716            25.547598 -25.191882                     
6      TFR               9.778934            87.641093 -77.862159                     
0   OUTPUT             276.588988           363.110586 -86.521598                     

PDI, do (HSPC= 3.75)
INTERVENTO 4
media predizione PDI baseline ML: 0.263971405869464 media predizione PDI ML: 0.2714225364798504
media PDI baseline dag: 7.646519841269841 media PDI dag do(X): 7.646519841269841
errore medie pre intervento: -7.382548435400377 errore medie post intervento: -7.375097304789991
delta pre-post (dag) 0.0 delta pre-post (ML) 0.007451130610386381
percentuale delta_dag 0.0 percentuale delta_ml 2.8227036886226324
differenza tra le percentuali dei delta: 2.8227036886226324
criterio decisionale magnitudo: 0.028227036886226325 < 0.05100928976973005
 INTERVENTO 4: Almeno uno dei due è zero
 INTERVENTO 4: Il modello predittivo risponde bene all'intervento causale

SIZE, do (HSPC= 3.75)
INTERVENTO 4
media predizione SIZE baseline ML: 300.5839440934704 media predizione SIZE ML: 277.7517647507323
media SIZE baseline dag: 1618.9817480609906 media SIZE dag do(X): 1618.9817480609906
errore medie pre intervento: -1318.3978039675203 errore medie post intervento: -1341.2299833102584
delta pre-post (dag) 0.0 delta pre-post (ML) -22.832179342738073
percentuale delta_dag 0.0 percentuale delta_ml -7.5959410977846895
differenza tra le percentuali dei delta: 7.5959410977846895
criterio decisionale magnitudo: 0.07595941097784689 < 0.06731812604210054
 INTERVENTO 4: Il modello predittivo NON risponde bene all'intervento causale --> Eseguire analisi SHAP
Differenza valori SHAP per SIZE con valutazione:
   Feature  Importance_intervento  Importance_original       Diff          valutazione
4     HSPC              20.466875             4.500238  15.966637  correlazione spuria
3       ML              25.493755            13.095146  12.398609  correlazione spuria
5      PEG              10.210334             4.695935   5.514399  correlazione spuria
1      ESM              69.413394            71.311172  -1.897778                     
7     CHOL               1.042324             7.481076  -6.438752                     
9  AQUEOUS               0.205319            21.072928 -20.867609                     
2      FRR              27.527621            50.014536 -22.486915                     
8     CHIP               0.359787            25.547598 -25.187811                     
6      TFR               9.769405            87.641093 -77.871688                     
0   OUTPUT             276.965519           363.110586 -86.145067                     

PDI, do (HSPC= 0.0)
INTERVENTO 5
media predizione PDI baseline ML: 0.263971405869464 media predizione PDI ML: 0.25002237689891055
media PDI baseline dag: 7.646519841269841 media PDI dag do(X): 7.646519841269841
errore medie pre intervento: -7.382548435400377 errore medie post intervento: -7.39649746437093
delta pre-post (dag) 0.0 delta pre-post (ML) -0.013949028970553445
percentuale delta_dag 0.0 percentuale delta_ml -5.284295442761461
differenza tra le percentuali dei delta: 5.284295442761461
criterio decisionale magnitudo: 0.05284295442761461 < 0.051889459865060376
 INTERVENTO 5: Il modello predittivo NON risponde bene all'intervento causale --> Eseguire analisi SHAP
Differenza valori SHAP per PDI con valutazione:
   Feature  Importance_intervento  Importance_original      Diff          valutazione
1       ML               0.027499             0.016590  0.010909  correlazione spuria
2     HSPC               0.015880             0.008804  0.007076  correlazione spuria
0   OUTPUT               0.111810             0.105808  0.006002  correlazione spuria
6      PEG               0.012072             0.007404  0.004668  correlazione spuria
9     CHIP               0.000046             0.001827 -0.001781                     
4      FRR               0.014168             0.016517 -0.002349                     
8  AQUEOUS               0.000111             0.002902 -0.002791                     
7      TFR               0.005991             0.013047 -0.007056                     
5     CHOL               0.013870             0.024991 -0.011121                     
3      ESM               0.014693             0.030911 -0.016218                     

SIZE, do (HSPC= 0.0)
INTERVENTO 5
media predizione SIZE baseline ML: 300.5839440934704 media predizione SIZE ML: 307.75079568752415
media SIZE baseline dag: 1618.9817480609906 media SIZE dag do(X): 1618.9817480609906
errore medie pre intervento: -1318.3978039675203 errore medie post intervento: -1311.2309523734666
delta pre-post (dag) 0.0 delta pre-post (ML) 7.166851594053753
percentuale delta_dag 0.0 percentuale delta_ml 2.3843095198142485
differenza tra le percentuali dei delta: 2.3843095198142485
criterio decisionale magnitudo: 0.023843095198142487 < 0.05543603119823633
 INTERVENTO 5: Almeno uno dei due è zero
 INTERVENTO 5: Il modello predittivo risponde bene all'intervento causale

PDI, do (HSPC= 11.5644)
INTERVENTO 6
media predizione PDI baseline ML: 0.263971405869464 media predizione PDI ML: 0.28015103831262755
media PDI baseline dag: 7.646519841269841 media PDI dag do(X): 7.646519841269841
errore medie pre intervento: -7.382548435400377 errore medie post intervento: -7.366368802957213
delta pre-post (dag) 0.0 delta pre-post (ML) 0.01617963244316356
percentuale delta_dag 0.0 percentuale delta_ml 6.129312525298487
differenza tra le percentuali dei delta: 6.129312525298487
criterio decisionale magnitudo: 0.06129312525298487 < 0.05219160532230038
 INTERVENTO 6: Il modello predittivo NON risponde bene all'intervento causale --> Eseguire analisi SHAP
Differenza valori SHAP per PDI con valutazione:
   Feature  Importance_intervento  Importance_original      Diff          valutazione
1       ML               0.028963             0.016590  0.012373  correlazione spuria
2     HSPC               0.015848             0.008804  0.007044  correlazione spuria
5      PEG               0.012731             0.007404  0.005327  correlazione spuria
0   OUTPUT               0.105486             0.105808 -0.000322                     
9     CHIP               0.000043             0.001827 -0.001784                     
8  AQUEOUS               0.000091             0.002902 -0.002811                     
6      FRR               0.012646             0.016517 -0.003871                     
7      TFR               0.006411             0.013047 -0.006636                     
4     CHOL               0.014034             0.024991 -0.010957                     
3      ESM               0.015067             0.030911 -0.015844                     

SIZE, do (HSPC= 11.5644)
INTERVENTO 6
media predizione SIZE baseline ML: 300.5839440934704 media predizione SIZE ML: 277.75778658533073
media SIZE baseline dag: 1618.9817480609906 media SIZE dag do(X): 1618.9817480609906
errore medie pre intervento: -1318.3978039675203 errore medie post intervento: -1341.22396147566
delta pre-post (dag) 0.0 delta pre-post (ML) -22.82615750813966
percentuale delta_dag 0.0 percentuale delta_ml -7.593937719122342
differenza tra le percentuali dei delta: 7.593937719122342
criterio decisionale magnitudo: 0.07593937719122341 < 0.06731355850218179
 INTERVENTO 6: Il modello predittivo NON risponde bene all'intervento causale --> Eseguire analisi SHAP
Differenza valori SHAP per SIZE con valutazione:
   Feature  Importance_intervento  Importance_original       Diff          valutazione
4     HSPC              20.435274             4.500238  15.935036  correlazione spuria
3       ML              25.509302            13.095146  12.414156  correlazione spuria
5      PEG              10.234670             4.695935   5.538735  correlazione spuria
1      ESM              69.447390            71.311172  -1.863782                     
7     CHOL               1.035764             7.481076  -6.445312                     
9  AQUEOUS               0.198739            21.072928 -20.874189                     
2      FRR              27.579898            50.014536 -22.434638                     
8     CHIP               0.356700            25.547598 -25.190898                     
6      TFR               9.727889            87.641093 -77.913204                     
0   OUTPUT             276.524384           363.110586 -86.586202                     

PDI, do (HSPC= 8.547600000000001)
INTERVENTO 7
media predizione PDI baseline ML: 0.263971405869464 media predizione PDI ML: 0.2715266899805676
media PDI baseline dag: 7.646519841269841 media PDI dag do(X): 7.646519841269841
errore medie pre intervento: -7.382548435400377 errore medie post intervento: -7.3749931512892735
delta pre-post (dag) 0.0 delta pre-post (ML) 0.007555284111103622
percentuale delta_dag 0.0 percentuale delta_ml 2.8621600457891154
differenza tra le percentuali dei delta: 2.8621600457891154
criterio decisionale magnitudo: 0.028621600457891153 < 0.05102339783845845
 INTERVENTO 7: Almeno uno dei due è zero
 INTERVENTO 7: Il modello predittivo risponde bene all'intervento causale

SIZE, do (HSPC= 8.547600000000001)
INTERVENTO 7
media predizione SIZE baseline ML: 300.5839440934704 media predizione SIZE ML: 277.1593290551355
media SIZE baseline dag: 1618.9817480609906 media SIZE dag do(X): 1618.9817480609906
errore medie pre intervento: -1318.3978039675203 errore medie post intervento: -1341.8224190058552
delta pre-post (dag) 0.0 delta pre-post (ML) -23.424615038334878
percentuale delta_dag 0.0 percentuale delta_ml -7.793036021594918
differenza tra le percentuali dei delta: 7.793036021594918
criterio decisionale magnitudo: 0.07793036021594918 < 0.06776748638979982
 INTERVENTO 7: Il modello predittivo NON risponde bene all'intervento causale --> Eseguire analisi SHAP
Differenza valori SHAP per SIZE con valutazione:
   Feature  Importance_intervento  Importance_original       Diff          valutazione
4     HSPC              20.991427             4.500238  16.491189  correlazione spuria
3       ML              25.511212            13.095146  12.416066  correlazione spuria
5      PEG              10.230913             4.695935   5.534978  correlazione spuria
1      ESM              69.609103            71.311172  -1.702069                     
7     CHOL               1.046045             7.481076  -6.435031                     
9  AQUEOUS               0.199715            21.072928 -20.873213                     
2      FRR              27.539688            50.014536 -22.474848                     
8     CHIP               0.355227            25.547598 -25.192371                     
6      TFR               9.775836            87.641093 -77.865257                     
0   OUTPUT             276.595275           363.110586 -86.515311                     

PDI, do (HSPC= 10.056)
INTERVENTO 8
media predizione PDI baseline ML: 0.263971405869464 media predizione PDI ML: 0.2797086838774574
media PDI baseline dag: 7.646519841269841 media PDI dag do(X): 7.646519841269841
errore medie pre intervento: -7.382548435400377 errore medie post intervento: -7.366811157392384
delta pre-post (dag) 0.0 delta pre-post (ML) 0.015737278007993405
percentuale delta_dag 0.0 percentuale delta_ml 5.9617358767167445
differenza tra le percentuali dei delta: 5.9617358767167445
criterio decisionale magnitudo: 0.05961735876716744 < 0.05213168638793221
 INTERVENTO 8: Il modello predittivo NON risponde bene all'intervento causale --> Eseguire analisi SHAP
Differenza valori SHAP per PDI con valutazione:
   Feature  Importance_intervento  Importance_original      Diff          valutazione
1       ML               0.028900             0.016590  0.012310  correlazione spuria
2     HSPC               0.015504             0.008804  0.006700  correlazione spuria
5      PEG               0.012707             0.007404  0.005303  correlazione spuria
0   OUTPUT               0.105557             0.105808 -0.000251                     
9     CHIP               0.000048             0.001827 -0.001779                     
8  AQUEOUS               0.000105             0.002902 -0.002797                     
6      FRR               0.012623             0.016517 -0.003894                     
7      TFR               0.006238             0.013047 -0.006809                     
4     CHOL               0.013847             0.024991 -0.011144                     
3      ESM               0.015036             0.030911 -0.015875                     

SIZE, do (HSPC= 10.056)
INTERVENTO 8
media predizione SIZE baseline ML: 300.5839440934704 media predizione SIZE ML: 277.3135120558755
media SIZE baseline dag: 1618.9817480609906 media SIZE dag do(X): 1618.9817480609906
errore medie pre intervento: -1318.3978039675203 errore medie post intervento: -1341.6682360051152
delta pre-post (dag) 0.0 delta pre-post (ML) -23.2704320375949
percentuale delta_dag 0.0 percentuale delta_ml -7.74174153172954
differenza tra le percentuali dei delta: 7.74174153172954
criterio decisionale magnitudo: 0.0774174153172954 < 0.06765053913740302
 INTERVENTO 8: Il modello predittivo NON risponde bene all'intervento causale --> Eseguire analisi SHAP
Differenza valori SHAP per SIZE con valutazione:
   Feature  Importance_intervento  Importance_original       Diff          valutazione
4     HSPC              20.845986             4.500238  16.345748  correlazione spuria
3       ML              25.510781            13.095146  12.415635  correlazione spuria
5      PEG              10.233186             4.695935   5.537251  correlazione spuria
1      ESM              69.564855            71.311172  -1.746317                     
7     CHOL               1.037688             7.481076  -6.443388                     
9  AQUEOUS               0.200726            21.072928 -20.872202                     
2      FRR              27.640869            50.014536 -22.373667                     
8     CHIP               0.356583            25.547598 -25.191015                     
6      TFR               9.740356            87.641093 -77.900737                     
0   OUTPUT             276.586487           363.110586 -86.524099                     

PDI, do (HSPC= 12.570000000000002)
INTERVENTO 9
media predizione PDI baseline ML: 0.263971405869464 media predizione PDI ML: 0.2801425193844485
media PDI baseline dag: 7.646519841269841 media PDI dag do(X): 7.646519841269841
errore medie pre intervento: -7.382548435400377 errore medie post intervento: -7.366377321885392
delta pre-post (dag) 0.0 delta pre-post (ML) 0.016171113514984514
percentuale delta_dag 0.0 percentuale delta_ml 6.126085309020652
differenza tra le percentuali dei delta: 6.126085309020652
criterio decisionale magnitudo: 0.06126085309020653 < 0.052190451394459145
 INTERVENTO 9: Il modello predittivo NON risponde bene all'intervento causale --> Eseguire analisi SHAP
Differenza valori SHAP per PDI con valutazione:
   Feature  Importance_intervento  Importance_original      Diff          valutazione
1       ML               0.028962             0.016590  0.012372  correlazione spuria
2     HSPC               0.015839             0.008804  0.007035  correlazione spuria
5      PEG               0.012731             0.007404  0.005327  correlazione spuria
0   OUTPUT               0.105488             0.105808 -0.000320                     
9     CHIP               0.000043             0.001827 -0.001784                     
8  AQUEOUS               0.000091             0.002902 -0.002811                     
6      FRR               0.012649             0.016517 -0.003868                     
7      TFR               0.006414             0.013047 -0.006633                     
4     CHOL               0.014024             0.024991 -0.010967                     
3      ESM               0.015066             0.030911 -0.015845                     

SIZE, do (HSPC= 12.570000000000002)
INTERVENTO 9
media predizione SIZE baseline ML: 300.5839440934704 media predizione SIZE ML: 277.7777050728796
media SIZE baseline dag: 1618.9817480609906 media SIZE dag do(X): 1618.9817480609906
errore medie pre intervento: -1318.3978039675203 errore medie post intervento: -1341.204042988111
delta pre-post (dag) 0.0 delta pre-post (ML) -22.806239020590795
percentuale delta_dag 0.0 percentuale delta_ml -7.587311121813914
differenza tra le percentuali dei delta: 7.587311121813914
criterio decisionale magnitudo: 0.07587311121813914 < 0.06729845040090236
 INTERVENTO 9: Il modello predittivo NON risponde bene all'intervento causale --> Eseguire analisi SHAP
Differenza valori SHAP per SIZE con valutazione:
   Feature  Importance_intervento  Importance_original       Diff          valutazione
4     HSPC              20.414923             4.500238  15.914685  correlazione spuria
3       ML              25.509302            13.095146  12.414156  correlazione spuria
5      PEG              10.234514             4.695935   5.538579  correlazione spuria
1      ESM              69.441979            71.311172  -1.869193                     
7     CHOL               1.038501             7.481076  -6.442575                     
9  AQUEOUS               0.198590            21.072928 -20.874338                     
2      FRR              27.575205            50.014536 -22.439331                     
8     CHIP               0.356700            25.547598 -25.190898                     
6      TFR               9.725525            87.641093 -77.915568                     
0   OUTPUT             276.522811           363.110586 -86.587775                     

PDI, do (HSPC= 7.542000000000001)
INTERVENTO 10
media predizione PDI baseline ML: 0.263971405869464 media predizione PDI ML: 0.27127777028489747
media PDI baseline dag: 7.646519841269841 media PDI dag do(X): 7.646519841269841
errore medie pre intervento: -7.382548435400377 errore medie post intervento: -7.375242070984943
delta pre-post (dag) 0.0 delta pre-post (ML) 0.007306364415433475
percentuale delta_dag 0.0 percentuale delta_ml 2.7678620687600275
differenza tra le percentuali dei delta: 2.7678620687600275
criterio decisionale magnitudo: 0.027678620687600276 < 0.05098968052554841
 INTERVENTO 10: Almeno uno dei due è zero
 INTERVENTO 10: Il modello predittivo risponde bene all'intervento causale

SIZE, do (HSPC= 7.542000000000001)
INTERVENTO 10
media predizione SIZE baseline ML: 300.5839440934704 media predizione SIZE ML: 277.16010809444776
media SIZE baseline dag: 1618.9817480609906 media SIZE dag do(X): 1618.9817480609906
errore medie pre intervento: -1318.3978039675203 errore medie post intervento: -1341.821639966543
delta pre-post (dag) 0.0 delta pre-post (ML) -23.42383599902263
percentuale delta_dag 0.0 percentuale delta_ml -7.79277684630377
differenza tra le percentuali dei delta: 7.79277684630377
criterio decisionale magnitudo: 0.0779277684630377 < 0.06776689549127901
 INTERVENTO 10: Il modello predittivo NON risponde bene all'intervento causale --> Eseguire analisi SHAP
Differenza valori SHAP per SIZE con valutazione:
   Feature  Importance_intervento  Importance_original       Diff          valutazione
4     HSPC              20.990494             4.500238  16.490256  correlazione spuria
3       ML              25.511184            13.095146  12.416038  correlazione spuria
5      PEG              10.230873             4.695935   5.534938  correlazione spuria
1      ESM              69.608777            71.311172  -1.702395                     
7     CHOL               1.045934             7.481076  -6.435142                     
9  AQUEOUS               0.199715            21.072928 -20.873213                     
2      FRR              27.540468            50.014536 -22.474068                     
8     CHIP               0.355227            25.547598 -25.192371                     
6      TFR               9.776264            87.641093 -77.864829                     
0   OUTPUT             276.595221           363.110586 -86.515365                     

PDI, do (HSPC= 9.576)
INTERVENTO 11
media predizione PDI baseline ML: 0.263971405869464 media predizione PDI ML: 0.27266763298485613
media PDI baseline dag: 7.646519841269841 media PDI dag do(X): 7.646519841269841
errore medie pre intervento: -7.382548435400377 errore medie post intervento: -7.373852208284985
delta pre-post (dag) 0.0 delta pre-post (ML) 0.008696227115392141
percentuale delta_dag 0.0 percentuale delta_ml 3.294382240663027
differenza tra le percentuali dei delta: 3.294382240663027
criterio decisionale magnitudo: 0.03294382240663027 < 0.051177943794271936
 INTERVENTO 11: Almeno uno dei due è zero
 INTERVENTO 11: Il modello predittivo risponde bene all'intervento causale

SIZE, do (HSPC= 9.576)
INTERVENTO 11
media predizione SIZE baseline ML: 300.5839440934704 media predizione SIZE ML: 277.2844182141494
media SIZE baseline dag: 1618.9817480609906 media SIZE dag do(X): 1618.9817480609906
errore medie pre intervento: -1318.3978039675203 errore medie post intervento: -1341.6973298468413
delta pre-post (dag) 0.0 delta pre-post (ML) -23.29952587932098
percentuale delta_dag 0.0 percentuale delta_ml -7.75142063878026
differenza tra le percentuali dei delta: 7.75142063878026
criterio decisionale magnitudo: 0.0775142063878026 < 0.06767260671187753
 INTERVENTO 11: Il modello predittivo NON risponde bene all'intervento causale --> Eseguire analisi SHAP
Differenza valori SHAP per SIZE con valutazione:
   Feature  Importance_intervento  Importance_original       Diff          valutazione
4     HSPC              20.868026             4.500238  16.367788  correlazione spuria
3       ML              25.510743            13.095146  12.415597  correlazione spuria
5      PEG              10.232221             4.695935   5.536286  correlazione spuria
1      ESM              69.570752            71.311172  -1.740420                     
7     CHOL               1.035613             7.481076  -6.445463                     
9  AQUEOUS               0.200954            21.072928 -20.871974                     
2      FRR              27.636712            50.014536 -22.377824                     
8     CHIP               0.355995            25.547598 -25.191603                     
6      TFR               9.743900            87.641093 -77.897193                     
0   OUTPUT             276.589094           363.110586 -86.521492                     
