
PDI, do (ESM= 0.0)
INTERVENTO 1
media predizione PDI baseline ML: 0.263971405869464 media predizione PDI ML: 0.271765211073397
media PDI baseline dag: 7.646519841269841 media PDI dag do(X): 7.646519841269841
errore medie pre intervento: -7.382548435400377 errore medie post intervento: -7.374754630196444
delta pre-post (dag) 0.0 delta pre-post (ML) 0.007793805203933024
percentuale delta_dag 0.0 percentuale delta_ml 2.9525187314368146
differenza tra le percentuali dei delta: 2.9525187314368146
criterio decisionale magnitudo: 0.029525187314368147 < 0.05105570661298487
 INTERVENTO 1: Almeno uno dei due è zero
 INTERVENTO 1: Il modello predittivo risponde bene all'intervento causale

SIZE, do (ESM= 0.0)
INTERVENTO 1
media predizione SIZE baseline ML: 300.5839440934704 media predizione SIZE ML: 223.19989790501754
media SIZE baseline dag: 1618.9817480609906 media SIZE dag do(X): 1618.9817480609906
errore medie pre intervento: -1318.3978039675203 errore medie post intervento: -1395.7818501559732
delta pre-post (dag) 0.0 delta pre-post (ML) -77.38404618845286
percentuale delta_dag 0.0 percentuale delta_ml -25.74457076269826
differenza tra le percentuali dei delta: 25.74457076269826
criterio decisionale magnitudo: 0.2574457076269826 < 0.1086955211511861
 INTERVENTO 1: Il modello predittivo NON risponde bene all'intervento causale --> Eseguire analisi SHAP
Differenza valori SHAP per SIZE con valutazione:
   Feature  Importance_intervento  Importance_original        Diff          valutazione
2       ML              25.990554            13.095146   12.895408  correlazione spuria
4     HSPC              13.978017             4.500238    9.477779  correlazione spuria
5      PEG              10.558745             4.695935    5.862810  correlazione spuria
1      ESM              75.682052            71.311172    4.370880  correlazione spuria
7     CHOL               1.081210             7.481076   -6.399866                     
9  AQUEOUS               0.295378            21.072928  -20.777550                     
3      FRR              25.109989            50.014536  -24.904547                     
8     CHIP               0.317767            25.547598  -25.229831                     
6      TFR               9.735041            87.641093  -77.906052                     
0   OUTPUT             251.480720           363.110586 -111.629866                     

PDI, do (ESM= 5.0)
INTERVENTO 2
media predizione PDI baseline ML: 0.263971405869464 media predizione PDI ML: 0.2465670061166959
media PDI baseline dag: 7.646519841269841 media PDI dag do(X): 7.646519841269841
errore medie pre intervento: -7.382548435400377 errore medie post intervento: -7.399952835153145
delta pre-post (dag) 0.0 delta pre-post (ML) -0.017404399752768085
percentuale delta_dag 0.0 percentuale delta_ml -6.593289790400518
differenza tra le percentuali dei delta: 6.593289790400518
criterio decisionale magnitudo: 0.06593289790400518 < 0.05235750566421091
 INTERVENTO 2: Il modello predittivo NON risponde bene all'intervento causale --> Eseguire analisi SHAP
Differenza valori SHAP per PDI con valutazione:
   Feature  Importance_intervento  Importance_original      Diff          valutazione
1       ML               0.027865             0.016590  0.011275  correlazione spuria
0   OUTPUT               0.110777             0.105808  0.004969                     
6      PEG               0.012321             0.007404  0.004917  correlazione spuria
5     HSPC               0.012889             0.008804  0.004085  correlazione spuria
9     CHIP               0.000065             0.001827 -0.001762                     
3      FRR               0.013988             0.016517 -0.002529                     
8  AQUEOUS               0.000116             0.002902 -0.002786                     
7      TFR               0.006081             0.013047 -0.006966                     
4     CHOL               0.013681             0.024991 -0.011310                     
2      ESM               0.018446             0.030911 -0.012465                     

SIZE, do (ESM= 5.0)
INTERVENTO 2
media predizione SIZE baseline ML: 300.5839440934704 media predizione SIZE ML: 250.90220044166253
media SIZE baseline dag: 1618.9817480609906 media SIZE dag do(X): 1618.9817480609906
errore medie pre intervento: -1318.3978039675203 errore medie post intervento: -1368.0795476193282
delta pre-post (dag) 0.0 delta pre-post (ML) -49.681743651807864
percentuale delta_dag 0.0 percentuale delta_ml -16.528408994579795
differenza tra le percentuali dei delta: 16.528408994579795
criterio decisionale magnitudo: 0.16528408994579796 < 0.08768342415490843
 INTERVENTO 2: Il modello predittivo NON risponde bene all'intervento causale --> Eseguire analisi SHAP
Differenza valori SHAP per SIZE con valutazione:
   Feature  Importance_intervento  Importance_original       Diff          valutazione
3       ML              25.990774            13.095146  12.895628  correlazione spuria
4     HSPC              13.901884             4.500238   9.401646  correlazione spuria
5      PEG              10.490871             4.695935   5.794936  correlazione spuria
7     CHOL               1.136662             7.481076  -6.344414                     
9  AQUEOUS               0.333248            21.072928 -20.739680                     
2      FRR              26.984963            50.014536 -23.029573                     
1      ESM              48.034109            71.311172 -23.277063                     
8     CHIP               0.345699            25.547598 -25.201899                     
6      TFR              10.136298            87.641093 -77.504795                     
0   OUTPUT             276.310349           363.110586 -86.800237                     

PDI, do (ESM= 20.0)
INTERVENTO 3
media predizione PDI baseline ML: 0.263971405869464 media predizione PDI ML: 0.2524777473099111
media PDI baseline dag: 7.646519841269841 media PDI dag do(X): 7.646519841269841
errore medie pre intervento: -7.382548435400377 errore medie post intervento: -7.39404209395993
delta pre-post (dag) 0.0 delta pre-post (ML) -0.011493658559552866
percentuale delta_dag 0.0 percentuale delta_ml -4.354130145913067
differenza tra le percentuali dei delta: 4.354130145913067
criterio decisionale magnitudo: 0.04354130145913067 < 0.0515568686965113
 INTERVENTO 3: Almeno uno dei due è zero
 INTERVENTO 3: Il modello predittivo risponde bene all'intervento causale

SIZE, do (ESM= 20.0)
INTERVENTO 3
media predizione SIZE baseline ML: 300.5839440934704 media predizione SIZE ML: 377.21238834607163
media SIZE baseline dag: 1618.9817480609906 media SIZE dag do(X): 1618.9817480609906
errore medie pre intervento: -1318.3978039675203 errore medie post intervento: -1241.7693597149191
delta pre-post (dag) 0.0 delta pre-post (ML) 76.62844425260124
percentuale delta_dag 0.0 percentuale delta_ml 25.493192753094174
differenza tra le percentuali dei delta: 25.493192753094174
criterio decisionale magnitudo: 0.25493192753094174 < 0.10812239979617638
 INTERVENTO 3: Il modello predittivo NON risponde bene all'intervento causale --> Eseguire analisi SHAP
Differenza valori SHAP per SIZE con valutazione:
   Feature  Importance_intervento  Importance_original       Diff          valutazione
3       ML              25.882157            13.095146  12.787011  correlazione spuria
1      ESM              82.992390            71.311172  11.681218  correlazione spuria
4     HSPC              14.015893             4.500238   9.515655  correlazione spuria
6      PEG              10.430391             4.695935   5.734456  correlazione spuria
7     CHOL               0.842277             7.481076  -6.638799                     
2      FRR              35.075272            50.014536 -14.939264                     
9  AQUEOUS               0.125355            21.072928 -20.947573                     
8     CHIP               0.511365            25.547598 -25.036233                     
0   OUTPUT             332.518456           363.110586 -30.592130                     
5      TFR              10.678981            87.641093 -76.962112                     

PDI, do (ESM= 12.026982212493198)
INTERVENTO 4
media predizione PDI baseline ML: 0.263971405869464 media predizione PDI ML: 0.24657787726578215
media PDI baseline dag: 7.646519841269841 media PDI dag do(X): 7.646519841269841
errore medie pre intervento: -7.382548435400377 errore medie post intervento: -7.399941964004059
delta pre-post (dag) 0.0 delta pre-post (ML) -0.017393528603681846
percentuale delta_dag 0.0 percentuale delta_ml -6.589171484839948
differenza tra le percentuali dei delta: 6.589171484839948
criterio decisionale magnitudo: 0.06589171484839948 < 0.05235603311727391
 INTERVENTO 4: Il modello predittivo NON risponde bene all'intervento causale --> Eseguire analisi SHAP
Differenza valori SHAP per PDI con valutazione:
   Feature  Importance_intervento  Importance_original      Diff          valutazione
1       ML               0.028005             0.016590  0.011415  correlazione spuria
0   OUTPUT               0.111702             0.105808  0.005894  correlazione spuria
6      PEG               0.012362             0.007404  0.004958  correlazione spuria
5     HSPC               0.013015             0.008804  0.004211  correlazione spuria
9     CHIP               0.000056             0.001827 -0.001771                     
3      FRR               0.014076             0.016517 -0.002441                     
8  AQUEOUS               0.000108             0.002902 -0.002794                     
7      TFR               0.006197             0.013047 -0.006850                     
4     CHOL               0.013480             0.024991 -0.011511                     
2      ESM               0.018402             0.030911 -0.012509                     

SIZE, do (ESM= 12.026982212493198)
INTERVENTO 4
media predizione SIZE baseline ML: 300.5839440934704 media predizione SIZE ML: 313.82122652979353
media SIZE baseline dag: 1618.9817480609906 media SIZE dag do(X): 1618.9817480609906
errore medie pre intervento: -1318.3978039675203 errore medie post intervento: -1305.160521531197
delta pre-post (dag) 0.0 delta pre-post (ML) 13.237282436323142
percentuale delta_dag 0.0 percentuale delta_ml 4.403855460824894
differenza tra le percentuali dei delta: 4.403855460824894
criterio decisionale magnitudo: 0.04403855460824894 < 0.060040431193443815
 INTERVENTO 4: Almeno uno dei due è zero
 INTERVENTO 4: Il modello predittivo risponde bene all'intervento causale

PDI, do (ESM= 17.973017787506805)
INTERVENTO 5
media predizione PDI baseline ML: 0.263971405869464 media predizione PDI ML: 0.24760871939913146
media PDI baseline dag: 7.646519841269841 media PDI dag do(X): 7.646519841269841
errore medie pre intervento: -7.382548435400377 errore medie post intervento: -7.398911121870709
delta pre-post (dag) 0.0 delta pre-post (ML) -0.016362686470332538
percentuale delta_dag 0.0 percentuale delta_ml -6.19865868291205
differenza tra le percentuali dei delta: 6.19865868291205
criterio decisionale magnitudo: 0.0619865868291205 < 0.052216400828726126
 INTERVENTO 5: Il modello predittivo NON risponde bene all'intervento causale --> Eseguire analisi SHAP
Differenza valori SHAP per PDI con valutazione:
   Feature  Importance_intervento  Importance_original      Diff          valutazione
1       ML               0.027834             0.016590  0.011244  correlazione spuria
0   OUTPUT               0.111661             0.105808  0.005853  correlazione spuria
6      PEG               0.012271             0.007404  0.004867  correlazione spuria
5     HSPC               0.012954             0.008804  0.004150  correlazione spuria
9     CHIP               0.000054             0.001827 -0.001773                     
3      FRR               0.014549             0.016517 -0.001968                     
8  AQUEOUS               0.000107             0.002902 -0.002795                     
7      TFR               0.006173             0.013047 -0.006874                     
4     CHOL               0.013511             0.024991 -0.011480                     
2      ESM               0.017478             0.030911 -0.013433                     

SIZE, do (ESM= 17.973017787506805)
INTERVENTO 5
media predizione SIZE baseline ML: 300.5839440934704 media predizione SIZE ML: 378.46447724066843
media SIZE baseline dag: 1618.9817480609906 media SIZE dag do(X): 1618.9817480609906
errore medie pre intervento: -1318.3978039675203 errore medie post intervento: -1240.5172708203222
delta pre-post (dag) 0.0 delta pre-post (ML) 77.88053314719804
percentuale delta_dag 0.0 percentuale delta_ml 25.90974490739269
differenza tra le percentuali dei delta: 25.90974490739269
criterio decisionale magnitudo: 0.2590974490739269 < 0.1090721047265312
 INTERVENTO 5: Il modello predittivo NON risponde bene all'intervento causale --> Eseguire analisi SHAP
Differenza valori SHAP per SIZE con valutazione:
   Feature  Importance_intervento  Importance_original       Diff          valutazione
1      ESM              84.390302            71.311172  13.079130  correlazione spuria
3       ML              25.905601            13.095146  12.810455  correlazione spuria
4     HSPC              14.121776             4.500238   9.621538  correlazione spuria
6      PEG              10.433574             4.695935   5.737639  correlazione spuria
7     CHOL               0.843177             7.481076  -6.637899                     
2      FRR              35.046123            50.014536 -14.968413                     
9  AQUEOUS               0.122812            21.072928 -20.950116                     
8     CHIP               0.504584            25.547598 -25.043014                     
0   OUTPUT             334.001535           363.110586 -29.109051                     
5      TFR              10.956111            87.641093 -76.684982                     

PDI, do (ESM= 10.0)
INTERVENTO 6
media predizione PDI baseline ML: 0.263971405869464 media predizione PDI ML: 0.2462289178665304
media PDI baseline dag: 7.646519841269841 media PDI dag do(X): 7.646519841269841
errore medie pre intervento: -7.382548435400377 errore medie post intervento: -7.40029092340331
delta pre-post (dag) 0.0 delta pre-post (ML) -0.0177424880029336
percentuale delta_dag 0.0 percentuale delta_ml -6.72136739374999
differenza tra le percentuali dei delta: 6.72136739374999
criterio decisionale magnitudo: 0.0672136739374999 < 0.05240330126624779
 INTERVENTO 6: Il modello predittivo NON risponde bene all'intervento causale --> Eseguire analisi SHAP
Differenza valori SHAP per PDI con valutazione:
   Feature  Importance_intervento  Importance_original      Diff          valutazione
1       ML               0.027889             0.016590  0.011299  correlazione spuria
0   OUTPUT               0.110821             0.105808  0.005013                     
6      PEG               0.012344             0.007404  0.004940  correlazione spuria
5     HSPC               0.012973             0.008804  0.004169  correlazione spuria
9     CHIP               0.000067             0.001827 -0.001760                     
3      FRR               0.014028             0.016517 -0.002489                     
8  AQUEOUS               0.000113             0.002902 -0.002789                     
7      TFR               0.006103             0.013047 -0.006944                     
4     CHOL               0.013672             0.024991 -0.011319                     
2      ESM               0.018794             0.030911 -0.012117                     

SIZE, do (ESM= 10.0)
INTERVENTO 6
media predizione SIZE baseline ML: 300.5839440934704 media predizione SIZE ML: 251.94822269418708
media SIZE baseline dag: 1618.9817480609906 media SIZE dag do(X): 1618.9817480609906
errore medie pre intervento: -1318.3978039675203 errore medie post intervento: -1367.0335253668036
delta pre-post (dag) 0.0 delta pre-post (ML) -48.63572139928331
percentuale delta_dag 0.0 percentuale delta_ml -16.18041227916
differenza tra le percentuali dei delta: 16.18041227916
criterio decisionale magnitudo: 0.16180412279159997 < 0.08689002003258908
 INTERVENTO 6: Il modello predittivo NON risponde bene all'intervento causale --> Eseguire analisi SHAP
Differenza valori SHAP per SIZE con valutazione:
   Feature  Importance_intervento  Importance_original       Diff          valutazione
3       ML              25.989621            13.095146  12.894475  correlazione spuria
4     HSPC              13.901607             4.500238   9.401369  correlazione spuria
5      PEG              10.485549             4.695935   5.789614  correlazione spuria
7     CHOL               1.137189             7.481076  -6.343887                     
9  AQUEOUS               0.316993            21.072928 -20.755935                     
2      FRR              26.983539            50.014536 -23.030997                     
1      ESM              47.131113            71.311172 -24.180059                     
8     CHIP               0.345699            25.547598 -25.201899                     
6      TFR              10.218253            87.641093 -77.422840                     
0   OUTPUT             277.108711           363.110586 -86.001875                     

PDI, do (ESM= 15.0)
INTERVENTO 7
media predizione PDI baseline ML: 0.263971405869464 media predizione PDI ML: 0.24662670837791312
media PDI baseline dag: 7.646519841269841 media PDI dag do(X): 7.646519841269841
errore medie pre intervento: -7.382548435400377 errore medie post intervento: -7.399893132891928
delta pre-post (dag) 0.0 delta pre-post (ML) -0.017344697491550876
percentuale delta_dag 0.0 percentuale delta_ml -6.5706728478492735
differenza tra le percentuali dei delta: 6.5706728478492735
criterio decisionale magnitudo: 0.06570672847849274 < 0.05234941871947374
 INTERVENTO 7: Il modello predittivo NON risponde bene all'intervento causale --> Eseguire analisi SHAP
Differenza valori SHAP per PDI con valutazione:
   Feature  Importance_intervento  Importance_original      Diff          valutazione
1       ML               0.028002             0.016590  0.011412  correlazione spuria
0   OUTPUT               0.111744             0.105808  0.005936  correlazione spuria
6      PEG               0.012371             0.007404  0.004967  correlazione spuria
5     HSPC               0.013015             0.008804  0.004211  correlazione spuria
9     CHIP               0.000056             0.001827 -0.001771                     
3      FRR               0.014075             0.016517 -0.002442                     
8  AQUEOUS               0.000108             0.002902 -0.002794                     
7      TFR               0.006199             0.013047 -0.006848                     
4     CHOL               0.013479             0.024991 -0.011512                     
2      ESM               0.018366             0.030911 -0.012545                     

SIZE, do (ESM= 15.0)
INTERVENTO 7
media predizione SIZE baseline ML: 300.5839440934704 media predizione SIZE ML: 378.456555488869
media SIZE baseline dag: 1618.9817480609906 media SIZE dag do(X): 1618.9817480609906
errore medie pre intervento: -1318.3978039675203 errore medie post intervento: -1240.5251925721216
delta pre-post (dag) 0.0 delta pre-post (ML) 77.87261139539862
percentuale delta_dag 0.0 percentuale delta_ml 25.907109453319016
differenza tra le percentuali dei delta: 25.907109453319016
criterio decisionale magnitudo: 0.25907109453319016 < 0.10906609610623805
 INTERVENTO 7: Il modello predittivo NON risponde bene all'intervento causale --> Eseguire analisi SHAP
Differenza valori SHAP per SIZE con valutazione:
   Feature  Importance_intervento  Importance_original       Diff          valutazione
1      ESM              84.380687            71.311172  13.069515  correlazione spuria
3       ML              25.905601            13.095146  12.810455  correlazione spuria
4     HSPC              14.121776             4.500238   9.621538  correlazione spuria
6      PEG              10.433574             4.695935   5.737639  correlazione spuria
7     CHOL               0.843181             7.481076  -6.637895                     
2      FRR              35.046156            50.014536 -14.968380                     
9  AQUEOUS               0.122812            21.072928 -20.950116                     
8     CHIP               0.504584            25.547598 -25.043014                     
0   OUTPUT             334.003321           363.110586 -29.107265                     
5      TFR              10.951836            87.641093 -76.689257                     

PDI, do (ESM= 12.0)
INTERVENTO 8
media predizione PDI baseline ML: 0.263971405869464 media predizione PDI ML: 0.24658793414685062
media PDI baseline dag: 7.646519841269841 media PDI dag do(X): 7.646519841269841
errore medie pre intervento: -7.382548435400377 errore medie post intervento: -7.3999319071229905
delta pre-post (dag) 0.0 delta pre-post (ML) -0.01738347172261337
percentuale delta_dag 0.0 percentuale delta_ml -6.5853616475451275
differenza tra le percentuali dei delta: 6.5853616475451275
criterio decisionale magnitudo: 0.06585361647545128 < 0.05235467086666948
 INTERVENTO 8: Il modello predittivo NON risponde bene all'intervento causale --> Eseguire analisi SHAP
Differenza valori SHAP per PDI con valutazione:
   Feature  Importance_intervento  Importance_original      Diff          valutazione
1       ML               0.028003             0.016590  0.011413  correlazione spuria
0   OUTPUT               0.111701             0.105808  0.005893  correlazione spuria
6      PEG               0.012361             0.007404  0.004957  correlazione spuria
5     HSPC               0.013015             0.008804  0.004211  correlazione spuria
9     CHIP               0.000056             0.001827 -0.001771                     
3      FRR               0.014076             0.016517 -0.002441                     
8  AQUEOUS               0.000108             0.002902 -0.002794                     
7      TFR               0.006193             0.013047 -0.006854                     
4     CHOL               0.013476             0.024991 -0.011515                     
2      ESM               0.018389             0.030911 -0.012522                     

SIZE, do (ESM= 12.0)
INTERVENTO 8
media predizione SIZE baseline ML: 300.5839440934704 media predizione SIZE ML: 313.6780260993955
media SIZE baseline dag: 1618.9817480609906 media SIZE dag do(X): 1618.9817480609906
errore medie pre intervento: -1318.3978039675203 errore medie post intervento: -1305.303721961595
delta pre-post (dag) 0.0 delta pre-post (ML) 13.094082005925088
percentuale delta_dag 0.0 percentuale delta_ml 4.356214715797766
differenza tra le percentuali dei delta: 4.356214715797766
criterio decisionale magnitudo: 0.04356214715797766 < 0.05993181418121339
 INTERVENTO 8: Almeno uno dei due è zero
 INTERVENTO 8: Il modello predittivo risponde bene all'intervento causale

PDI, do (ESM= 24.779)
INTERVENTO 9
media predizione PDI baseline ML: 0.263971405869464 media predizione PDI ML: 0.2524760760174715
media PDI baseline dag: 7.646519841269841 media PDI dag do(X): 7.646519841269841
errore medie pre intervento: -7.382548435400377 errore medie post intervento: -7.39404376525237
delta pre-post (dag) 0.0 delta pre-post (ML) -0.011495329851992475
percentuale delta_dag 0.0 percentuale delta_ml -4.354763279806529
differenza tra le percentuali dei delta: 4.354763279806529
criterio decisionale magnitudo: 0.04354763279806529 < 0.05155709508072729
 INTERVENTO 9: Almeno uno dei due è zero
 INTERVENTO 9: Il modello predittivo risponde bene all'intervento causale

SIZE, do (ESM= 24.779)
INTERVENTO 9
media predizione SIZE baseline ML: 300.5839440934704 media predizione SIZE ML: 377.26819180863
media SIZE baseline dag: 1618.9817480609906 media SIZE dag do(X): 1618.9817480609906
errore medie pre intervento: -1318.3978039675203 errore medie post intervento: -1241.7135562523606
delta pre-post (dag) 0.0 delta pre-post (ML) 76.68424771515959
percentuale delta_dag 0.0 percentuale delta_ml 25.511757770838766
differenza tra le percentuali dei delta: 25.511757770838766
criterio decisionale magnitudo: 0.25511757770838767 < 0.1081647265221392
 INTERVENTO 9: Il modello predittivo NON risponde bene all'intervento causale --> Eseguire analisi SHAP
Differenza valori SHAP per SIZE con valutazione:
   Feature  Importance_intervento  Importance_original       Diff          valutazione
3       ML              25.882157            13.095146  12.787011  correlazione spuria
1      ESM              83.058717            71.311172  11.747545  correlazione spuria
4     HSPC              14.015893             4.500238   9.515655  correlazione spuria
6      PEG              10.430391             4.695935   5.734456  correlazione spuria
7     CHOL               0.842134             7.481076  -6.638942                     
2      FRR              35.071852            50.014536 -14.942684                     
9  AQUEOUS               0.125333            21.072928 -20.947595                     
8     CHIP               0.511498            25.547598 -25.036100                     
0   OUTPUT             332.508823           363.110586 -30.601763                     
5      TFR              10.697684            87.641093 -76.943409                     

PDI, do (ESM= 3.0)
INTERVENTO 10
media predizione PDI baseline ML: 0.263971405869464 media predizione PDI ML: 0.24701080333858608
media PDI baseline dag: 7.646519841269841 media PDI dag do(X): 7.646519841269841
errore medie pre intervento: -7.382548435400377 errore medie post intervento: -7.399509037931255
delta pre-post (dag) 0.0 delta pre-post (ML) -0.016960602530877916
percentuale delta_dag 0.0 percentuale delta_ml -6.425166572498036
differenza tra le percentuali dei delta: 6.425166572498036
criterio decisionale magnitudo: 0.06425166572498035 < 0.052297391297773166
 INTERVENTO 10: Il modello predittivo NON risponde bene all'intervento causale --> Eseguire analisi SHAP
Differenza valori SHAP per PDI con valutazione:
   Feature  Importance_intervento  Importance_original      Diff          valutazione
1       ML               0.027862             0.016590  0.011272  correlazione spuria
0   OUTPUT               0.110725             0.105808  0.004917                     
6      PEG               0.012226             0.007404  0.004822  correlazione spuria
5     HSPC               0.012868             0.008804  0.004064  correlazione spuria
9     CHIP               0.000063             0.001827 -0.001764                     
3      FRR               0.013935             0.016517 -0.002582                     
8  AQUEOUS               0.000116             0.002902 -0.002786                     
7      TFR               0.006039             0.013047 -0.007008                     
4     CHOL               0.013716             0.024991 -0.011275                     
2      ESM               0.018059             0.030911 -0.012852                     

SIZE, do (ESM= 3.0)
INTERVENTO 10
media predizione SIZE baseline ML: 300.5839440934704 media predizione SIZE ML: 250.8897397716167
media SIZE baseline dag: 1618.9817480609906 media SIZE dag do(X): 1618.9817480609906
errore medie pre intervento: -1318.3978039675203 errore medie post intervento: -1368.092008289374
delta pre-post (dag) 0.0 delta pre-post (ML) -49.694204321853704
percentuale delta_dag 0.0 percentuale delta_ml -16.532554482151802
differenza tra le percentuali dei delta: 16.532554482151802
criterio decisionale magnitudo: 0.165325544821518 < 0.08769287552839246
 INTERVENTO 10: Il modello predittivo NON risponde bene all'intervento causale --> Eseguire analisi SHAP
Differenza valori SHAP per SIZE con valutazione:
   Feature  Importance_intervento  Importance_original       Diff          valutazione
3       ML              25.990554            13.095146  12.895408  correlazione spuria
4     HSPC              13.901815             4.500238   9.401577  correlazione spuria
5      PEG              10.490605             4.695935   5.794670  correlazione spuria
7     CHOL               1.137638             7.481076  -6.343438                     
9  AQUEOUS               0.333178            21.072928 -20.739750                     
2      FRR              26.986784            50.014536 -23.027752                     
1      ESM              48.047410            71.311172 -23.263762                     
8     CHIP               0.345650            25.547598 -25.201948                     
6      TFR              10.137974            87.641093 -77.503119                     
0   OUTPUT             276.311327           363.110586 -86.799259                     

PDI, do (ESM= 4.95)
INTERVENTO 11
media predizione PDI baseline ML: 0.263971405869464 media predizione PDI ML: 0.24701874069817528
media PDI baseline dag: 7.646519841269841 media PDI dag do(X): 7.646519841269841
errore medie pre intervento: -7.382548435400377 errore medie post intervento: -7.3995011005716655
delta pre-post (dag) 0.0 delta pre-post (ML) -0.01695266517128871
percentuale delta_dag 0.0 percentuale delta_ml -6.422159671215276
differenza tra le percentuali dei delta: 6.422159671215276
criterio decisionale magnitudo: 0.06422159671215276 < 0.05229631614606118
 INTERVENTO 11: Il modello predittivo NON risponde bene all'intervento causale --> Eseguire analisi SHAP
Differenza valori SHAP per PDI con valutazione:
   Feature  Importance_intervento  Importance_original      Diff          valutazione
1       ML               0.027860             0.016590  0.011270  correlazione spuria
0   OUTPUT               0.110722             0.105808  0.004914                     
6      PEG               0.012226             0.007404  0.004822  correlazione spuria
5     HSPC               0.012863             0.008804  0.004059  correlazione spuria
9     CHIP               0.000063             0.001827 -0.001764                     
3      FRR               0.013934             0.016517 -0.002583                     
8  AQUEOUS               0.000116             0.002902 -0.002786                     
7      TFR               0.006039             0.013047 -0.007008                     
4     CHOL               0.013721             0.024991 -0.011270                     
2      ESM               0.018050             0.030911 -0.012861                     

SIZE, do (ESM= 4.95)
INTERVENTO 11
media predizione SIZE baseline ML: 300.5839440934704 media predizione SIZE ML: 250.890252968689
media SIZE baseline dag: 1618.9817480609906 media SIZE dag do(X): 1618.9817480609906
errore medie pre intervento: -1318.3978039675203 errore medie post intervento: -1368.0914950923016
delta pre-post (dag) 0.0 delta pre-post (ML) -49.693691124781395
percentuale delta_dag 0.0 percentuale delta_ml -16.53238374879016
differenza tra le percentuali dei delta: 16.53238374879016
criterio decisionale magnitudo: 0.1653238374879016 < 0.08769248627025587
 INTERVENTO 11: Il modello predittivo NON risponde bene all'intervento causale --> Eseguire analisi SHAP
Differenza valori SHAP per SIZE con valutazione:
   Feature  Importance_intervento  Importance_original       Diff          valutazione
3       ML              25.990554            13.095146  12.895408  correlazione spuria
4     HSPC              13.901815             4.500238   9.401577  correlazione spuria
5      PEG              10.490793             4.695935   5.794858  correlazione spuria
7     CHOL               1.137691             7.481076  -6.343385                     
9  AQUEOUS               0.333178            21.072928 -20.739750                     
2      FRR              26.986749            50.014536 -23.027787                     
1      ESM              48.047032            71.311172 -23.264140                     
8     CHIP               0.345650            25.547598 -25.201948                     
6      TFR              10.137952            87.641093 -77.503141                     
0   OUTPUT             276.311281           363.110586 -86.799305                     
