
PDI, do (ML= 0.0)
INTERVENTO 1
media predizione PDI baseline ML: 0.263971405869464 media predizione PDI ML: 0.28447707335581596
media PDI baseline dag: 7.646519841269841 media PDI dag do(X): 6.3451031746031745
errore medie pre intervento: -7.382548435400377 errore medie post intervento: -6.060626101247358
delta pre-post (dag) -1.3014166666666664 delta pre-post (ML) 0.020505667486351964
percentuale delta_dag -17.01972523032835 percentuale delta_ml 7.76813966604102
differenza tra le percentuali dei delta: 24.78786489636937
criterio decisionale magnitudo: 0.24787864896369372 < 0.2290604349866791
 INTERVENTO 1: Il modello predittivo NON risponde bene all'intervento causale --> Eseguire analisi SHAP
Differenza valori SHAP per PDI con valutazione:
   Feature  Importance_intervento  Importance_original      Diff          valutazione
1       ML               0.024712             0.016590  0.008122  correlazione spuria
5      PEG               0.012572             0.007404  0.005168  correlazione spuria
4     HSPC               0.013318             0.008804  0.004514  correlazione spuria
9     CHIP               0.000041             0.001827 -0.001786                     
8  AQUEOUS               0.000091             0.002902 -0.002811                     
0   OUTPUT               0.102348             0.105808 -0.003460                     
6      FRR               0.012465             0.016517 -0.004052                     
7      TFR               0.006190             0.013047 -0.006857                     
2     CHOL               0.015886             0.024991 -0.009105                     
3      ESM               0.014495             0.030911 -0.016416                     

SIZE, do (ML= 0.0)
INTERVENTO 1
media predizione SIZE baseline ML: 300.5839440934704 media predizione SIZE ML: 257.70735919970815
media SIZE baseline dag: 1618.9817480609906 media SIZE dag do(X): 807.7320203252032
errore medie pre intervento: -1318.3978039675203 errore medie post intervento: -550.024661125495
delta pre-post (dag) -811.2497277357875 delta pre-post (ML) -42.87658489376224
percentuale delta_dag -50.10863950179788 percentuale delta_ml -14.26442953334501
differenza tra le percentuali dei delta: 35.84420996845287
criterio decisionale magnitudo: 0.3584420996845287 < 0.6328082696510278
 INTERVENTO 1: Il modello predittivo risponde bene all'intervento causale

PDI, do (ML= 1.0)
INTERVENTO 2
media predizione PDI baseline ML: 0.263971405869464 media predizione PDI ML: 0.23603616828221677
media PDI baseline dag: 7.646519841269841 media PDI dag do(X): 6.3451031746031745
errore medie pre intervento: -7.382548435400377 errore medie post intervento: -6.109067006320958
delta pre-post (dag) -1.3014166666666664 delta pre-post (ML) -0.027935237587247225
percentuale delta_dag -17.01972523032835 percentuale delta_ml -10.582675610350549
differenza tra le percentuali dei delta: 6.4370496199778025
criterio decisionale magnitudo: 0.06437049619977803 < 0.2224988925196743
 INTERVENTO 2: Il modello predittivo risponde bene all'intervento causale

SIZE, do (ML= 1.0)
INTERVENTO 2
media predizione SIZE baseline ML: 300.5839440934704 media predizione SIZE ML: 314.33022029573124
media SIZE baseline dag: 1618.9817480609906 media SIZE dag do(X): 807.7320203252032
errore medie pre intervento: -1318.3978039675203 errore medie post intervento: -493.40180002947193
delta pre-post (dag) -811.2497277357875 delta pre-post (ML) 13.746276202260844
percentuale delta_dag -50.10863950179788 percentuale delta_ml 4.573190442263365
differenza tra le percentuali dei delta: 54.68182994406125
criterio decisionale magnitudo: 0.5468182994406124 < 0.6757565064621215
 INTERVENTO 2: Il modello predittivo NON risponde bene all'intervento causale --> Eseguire analisi SHAP
Differenza valori SHAP per SIZE con valutazione:
   Feature  Importance_intervento  Importance_original       Diff          valutazione
4     HSPC              13.605589             4.500238   9.105351  correlazione spuria
6      PEG              10.135898             4.695935   5.439963  correlazione spuria
3       ML              17.591476            13.095146   4.496330  correlazione spuria
1      ESM              69.914172            71.311172  -1.397000                     
7     CHOL               1.138051             7.481076  -6.343025                     
9  AQUEOUS               0.210127            21.072928 -20.862801                     
2      FRR              29.136695            50.014536 -20.877841                     
8     CHIP               0.458480            25.547598 -25.089118                     
0   OUTPUT             313.755114           363.110586 -49.355472                     
5      TFR              10.892019            87.641093 -76.749074                     
