
PDI, do (PEG= 1.0)
INTERVENTO 1
media predizione PDI baseline ML: 0.263971405869464 media predizione PDI ML: 0.270797198815444
media PDI baseline dag: 7.646519841269841 media PDI dag do(X): 7.646519841269841
errore medie pre intervento: -7.382548435400377 errore medie post intervento: -7.375722642454397
delta pre-post (dag) 0.0 delta pre-post (ML) 0.006825792945980014
percentuale delta_dag 0.0 percentuale delta_ml 2.585807702731039
differenza tra le percentuali dei delta: 2.585807702731039
criterio decisionale magnitudo: 0.02585807702731039 < 0.050924584918840415
 INTERVENTO 1: Almeno uno dei due è zero
 INTERVENTO 1: Il modello predittivo risponde bene all'intervento causale

SIZE, do (PEG= 1.0)
INTERVENTO 1
media predizione SIZE baseline ML: 300.5839440934704 media predizione SIZE ML: 284.19337613927905
media SIZE baseline dag: 1618.9817480609906 media SIZE dag do(X): 1618.9817480609906
errore medie pre intervento: -1318.3978039675203 errore medie post intervento: -1334.7883719217116
delta pre-post (dag) 0.0 delta pre-post (ML) -16.39056795419134
percentuale delta_dag 0.0 percentuale delta_ml -5.452908672026236
differenza tra le percentuali dei delta: 5.452908672026236
criterio decisionale magnitudo: 0.05452908672026236 < 0.06243218693543506
 INTERVENTO 1: Almeno uno dei due è zero
 INTERVENTO 1: Il modello predittivo risponde bene all'intervento causale

PDI, do (PEG= 3.75)
INTERVENTO 2
media predizione PDI baseline ML: 0.263971405869464 media predizione PDI ML: 0.27789264529014723
media PDI baseline dag: 7.646519841269841 media PDI dag do(X): 7.646519841269841
errore medie pre intervento: -7.382548435400377 errore medie post intervento: -7.368627195979694
delta pre-post (dag) 0.0 delta pre-post (ML) 0.01392123942068324
percentuale delta_dag 0.0 percentuale delta_ml 5.273767957870182
differenza tra le percentuali dei delta: 5.273767957870182
criterio decisionale magnitudo: 0.05273767957870182 < 0.051885695643245466
 INTERVENTO 2: Il modello predittivo NON risponde bene all'intervento causale --> Eseguire analisi SHAP
Differenza valori SHAP per PDI con valutazione:
   Feature  Importance_intervento  Importance_original      Diff          valutazione
1       ML               0.028866             0.016590  0.012276  correlazione spuria
3      PEG               0.014687             0.007404  0.007283  correlazione spuria
5     HSPC               0.013427             0.008804  0.004623  correlazione spuria
0   OUTPUT               0.105503             0.105808 -0.000305                     
9     CHIP               0.000048             0.001827 -0.001779                     
8  AQUEOUS               0.000095             0.002902 -0.002807                     
6      FRR               0.012972             0.016517 -0.003545                     
7      TFR               0.006341             0.013047 -0.006706                     
4     CHOL               0.014167             0.024991 -0.010824                     
2      ESM               0.015182             0.030911 -0.015729                     

SIZE, do (PEG= 3.75)
INTERVENTO 2
media predizione SIZE baseline ML: 300.5839440934704 media predizione SIZE ML: 283.88309694329365
media SIZE baseline dag: 1618.9817480609906 media SIZE dag do(X): 1618.9817480609906
errore medie pre intervento: -1318.3978039675203 errore medie post intervento: -1335.098651117697
delta pre-post (dag) 0.0 delta pre-post (ML) -16.70084715017674
percentuale delta_dag 0.0 percentuale delta_ml -5.556134144338529
differenza tra le percentuali dei delta: 5.556134144338529
criterio decisionale magnitudo: 0.05556134144338529 < 0.06266753259139089
 INTERVENTO 2: Almeno uno dei due è zero
 INTERVENTO 2: Il modello predittivo risponde bene all'intervento causale

PDI, do (PEG= 3.0)
INTERVENTO 3
media predizione PDI baseline ML: 0.263971405869464 media predizione PDI ML: 0.27074210143192995
media PDI baseline dag: 7.646519841269841 media PDI dag do(X): 7.646519841269841
errore medie pre intervento: -7.382548435400377 errore medie post intervento: -7.375777739837911
delta pre-post (dag) 0.0 delta pre-post (ML) 0.006770695562465956
percentuale delta_dag 0.0 percentuale delta_ml 2.5649352209815177
differenza tra le percentuali dei delta: 2.5649352209815177
criterio decisionale magnitudo: 0.025649352209815176 < 0.050917121725879824
 INTERVENTO 3: Almeno uno dei due è zero
 INTERVENTO 3: Il modello predittivo risponde bene all'intervento causale

SIZE, do (PEG= 3.0)
INTERVENTO 3
media predizione SIZE baseline ML: 300.5839440934704 media predizione SIZE ML: 283.5605745885085
media SIZE baseline dag: 1618.9817480609906 media SIZE dag do(X): 1618.9817480609906
errore medie pre intervento: -1318.3978039675203 errore medie post intervento: -1335.4211734724822
delta pre-post (dag) 0.0 delta pre-post (ML) -17.02336950496192
percentuale delta_dag 0.0 percentuale delta_ml -5.663432741327091
differenza tra le percentuali dei delta: 5.663432741327091
criterio decisionale magnitudo: 0.05663432741327091 < 0.06291216463933165
 INTERVENTO 3: Almeno uno dei due è zero
 INTERVENTO 3: Il modello predittivo risponde bene all'intervento causale

PDI, do (PEG= 1.25)
INTERVENTO 4
media predizione PDI baseline ML: 0.263971405869464 media predizione PDI ML: 0.2707926763229558
media PDI baseline dag: 7.646519841269841 media PDI dag do(X): 7.646519841269841
errore medie pre intervento: -7.382548435400377 errore medie post intervento: -7.375727164946885
delta pre-post (dag) 0.0 delta pre-post (ML) 0.00682127045349179
percentuale delta_dag 0.0 percentuale delta_ml 2.5840944518305
differenza tra le percentuali dei delta: 2.5840944518305
criterio decisionale magnitudo: 0.025840944518305 < 0.05092397232651845
 INTERVENTO 4: Almeno uno dei due è zero
 INTERVENTO 4: Il modello predittivo risponde bene all'intervento causale

SIZE, do (PEG= 1.25)
INTERVENTO 4
media predizione SIZE baseline ML: 300.5839440934704 media predizione SIZE ML: 283.80323771148
media SIZE baseline dag: 1618.9817480609906 media SIZE dag do(X): 1618.9817480609906
errore medie pre intervento: -1318.3978039675203 errore medie post intervento: -1335.1785103495106
delta pre-post (dag) 0.0 delta pre-post (ML) -16.7807063819904
percentuale delta_dag 0.0 percentuale delta_ml -5.582702174129508
differenza tra le percentuali dei delta: 5.582702174129508
criterio decisionale magnitudo: 0.055827021741295085 < 0.06272810553195042
 INTERVENTO 4: Almeno uno dei due è zero
 INTERVENTO 4: Il modello predittivo risponde bene all'intervento causale

PDI, do (PEG= 0.0)
INTERVENTO 5
media predizione PDI baseline ML: 0.263971405869464 media predizione PDI ML: 0.25088043806913257
media PDI baseline dag: 7.646519841269841 media PDI dag do(X): 7.646519841269841
errore medie pre intervento: -7.382548435400377 errore medie post intervento: -7.3956394032007085
delta pre-post (dag) 0.0 delta pre-post (ML) -0.013090967800331421
percentuale delta_dag 0.0 percentuale delta_ml -4.959237064792166
differenza tra le percentuali dei delta: 4.959237064792166
criterio decisionale magnitudo: 0.049592370647921664 < 0.05177323154936017
 INTERVENTO 5: Almeno uno dei due è zero
 INTERVENTO 5: Il modello predittivo risponde bene all'intervento causale

SIZE, do (PEG= 0.0)
INTERVENTO 5
media predizione SIZE baseline ML: 300.5839440934704 media predizione SIZE ML: 306.22687745174693
media SIZE baseline dag: 1618.9817480609906 media SIZE dag do(X): 1618.9817480609906
errore medie pre intervento: -1318.3978039675203 errore medie post intervento: -1312.7548706092437
delta pre-post (dag) 0.0 delta pre-post (ML) 5.642933358276537
percentuale delta_dag 0.0 percentuale delta_ml 1.8773236126417303
differenza tra le percentuali dei delta: 1.8773236126417303
criterio decisionale magnitudo: 0.018773236126417302 < 0.05428014468872376
 INTERVENTO 5: Almeno uno dei due è zero
 INTERVENTO 5: Il modello predittivo risponde bene all'intervento causale

PDI, do (PEG= 3.8548)
INTERVENTO 6
media predizione PDI baseline ML: 0.263971405869464 media predizione PDI ML: 0.2779869607533414
media PDI baseline dag: 7.646519841269841 media PDI dag do(X): 7.646519841269841
errore medie pre intervento: -7.382548435400377 errore medie post intervento: -7.3685328805165
delta pre-post (dag) 0.0 delta pre-post (ML) 0.014015554883877401
percentuale delta_dag 0.0 percentuale delta_ml 5.309497382003643
differenza tra le percentuali dei delta: 5.309497382003643
criterio decisionale magnitudo: 0.05309497382003643 < 0.05189847110472999
 INTERVENTO 6: Il modello predittivo NON risponde bene all'intervento causale --> Eseguire analisi SHAP
Differenza valori SHAP per PDI con valutazione:
   Feature  Importance_intervento  Importance_original      Diff          valutazione
1       ML               0.028877             0.016590  0.012287  correlazione spuria
3      PEG               0.014757             0.007404  0.007353  correlazione spuria
5     HSPC               0.013432             0.008804  0.004628  correlazione spuria
0   OUTPUT               0.105489             0.105808 -0.000319                     
9     CHIP               0.000045             0.001827 -0.001782                     
8  AQUEOUS               0.000089             0.002902 -0.002813                     
6      FRR               0.012978             0.016517 -0.003539                     
7      TFR               0.006399             0.013047 -0.006648                     
4     CHOL               0.014223             0.024991 -0.010768                     
2      ESM               0.015192             0.030911 -0.015719                     

SIZE, do (PEG= 3.8548)
INTERVENTO 6
media predizione SIZE baseline ML: 300.5839440934704 media predizione SIZE ML: 283.9916274080451
media SIZE baseline dag: 1618.9817480609906 media SIZE dag do(X): 1618.9817480609906
errore medie pre intervento: -1318.3978039675203 errore medie post intervento: -1334.9901206529455
delta pre-post (dag) 0.0 delta pre-post (ML) -16.592316685425317
percentuale delta_dag 0.0 percentuale delta_ml -5.520027603425726
differenza tra le percentuali dei delta: 5.520027603425726
criterio decisionale magnitudo: 0.05520027603425726 < 0.06258521262360504
 INTERVENTO 6: Almeno uno dei due è zero
 INTERVENTO 6: Il modello predittivo risponde bene all'intervento causale

PDI, do (PEG= 2.8492)
INTERVENTO 7
media predizione PDI baseline ML: 0.263971405869464 media predizione PDI ML: 0.27067872622177336
media PDI baseline dag: 7.646519841269841 media PDI dag do(X): 7.646519841269841
errore medie pre intervento: -7.382548435400377 errore medie post intervento: -7.375841115048067
delta pre-post (dag) 0.0 delta pre-post (ML) 0.006707320352309365
percentuale delta_dag 0.0 percentuale delta_ml 2.540926859186479
differenza tra le percentuali dei delta: 2.540926859186479
criterio decisionale magnitudo: 0.025409268591864792 < 0.050908537263385505
 INTERVENTO 7: Almeno uno dei due è zero
 INTERVENTO 7: Il modello predittivo risponde bene all'intervento causale

SIZE, do (PEG= 2.8492)
INTERVENTO 7
media predizione SIZE baseline ML: 300.5839440934704 media predizione SIZE ML: 283.5067426112764
media SIZE baseline dag: 1618.9817480609906 media SIZE dag do(X): 1618.9817480609906
errore medie pre intervento: -1318.3978039675203 errore medie post intervento: -1335.4750054497142
delta pre-post (dag) 0.0 delta pre-post (ML) -17.07720148219397
percentuale delta_dag 0.0 percentuale delta_ml -5.681341873963699
differenza tra le percentuali dei delta: 5.681341873963699
criterio decisionale magnitudo: 0.056813418739636995 < 0.06295299600075382
 INTERVENTO 7: Almeno uno dei due è zero
 INTERVENTO 7: Il modello predittivo risponde bene all'intervento causale

PDI, do (PEG= 3.3520000000000003)
INTERVENTO 8
media predizione PDI baseline ML: 0.263971405869464 media predizione PDI ML: 0.2776927312011916
media PDI baseline dag: 7.646519841269841 media PDI dag do(X): 7.646519841269841
errore medie pre intervento: -7.382548435400377 errore medie post intervento: -7.36882711006865
delta pre-post (dag) 0.0 delta pre-post (ML) 0.013721325331727596
percentuale delta_dag 0.0 percentuale delta_ml 5.198034721424677
differenza tra le percentuali dei delta: 5.198034721424677
criterio decisionale magnitudo: 0.05198034721424677 < 0.05185861636422614
 INTERVENTO 8: Il modello predittivo NON risponde bene all'intervento causale --> Eseguire analisi SHAP
Differenza valori SHAP per PDI con valutazione:
   Feature  Importance_intervento  Importance_original      Diff          valutazione
1       ML               0.028845             0.016590  0.012255  correlazione spuria
3      PEG               0.014527             0.007404  0.007123  correlazione spuria
5     HSPC               0.013399             0.008804  0.004595  correlazione spuria
0   OUTPUT               0.105542             0.105808 -0.000266                     
9     CHIP               0.000050             0.001827 -0.001777                     
8  AQUEOUS               0.000097             0.002902 -0.002805                     
6      FRR               0.012974             0.016517 -0.003543                     
7      TFR               0.006242             0.013047 -0.006805                     
4     CHOL               0.014061             0.024991 -0.010930                     
2      ESM               0.015177             0.030911 -0.015734                     

SIZE, do (PEG= 3.3520000000000003)
INTERVENTO 8
media predizione SIZE baseline ML: 300.5839440934704 media predizione SIZE ML: 283.57950796463746
media SIZE baseline dag: 1618.9817480609906 media SIZE dag do(X): 1618.9817480609906
errore medie pre intervento: -1318.3978039675203 errore medie post intervento: -1335.4022400963531
delta pre-post (dag) 0.0 delta pre-post (ML) -17.004436128832936
percentuale delta_dag 0.0 percentuale delta_ml -5.657133876567003
differenza tra le percentuali dei delta: 5.657133876567003
criterio decisionale magnitudo: 0.056571338765670026 < 0.06289780374152666
 INTERVENTO 8: Almeno uno dei due è zero
 INTERVENTO 8: Il modello predittivo risponde bene all'intervento causale

PDI, do (PEG= 4.19)
INTERVENTO 9
media predizione PDI baseline ML: 0.263971405869464 media predizione PDI ML: 0.2779758123160357
media PDI baseline dag: 7.646519841269841 media PDI dag do(X): 7.646519841269841
errore medie pre intervento: -7.382548435400377 errore medie post intervento: -7.368544028953806
delta pre-post (dag) 0.0 delta pre-post (ML) 0.014004406446571693
percentuale delta_dag 0.0 percentuale delta_ml 5.305274031649089
differenza tra le percentuali dei delta: 5.305274031649089
criterio decisionale magnitudo: 0.0530527403164909 < 0.05189696099783352
 INTERVENTO 9: Il modello predittivo NON risponde bene all'intervento causale --> Eseguire analisi SHAP
Differenza valori SHAP per PDI con valutazione:
   Feature  Importance_intervento  Importance_original      Diff          valutazione
1       ML               0.028875             0.016590  0.012285  correlazione spuria
3      PEG               0.014746             0.007404  0.007342  correlazione spuria
5     HSPC               0.013431             0.008804  0.004627  correlazione spuria
0   OUTPUT               0.105491             0.105808 -0.000317                     
9     CHIP               0.000045             0.001827 -0.001782                     
8  AQUEOUS               0.000090             0.002902 -0.002812                     
6      FRR               0.012981             0.016517 -0.003536                     
7      TFR               0.006403             0.013047 -0.006644                     
4     CHOL               0.014211             0.024991 -0.010780                     
2      ESM               0.015191             0.030911 -0.015720                     

SIZE, do (PEG= 4.19)
INTERVENTO 9
media predizione SIZE baseline ML: 300.5839440934704 media predizione SIZE ML: 284.00487108327695
media SIZE baseline dag: 1618.9817480609906 media SIZE dag do(X): 1618.9817480609906
errore medie pre intervento: -1318.3978039675203 errore medie post intervento: -1334.9768769777138
delta pre-post (dag) 0.0 delta pre-post (ML) -16.57907301019344
percentuale delta_dag 0.0 percentuale delta_ml -5.515621621172809
differenza tra le percentuali dei delta: 5.515621621172809
criterio decisionale magnitudo: 0.05515621621172809 < 0.06257516734349926
 INTERVENTO 9: Almeno uno dei due è zero
 INTERVENTO 9: Il modello predittivo risponde bene all'intervento causale

PDI, do (PEG= 2.514)
INTERVENTO 10
media predizione PDI baseline ML: 0.263971405869464 media predizione PDI ML: 0.2704846448431622
media PDI baseline dag: 7.646519841269841 media PDI dag do(X): 7.646519841269841
errore medie pre intervento: -7.382548435400377 errore medie post intervento: -7.376035196426678
delta pre-post (dag) 0.0 delta pre-post (ML) 0.00651323897369821
percentuale delta_dag 0.0 percentuale delta_ml 2.46740322204408
differenza tra le percentuali dei delta: 2.46740322204408
criterio decisionale magnitudo: 0.0246740322204408 < 0.05088224805169807
 INTERVENTO 10: Almeno uno dei due è zero
 INTERVENTO 10: Il modello predittivo risponde bene all'intervento causale

SIZE, do (PEG= 2.514)
INTERVENTO 10
media predizione SIZE baseline ML: 300.5839440934704 media predizione SIZE ML: 283.5071527005573
media SIZE baseline dag: 1618.9817480609906 media SIZE dag do(X): 1618.9817480609906
errore medie pre intervento: -1318.3978039675203 errore medie post intervento: -1335.4745953604333
delta pre-post (dag) 0.0 delta pre-post (ML) -17.076791392913094
percentuale delta_dag 0.0 percentuale delta_ml -5.681205443096737
differenza tra le percentuali dei delta: 5.681205443096737
criterio decisionale magnitudo: 0.056812054430967374 < 0.0629526849495069
 INTERVENTO 10: Almeno uno dei due è zero
 INTERVENTO 10: Il modello predittivo risponde bene all'intervento causale

PDI, do (PEG= 3.192)
INTERVENTO 11
media predizione PDI baseline ML: 0.263971405869464 media predizione PDI ML: 0.271866326392734
media PDI baseline dag: 7.646519841269841 media PDI dag do(X): 7.646519841269841
errore medie pre intervento: -7.382548435400377 errore medie post intervento: -7.374653514877107
delta pre-post (dag) 0.0 delta pre-post (ML) 0.00789492052327001
percentuale delta_dag 0.0 percentuale delta_ml 2.990824137662135
differenza tra le percentuali dei delta: 2.990824137662135
criterio decisionale magnitudo: 0.02990824137662135 < 0.05106940314612947
 INTERVENTO 11: Almeno uno dei due è zero
 INTERVENTO 11: Il modello predittivo risponde bene all'intervento causale

SIZE, do (PEG= 3.192)
INTERVENTO 11
media predizione SIZE baseline ML: 300.5839440934704 media predizione SIZE ML: 283.57647998319925
media SIZE baseline dag: 1618.9817480609906 media SIZE dag do(X): 1618.9817480609906
errore medie pre intervento: -1318.3978039675203 errore medie post intervento: -1335.4052680777913
delta pre-post (dag) 0.0 delta pre-post (ML) -17.007464110271144
percentuale delta_dag 0.0 percentuale delta_ml -5.6581412428943505
differenza tra le percentuali dei delta: 5.6581412428943505
criterio decisionale magnitudo: 0.0565814124289435 < 0.0629001004545742
 INTERVENTO 11: Almeno uno dei due è zero
 INTERVENTO 11: Il modello predittivo risponde bene all'intervento causale
