
PDI, do (CHIP= 0.0)
INTERVENTO 1
media predizione PDI baseline ML: 0.263971405869464 media predizione PDI ML: 0.2639556180068088
media PDI baseline dag: 7.646519841269841 media PDI dag do(X): 4.9889743867243865
errore medie pre intervento: -7.382548435400377 errore medie post intervento: -4.725018768717578
delta pre-post (dag) -2.6575454545454544 delta pre-post (ML) -1.578786265521437e-05
percentuale delta_dag -34.75496709237756 percentuale delta_ml -0.005980898803494495
differenza tra le percentuali dei delta: 34.74898619357407
criterio decisionale magnitudo: 0.3474898619357407 < 0.4099745656851452
 INTERVENTO 1: Il modello predittivo risponde bene all'intervento causale

SIZE, do (CHIP= 0.0)
INTERVENTO 1
media predizione SIZE baseline ML: 300.5839440934704 media predizione SIZE ML: 300.9331231497993
media SIZE baseline dag: 1618.9817480609906 media SIZE dag do(X): 655.8213227611942
errore medie pre intervento: -1318.3978039675203 errore medie post intervento: -354.8881996113949
delta pre-post (dag) -963.1604252997964 delta pre-post (ML) 0.34917905632892143
percentuale delta_dag -59.491740808897134 percentuale delta_ml 0.11616690218834169
differenza tra le percentuali dei delta: 59.607907711085474
criterio decisionale magnitudo: 0.5960790771108547 < 0.7808185749828982
 INTERVENTO 1: Il modello predittivo NON risponde bene all'intervento causale --> Eseguire analisi SHAP
Differenza valori SHAP per SIZE con valutazione:
   Feature  Importance_intervento  Importance_original       Diff          valutazione
3       ML              25.550601            13.095146  12.455455  correlazione spuria
4     HSPC              13.628522             4.500238   9.128284  correlazione spuria
6      PEG              10.169907             4.695935   5.473972  correlazione spuria
1      ESM              69.707010            71.311172  -1.604162                     
7     CHOL               1.146652             7.481076  -6.334424                     
9  AQUEOUS               0.196307            21.072928 -20.876621                     
2      FRR              28.282332            50.014536 -21.732204                     
8     CHIP               0.322301            25.547598 -25.225297                     
0   OUTPUT             293.635919           363.110586 -69.474667                     
5      TFR              10.367713            87.641093 -77.273380                     

PDI, do (CHIP= 1.0)
INTERVENTO 2
media predizione PDI baseline ML: 0.263971405869464 media predizione PDI ML: 0.2639934342191259
media PDI baseline dag: 7.646519841269841 media PDI dag do(X): 4.9889743867243865
errore medie pre intervento: -7.382548435400377 errore medie post intervento: -4.724980952505261
delta pre-post (dag) -2.6575454545454544 delta pre-post (ML) 2.20283496619178e-05
percentuale delta_dag -34.75496709237756 percentuale delta_ml 0.008344975695136843
differenza tra le percentuali dei delta: 34.7633120680727
criterio decisionale magnitudo: 0.347633120680727 < 0.40997968806431384
 INTERVENTO 2: Il modello predittivo NON risponde bene all'intervento causale --> Eseguire analisi SHAP
Differenza valori SHAP per PDI con valutazione:
   Feature  Importance_intervento  Importance_original      Diff          valutazione
1       ML               0.027699             0.016590  0.011109  correlazione spuria
6      PEG               0.012091             0.007404  0.004687  correlazione spuria
5     HSPC               0.012776             0.008804  0.003972  correlazione spuria
0   OUTPUT               0.109516             0.105808  0.003708                     
9     CHIP               0.000075             0.001827 -0.001752                     
4      FRR               0.014257             0.016517 -0.002260                     
8  AQUEOUS               0.000107             0.002902 -0.002795                     
7      TFR               0.006297             0.013047 -0.006750                     
3     CHOL               0.014345             0.024991 -0.010646                     
2      ESM               0.014734             0.030911 -0.016177                     

SIZE, do (CHIP= 1.0)
INTERVENTO 2
media predizione SIZE baseline ML: 300.5839440934704 media predizione SIZE ML: 299.8180968463518
media SIZE baseline dag: 1618.9817480609906 media SIZE dag do(X): 655.8213227611942
errore medie pre intervento: -1318.3978039675203 errore medie post intervento: -356.0032259148424
delta pre-post (dag) -963.1604252997964 delta pre-post (ML) -0.765847247118586
percentuale delta_dag -59.491740808897134 percentuale delta_ml -0.25478647884147665
differenza tra le percentuali dei delta: 59.23695433005566
criterio decisionale magnitudo: 0.5923695433005566 < 0.7799728315357443
 INTERVENTO 2: Il modello predittivo risponde bene all'intervento causale
