1.1: AQUEOUS -> FRR, AQUEOUS -> SIZE
1.2: AQUEOUS -> FRR, FRR -> SIZE
1.3: AQUEOUS -> SIZE, FRR -> SIZE
1.4: AQUEOUS -> FRR, AQUEOUS -> SIZE, FRR -> SIZE
1.5: FRR -> AQUEOUS, FRR -> SIZE
1.6: FRR -> AQUEOUS, AQUEOUS -> SIZE
1.7: FRR -> AQUEOUS, FRR -> SIZE, AQUEOUS -> SIZE
2.1: AQUEOUS -> FRR, AQUEOUS -> PDI
2.2: AQUEOUS -> FRR, FRR -> PDI
2.3: AQUEOUS -> PDI, FRR -> PDI
2.4: AQUEOUS -> FRR, AQUEOUS -> PDI, FRR -> PDI
2.5: FRR -> AQUEOUS, FRR -> PDI
2.6: FRR -> AQUEOUS, AQUEOUS -> PDI
2.7: FRR -> AQUEOUS, FRR -> PDI, AQUEOUS -> PDI
3.1: AQUEOUS -> FRR, AQUEOUS -> TFR
3.2: AQUEOUS -> FRR, FRR -> TFR
3.3: AQUEOUS -> TFR, FRR -> TFR
3.4: AQUEOUS -> FRR, AQUEOUS -> TFR, FRR -> TFR
3.5: AQUEOUS -> TFR, TFR -> FRR
3.6: AQUEOUS -> FRR, TFR -> FRR
3.7: AQUEOUS -> TFR, AQUEOUS -> FRR, TFR -> FRR
3.8: FRR -> AQUEOUS, FRR -> TFR
3.9: FRR -> AQUEOUS, AQUEOUS -> TFR
3.10: FRR -> AQUEOUS, FRR -> TFR, AQUEOUS -> TFR
3.11: FRR -> TFR, TFR -> AQUEOUS
3.12: FRR -> AQUEOUS, TFR -> AQUEOUS
3.13: FRR -> TFR, FRR -> AQUEOUS, TFR -> AQUEOUS
3.14: TFR -> AQUEOUS, TFR -> FRR
3.15: TFR -> AQUEOUS, AQUEOUS -> FRR
3.16: TFR -> AQUEOUS, TFR -> FRR, AQUEOUS -> FRR
3.17: TFR -> FRR, FRR -> AQUEOUS
3.18: TFR -> FRR, TFR -> AQUEOUS, FRR -> AQUEOUS
4.1: AQUEOUS -> FRR, AQUEOUS -> ESM
4.2: AQUEOUS -> FRR, FRR -> ESM
4.3: AQUEOUS -> ESM, FRR -> ESM
4.4: AQUEOUS -> FRR, AQUEOUS -> ESM, FRR -> ESM
4.5: AQUEOUS -> ESM, ESM -> FRR
4.6: AQUEOUS -> FRR, ESM -> FRR
4.7: AQUEOUS -> ESM, AQUEOUS -> FRR, ESM -> FRR
4.8: FRR -> AQUEOUS, FRR -> ESM
4.9: FRR -> AQUEOUS, AQUEOUS -> ESM
4.10: FRR -> AQUEOUS, FRR -> ESM, AQUEOUS -> ESM
4.11: FRR -> ESM, ESM -> AQUEOUS
4.12: FRR -> AQUEOUS, ESM -> AQUEOUS
4.13: FRR -> ESM, FRR -> AQUEOUS, ESM -> AQUEOUS
4.14: ESM -> AQUEOUS, ESM -> FRR
4.15: ESM -> AQUEOUS, AQUEOUS -> FRR
4.16: ESM -> AQUEOUS, ESM -> FRR, AQUEOUS -> FRR
4.17: ESM -> FRR, FRR -> AQUEOUS
4.18: ESM -> FRR, ESM -> AQUEOUS, FRR -> AQUEOUS
5.1: AQUEOUS -> FRR, AQUEOUS -> HSPC
5.2: AQUEOUS -> FRR, FRR -> HSPC
5.3: AQUEOUS -> HSPC, FRR -> HSPC
5.4: AQUEOUS -> FRR, AQUEOUS -> HSPC, FRR -> HSPC
5.5: AQUEOUS -> HSPC, HSPC -> FRR
5.6: AQUEOUS -> FRR, HSPC -> FRR
5.7: AQUEOUS -> HSPC, AQUEOUS -> FRR, HSPC -> FRR
5.8: FRR -> AQUEOUS, FRR -> HSPC
5.9: FRR -> AQUEOUS, AQUEOUS -> HSPC
5.10: FRR -> AQUEOUS, FRR -> HSPC, AQUEOUS -> HSPC
5.11: FRR -> HSPC, HSPC -> AQUEOUS
5.12: FRR -> AQUEOUS, HSPC -> AQUEOUS
5.13: FRR -> HSPC, FRR -> AQUEOUS, HSPC -> AQUEOUS
5.14: HSPC -> AQUEOUS, HSPC -> FRR
5.15: HSPC -> AQUEOUS, AQUEOUS -> FRR
5.16: HSPC -> AQUEOUS, HSPC -> FRR, AQUEOUS -> FRR
5.17: HSPC -> FRR, FRR -> AQUEOUS
5.18: HSPC -> FRR, HSPC -> AQUEOUS, FRR -> AQUEOUS
6.1: AQUEOUS -> FRR, AQUEOUS -> CHOL
6.2: AQUEOUS -> FRR, FRR -> CHOL
6.3: AQUEOUS -> CHOL, FRR -> CHOL
6.4: AQUEOUS -> FRR, AQUEOUS -> CHOL, FRR -> CHOL
6.5: AQUEOUS -> CHOL, CHOL -> FRR
6.6: AQUEOUS -> FRR, CHOL -> FRR
6.7: AQUEOUS -> CHOL, AQUEOUS -> FRR, CHOL -> FRR
6.8: FRR -> AQUEOUS, FRR -> CHOL
6.9: FRR -> AQUEOUS, AQUEOUS -> CHOL
6.10: FRR -> AQUEOUS, FRR -> CHOL, AQUEOUS -> CHOL
6.11: FRR -> CHOL, CHOL -> AQUEOUS
6.12: FRR -> AQUEOUS, CHOL -> AQUEOUS
6.13: FRR -> CHOL, FRR -> AQUEOUS, CHOL -> AQUEOUS
6.14: CHOL -> AQUEOUS, CHOL -> FRR
6.15: CHOL -> AQUEOUS, AQUEOUS -> FRR
6.16: CHOL -> AQUEOUS, CHOL -> FRR, AQUEOUS -> FRR
6.17: CHOL -> FRR, FRR -> AQUEOUS
6.18: CHOL -> FRR, CHOL -> AQUEOUS, FRR -> AQUEOUS
7.1: AQUEOUS -> FRR, AQUEOUS -> PEG
7.2: AQUEOUS -> FRR, FRR -> PEG
7.3: AQUEOUS -> PEG, FRR -> PEG
7.4: AQUEOUS -> FRR, AQUEOUS -> PEG, FRR -> PEG
7.5: AQUEOUS -> PEG, PEG -> FRR
7.6: AQUEOUS -> FRR, PEG -> FRR
7.7: AQUEOUS -> PEG, AQUEOUS -> FRR, PEG -> FRR
7.8: FRR -> AQUEOUS, FRR -> PEG
7.9: FRR -> AQUEOUS, AQUEOUS -> PEG
7.10: FRR -> AQUEOUS, FRR -> PEG, AQUEOUS -> PEG
7.11: FRR -> PEG, PEG -> AQUEOUS
7.12: FRR -> AQUEOUS, PEG -> AQUEOUS
7.13: FRR -> PEG, FRR -> AQUEOUS, PEG -> AQUEOUS
7.14: PEG -> AQUEOUS, PEG -> FRR
7.15: PEG -> AQUEOUS, AQUEOUS -> FRR
7.16: PEG -> AQUEOUS, PEG -> FRR, AQUEOUS -> FRR
7.17: PEG -> FRR, FRR -> AQUEOUS
7.18: PEG -> FRR, PEG -> AQUEOUS, FRR -> AQUEOUS
8.1: AQUEOUS -> SIZE, AQUEOUS -> PDI
8.2: AQUEOUS -> SIZE, SIZE -> PDI
8.3: AQUEOUS -> PDI, SIZE -> PDI
8.4: AQUEOUS -> SIZE, AQUEOUS -> PDI, SIZE -> PDI
8.5: AQUEOUS -> PDI, PDI -> SIZE
8.6: AQUEOUS -> SIZE, PDI -> SIZE
8.7: AQUEOUS -> PDI, AQUEOUS -> SIZE, PDI -> SIZE
9.1: AQUEOUS -> SIZE, AQUEOUS -> TFR
9.2: AQUEOUS -> TFR, TFR -> SIZE
9.3: AQUEOUS -> SIZE, TFR -> SIZE
9.4: AQUEOUS -> TFR, AQUEOUS -> SIZE, TFR -> SIZE
9.5: TFR -> AQUEOUS, TFR -> SIZE
9.6: TFR -> AQUEOUS, AQUEOUS -> SIZE
9.7: TFR -> AQUEOUS, TFR -> SIZE, AQUEOUS -> SIZE
10.1: AQUEOUS -> SIZE, AQUEOUS -> ESM
10.2: AQUEOUS -> ESM, ESM -> SIZE
10.3: AQUEOUS -> SIZE, ESM -> SIZE
10.4: AQUEOUS -> ESM, AQUEOUS -> SIZE, ESM -> SIZE
10.5: ESM -> AQUEOUS, ESM -> SIZE
10.6: ESM -> AQUEOUS, AQUEOUS -> SIZE
10.7: ESM -> AQUEOUS, ESM -> SIZE, AQUEOUS -> SIZE
11.1: AQUEOUS -> SIZE, AQUEOUS -> HSPC
11.2: AQUEOUS -> HSPC, HSPC -> SIZE
11.3: AQUEOUS -> SIZE, HSPC -> SIZE
11.4: AQUEOUS -> HSPC, AQUEOUS -> SIZE, HSPC -> SIZE
11.5: HSPC -> AQUEOUS, HSPC -> SIZE
11.6: HSPC -> AQUEOUS, AQUEOUS -> SIZE
11.7: HSPC -> AQUEOUS, HSPC -> SIZE, AQUEOUS -> SIZE
12.1: AQUEOUS -> SIZE, AQUEOUS -> CHOL
12.2: AQUEOUS -> CHOL, CHOL -> SIZE
12.3: AQUEOUS -> SIZE, CHOL -> SIZE
12.4: AQUEOUS -> CHOL, AQUEOUS -> SIZE, CHOL -> SIZE
12.5: CHOL -> AQUEOUS, CHOL -> SIZE
12.6: CHOL -> AQUEOUS, AQUEOUS -> SIZE
12.7: CHOL -> AQUEOUS, CHOL -> SIZE, AQUEOUS -> SIZE
13.1: AQUEOUS -> SIZE, AQUEOUS -> PEG
13.2: AQUEOUS -> PEG, PEG -> SIZE
13.3: AQUEOUS -> SIZE, PEG -> SIZE
13.4: AQUEOUS -> PEG, AQUEOUS -> SIZE, PEG -> SIZE
13.5: PEG -> AQUEOUS, PEG -> SIZE
13.6: PEG -> AQUEOUS, AQUEOUS -> SIZE
13.7: PEG -> AQUEOUS, PEG -> SIZE, AQUEOUS -> SIZE
14.1: AQUEOUS -> PDI, AQUEOUS -> TFR
14.2: AQUEOUS -> TFR, TFR -> PDI
14.3: AQUEOUS -> PDI, TFR -> PDI
14.4: AQUEOUS -> TFR, AQUEOUS -> PDI, TFR -> PDI
14.5: TFR -> AQUEOUS, TFR -> PDI
14.6: TFR -> AQUEOUS, AQUEOUS -> PDI
14.7: TFR -> AQUEOUS, TFR -> PDI, AQUEOUS -> PDI
15.1: AQUEOUS -> PDI, AQUEOUS -> ESM
15.2: AQUEOUS -> ESM, ESM -> PDI
15.3: AQUEOUS -> PDI, ESM -> PDI
15.4: AQUEOUS -> ESM, AQUEOUS -> PDI, ESM -> PDI
15.5: ESM -> AQUEOUS, ESM -> PDI
15.6: ESM -> AQUEOUS, AQUEOUS -> PDI
15.7: ESM -> AQUEOUS, ESM -> PDI, AQUEOUS -> PDI
16.1: AQUEOUS -> PDI, AQUEOUS -> HSPC
16.2: AQUEOUS -> HSPC, HSPC -> PDI
16.3: AQUEOUS -> PDI, HSPC -> PDI
16.4: AQUEOUS -> HSPC, AQUEOUS -> PDI, HSPC -> PDI
16.5: HSPC -> AQUEOUS, HSPC -> PDI
16.6: HSPC -> AQUEOUS, AQUEOUS -> PDI
16.7: HSPC -> AQUEOUS, HSPC -> PDI, AQUEOUS -> PDI
17.1: AQUEOUS -> PDI, AQUEOUS -> CHOL
17.2: AQUEOUS -> CHOL, CHOL -> PDI
17.3: AQUEOUS -> PDI, CHOL -> PDI
17.4: AQUEOUS -> CHOL, AQUEOUS -> PDI, CHOL -> PDI
17.5: CHOL -> AQUEOUS, CHOL -> PDI
17.6: CHOL -> AQUEOUS, AQUEOUS -> PDI
17.7: CHOL -> AQUEOUS, CHOL -> PDI, AQUEOUS -> PDI
18.1: AQUEOUS -> PDI, AQUEOUS -> PEG
18.2: AQUEOUS -> PEG, PEG -> PDI
18.3: AQUEOUS -> PDI, PEG -> PDI
18.4: AQUEOUS -> PEG, AQUEOUS -> PDI, PEG -> PDI
18.5: PEG -> AQUEOUS, PEG -> PDI
18.6: PEG -> AQUEOUS, AQUEOUS -> PDI
18.7: PEG -> AQUEOUS, PEG -> PDI, AQUEOUS -> PDI
19.1: AQUEOUS -> TFR, AQUEOUS -> ESM
19.2: AQUEOUS -> TFR, TFR -> ESM
19.3: AQUEOUS -> ESM, TFR -> ESM
19.4: AQUEOUS -> TFR, AQUEOUS -> ESM, TFR -> ESM
19.5: AQUEOUS -> ESM, ESM -> TFR
19.6: AQUEOUS -> TFR, ESM -> TFR
19.7: AQUEOUS -> ESM, AQUEOUS -> TFR, ESM -> TFR
19.8: TFR -> AQUEOUS, TFR -> ESM
19.9: TFR -> AQUEOUS, AQUEOUS -> ESM
19.10: TFR -> AQUEOUS, TFR -> ESM, AQUEOUS -> ESM
19.11: TFR -> ESM, ESM -> AQUEOUS
19.12: TFR -> AQUEOUS, ESM -> AQUEOUS
19.13: TFR -> ESM, TFR -> AQUEOUS, ESM -> AQUEOUS
19.14: ESM -> AQUEOUS, ESM -> TFR
19.15: ESM -> AQUEOUS, AQUEOUS -> TFR
19.16: ESM -> AQUEOUS, ESM -> TFR, AQUEOUS -> TFR
19.17: ESM -> TFR, TFR -> AQUEOUS
19.18: ESM -> TFR, ESM -> AQUEOUS, TFR -> AQUEOUS
20.1: AQUEOUS -> TFR, AQUEOUS -> HSPC
20.2: AQUEOUS -> TFR, TFR -> HSPC
20.3: AQUEOUS -> HSPC, TFR -> HSPC
20.4: AQUEOUS -> TFR, AQUEOUS -> HSPC, TFR -> HSPC
20.5: AQUEOUS -> HSPC, HSPC -> TFR
20.6: AQUEOUS -> TFR, HSPC -> TFR
20.7: AQUEOUS -> HSPC, AQUEOUS -> TFR, HSPC -> TFR
20.8: TFR -> AQUEOUS, TFR -> HSPC
20.9: TFR -> AQUEOUS, AQUEOUS -> HSPC
20.10: TFR -> AQUEOUS, TFR -> HSPC, AQUEOUS -> HSPC
20.11: TFR -> HSPC, HSPC -> AQUEOUS
20.12: TFR -> AQUEOUS, HSPC -> AQUEOUS
20.13: TFR -> HSPC, TFR -> AQUEOUS, HSPC -> AQUEOUS
20.14: HSPC -> AQUEOUS, HSPC -> TFR
20.15: HSPC -> AQUEOUS, AQUEOUS -> TFR
20.16: HSPC -> AQUEOUS, HSPC -> TFR, AQUEOUS -> TFR
20.17: HSPC -> TFR, TFR -> AQUEOUS
20.18: HSPC -> TFR, HSPC -> AQUEOUS, TFR -> AQUEOUS
21.1: AQUEOUS -> TFR, AQUEOUS -> CHOL
21.2: AQUEOUS -> TFR, TFR -> CHOL
21.3: AQUEOUS -> CHOL, TFR -> CHOL
21.4: AQUEOUS -> TFR, AQUEOUS -> CHOL, TFR -> CHOL
21.5: AQUEOUS -> CHOL, CHOL -> TFR
21.6: AQUEOUS -> TFR, CHOL -> TFR
21.7: AQUEOUS -> CHOL, AQUEOUS -> TFR, CHOL -> TFR
21.8: TFR -> AQUEOUS, TFR -> CHOL
21.9: TFR -> AQUEOUS, AQUEOUS -> CHOL
21.10: TFR -> AQUEOUS, TFR -> CHOL, AQUEOUS -> CHOL
21.11: TFR -> CHOL, CHOL -> AQUEOUS
21.12: TFR -> AQUEOUS, CHOL -> AQUEOUS
21.13: TFR -> CHOL, TFR -> AQUEOUS, CHOL -> AQUEOUS
21.14: CHOL -> AQUEOUS, CHOL -> TFR
21.15: CHOL -> AQUEOUS, AQUEOUS -> TFR
21.16: CHOL -> AQUEOUS, CHOL -> TFR, AQUEOUS -> TFR
21.17: CHOL -> TFR, TFR -> AQUEOUS
21.18: CHOL -> TFR, CHOL -> AQUEOUS, TFR -> AQUEOUS
22.1: AQUEOUS -> TFR, AQUEOUS -> PEG
22.2: AQUEOUS -> TFR, TFR -> PEG
22.3: AQUEOUS -> PEG, TFR -> PEG
22.4: AQUEOUS -> TFR, AQUEOUS -> PEG, TFR -> PEG
22.5: AQUEOUS -> PEG, PEG -> TFR
22.6: AQUEOUS -> TFR, PEG -> TFR
22.7: AQUEOUS -> PEG, AQUEOUS -> TFR, PEG -> TFR
22.8: TFR -> AQUEOUS, TFR -> PEG
22.9: TFR -> AQUEOUS, AQUEOUS -> PEG
22.10: TFR -> AQUEOUS, TFR -> PEG, AQUEOUS -> PEG
22.11: TFR -> PEG, PEG -> AQUEOUS
22.12: TFR -> AQUEOUS, PEG -> AQUEOUS
22.13: TFR -> PEG, TFR -> AQUEOUS, PEG -> AQUEOUS
22.14: PEG -> AQUEOUS, PEG -> TFR
22.15: PEG -> AQUEOUS, AQUEOUS -> TFR
22.16: PEG -> AQUEOUS, PEG -> TFR, AQUEOUS -> TFR
22.17: PEG -> TFR, TFR -> AQUEOUS
22.18: PEG -> TFR, PEG -> AQUEOUS, TFR -> AQUEOUS
23.1: AQUEOUS -> ESM, AQUEOUS -> HSPC
23.2: AQUEOUS -> ESM, ESM -> HSPC
23.3: AQUEOUS -> HSPC, ESM -> HSPC
23.4: AQUEOUS -> ESM, AQUEOUS -> HSPC, ESM -> HSPC
23.5: AQUEOUS -> HSPC, HSPC -> ESM
23.6: AQUEOUS -> ESM, HSPC -> ESM
23.7: AQUEOUS -> HSPC, AQUEOUS -> ESM, HSPC -> ESM
23.8: ESM -> AQUEOUS, ESM -> HSPC
23.9: ESM -> AQUEOUS, AQUEOUS -> HSPC
23.10: ESM -> AQUEOUS, ESM -> HSPC, AQUEOUS -> HSPC
23.11: ESM -> HSPC, HSPC -> AQUEOUS
23.12: ESM -> AQUEOUS, HSPC -> AQUEOUS
23.13: ESM -> HSPC, ESM -> AQUEOUS, HSPC -> AQUEOUS
23.14: HSPC -> AQUEOUS, HSPC -> ESM
23.15: HSPC -> AQUEOUS, AQUEOUS -> ESM
23.16: HSPC -> AQUEOUS, HSPC -> ESM, AQUEOUS -> ESM
23.17: HSPC -> ESM, ESM -> AQUEOUS
23.18: HSPC -> ESM, HSPC -> AQUEOUS, ESM -> AQUEOUS
24.1: AQUEOUS -> ESM, AQUEOUS -> CHOL
24.2: AQUEOUS -> ESM, ESM -> CHOL
24.3: AQUEOUS -> CHOL, ESM -> CHOL
24.4: AQUEOUS -> ESM, AQUEOUS -> CHOL, ESM -> CHOL
24.5: AQUEOUS -> CHOL, CHOL -> ESM
24.6: AQUEOUS -> ESM, CHOL -> ESM
24.7: AQUEOUS -> CHOL, AQUEOUS -> ESM, CHOL -> ESM
24.8: ESM -> AQUEOUS, ESM -> CHOL
24.9: ESM -> AQUEOUS, AQUEOUS -> CHOL
24.10: ESM -> AQUEOUS, ESM -> CHOL, AQUEOUS -> CHOL
24.11: ESM -> CHOL, CHOL -> AQUEOUS
24.12: ESM -> AQUEOUS, CHOL -> AQUEOUS
24.13: ESM -> CHOL, ESM -> AQUEOUS, CHOL -> AQUEOUS
24.14: CHOL -> AQUEOUS, CHOL -> ESM
24.15: CHOL -> AQUEOUS, AQUEOUS -> ESM
24.16: CHOL -> AQUEOUS, CHOL -> ESM, AQUEOUS -> ESM
24.17: CHOL -> ESM, ESM -> AQUEOUS
24.18: CHOL -> ESM, CHOL -> AQUEOUS, ESM -> AQUEOUS
25.1: AQUEOUS -> ESM, AQUEOUS -> PEG
25.2: AQUEOUS -> ESM, ESM -> PEG
25.3: AQUEOUS -> PEG, ESM -> PEG
25.4: AQUEOUS -> ESM, AQUEOUS -> PEG, ESM -> PEG
25.5: AQUEOUS -> PEG, PEG -> ESM
25.6: AQUEOUS -> ESM, PEG -> ESM
25.7: AQUEOUS -> PEG, AQUEOUS -> ESM, PEG -> ESM
25.8: ESM -> AQUEOUS, ESM -> PEG
25.9: ESM -> AQUEOUS, AQUEOUS -> PEG
25.10: ESM -> AQUEOUS, ESM -> PEG, AQUEOUS -> PEG
25.11: ESM -> PEG, PEG -> AQUEOUS
25.12: ESM -> AQUEOUS, PEG -> AQUEOUS
25.13: ESM -> PEG, ESM -> AQUEOUS, PEG -> AQUEOUS
25.14: PEG -> AQUEOUS, PEG -> ESM
25.15: PEG -> AQUEOUS, AQUEOUS -> ESM
25.16: PEG -> AQUEOUS, PEG -> ESM, AQUEOUS -> ESM
25.17: PEG -> ESM, ESM -> AQUEOUS
25.18: PEG -> ESM, PEG -> AQUEOUS, ESM -> AQUEOUS
26.1: AQUEOUS -> HSPC, AQUEOUS -> CHOL
26.2: AQUEOUS -> HSPC, HSPC -> CHOL
26.3: AQUEOUS -> CHOL, HSPC -> CHOL
26.4: AQUEOUS -> HSPC, AQUEOUS -> CHOL, HSPC -> CHOL
26.5: AQUEOUS -> CHOL, CHOL -> HSPC
26.6: AQUEOUS -> HSPC, CHOL -> HSPC
26.7: AQUEOUS -> CHOL, AQUEOUS -> HSPC, CHOL -> HSPC
26.8: HSPC -> AQUEOUS, HSPC -> CHOL
26.9: HSPC -> AQUEOUS, AQUEOUS -> CHOL
26.10: HSPC -> AQUEOUS, HSPC -> CHOL, AQUEOUS -> CHOL
26.11: HSPC -> CHOL, CHOL -> AQUEOUS
26.12: HSPC -> AQUEOUS, CHOL -> AQUEOUS
26.13: HSPC -> CHOL, HSPC -> AQUEOUS, CHOL -> AQUEOUS
26.14: CHOL -> AQUEOUS, CHOL -> HSPC
26.15: CHOL -> AQUEOUS, AQUEOUS -> HSPC
26.16: CHOL -> AQUEOUS, CHOL -> HSPC, AQUEOUS -> HSPC
26.17: CHOL -> HSPC, HSPC -> AQUEOUS
26.18: CHOL -> HSPC, CHOL -> AQUEOUS, HSPC -> AQUEOUS
27.1: AQUEOUS -> HSPC, AQUEOUS -> PEG
27.2: AQUEOUS -> HSPC, HSPC -> PEG
27.3: AQUEOUS -> PEG, HSPC -> PEG
27.4: AQUEOUS -> HSPC, AQUEOUS -> PEG, HSPC -> PEG
27.5: AQUEOUS -> PEG, PEG -> HSPC
27.6: AQUEOUS -> HSPC, PEG -> HSPC
27.7: AQUEOUS -> PEG, AQUEOUS -> HSPC, PEG -> HSPC
27.8: HSPC -> AQUEOUS, HSPC -> PEG
27.9: HSPC -> AQUEOUS, AQUEOUS -> PEG
27.10: HSPC -> AQUEOUS, HSPC -> PEG, AQUEOUS -> PEG
27.11: HSPC -> PEG, PEG -> AQUEOUS
27.12: HSPC -> AQUEOUS, PEG -> AQUEOUS
27.13: HSPC -> PEG, HSPC -> AQUEOUS, PEG -> AQUEOUS
27.14: PEG -> AQUEOUS, PEG -> HSPC
27.15: PEG -> AQUEOUS, AQUEOUS -> HSPC
27.16: PEG -> AQUEOUS, PEG -> HSPC, AQUEOUS -> HSPC
27.17: PEG -> HSPC, HSPC -> AQUEOUS
27.18: PEG -> HSPC, PEG -> AQUEOUS, HSPC -> AQUEOUS
28.1: AQUEOUS -> CHOL, AQUEOUS -> PEG
28.2: AQUEOUS -> CHOL, CHOL -> PEG
28.3: AQUEOUS -> PEG, CHOL -> PEG
28.4: AQUEOUS -> CHOL, AQUEOUS -> PEG, CHOL -> PEG
28.5: AQUEOUS -> PEG, PEG -> CHOL
28.6: AQUEOUS -> CHOL, PEG -> CHOL
28.7: AQUEOUS -> PEG, AQUEOUS -> CHOL, PEG -> CHOL
28.8: CHOL -> AQUEOUS, CHOL -> PEG
28.9: CHOL -> AQUEOUS, AQUEOUS -> PEG
28.10: CHOL -> AQUEOUS, CHOL -> PEG, AQUEOUS -> PEG
28.11: CHOL -> PEG, PEG -> AQUEOUS
28.12: CHOL -> AQUEOUS, PEG -> AQUEOUS
28.13: CHOL -> PEG, CHOL -> AQUEOUS, PEG -> AQUEOUS
28.14: PEG -> AQUEOUS, PEG -> CHOL
28.15: PEG -> AQUEOUS, AQUEOUS -> CHOL
28.16: PEG -> AQUEOUS, PEG -> CHOL, AQUEOUS -> CHOL
28.17: PEG -> CHOL, CHOL -> AQUEOUS
28.18: PEG -> CHOL, PEG -> AQUEOUS, CHOL -> AQUEOUS
29.1: FRR -> SIZE, FRR -> PDI
29.2: FRR -> SIZE, SIZE -> PDI
29.3: FRR -> PDI, SIZE -> PDI
29.4: FRR -> SIZE, FRR -> PDI, SIZE -> PDI
29.5: FRR -> PDI, PDI -> SIZE
29.6: FRR -> SIZE, PDI -> SIZE
29.7: FRR -> PDI, FRR -> SIZE, PDI -> SIZE
30.1: FRR -> SIZE, FRR -> TFR
30.2: FRR -> TFR, TFR -> SIZE
30.3: FRR -> SIZE, TFR -> SIZE
30.4: FRR -> TFR, FRR -> SIZE, TFR -> SIZE
30.5: TFR -> FRR, TFR -> SIZE
30.6: TFR -> FRR, FRR -> SIZE
30.7: TFR -> FRR, TFR -> SIZE, FRR -> SIZE
31.1: FRR -> SIZE, FRR -> ESM
31.2: FRR -> ESM, ESM -> SIZE
31.3: FRR -> SIZE, ESM -> SIZE
31.4: FRR -> ESM, FRR -> SIZE, ESM -> SIZE
31.5: ESM -> FRR, ESM -> SIZE
31.6: ESM -> FRR, FRR -> SIZE
31.7: ESM -> FRR, ESM -> SIZE, FRR -> SIZE
32.1: FRR -> SIZE, FRR -> HSPC
32.2: FRR -> HSPC, HSPC -> SIZE
32.3: FRR -> SIZE, HSPC -> SIZE
32.4: FRR -> HSPC, FRR -> SIZE, HSPC -> SIZE
32.5: HSPC -> FRR, HSPC -> SIZE
32.6: HSPC -> FRR, FRR -> SIZE
32.7: HSPC -> FRR, HSPC -> SIZE, FRR -> SIZE
33.1: FRR -> SIZE, FRR -> CHOL
33.2: FRR -> CHOL, CHOL -> SIZE
33.3: FRR -> SIZE, CHOL -> SIZE
33.4: FRR -> CHOL, FRR -> SIZE, CHOL -> SIZE
33.5: CHOL -> FRR, CHOL -> SIZE
33.6: CHOL -> FRR, FRR -> SIZE
33.7: CHOL -> FRR, CHOL -> SIZE, FRR -> SIZE
34.1: FRR -> SIZE, FRR -> PEG
34.2: FRR -> PEG, PEG -> SIZE
34.3: FRR -> SIZE, PEG -> SIZE
34.4: FRR -> PEG, FRR -> SIZE, PEG -> SIZE
34.5: PEG -> FRR, PEG -> SIZE
34.6: PEG -> FRR, FRR -> SIZE
34.7: PEG -> FRR, PEG -> SIZE, FRR -> SIZE
35.1: FRR -> PDI, FRR -> TFR
35.2: FRR -> TFR, TFR -> PDI
35.3: FRR -> PDI, TFR -> PDI
35.4: FRR -> TFR, FRR -> PDI, TFR -> PDI
35.5: TFR -> FRR, TFR -> PDI
35.6: TFR -> FRR, FRR -> PDI
35.7: TFR -> FRR, TFR -> PDI, FRR -> PDI
36.1: FRR -> PDI, FRR -> ESM
36.2: FRR -> ESM, ESM -> PDI
36.3: FRR -> PDI, ESM -> PDI
36.4: FRR -> ESM, FRR -> PDI, ESM -> PDI
36.5: ESM -> FRR, ESM -> PDI
36.6: ESM -> FRR, FRR -> PDI
36.7: ESM -> FRR, ESM -> PDI, FRR -> PDI
37.1: FRR -> PDI, FRR -> HSPC
37.2: FRR -> HSPC, HSPC -> PDI
37.3: FRR -> PDI, HSPC -> PDI
37.4: FRR -> HSPC, FRR -> PDI, HSPC -> PDI
37.5: HSPC -> FRR, HSPC -> PDI
37.6: HSPC -> FRR, FRR -> PDI
37.7: HSPC -> FRR, HSPC -> PDI, FRR -> PDI
38.1: FRR -> PDI, FRR -> CHOL
38.2: FRR -> CHOL, CHOL -> PDI
38.3: FRR -> PDI, CHOL -> PDI
38.4: FRR -> CHOL, FRR -> PDI, CHOL -> PDI
38.5: CHOL -> FRR, CHOL -> PDI
38.6: CHOL -> FRR, FRR -> PDI
38.7: CHOL -> FRR, CHOL -> PDI, FRR -> PDI
39.1: FRR -> PDI, FRR -> PEG
39.2: FRR -> PEG, PEG -> PDI
39.3: FRR -> PDI, PEG -> PDI
39.4: FRR -> PEG, FRR -> PDI, PEG -> PDI
39.5: PEG -> FRR, PEG -> PDI
39.6: PEG -> FRR, FRR -> PDI
39.7: PEG -> FRR, PEG -> PDI, FRR -> PDI
40.1: FRR -> TFR, FRR -> ESM
40.2: FRR -> TFR, TFR -> ESM
40.3: FRR -> ESM, TFR -> ESM
40.4: FRR -> TFR, FRR -> ESM, TFR -> ESM
40.5: FRR -> ESM, ESM -> TFR
40.6: FRR -> TFR, ESM -> TFR
40.7: FRR -> ESM, FRR -> TFR, ESM -> TFR
40.8: TFR -> FRR, TFR -> ESM
40.9: TFR -> FRR, FRR -> ESM
40.10: TFR -> FRR, TFR -> ESM, FRR -> ESM
40.11: TFR -> ESM, ESM -> FRR
40.12: TFR -> FRR, ESM -> FRR
40.13: TFR -> ESM, TFR -> FRR, ESM -> FRR
40.14: ESM -> FRR, ESM -> TFR
40.15: ESM -> FRR, FRR -> TFR
40.16: ESM -> FRR, ESM -> TFR, FRR -> TFR
40.17: ESM -> TFR, TFR -> FRR
40.18: ESM -> TFR, ESM -> FRR, TFR -> FRR
41.1: FRR -> TFR, FRR -> HSPC
41.2: FRR -> TFR, TFR -> HSPC
41.3: FRR -> HSPC, TFR -> HSPC
41.4: FRR -> TFR, FRR -> HSPC, TFR -> HSPC
41.5: FRR -> HSPC, HSPC -> TFR
41.6: FRR -> TFR, HSPC -> TFR
41.7: FRR -> HSPC, FRR -> TFR, HSPC -> TFR
41.8: TFR -> FRR, TFR -> HSPC
41.9: TFR -> FRR, FRR -> HSPC
41.10: TFR -> FRR, TFR -> HSPC, FRR -> HSPC
41.11: TFR -> HSPC, HSPC -> FRR
41.12: TFR -> FRR, HSPC -> FRR
41.13: TFR -> HSPC, TFR -> FRR, HSPC -> FRR
41.14: HSPC -> FRR, HSPC -> TFR
41.15: HSPC -> FRR, FRR -> TFR
41.16: HSPC -> FRR, HSPC -> TFR, FRR -> TFR
41.17: HSPC -> TFR, TFR -> FRR
41.18: HSPC -> TFR, HSPC -> FRR, TFR -> FRR
42.1: FRR -> TFR, FRR -> CHOL
42.2: FRR -> TFR, TFR -> CHOL
42.3: FRR -> CHOL, TFR -> CHOL
42.4: FRR -> TFR, FRR -> CHOL, TFR -> CHOL
42.5: FRR -> CHOL, CHOL -> TFR
42.6: FRR -> TFR, CHOL -> TFR
42.7: FRR -> CHOL, FRR -> TFR, CHOL -> TFR
42.8: TFR -> FRR, TFR -> CHOL
42.9: TFR -> FRR, FRR -> CHOL
42.10: TFR -> FRR, TFR -> CHOL, FRR -> CHOL
42.11: TFR -> CHOL, CHOL -> FRR
42.12: TFR -> FRR, CHOL -> FRR
42.13: TFR -> CHOL, TFR -> FRR, CHOL -> FRR
42.14: CHOL -> FRR, CHOL -> TFR
42.15: CHOL -> FRR, FRR -> TFR
42.16: CHOL -> FRR, CHOL -> TFR, FRR -> TFR
42.17: CHOL -> TFR, TFR -> FRR
42.18: CHOL -> TFR, CHOL -> FRR, TFR -> FRR
43.1: FRR -> TFR, FRR -> PEG
43.2: FRR -> TFR, TFR -> PEG
43.3: FRR -> PEG, TFR -> PEG
43.4: FRR -> TFR, FRR -> PEG, TFR -> PEG
43.5: FRR -> PEG, PEG -> TFR
43.6: FRR -> TFR, PEG -> TFR
43.7: FRR -> PEG, FRR -> TFR, PEG -> TFR
43.8: TFR -> FRR, TFR -> PEG
43.9: TFR -> FRR, FRR -> PEG
43.10: TFR -> FRR, TFR -> PEG, FRR -> PEG
43.11: TFR -> PEG, PEG -> FRR
43.12: TFR -> FRR, PEG -> FRR
43.13: TFR -> PEG, TFR -> FRR, PEG -> FRR
43.14: PEG -> FRR, PEG -> TFR
43.15: PEG -> FRR, FRR -> TFR
43.16: PEG -> FRR, PEG -> TFR, FRR -> TFR
43.17: PEG -> TFR, TFR -> FRR
43.18: PEG -> TFR, PEG -> FRR, TFR -> FRR
44.1: FRR -> ESM, FRR -> HSPC
44.2: FRR -> ESM, ESM -> HSPC
44.3: FRR -> HSPC, ESM -> HSPC
44.4: FRR -> ESM, FRR -> HSPC, ESM -> HSPC
44.5: FRR -> HSPC, HSPC -> ESM
44.6: FRR -> ESM, HSPC -> ESM
44.7: FRR -> HSPC, FRR -> ESM, HSPC -> ESM
44.8: ESM -> FRR, ESM -> HSPC
44.9: ESM -> FRR, FRR -> HSPC
44.10: ESM -> FRR, ESM -> HSPC, FRR -> HSPC
44.11: ESM -> HSPC, HSPC -> FRR
44.12: ESM -> FRR, HSPC -> FRR
44.13: ESM -> HSPC, ESM -> FRR, HSPC -> FRR
44.14: HSPC -> FRR, HSPC -> ESM
44.15: HSPC -> FRR, FRR -> ESM
44.16: HSPC -> FRR, HSPC -> ESM, FRR -> ESM
44.17: HSPC -> ESM, ESM -> FRR
44.18: HSPC -> ESM, HSPC -> FRR, ESM -> FRR
45.1: FRR -> ESM, FRR -> CHOL
45.2: FRR -> ESM, ESM -> CHOL
45.3: FRR -> CHOL, ESM -> CHOL
45.4: FRR -> ESM, FRR -> CHOL, ESM -> CHOL
45.5: FRR -> CHOL, CHOL -> ESM
45.6: FRR -> ESM, CHOL -> ESM
45.7: FRR -> CHOL, FRR -> ESM, CHOL -> ESM
45.8: ESM -> FRR, ESM -> CHOL
45.9: ESM -> FRR, FRR -> CHOL
45.10: ESM -> FRR, ESM -> CHOL, FRR -> CHOL
45.11: ESM -> CHOL, CHOL -> FRR
45.12: ESM -> FRR, CHOL -> FRR
45.13: ESM -> CHOL, ESM -> FRR, CHOL -> FRR
45.14: CHOL -> FRR, CHOL -> ESM
45.15: CHOL -> FRR, FRR -> ESM
45.16: CHOL -> FRR, CHOL -> ESM, FRR -> ESM
45.17: CHOL -> ESM, ESM -> FRR
45.18: CHOL -> ESM, CHOL -> FRR, ESM -> FRR
46.1: FRR -> ESM, FRR -> PEG
46.2: FRR -> ESM, ESM -> PEG
46.3: FRR -> PEG, ESM -> PEG
46.4: FRR -> ESM, FRR -> PEG, ESM -> PEG
46.5: FRR -> PEG, PEG -> ESM
46.6: FRR -> ESM, PEG -> ESM
46.7: FRR -> PEG, FRR -> ESM, PEG -> ESM
46.8: ESM -> FRR, ESM -> PEG
46.9: ESM -> FRR, FRR -> PEG
46.10: ESM -> FRR, ESM -> PEG, FRR -> PEG
46.11: ESM -> PEG, PEG -> FRR
46.12: ESM -> FRR, PEG -> FRR
46.13: ESM -> PEG, ESM -> FRR, PEG -> FRR
46.14: PEG -> FRR, PEG -> ESM
46.15: PEG -> FRR, FRR -> ESM
46.16: PEG -> FRR, PEG -> ESM, FRR -> ESM
46.17: PEG -> ESM, ESM -> FRR
46.18: PEG -> ESM, PEG -> FRR, ESM -> FRR
47.1: FRR -> HSPC, FRR -> CHOL
47.2: FRR -> HSPC, HSPC -> CHOL
47.3: FRR -> CHOL, HSPC -> CHOL
47.4: FRR -> HSPC, FRR -> CHOL, HSPC -> CHOL
47.5: FRR -> CHOL, CHOL -> HSPC
47.6: FRR -> HSPC, CHOL -> HSPC
47.7: FRR -> CHOL, FRR -> HSPC, CHOL -> HSPC
47.8: HSPC -> FRR, HSPC -> CHOL
47.9: HSPC -> FRR, FRR -> CHOL
47.10: HSPC -> FRR, HSPC -> CHOL, FRR -> CHOL
47.11: HSPC -> CHOL, CHOL -> FRR
47.12: HSPC -> FRR, CHOL -> FRR
47.13: HSPC -> CHOL, HSPC -> FRR, CHOL -> FRR
47.14: CHOL -> FRR, CHOL -> HSPC
47.15: CHOL -> FRR, FRR -> HSPC
47.16: CHOL -> FRR, CHOL -> HSPC, FRR -> HSPC
47.17: CHOL -> HSPC, HSPC -> FRR
47.18: CHOL -> HSPC, CHOL -> FRR, HSPC -> FRR
48.1: FRR -> HSPC, FRR -> PEG
48.2: FRR -> HSPC, HSPC -> PEG
48.3: FRR -> PEG, HSPC -> PEG
48.4: FRR -> HSPC, FRR -> PEG, HSPC -> PEG
48.5: FRR -> PEG, PEG -> HSPC
48.6: FRR -> HSPC, PEG -> HSPC
48.7: FRR -> PEG, FRR -> HSPC, PEG -> HSPC
48.8: HSPC -> FRR, HSPC -> PEG
48.9: HSPC -> FRR, FRR -> PEG
48.10: HSPC -> FRR, HSPC -> PEG, FRR -> PEG
48.11: HSPC -> PEG, PEG -> FRR
48.12: HSPC -> FRR, PEG -> FRR
48.13: HSPC -> PEG, HSPC -> FRR, PEG -> FRR
48.14: PEG -> FRR, PEG -> HSPC
48.15: PEG -> FRR, FRR -> HSPC
48.16: PEG -> FRR, PEG -> HSPC, FRR -> HSPC
48.17: PEG -> HSPC, HSPC -> FRR
48.18: PEG -> HSPC, PEG -> FRR, HSPC -> FRR
49.1: FRR -> CHOL, FRR -> PEG
49.2: FRR -> CHOL, CHOL -> PEG
49.3: FRR -> PEG, CHOL -> PEG
49.4: FRR -> CHOL, FRR -> PEG, CHOL -> PEG
49.5: FRR -> PEG, PEG -> CHOL
49.6: FRR -> CHOL, PEG -> CHOL
49.7: FRR -> PEG, FRR -> CHOL, PEG -> CHOL
49.8: CHOL -> FRR, CHOL -> PEG
49.9: CHOL -> FRR, FRR -> PEG
49.10: CHOL -> FRR, CHOL -> PEG, FRR -> PEG
49.11: CHOL -> PEG, PEG -> FRR
49.12: CHOL -> FRR, PEG -> FRR
49.13: CHOL -> PEG, CHOL -> FRR, PEG -> FRR
49.14: PEG -> FRR, PEG -> CHOL
49.15: PEG -> FRR, FRR -> CHOL
49.16: PEG -> FRR, PEG -> CHOL, FRR -> CHOL
49.17: PEG -> CHOL, CHOL -> FRR
49.18: PEG -> CHOL, PEG -> FRR, CHOL -> FRR
50.1: SIZE -> PDI, TFR -> PDI
50.2: PDI -> SIZE, TFR -> SIZE
50.3: TFR -> SIZE, TFR -> PDI
50.4: TFR -> SIZE, SIZE -> PDI
50.5: TFR -> SIZE, TFR -> PDI, SIZE -> PDI
50.6: TFR -> PDI, PDI -> SIZE
50.7: TFR -> PDI, TFR -> SIZE, PDI -> SIZE
51.1: SIZE -> PDI, ESM -> PDI
51.2: PDI -> SIZE, ESM -> SIZE
51.3: ESM -> SIZE, ESM -> PDI
51.4: ESM -> SIZE, SIZE -> PDI
51.5: ESM -> SIZE, ESM -> PDI, SIZE -> PDI
51.6: ESM -> PDI, PDI -> SIZE
51.7: ESM -> PDI, ESM -> SIZE, PDI -> SIZE
52.1: SIZE -> PDI, HSPC -> PDI
52.2: PDI -> SIZE, HSPC -> SIZE
52.3: HSPC -> SIZE, HSPC -> PDI
52.4: HSPC -> SIZE, SIZE -> PDI
52.5: HSPC -> SIZE, HSPC -> PDI, SIZE -> PDI
52.6: HSPC -> PDI, PDI -> SIZE
52.7: HSPC -> PDI, HSPC -> SIZE, PDI -> SIZE
53.1: SIZE -> PDI, CHOL -> PDI
53.2: PDI -> SIZE, CHOL -> SIZE
53.3: CHOL -> SIZE, CHOL -> PDI
53.4: CHOL -> SIZE, SIZE -> PDI
53.5: CHOL -> SIZE, CHOL -> PDI, SIZE -> PDI
53.6: CHOL -> PDI, PDI -> SIZE
53.7: CHOL -> PDI, CHOL -> SIZE, PDI -> SIZE
54.1: SIZE -> PDI, PEG -> PDI
54.2: PDI -> SIZE, PEG -> SIZE
54.3: PEG -> SIZE, PEG -> PDI
54.4: PEG -> SIZE, SIZE -> PDI
54.5: PEG -> SIZE, PEG -> PDI, SIZE -> PDI
54.6: PEG -> PDI, PDI -> SIZE
54.7: PEG -> PDI, PEG -> SIZE, PDI -> SIZE
55.1: TFR -> SIZE, TFR -> ESM
55.2: TFR -> ESM, ESM -> SIZE
55.3: TFR -> SIZE, ESM -> SIZE
55.4: TFR -> ESM, TFR -> SIZE, ESM -> SIZE
55.5: ESM -> SIZE, ESM -> TFR
55.6: ESM -> TFR, TFR -> SIZE
55.7: ESM -> TFR, ESM -> SIZE, TFR -> SIZE
56.1: TFR -> SIZE, TFR -> HSPC
56.2: TFR -> HSPC, HSPC -> SIZE
56.3: TFR -> SIZE, HSPC -> SIZE
56.4: TFR -> HSPC, TFR -> SIZE, HSPC -> SIZE
56.5: HSPC -> SIZE, HSPC -> TFR
56.6: HSPC -> TFR, TFR -> SIZE
56.7: HSPC -> TFR, HSPC -> SIZE, TFR -> SIZE
57.1: TFR -> SIZE, TFR -> CHOL
57.2: TFR -> CHOL, CHOL -> SIZE
57.3: TFR -> SIZE, CHOL -> SIZE
57.4: TFR -> CHOL, TFR -> SIZE, CHOL -> SIZE
57.5: CHOL -> SIZE, CHOL -> TFR
57.6: CHOL -> TFR, TFR -> SIZE
57.7: CHOL -> TFR, CHOL -> SIZE, TFR -> SIZE
58.1: TFR -> SIZE, TFR -> PEG
58.2: TFR -> PEG, PEG -> SIZE
58.3: TFR -> SIZE, PEG -> SIZE
58.4: TFR -> PEG, TFR -> SIZE, PEG -> SIZE
58.5: PEG -> SIZE, PEG -> TFR
58.6: PEG -> TFR, TFR -> SIZE
58.7: PEG -> TFR, PEG -> SIZE, TFR -> SIZE
59.1: ESM -> SIZE, ESM -> HSPC
59.2: ESM -> HSPC, HSPC -> SIZE
59.3: ESM -> SIZE, HSPC -> SIZE
59.4: ESM -> HSPC, ESM -> SIZE, HSPC -> SIZE
59.5: HSPC -> SIZE, HSPC -> ESM
59.6: HSPC -> ESM, ESM -> SIZE
59.7: HSPC -> ESM, HSPC -> SIZE, ESM -> SIZE
60.1: ESM -> SIZE, ESM -> CHOL
60.2: ESM -> CHOL, CHOL -> SIZE
60.3: ESM -> SIZE, CHOL -> SIZE
60.4: ESM -> CHOL, ESM -> SIZE, CHOL -> SIZE
60.5: CHOL -> SIZE, CHOL -> ESM
60.6: CHOL -> ESM, ESM -> SIZE
60.7: CHOL -> ESM, CHOL -> SIZE, ESM -> SIZE
61.1: ESM -> SIZE, ESM -> PEG
61.2: ESM -> PEG, PEG -> SIZE
61.3: ESM -> SIZE, PEG -> SIZE
61.4: ESM -> PEG, ESM -> SIZE, PEG -> SIZE
61.5: PEG -> SIZE, PEG -> ESM
61.6: PEG -> ESM, ESM -> SIZE
61.7: PEG -> ESM, PEG -> SIZE, ESM -> SIZE
62.1: HSPC -> SIZE, HSPC -> CHOL
62.2: HSPC -> CHOL, CHOL -> SIZE
62.3: HSPC -> SIZE, CHOL -> SIZE
62.4: HSPC -> CHOL, HSPC -> SIZE, CHOL -> SIZE
62.5: CHOL -> SIZE, CHOL -> HSPC
62.6: CHOL -> HSPC, HSPC -> SIZE
62.7: CHOL -> HSPC, CHOL -> SIZE, HSPC -> SIZE
63.1: HSPC -> SIZE, HSPC -> PEG
63.2: HSPC -> PEG, PEG -> SIZE
63.3: HSPC -> SIZE, PEG -> SIZE
63.4: HSPC -> PEG, HSPC -> SIZE, PEG -> SIZE
63.5: PEG -> SIZE, PEG -> HSPC
63.6: PEG -> HSPC, HSPC -> SIZE
63.7: PEG -> HSPC, PEG -> SIZE, HSPC -> SIZE
64.1: CHOL -> SIZE, CHOL -> PEG
64.2: CHOL -> PEG, PEG -> SIZE
64.3: CHOL -> SIZE, PEG -> SIZE
64.4: CHOL -> PEG, CHOL -> SIZE, PEG -> SIZE
64.5: PEG -> SIZE, PEG -> CHOL
64.6: PEG -> CHOL, CHOL -> SIZE
64.7: PEG -> CHOL, PEG -> SIZE, CHOL -> SIZE
65.1: TFR -> PDI, TFR -> ESM
65.2: TFR -> ESM, ESM -> PDI
65.3: TFR -> PDI, ESM -> PDI
65.4: TFR -> ESM, TFR -> PDI, ESM -> PDI
65.5: ESM -> PDI, ESM -> TFR
65.6: ESM -> TFR, TFR -> PDI
65.7: ESM -> TFR, ESM -> PDI, TFR -> PDI
66.1: TFR -> PDI, TFR -> HSPC
66.2: TFR -> HSPC, HSPC -> PDI
66.3: TFR -> PDI, HSPC -> PDI
66.4: TFR -> HSPC, TFR -> PDI, HSPC -> PDI
66.5: HSPC -> PDI, HSPC -> TFR
66.6: HSPC -> TFR, TFR -> PDI
66.7: HSPC -> TFR, HSPC -> PDI, TFR -> PDI
67.1: TFR -> PDI, TFR -> CHOL
67.2: TFR -> CHOL, CHOL -> PDI
67.3: TFR -> PDI, CHOL -> PDI
67.4: TFR -> CHOL, TFR -> PDI, CHOL -> PDI
67.5: CHOL -> PDI, CHOL -> TFR
67.6: CHOL -> TFR, TFR -> PDI
67.7: CHOL -> TFR, CHOL -> PDI, TFR -> PDI
68.1: TFR -> PDI, TFR -> PEG
68.2: TFR -> PEG, PEG -> PDI
68.3: TFR -> PDI, PEG -> PDI
68.4: TFR -> PEG, TFR -> PDI, PEG -> PDI
68.5: PEG -> PDI, PEG -> TFR
68.6: PEG -> TFR, TFR -> PDI
68.7: PEG -> TFR, PEG -> PDI, TFR -> PDI
69.1: ESM -> PDI, ESM -> HSPC
69.2: ESM -> HSPC, HSPC -> PDI
69.3: ESM -> PDI, HSPC -> PDI
69.4: ESM -> HSPC, ESM -> PDI, HSPC -> PDI
69.5: HSPC -> PDI, HSPC -> ESM
69.6: HSPC -> ESM, ESM -> PDI
69.7: HSPC -> ESM, HSPC -> PDI, ESM -> PDI
70.1: ESM -> PDI, ESM -> CHOL
70.2: ESM -> CHOL, CHOL -> PDI
70.3: ESM -> PDI, CHOL -> PDI
70.4: ESM -> CHOL, ESM -> PDI, CHOL -> PDI
70.5: CHOL -> PDI, CHOL -> ESM
70.6: CHOL -> ESM, ESM -> PDI
70.7: CHOL -> ESM, CHOL -> PDI, ESM -> PDI
71.1: ESM -> PDI, ESM -> PEG
71.2: ESM -> PEG, PEG -> PDI
71.3: ESM -> PDI, PEG -> PDI
71.4: ESM -> PEG, ESM -> PDI, PEG -> PDI
71.5: PEG -> PDI, PEG -> ESM
71.6: PEG -> ESM, ESM -> PDI
71.7: PEG -> ESM, PEG -> PDI, ESM -> PDI
72.1: HSPC -> PDI, HSPC -> CHOL
72.2: HSPC -> CHOL, CHOL -> PDI
72.3: HSPC -> PDI, CHOL -> PDI
72.4: HSPC -> CHOL, HSPC -> PDI, CHOL -> PDI
72.5: CHOL -> PDI, CHOL -> HSPC
72.6: CHOL -> HSPC, HSPC -> PDI
72.7: CHOL -> HSPC, CHOL -> PDI, HSPC -> PDI
73.1: HSPC -> PDI, HSPC -> PEG
73.2: HSPC -> PEG, PEG -> PDI
73.3: HSPC -> PDI, PEG -> PDI
73.4: HSPC -> PEG, HSPC -> PDI, PEG -> PDI
73.5: PEG -> PDI, PEG -> HSPC
73.6: PEG -> HSPC, HSPC -> PDI
73.7: PEG -> HSPC, PEG -> PDI, HSPC -> PDI
74.1: CHOL -> PDI, CHOL -> PEG
74.2: CHOL -> PEG, PEG -> PDI
74.3: CHOL -> PDI, PEG -> PDI
74.4: CHOL -> PEG, CHOL -> PDI, PEG -> PDI
74.5: PEG -> PDI, PEG -> CHOL
74.6: PEG -> CHOL, CHOL -> PDI
74.7: PEG -> CHOL, PEG -> PDI, CHOL -> PDI
75.1: TFR -> ESM, TFR -> HSPC
75.2: TFR -> ESM, ESM -> HSPC
75.3: TFR -> HSPC, ESM -> HSPC
75.4: TFR -> ESM, TFR -> HSPC, ESM -> HSPC
75.5: TFR -> HSPC, HSPC -> ESM
75.6: TFR -> ESM, HSPC -> ESM
75.7: TFR -> HSPC, TFR -> ESM, HSPC -> ESM
75.8: ESM -> TFR, ESM -> HSPC
75.9: ESM -> TFR, TFR -> HSPC
75.10: ESM -> TFR, ESM -> HSPC, TFR -> HSPC
75.11: ESM -> HSPC, HSPC -> TFR
75.12: ESM -> TFR, HSPC -> TFR
75.13: ESM -> HSPC, ESM -> TFR, HSPC -> TFR
75.14: HSPC -> TFR, HSPC -> ESM
75.15: HSPC -> TFR, TFR -> ESM
75.16: HSPC -> TFR, HSPC -> ESM, TFR -> ESM
75.17: HSPC -> ESM, ESM -> TFR
75.18: HSPC -> ESM, HSPC -> TFR, ESM -> TFR
76.1: TFR -> ESM, TFR -> CHOL
76.2: TFR -> ESM, ESM -> CHOL
76.3: TFR -> CHOL, ESM -> CHOL
76.4: TFR -> ESM, TFR -> CHOL, ESM -> CHOL
76.5: TFR -> CHOL, CHOL -> ESM
76.6: TFR -> ESM, CHOL -> ESM
76.7: TFR -> CHOL, TFR -> ESM, CHOL -> ESM
76.8: ESM -> TFR, ESM -> CHOL
76.9: ESM -> TFR, TFR -> CHOL
76.10: ESM -> TFR, ESM -> CHOL, TFR -> CHOL
76.11: ESM -> CHOL, CHOL -> TFR
76.12: ESM -> TFR, CHOL -> TFR
76.13: ESM -> CHOL, ESM -> TFR, CHOL -> TFR
76.14: CHOL -> TFR, CHOL -> ESM
76.15: CHOL -> TFR, TFR -> ESM
76.16: CHOL -> TFR, CHOL -> ESM, TFR -> ESM
76.17: CHOL -> ESM, ESM -> TFR
76.18: CHOL -> ESM, CHOL -> TFR, ESM -> TFR
77.1: TFR -> ESM, TFR -> PEG
77.2: TFR -> ESM, ESM -> PEG
77.3: TFR -> PEG, ESM -> PEG
77.4: TFR -> ESM, TFR -> PEG, ESM -> PEG
77.5: TFR -> PEG, PEG -> ESM
77.6: TFR -> ESM, PEG -> ESM
77.7: TFR -> PEG, TFR -> ESM, PEG -> ESM
77.8: ESM -> TFR, ESM -> PEG
77.9: ESM -> TFR, TFR -> PEG
77.10: ESM -> TFR, ESM -> PEG, TFR -> PEG
77.11: ESM -> PEG, PEG -> TFR
77.12: ESM -> TFR, PEG -> TFR
77.13: ESM -> PEG, ESM -> TFR, PEG -> TFR
77.14: PEG -> TFR, PEG -> ESM
77.15: PEG -> TFR, TFR -> ESM
77.16: PEG -> TFR, PEG -> ESM, TFR -> ESM
77.17: PEG -> ESM, ESM -> TFR
77.18: PEG -> ESM, PEG -> TFR, ESM -> TFR
78.1: TFR -> HSPC, TFR -> CHOL
78.2: TFR -> HSPC, HSPC -> CHOL
78.3: TFR -> CHOL, HSPC -> CHOL
78.4: TFR -> HSPC, TFR -> CHOL, HSPC -> CHOL
78.5: TFR -> CHOL, CHOL -> HSPC
78.6: TFR -> HSPC, CHOL -> HSPC
78.7: TFR -> CHOL, TFR -> HSPC, CHOL -> HSPC
78.8: HSPC -> TFR, HSPC -> CHOL
78.9: HSPC -> TFR, TFR -> CHOL
78.10: HSPC -> TFR, HSPC -> CHOL, TFR -> CHOL
78.11: HSPC -> CHOL, CHOL -> TFR
78.12: HSPC -> TFR, CHOL -> TFR
78.13: HSPC -> CHOL, HSPC -> TFR, CHOL -> TFR
78.14: CHOL -> TFR, CHOL -> HSPC
78.15: CHOL -> TFR, TFR -> HSPC
78.16: CHOL -> TFR, CHOL -> HSPC, TFR -> HSPC
78.17: CHOL -> HSPC, HSPC -> TFR
78.18: CHOL -> HSPC, CHOL -> TFR, HSPC -> TFR
79.1: TFR -> HSPC, TFR -> PEG
79.2: TFR -> HSPC, HSPC -> PEG
79.3: TFR -> PEG, HSPC -> PEG
79.4: TFR -> HSPC, TFR -> PEG, HSPC -> PEG
79.5: TFR -> PEG, PEG -> HSPC
79.6: TFR -> HSPC, PEG -> HSPC
79.7: TFR -> PEG, TFR -> HSPC, PEG -> HSPC
79.8: HSPC -> TFR, HSPC -> PEG
79.9: HSPC -> TFR, TFR -> PEG
79.10: HSPC -> TFR, HSPC -> PEG, TFR -> PEG
79.11: HSPC -> PEG, PEG -> TFR
79.12: HSPC -> TFR, PEG -> TFR
79.13: HSPC -> PEG, HSPC -> TFR, PEG -> TFR
79.14: PEG -> TFR, PEG -> HSPC
79.15: PEG -> TFR, TFR -> HSPC
79.16: PEG -> TFR, PEG -> HSPC, TFR -> HSPC
79.17: PEG -> HSPC, HSPC -> TFR
79.18: PEG -> HSPC, PEG -> TFR, HSPC -> TFR
80.1: TFR -> CHOL, TFR -> PEG
80.2: TFR -> CHOL, CHOL -> PEG
80.3: TFR -> PEG, CHOL -> PEG
80.4: TFR -> CHOL, TFR -> PEG, CHOL -> PEG
80.5: TFR -> PEG, PEG -> CHOL
80.6: TFR -> CHOL, PEG -> CHOL
80.7: TFR -> PEG, TFR -> CHOL, PEG -> CHOL
80.8: CHOL -> TFR, CHOL -> PEG
80.9: CHOL -> TFR, TFR -> PEG
80.10: CHOL -> TFR, CHOL -> PEG, TFR -> PEG
80.11: CHOL -> PEG, PEG -> TFR
80.12: CHOL -> TFR, PEG -> TFR
80.13: CHOL -> PEG, CHOL -> TFR, PEG -> TFR
80.14: PEG -> TFR, PEG -> CHOL
80.15: PEG -> TFR, TFR -> CHOL
80.16: PEG -> TFR, PEG -> CHOL, TFR -> CHOL
80.17: PEG -> CHOL, CHOL -> TFR
80.18: PEG -> CHOL, PEG -> TFR, CHOL -> TFR
81.1: ESM -> HSPC, ESM -> CHOL
81.2: ESM -> HSPC, HSPC -> CHOL
81.3: ESM -> CHOL, HSPC -> CHOL
81.4: ESM -> HSPC, ESM -> CHOL, HSPC -> CHOL
81.5: ESM -> CHOL, CHOL -> HSPC
81.6: ESM -> HSPC, CHOL -> HSPC
81.7: ESM -> CHOL, ESM -> HSPC, CHOL -> HSPC
81.8: HSPC -> ESM, HSPC -> CHOL
81.9: HSPC -> ESM, ESM -> CHOL
81.10: HSPC -> ESM, HSPC -> CHOL, ESM -> CHOL
81.11: HSPC -> CHOL, CHOL -> ESM
81.12: HSPC -> ESM, CHOL -> ESM
81.13: HSPC -> CHOL, HSPC -> ESM, CHOL -> ESM
81.14: CHOL -> ESM, CHOL -> HSPC
81.15: CHOL -> ESM, ESM -> HSPC
81.16: CHOL -> ESM, CHOL -> HSPC, ESM -> HSPC
81.17: CHOL -> HSPC, HSPC -> ESM
81.18: CHOL -> HSPC, CHOL -> ESM, HSPC -> ESM
82.1: ESM -> HSPC, ESM -> PEG
82.2: ESM -> HSPC, HSPC -> PEG
82.3: ESM -> PEG, HSPC -> PEG
82.4: ESM -> HSPC, ESM -> PEG, HSPC -> PEG
82.5: ESM -> PEG, PEG -> HSPC
82.6: ESM -> HSPC, PEG -> HSPC
82.7: ESM -> PEG, ESM -> HSPC, PEG -> HSPC
82.8: HSPC -> ESM, HSPC -> PEG
82.9: HSPC -> ESM, ESM -> PEG
82.10: HSPC -> ESM, HSPC -> PEG, ESM -> PEG
82.11: HSPC -> PEG, PEG -> ESM
82.12: HSPC -> ESM, PEG -> ESM
82.13: HSPC -> PEG, HSPC -> ESM, PEG -> ESM
82.14: PEG -> ESM, PEG -> HSPC
82.15: PEG -> ESM, ESM -> HSPC
82.16: PEG -> ESM, PEG -> HSPC, ESM -> HSPC
82.17: PEG -> HSPC, HSPC -> ESM
82.18: PEG -> HSPC, PEG -> ESM, HSPC -> ESM
83.1: ESM -> CHOL, ESM -> PEG
83.2: ESM -> CHOL, CHOL -> PEG
83.3: ESM -> PEG, CHOL -> PEG
83.4: ESM -> CHOL, ESM -> PEG, CHOL -> PEG
83.5: ESM -> PEG, PEG -> CHOL
83.6: ESM -> CHOL, PEG -> CHOL
83.7: ESM -> PEG, ESM -> CHOL, PEG -> CHOL
83.8: CHOL -> ESM, CHOL -> PEG
83.9: CHOL -> ESM, ESM -> PEG
83.10: CHOL -> ESM, CHOL -> PEG, ESM -> PEG
83.11: CHOL -> PEG, PEG -> ESM
83.12: CHOL -> ESM, PEG -> ESM
83.13: CHOL -> PEG, CHOL -> ESM, PEG -> ESM
83.14: PEG -> ESM, PEG -> CHOL
83.15: PEG -> ESM, ESM -> CHOL
83.16: PEG -> ESM, PEG -> CHOL, ESM -> CHOL
83.17: PEG -> CHOL, CHOL -> ESM
83.18: PEG -> CHOL, PEG -> ESM, CHOL -> ESM
84.1: HSPC -> CHOL, HSPC -> PEG
84.2: HSPC -> CHOL, CHOL -> PEG
84.3: HSPC -> PEG, CHOL -> PEG
84.4: HSPC -> CHOL, HSPC -> PEG, CHOL -> PEG
84.5: HSPC -> PEG, PEG -> CHOL
84.6: HSPC -> CHOL, PEG -> CHOL
84.7: HSPC -> PEG, HSPC -> CHOL, PEG -> CHOL
84.8: CHOL -> HSPC, CHOL -> PEG
84.9: CHOL -> HSPC, HSPC -> PEG
84.10: CHOL -> HSPC, CHOL -> PEG, HSPC -> PEG
84.11: CHOL -> PEG, PEG -> HSPC
84.12: CHOL -> HSPC, PEG -> HSPC
84.13: CHOL -> PEG, CHOL -> HSPC, PEG -> HSPC
84.14: PEG -> HSPC, PEG -> CHOL
84.15: PEG -> HSPC, HSPC -> CHOL
84.16: PEG -> HSPC, PEG -> CHOL, HSPC -> CHOL
84.17: PEG -> CHOL, CHOL -> HSPC
84.18: PEG -> CHOL, PEG -> HSPC, CHOL -> HSPC
